  Using 'git status' to determine working set for adaptive non-unity build (D:\UnrealProjects\StealthGame115).
  Invalidating makefile for FPSGameEditor (source file removed)
  Parsing headers for FPSGameEditor
    Running UnrealHeaderTool "D:\UnrealProjects\StealthGame115\StealthGame\FPSGame.uproject" "D:\UnrealProjects\StealthGame115\StealthGame\Intermediate\Build\Win64\FPSGameEditor\Development\FPSGameEditor.uhtmanifest" -LogCmds="loginit warning, logexit warning, logdatabase error" -Unattended -WarningsAsErrors -installed
  Reflection code generated for FPSGameEditor in 7.2448344 seconds
  Using Visual Studio 2019 14.24.28314 toolchain (D:\Program Files\Microsoft Visual Studio\2019\Community\VC\Tools\MSVC\14.24.28314) and Windows 10.0.16299.0 SDK (C:\Program Files (x86)\Windows Kits\10).
  Distributing 15 actions to XGE
  --------------------Build System Warning---------------------------------------
  License is invalid:
      License information is invalid. Please try reloading your license file using the Coordinator Monitor application on the Coordinator machine, or reinstall IncrediBuild.
      This build will run in standalone mode.
  
  -------------------------------------------------------------------------------
  --------------------Project: Default-------------------------------------------
  SharedPCH.Engine.cpp (0:29.32 at +0:00)
  FPSCharacter.cpp (0:02.26 at +0:29)
  FPSGameMode.cpp (0:01.31 at +0:31)
  FPSHUD.cpp (0:01.25 at +0:33)
  FPSProjectile.cpp (0:01.34 at +0:34)
  FPSGame.cpp (0:00.59 at +0:35)
  FPSCharacter.gen.cpp (0:00.98 at +0:36)
  FPSGame.init.gen.cpp (0:00.64 at +0:37)
  FPSGameMode.gen.cpp (0:00.87 at +0:38)
  FPSHUD.gen.cpp (0:01.09 at +0:39)
  FPSProjectile.gen.cpp (0:00.78 at +0:40)
  Default.rc2 (0:00.12 at +0:41)
  UE4Editor-FPSGame.dll (0:00.78 at +0:41)
     Creating library D:\UnrealProjects\StealthGame115\StealthGame\Intermediate\Build\Win64\UE4Editor\Development\FPSGame\UE4Editor-FPSGame.suppressed.lib and object D:\UnrealProjects\StealthGame115\StealthGame\Intermediate\Build\Win64\UE4Editor\Development\FPSGame\UE4Editor-FPSGame.suppressed.exp
  UE4Editor-FPSGame.lib (0:00.34 at +0:41)
     Creating library D:\UnrealProjects\StealthGame115\StealthGame\Intermediate\Build\Win64\UE4Editor\Development\FPSGame\UE4Editor-FPSGame.lib and object D:\UnrealProjects\StealthGame115\StealthGame\Intermediate\Build\Win64\UE4Editor\Development\FPSGame\UE4Editor-FPSGame.exp
  FPSGameEditor.target (0:00.62 at +0:42)
  ---------------------- Done ----------------------
  
      Rebuild All: 1 succeeded, 0 failed, 0 skipped
  
  1 build system warning(s):
     - License is invalid
  
  Total time in XGE executor: 43.17 seconds
  Total execution time: 57.51 seconds
