Log file open, 02/01/20 21:42:53
LogWindows: Failed to load 'aqProf.dll' (GetLastError=126)
LogWindows: File 'aqProf.dll' does not exist
LogWindows: Failed to load 'VtuneApi.dll' (GetLastError=126)
LogWindows: File 'VtuneApi.dll' does not exist
LogWindows: Failed to load 'VtuneApi32e.dll' (GetLastError=126)
LogWindows: File 'VtuneApi32e.dll' does not exist
LogConsoleResponse: Display: Failed to find resolution value strings in scalability ini. Falling back to default.
LogInit: Display: Running engine for game: FPSGame
LogPlatformFile: Not using cached read wrapper
LogTaskGraph: Started task graph with 5 named threads and 23 total threads with 3 sets of task threads.
LogStats: Stats thread started at 0.197211
LogD3D11RHI: Loaded GFSDK_Aftermath_Lib.x64.dll
LogICUInternationalization: ICU TimeZone Detection - Raw Offset: -6:00, Platform Override: ''
LogPluginManager: Mounting plugin Paper2D
LogPluginManager: Mounting plugin AISupport
LogPluginManager: Mounting plugin LightPropagationVolume
LogPluginManager: Mounting plugin ActorLayerUtilities
LogPluginManager: Mounting plugin AnimationSharing
LogPluginManager: Mounting plugin CLionSourceCodeAccess
LogPluginManager: Mounting plugin CodeLiteSourceCodeAccess
LogPluginManager: Mounting plugin GitSourceControl
LogPluginManager: Mounting plugin KDevelopSourceCodeAccess
LogPluginManager: Mounting plugin NullSourceCodeAccess
LogPluginManager: Mounting plugin PerforceSourceControl
LogPluginManager: Mounting plugin SubversionSourceControl
LogPluginManager: Mounting plugin UObjectPlugin
LogPluginManager: Mounting plugin VisualStudioCodeSourceCodeAccess
LogPluginManager: Mounting plugin VisualStudioSourceCodeAccess
LogPluginManager: Mounting plugin XCodeSourceCodeAccess
LogPluginManager: Mounting plugin AssetManagerEditor
LogPluginManager: Mounting plugin CryptoKeys
LogPluginManager: Mounting plugin CurveEditorTools
LogPluginManager: Mounting plugin DataValidation
LogPluginManager: Mounting plugin FacialAnimation
LogPluginManager: Mounting plugin GameplayTagsEditor
LogPluginManager: Mounting plugin MacGraphicsSwitching
LogPluginManager: Mounting plugin MaterialAnalyzer
LogPluginManager: Mounting plugin MobileLauncherProfileWizard
LogPluginManager: Mounting plugin PluginBrowser
LogPluginManager: Mounting plugin SpeedTreeImporter
LogPluginManager: Mounting plugin DatasmithContent
LogPluginManager: Mounting plugin VariantManagerContent
LogPluginManager: Mounting plugin AlembicImporter
LogPluginManager: Mounting plugin AutomationUtils
LogPluginManager: Mounting plugin BackChannel
LogPluginManager: Mounting plugin CharacterAI
LogPluginManager: Mounting plugin GeometryCache
LogPluginManager: Mounting plugin HTML5Networking
LogPluginManager: Mounting plugin PlatformCrypto
LogPluginManager: Mounting plugin ProxyLODPlugin
LogPluginManager: Mounting plugin SkeletalReduction
LogPluginManager: Mounting plugin MagicLeap
LogPluginManager: Mounting plugin MagicLeapMedia
LogPluginManager: Mounting plugin AndroidMedia
LogPluginManager: Mounting plugin AvfMedia
LogPluginManager: Mounting plugin ImgMedia
LogPluginManager: Mounting plugin MediaCompositing
LogPluginManager: Mounting plugin MediaPlayerEditor
LogPluginManager: Mounting plugin WebMMedia
LogPluginManager: Mounting plugin WmfMedia
LogPluginManager: Mounting plugin TcpMessaging
LogPluginManager: Mounting plugin UdpMessaging
LogPluginManager: Mounting plugin ActorSequence
LogPluginManager: Mounting plugin LevelSequenceEditor
LogPluginManager: Mounting plugin MatineeToLevelSequence
LogPluginManager: Mounting plugin NetcodeUnitTest
LogPluginManager: Mounting plugin NUTUnrealEngine4
LogPluginManager: Mounting plugin OnlineSubsystemGooglePlay
LogPluginManager: Mounting plugin OnlineSubsystemIOS
LogPluginManager: Mounting plugin OnlineSubsystem
LogPluginManager: Mounting plugin OnlineSubsystemNull
LogPluginManager: Mounting plugin OnlineSubsystemUtils
LogPluginManager: Mounting plugin LauncherChunkInstaller
LogPluginManager: Mounting plugin AndroidDeviceProfileSelector
LogPluginManager: Mounting plugin AndroidMoviePlayer
LogPluginManager: Mounting plugin AndroidPermission
LogPluginManager: Mounting plugin AppleImageUtils
LogPluginManager: Mounting plugin AppleMoviePlayer
LogPluginManager: Mounting plugin ArchVisCharacter
LogPluginManager: Mounting plugin AudioCapture
LogPluginManager: Mounting plugin CableComponent
LogPluginManager: Mounting plugin CustomMeshComponent
LogPluginManager: Mounting plugin EditableMesh
LogPluginManager: Mounting plugin ExampleDeviceProfileSelector
LogPluginManager: Mounting plugin GoogleCloudMessaging
LogPluginManager: Mounting plugin IOSDeviceProfileSelector
LogPluginManager: Mounting plugin LinuxDeviceProfileSelector
LogPluginManager: Mounting plugin LocationServicesBPLibrary
LogPluginManager: Mounting plugin MobilePatchingUtils
LogPluginManager: Mounting plugin OculusVR
LogPluginManager: Mounting plugin PhysXVehicles
LogPluginManager: Mounting plugin ProceduralMeshComponent
LogPluginManager: Mounting plugin RuntimePhysXCooking
LogPluginManager: Mounting plugin SignificanceManager
LogPluginManager: Mounting plugin SteamVR
LogPluginManager: Mounting plugin WebMMoviePlayer
LogPluginManager: Mounting plugin WindowsMoviePlayer
LogPluginManager: Mounting plugin ScreenshotTools
LogInit: Using libcurl 7.55.1-DEV
LogInit:  - built for x86_64-pc-win32
LogInit:  - supports SSL with OpenSSL/1.1.1
LogInit:  - supports HTTP deflate (compression) using libz 1.2.8
LogInit:  - other features:
LogInit:      CURL_VERSION_SSL
LogInit:      CURL_VERSION_LIBZ
LogInit:      CURL_VERSION_IPV6
LogInit:      CURL_VERSION_ASYNCHDNS
LogInit:      CURL_VERSION_LARGEFILE
LogInit:      CURL_VERSION_IDN
LogInit:  CurlRequestOptions (configurable via config and command line):
LogInit:  - bVerifyPeer = true  - Libcurl will verify peer certificate
LogInit:  - bUseHttpProxy = false  - Libcurl will NOT use HTTP proxy
LogInit:  - bDontReuseConnections = false  - Libcurl will reuse connections
LogInit:  - MaxHostConnections = 16  - Libcurl will limit the number of connections to a host
LogInit:  - LocalHostAddr = Default
LogInit:  - BufferSize = 65536
LogOnline: OSS: Creating online subsystem instance for: NULL
LogInit: WinSock: version 1.1 (2.2), MaxSocks=32767, MaxUdp=65467
LogInit: Build: ++UE4+Release-4.23-CL-9631420
LogInit: Engine Version: 4.23.1-9631420+++UE4+Release-4.23
LogInit: Compatible Engine Version: 4.23.0-8386587+++UE4+Release-4.23
LogInit: Net CL: 8386587
LogInit: OS: Windows 10 (Release 1909) (), CPU: Intel(R) Core(TM) i7-7700HQ CPU @ 2.80GHz, GPU: Intel(R) HD Graphics 630
LogInit: Compiled (64-bit): Oct 18 2019 02:07:44
LogInit: Compiled with Visual C++: 19.16.27030.01
LogInit: Build Configuration: Development
LogInit: Branch Name: ++UE4+Release-4.23
LogInit: Command Line:  -skipcompile
LogInit: Base Directory: D:/Program Files/Epic Games/UE_4.23/Engine/Binaries/Win64/
LogInit: Installed Engine Build: 1
LogDevObjectVersion: Number of dev versions registered: 23
LogDevObjectVersion:   Dev-Blueprints (B0D832E4-1F89-4F0D-ACCF-7EB736FD4AA2): 10
LogDevObjectVersion:   Dev-Build (E1C64328-A22C-4D53-A36C-8E866417BD8C): 0
LogDevObjectVersion:   Dev-Core (375EC13C-06E4-48FB-B500-84F0262A717E): 3
LogDevObjectVersion:   Dev-Editor (E4B068ED-F494-42E9-A231-DA0B2E46BB41): 34
LogDevObjectVersion:   Dev-Framework (CFFC743F-43B0-4480-9391-14DF171D2073): 35
LogDevObjectVersion:   Dev-Mobile (B02B49B5-BB20-44E9-A304-32B752E40360): 2
LogDevObjectVersion:   Dev-Networking (A4E4105C-59A1-49B5-A7C5-40C4547EDFEE): 0
LogDevObjectVersion:   Dev-Online (39C831C9-5AE6-47DC-9A44-9C173E1C8E7C): 0
LogDevObjectVersion:   Dev-Physics (78F01B33-EBEA-4F98-B9B4-84EACCB95AA2): 0
LogDevObjectVersion:   Dev-Platform (6631380F-2D4D-43E0-8009-CF276956A95A): 0
LogDevObjectVersion:   Dev-Rendering (12F88B9F-8875-4AFC-A67C-D90C383ABD29): 31
LogDevObjectVersion:   Dev-Sequencer (7B5AE74C-D270-4C10-A958-57980B212A5A): 11
LogDevObjectVersion:   Dev-VR (D7296918-1DD6-4BDD-9DE2-64A83CC13884): 2
LogDevObjectVersion:   Dev-LoadTimes (C2A15278-BFE7-4AFE-6C17-90FF531DF755): 1
LogDevObjectVersion:   Private-Geometry (6EACA3D4-40EC-4CC1-B786-8BED09428FC5): 3
LogDevObjectVersion:   Dev-AnimPhys (29E575DD-E0A3-4627-9D10-D276232CDCEA): 17
LogDevObjectVersion:   Dev-Anim (AF43A65D-7FD3-4947-9873-3E8ED9C1BB05): 2
LogDevObjectVersion:   Dev-ReflectionCapture (6B266CEC-1EC7-4B8F-A30B-E4D90942FC07): 1
LogDevObjectVersion:   Dev-Automation (0DF73D61-A23F-47EA-B727-89E90C41499A): 1
LogDevObjectVersion:   FortniteMain (601D1886-AC64-4F84-AA16-D3DE0DEAC7D6): 27
LogDevObjectVersion:   Dev-Enterprise (9DFFBCD6-494F-0158-E221-12823C92A888): 6
LogDevObjectVersion:   Dev-Niagara (F2AED0AC-9AFE-416F-8664-AA7FFA26D6FC): 1
LogDevObjectVersion:   Dev-Destruction (174F1F0B-B4C6-45A5-B13F-2EE8D0FB917D): 9
LogInit: Presizing for max 16777216 objects, including 0 objects not considered by GC, pre-allocating 0 bytes for permanent pool.
LogInit: Object subsystem initialized
LogConfig: Setting CVar [[con.DebugEarlyDefault:1]]
LogConfig: Setting CVar [[r.setres:1280x720]]
[2020.02.02-03.42.53:885][  0]LogConfig: Setting CVar [[r.VSync:0]]
[2020.02.02-03.42.53:885][  0]LogConfig: Setting CVar [[r.RHICmdBypass:0]]
[2020.02.02-03.42.53:885][  0]LogConfig: Applying CVar settings from Section [/Script/Engine.RendererSettings] File [D:/UnrealProjects/StealthGame115/StealthGame/Saved/Config/Windows/Engine.ini]
[2020.02.02-03.42.53:885][  0]LogConfig: Setting CVar [[r.GPUCrashDebugging:0]]
[2020.02.02-03.42.53:885][  0]LogConfig: Applying CVar settings from Section [/Script/Engine.RendererOverrideSettings] File [D:/UnrealProjects/StealthGame115/StealthGame/Saved/Config/Windows/Engine.ini]
[2020.02.02-03.42.53:886][  0]LogConfig: Applying CVar settings from Section [/Script/Engine.StreamingSettings] File [D:/UnrealProjects/StealthGame115/StealthGame/Saved/Config/Windows/Engine.ini]
[2020.02.02-03.42.53:886][  0]LogConfig: Setting CVar [[s.MinBulkDataSizeForAsyncLoading:131072]]
[2020.02.02-03.42.53:886][  0]LogConfig: Setting CVar [[s.AsyncLoadingThreadEnabled:0]]
[2020.02.02-03.42.53:886][  0]LogConfig: Setting CVar [[s.EventDrivenLoaderEnabled:1]]
[2020.02.02-03.42.53:886][  0]LogConfig: Setting CVar [[s.WarnIfTimeLimitExceeded:0]]
[2020.02.02-03.42.53:886][  0]LogConfig: Setting CVar [[s.TimeLimitExceededMultiplier:1.5]]
[2020.02.02-03.42.53:886][  0]LogConfig: Setting CVar [[s.TimeLimitExceededMinTime:0.005]]
[2020.02.02-03.42.53:886][  0]LogConfig: Setting CVar [[s.UseBackgroundLevelStreaming:1]]
[2020.02.02-03.42.53:886][  0]LogConfig: Setting CVar [[s.PriorityAsyncLoadingExtraTime:15.0]]
[2020.02.02-03.42.53:886][  0]LogConfig: Setting CVar [[s.LevelStreamingActorsUpdateTimeLimit:5.0]]
[2020.02.02-03.42.53:886][  0]LogConfig: Setting CVar [[s.PriorityLevelStreamingActorsUpdateExtraTime:5.0]]
[2020.02.02-03.42.53:886][  0]LogConfig: Setting CVar [[s.LevelStreamingComponentsRegistrationGranularity:10]]
[2020.02.02-03.42.53:886][  0]LogConfig: Setting CVar [[s.UnregisterComponentsTimeLimit:1.0]]
[2020.02.02-03.42.53:886][  0]LogConfig: Setting CVar [[s.LevelStreamingComponentsUnregistrationGranularity:5]]
[2020.02.02-03.42.53:887][  0]LogConfig: Applying CVar settings from Section [/Script/Engine.GarbageCollectionSettings] File [D:/UnrealProjects/StealthGame115/StealthGame/Saved/Config/Windows/Engine.ini]
[2020.02.02-03.42.53:887][  0]LogConfig: Setting CVar [[gc.MaxObjectsNotConsideredByGC:1]]
[2020.02.02-03.42.53:887][  0]LogConfig: Setting CVar [[gc.SizeOfPermanentObjectPool:0]]
[2020.02.02-03.42.53:887][  0]LogConfig: Setting CVar [[gc.FlushStreamingOnGC:0]]
[2020.02.02-03.42.53:887][  0]LogConfig: Setting CVar [[gc.NumRetriesBeforeForcingGC:10]]
[2020.02.02-03.42.53:887][  0]LogConfig: Setting CVar [[gc.AllowParallelGC:1]]
[2020.02.02-03.42.53:887][  0]LogConfig: Setting CVar [[gc.TimeBetweenPurgingPendingKillObjects:61.1]]
[2020.02.02-03.42.53:887][  0]LogConfig: Setting CVar [[gc.MaxObjectsInEditor:16777216]]
[2020.02.02-03.42.53:887][  0]LogConfig: Setting CVar [[gc.IncrementalBeginDestroyEnabled:1]]
[2020.02.02-03.42.53:887][  0]LogConfig: Setting CVar [[gc.CreateGCClusters:1]]
[2020.02.02-03.42.53:887][  0]LogConfig: Setting CVar [[gc.MinGCClusterSize:5]]
[2020.02.02-03.42.53:887][  0]LogConfig: Setting CVar [[gc.ActorClusteringEnabled:0]]
[2020.02.02-03.42.53:887][  0]LogConfig: Setting CVar [[gc.BlueprintClusteringEnabled:0]]
[2020.02.02-03.42.53:887][  0]LogConfig: Setting CVar [[gc.UseDisregardForGCOnDedicatedServers:0]]
[2020.02.02-03.42.53:888][  0]LogConfig: Applying CVar settings from Section [/Script/Engine.NetworkSettings] File [D:/UnrealProjects/StealthGame115/StealthGame/Saved/Config/Windows/Engine.ini]
[2020.02.02-03.42.53:888][  0]LogConfig: Applying CVar settings from Section [/Script/UnrealEd.CookerSettings] File [D:/UnrealProjects/StealthGame115/StealthGame/Saved/Config/Windows/Engine.ini]
[2020.02.02-03.42.53:896][  0]LogConfig: Applying CVar settings from Section [ViewDistanceQuality@3] File [D:/UnrealProjects/StealthGame115/StealthGame/Saved/Config/Windows/Scalability.ini]
[2020.02.02-03.42.53:896][  0]LogConfig: Setting CVar [[r.SkeletalMeshLODBias:0]]
[2020.02.02-03.42.53:896][  0]LogConfig: Setting CVar [[r.ViewDistanceScale:1.0]]
[2020.02.02-03.42.53:896][  0]LogConfig: Applying CVar settings from Section [AntiAliasingQuality@3] File [D:/UnrealProjects/StealthGame115/StealthGame/Saved/Config/Windows/Scalability.ini]
[2020.02.02-03.42.53:896][  0]LogConfig: Setting CVar [[r.PostProcessAAQuality:4]]
[2020.02.02-03.42.53:896][  0]LogConfig: Applying CVar settings from Section [ShadowQuality@3] File [D:/UnrealProjects/StealthGame115/StealthGame/Saved/Config/Windows/Scalability.ini]
[2020.02.02-03.42.53:896][  0]LogConfig: Setting CVar [[r.LightFunctionQuality:1]]
[2020.02.02-03.42.53:896][  0]LogConfig: Setting CVar [[r.ShadowQuality:5]]
[2020.02.02-03.42.53:897][  0]LogConfig: Setting CVar [[r.Shadow.CSM.MaxCascades:10]]
[2020.02.02-03.42.53:897][  0]LogConfig: Setting CVar [[r.Shadow.MaxResolution:2048]]
[2020.02.02-03.42.53:897][  0]LogConfig: Setting CVar [[r.Shadow.MaxCSMResolution:2048]]
[2020.02.02-03.42.53:897][  0]LogConfig: Setting CVar [[r.Shadow.RadiusThreshold:0.01]]
[2020.02.02-03.42.53:897][  0]LogConfig: Setting CVar [[r.Shadow.DistanceScale:1.0]]
[2020.02.02-03.42.53:897][  0]LogConfig: Setting CVar [[r.Shadow.CSM.TransitionScale:1.0]]
[2020.02.02-03.42.53:897][  0]LogConfig: Setting CVar [[r.Shadow.PreShadowResolutionFactor:1.0]]
[2020.02.02-03.42.53:897][  0]LogConfig: Setting CVar [[r.DistanceFieldShadowing:1]]
[2020.02.02-03.42.53:897][  0]LogConfig: Setting CVar [[r.DistanceFieldAO:1]]
[2020.02.02-03.42.53:897][  0]LogConfig: Setting CVar [[r.AOQuality:2]]
[2020.02.02-03.42.53:897][  0]LogConfig: Setting CVar [[r.VolumetricFog:1]]
[2020.02.02-03.42.53:897][  0]LogConfig: Setting CVar [[r.VolumetricFog.GridPixelSize:8]]
[2020.02.02-03.42.53:897][  0]LogConfig: Setting CVar [[r.VolumetricFog.GridSizeZ:128]]
[2020.02.02-03.42.53:897][  0]LogConfig: Setting CVar [[r.VolumetricFog.HistoryMissSupersampleCount:4]]
[2020.02.02-03.42.53:898][  0]LogConfig: Setting CVar [[r.LightMaxDrawDistanceScale:1]]
[2020.02.02-03.42.53:898][  0]LogConfig: Setting CVar [[r.CapsuleShadows:1]]
[2020.02.02-03.42.53:898][  0]LogConfig: Applying CVar settings from Section [PostProcessQuality@3] File [D:/UnrealProjects/StealthGame115/StealthGame/Saved/Config/Windows/Scalability.ini]
[2020.02.02-03.42.53:898][  0]LogConfig: Setting CVar [[r.MotionBlurQuality:4]]
[2020.02.02-03.42.53:898][  0]LogConfig: Setting CVar [[r.AmbientOcclusionMipLevelFactor:0.4]]
[2020.02.02-03.42.53:898][  0]LogConfig: Setting CVar [[r.AmbientOcclusionMaxQuality:100]]
[2020.02.02-03.42.53:898][  0]LogConfig: Setting CVar [[r.AmbientOcclusionLevels:-1]]
[2020.02.02-03.42.53:898][  0]LogConfig: Setting CVar [[r.AmbientOcclusionRadiusScale:1.0]]
[2020.02.02-03.42.53:898][  0]LogConfig: Setting CVar [[r.DepthOfFieldQuality:2]]
[2020.02.02-03.42.53:898][  0]LogConfig: Setting CVar [[r.RenderTargetPoolMin:400]]
[2020.02.02-03.42.53:898][  0]LogConfig: Setting CVar [[r.LensFlareQuality:2]]
[2020.02.02-03.42.53:899][  0]LogConfig: Setting CVar [[r.SceneColorFringeQuality:1]]
[2020.02.02-03.42.53:899][  0]LogConfig: Setting CVar [[r.EyeAdaptationQuality:2]]
[2020.02.02-03.42.53:899][  0]LogConfig: Setting CVar [[r.BloomQuality:5]]
[2020.02.02-03.42.53:899][  0]LogConfig: Setting CVar [[r.FastBlurThreshold:100]]
[2020.02.02-03.42.53:899][  0]LogConfig: Setting CVar [[r.Upscale.Quality:3]]
[2020.02.02-03.42.53:899][  0]LogConfig: Setting CVar [[r.Tonemapper.GrainQuantization:1]]
[2020.02.02-03.42.53:899][  0]LogConfig: Setting CVar [[r.LightShaftQuality:1]]
[2020.02.02-03.42.53:899][  0]LogConfig: Setting CVar [[r.Filter.SizeScale:1]]
[2020.02.02-03.42.53:899][  0]LogConfig: Setting CVar [[r.Tonemapper.Quality:5]]
[2020.02.02-03.42.53:899][  0]LogConfig: Setting CVar [[r.DOF.Gather.AccumulatorQuality:1        ; higher gathering accumulator quality]]
[2020.02.02-03.42.53:899][  0]LogConfig: Setting CVar [[r.DOF.Gather.PostfilterMethod:1          ; Median3x3 postfilering method]]
[2020.02.02-03.42.53:899][  0]LogConfig: Setting CVar [[r.DOF.Gather.EnableBokehSettings:0       ; no bokeh simulation when gathering]]
[2020.02.02-03.42.53:899][  0]LogConfig: Setting CVar [[r.DOF.Gather.RingCount:4                 ; medium number of samples when gathering]]
[2020.02.02-03.42.53:900][  0]LogConfig: Setting CVar [[r.DOF.Scatter.ForegroundCompositing:1    ; additive foreground scattering]]
[2020.02.02-03.42.53:900][  0]LogConfig: Setting CVar [[r.DOF.Scatter.BackgroundCompositing:2    ; additive background scattering]]
[2020.02.02-03.42.53:900][  0]LogConfig: Setting CVar [[r.DOF.Scatter.EnableBokehSettings:1      ; bokeh simulation when scattering]]
[2020.02.02-03.42.53:900][  0]LogConfig: Setting CVar [[r.DOF.Scatter.MaxSpriteRatio:0.1         ; only a maximum of 10% of scattered bokeh]]
[2020.02.02-03.42.53:900][  0]LogConfig: Setting CVar [[r.DOF.Recombine.Quality:1                ; cheap slight out of focus]]
[2020.02.02-03.42.53:900][  0]LogConfig: Setting CVar [[r.DOF.Recombine.EnableBokehSettings:0    ; no bokeh simulation on slight out of focus]]
[2020.02.02-03.42.53:900][  0]LogConfig: Setting CVar [[r.DOF.TemporalAAQuality:1                ; more stable temporal accumulation]]
[2020.02.02-03.42.53:900][  0]LogConfig: Setting CVar [[r.DOF.Kernel.MaxForegroundRadius:0.025]]
[2020.02.02-03.42.53:900][  0]LogConfig: Setting CVar [[r.DOF.Kernel.MaxBackgroundRadius:0.025]]
[2020.02.02-03.42.53:900][  0]LogConfig: Applying CVar settings from Section [TextureQuality@3] File [D:/UnrealProjects/StealthGame115/StealthGame/Saved/Config/Windows/Scalability.ini]
[2020.02.02-03.42.53:900][  0]LogConfig: Setting CVar [[r.Streaming.MipBias:0]]
[2020.02.02-03.42.53:900][  0]LogConfig: Setting CVar [[r.Streaming.AmortizeCPUToGPUCopy:0]]
[2020.02.02-03.42.53:900][  0]LogConfig: Setting CVar [[r.Streaming.MaxNumTexturesToStreamPerFrame:0]]
[2020.02.02-03.42.53:901][  0]LogConfig: Setting CVar [[r.Streaming.Boost:1]]
[2020.02.02-03.42.53:901][  0]LogConfig: Setting CVar [[r.MaxAnisotropy:8]]
[2020.02.02-03.42.53:901][  0]LogConfig: Setting CVar [[r.Streaming.LimitPoolSizeToVRAM:0]]
[2020.02.02-03.42.53:901][  0]LogConfig: Setting CVar [[r.Streaming.PoolSize:1000]]
[2020.02.02-03.42.53:901][  0]LogConfig: Setting CVar [[r.Streaming.MaxEffectiveScreenSize:0]]
[2020.02.02-03.42.53:901][  0]LogConfig: Applying CVar settings from Section [EffectsQuality@3] File [D:/UnrealProjects/StealthGame115/StealthGame/Saved/Config/Windows/Scalability.ini]
[2020.02.02-03.42.53:901][  0]LogConfig: Setting CVar [[r.TranslucencyLightingVolumeDim:64]]
[2020.02.02-03.42.53:901][  0]LogConfig: Setting CVar [[r.RefractionQuality:2]]
[2020.02.02-03.42.53:901][  0]LogConfig: Setting CVar [[r.SSR.Quality:3]]
[2020.02.02-03.42.53:901][  0]LogConfig: Setting CVar [[r.SceneColorFormat:4]]
[2020.02.02-03.42.53:901][  0]LogConfig: Setting CVar [[r.DetailMode:2]]
[2020.02.02-03.42.53:901][  0]LogConfig: Setting CVar [[r.TranslucencyVolumeBlur:1]]
[2020.02.02-03.42.53:901][  0]LogConfig: Setting CVar [[r.MaterialQualityLevel:1 ; High quality]]
[2020.02.02-03.42.53:901][  0]LogConfig: Setting CVar [[r.SSS.Scale:1]]
[2020.02.02-03.42.53:901][  0]LogConfig: Setting CVar [[r.SSS.SampleSet:2]]
[2020.02.02-03.42.53:902][  0]LogConfig: Setting CVar [[r.SSS.Quality:1]]
[2020.02.02-03.42.53:902][  0]LogConfig: Setting CVar [[r.SSS.HalfRes:1]]
[2020.02.02-03.42.53:902][  0]LogConfig: Setting CVar [[r.EmitterSpawnRateScale:1.0]]
[2020.02.02-03.42.53:902][  0]LogConfig: Setting CVar [[r.ParticleLightQuality:2]]
[2020.02.02-03.42.53:902][  0]LogConfig: Applying CVar settings from Section [FoliageQuality@3] File [D:/UnrealProjects/StealthGame115/StealthGame/Saved/Config/Windows/Scalability.ini]
[2020.02.02-03.42.53:902][  0]LogConfig: Setting CVar [[foliage.DensityScale:1.0]]
[2020.02.02-03.42.53:902][  0]LogConfig: Setting CVar [[grass.DensityScale:1.0]]
[2020.02.02-03.42.53:902][  0]LogInit: Selected Device Profile: [Windows]
[2020.02.02-03.42.53:902][  0]LogInit: Applying CVar settings loaded from the selected device profile: [Windows]
[2020.02.02-03.42.53:906][  0]LogHAL: Display: Platform has ~ 16 GB [17062100992 / 17179869184 / 16], which maps to Larger [LargestMinGB=32, LargerMinGB=12, DefaultMinGB=8, SmallerMinGB=6, SmallestMinGB=0)
[2020.02.02-03.42.53:906][  0]LogInit: Going up to parent DeviceProfile []
[2020.02.02-03.42.53:906][  0]LogConfig: Applying CVar settings from Section [ViewDistanceQuality@3] File [D:/UnrealProjects/StealthGame115/StealthGame/Saved/Config/Windows/Scalability.ini]
[2020.02.02-03.42.53:906][  0]LogConfig: Setting CVar [[r.SkeletalMeshLODBias:0]]
[2020.02.02-03.42.53:906][  0]LogConfig: Setting CVar [[r.ViewDistanceScale:1.0]]
[2020.02.02-03.42.53:906][  0]LogConfig: Applying CVar settings from Section [AntiAliasingQuality@3] File [D:/UnrealProjects/StealthGame115/StealthGame/Saved/Config/Windows/Scalability.ini]
[2020.02.02-03.42.53:906][  0]LogConfig: Setting CVar [[r.PostProcessAAQuality:4]]
[2020.02.02-03.42.53:906][  0]LogConfig: Applying CVar settings from Section [ShadowQuality@3] File [D:/UnrealProjects/StealthGame115/StealthGame/Saved/Config/Windows/Scalability.ini]
[2020.02.02-03.42.53:906][  0]LogConfig: Setting CVar [[r.LightFunctionQuality:1]]
[2020.02.02-03.42.53:906][  0]LogConfig: Setting CVar [[r.ShadowQuality:5]]
[2020.02.02-03.42.53:906][  0]LogConfig: Setting CVar [[r.Shadow.CSM.MaxCascades:10]]
[2020.02.02-03.42.53:906][  0]LogConfig: Setting CVar [[r.Shadow.MaxResolution:2048]]
[2020.02.02-03.42.53:906][  0]LogConfig: Setting CVar [[r.Shadow.MaxCSMResolution:2048]]
[2020.02.02-03.42.53:906][  0]LogConfig: Setting CVar [[r.Shadow.RadiusThreshold:0.01]]
[2020.02.02-03.42.53:906][  0]LogConfig: Setting CVar [[r.Shadow.DistanceScale:1.0]]
[2020.02.02-03.42.53:907][  0]LogConfig: Setting CVar [[r.Shadow.CSM.TransitionScale:1.0]]
[2020.02.02-03.42.53:907][  0]LogConfig: Setting CVar [[r.Shadow.PreShadowResolutionFactor:1.0]]
[2020.02.02-03.42.53:907][  0]LogConfig: Setting CVar [[r.DistanceFieldShadowing:1]]
[2020.02.02-03.42.53:907][  0]LogConfig: Setting CVar [[r.DistanceFieldAO:1]]
[2020.02.02-03.42.53:907][  0]LogConfig: Setting CVar [[r.AOQuality:2]]
[2020.02.02-03.42.53:907][  0]LogConfig: Setting CVar [[r.VolumetricFog:1]]
[2020.02.02-03.42.53:907][  0]LogConfig: Setting CVar [[r.VolumetricFog.GridPixelSize:8]]
[2020.02.02-03.42.53:907][  0]LogConfig: Setting CVar [[r.VolumetricFog.GridSizeZ:128]]
[2020.02.02-03.42.53:907][  0]LogConfig: Setting CVar [[r.VolumetricFog.HistoryMissSupersampleCount:4]]
[2020.02.02-03.42.53:907][  0]LogConfig: Setting CVar [[r.LightMaxDrawDistanceScale:1]]
[2020.02.02-03.42.53:907][  0]LogConfig: Setting CVar [[r.CapsuleShadows:1]]
[2020.02.02-03.42.53:907][  0]LogConfig: Applying CVar settings from Section [PostProcessQuality@3] File [D:/UnrealProjects/StealthGame115/StealthGame/Saved/Config/Windows/Scalability.ini]
[2020.02.02-03.42.53:907][  0]LogConfig: Setting CVar [[r.MotionBlurQuality:4]]
[2020.02.02-03.42.53:907][  0]LogConfig: Setting CVar [[r.AmbientOcclusionMipLevelFactor:0.4]]
[2020.02.02-03.42.53:907][  0]LogConfig: Setting CVar [[r.AmbientOcclusionMaxQuality:100]]
[2020.02.02-03.42.53:907][  0]LogConfig: Setting CVar [[r.AmbientOcclusionLevels:-1]]
[2020.02.02-03.42.53:907][  0]LogConfig: Setting CVar [[r.AmbientOcclusionRadiusScale:1.0]]
[2020.02.02-03.42.53:908][  0]LogConfig: Setting CVar [[r.DepthOfFieldQuality:2]]
[2020.02.02-03.42.53:908][  0]LogConfig: Setting CVar [[r.RenderTargetPoolMin:400]]
[2020.02.02-03.42.53:908][  0]LogConfig: Setting CVar [[r.LensFlareQuality:2]]
[2020.02.02-03.42.53:908][  0]LogConfig: Setting CVar [[r.SceneColorFringeQuality:1]]
[2020.02.02-03.42.53:908][  0]LogConfig: Setting CVar [[r.EyeAdaptationQuality:2]]
[2020.02.02-03.42.53:908][  0]LogConfig: Setting CVar [[r.BloomQuality:5]]
[2020.02.02-03.42.53:908][  0]LogConfig: Setting CVar [[r.FastBlurThreshold:100]]
[2020.02.02-03.42.53:908][  0]LogConfig: Setting CVar [[r.Upscale.Quality:3]]
[2020.02.02-03.42.53:908][  0]LogConfig: Setting CVar [[r.Tonemapper.GrainQuantization:1]]
[2020.02.02-03.42.53:908][  0]LogConfig: Setting CVar [[r.LightShaftQuality:1]]
[2020.02.02-03.42.53:908][  0]LogConfig: Setting CVar [[r.Filter.SizeScale:1]]
[2020.02.02-03.42.53:908][  0]LogConfig: Setting CVar [[r.Tonemapper.Quality:5]]
[2020.02.02-03.42.53:908][  0]LogConfig: Setting CVar [[r.DOF.Gather.AccumulatorQuality:1        ; higher gathering accumulator quality]]
[2020.02.02-03.42.53:908][  0]LogConfig: Setting CVar [[r.DOF.Gather.PostfilterMethod:1          ; Median3x3 postfilering method]]
[2020.02.02-03.42.53:909][  0]LogConfig: Setting CVar [[r.DOF.Gather.EnableBokehSettings:0       ; no bokeh simulation when gathering]]
[2020.02.02-03.42.53:909][  0]LogConfig: Setting CVar [[r.DOF.Gather.RingCount:4                 ; medium number of samples when gathering]]
[2020.02.02-03.42.53:909][  0]LogConfig: Setting CVar [[r.DOF.Scatter.ForegroundCompositing:1    ; additive foreground scattering]]
[2020.02.02-03.42.53:909][  0]LogConfig: Setting CVar [[r.DOF.Scatter.BackgroundCompositing:2    ; additive background scattering]]
[2020.02.02-03.42.53:909][  0]LogConfig: Setting CVar [[r.DOF.Scatter.EnableBokehSettings:1      ; bokeh simulation when scattering]]
[2020.02.02-03.42.53:909][  0]LogConfig: Setting CVar [[r.DOF.Scatter.MaxSpriteRatio:0.1         ; only a maximum of 10% of scattered bokeh]]
[2020.02.02-03.42.53:909][  0]LogConfig: Setting CVar [[r.DOF.Recombine.Quality:1                ; cheap slight out of focus]]
[2020.02.02-03.42.53:909][  0]LogConfig: Setting CVar [[r.DOF.Recombine.EnableBokehSettings:0    ; no bokeh simulation on slight out of focus]]
[2020.02.02-03.42.53:909][  0]LogConfig: Setting CVar [[r.DOF.TemporalAAQuality:1                ; more stable temporal accumulation]]
[2020.02.02-03.42.53:909][  0]LogConfig: Setting CVar [[r.DOF.Kernel.MaxForegroundRadius:0.025]]
[2020.02.02-03.42.53:909][  0]LogConfig: Setting CVar [[r.DOF.Kernel.MaxBackgroundRadius:0.025]]
[2020.02.02-03.42.53:909][  0]LogConfig: Applying CVar settings from Section [TextureQuality@3] File [D:/UnrealProjects/StealthGame115/StealthGame/Saved/Config/Windows/Scalability.ini]
[2020.02.02-03.42.53:909][  0]LogConfig: Setting CVar [[r.Streaming.MipBias:0]]
[2020.02.02-03.42.53:909][  0]LogConfig: Setting CVar [[r.Streaming.AmortizeCPUToGPUCopy:0]]
[2020.02.02-03.42.53:910][  0]LogConfig: Setting CVar [[r.Streaming.MaxNumTexturesToStreamPerFrame:0]]
[2020.02.02-03.42.53:910][  0]LogConfig: Setting CVar [[r.Streaming.Boost:1]]
[2020.02.02-03.42.53:910][  0]LogConfig: Setting CVar [[r.MaxAnisotropy:8]]
[2020.02.02-03.42.53:910][  0]LogConfig: Setting CVar [[r.Streaming.LimitPoolSizeToVRAM:0]]
[2020.02.02-03.42.53:910][  0]LogConfig: Setting CVar [[r.Streaming.PoolSize:1000]]
[2020.02.02-03.42.53:910][  0]LogConfig: Setting CVar [[r.Streaming.MaxEffectiveScreenSize:0]]
[2020.02.02-03.42.53:910][  0]LogConfig: Applying CVar settings from Section [EffectsQuality@3] File [D:/UnrealProjects/StealthGame115/StealthGame/Saved/Config/Windows/Scalability.ini]
[2020.02.02-03.42.53:910][  0]LogConfig: Setting CVar [[r.TranslucencyLightingVolumeDim:64]]
[2020.02.02-03.42.53:910][  0]LogConfig: Setting CVar [[r.RefractionQuality:2]]
[2020.02.02-03.42.53:910][  0]LogConfig: Setting CVar [[r.SSR.Quality:3]]
[2020.02.02-03.42.53:910][  0]LogConfig: Setting CVar [[r.SceneColorFormat:4]]
[2020.02.02-03.42.53:910][  0]LogConfig: Setting CVar [[r.DetailMode:2]]
[2020.02.02-03.42.53:910][  0]LogConfig: Setting CVar [[r.TranslucencyVolumeBlur:1]]
[2020.02.02-03.42.53:910][  0]LogConfig: Setting CVar [[r.MaterialQualityLevel:1 ; High quality]]
[2020.02.02-03.42.53:911][  0]LogConfig: Setting CVar [[r.SSS.Scale:1]]
[2020.02.02-03.42.53:911][  0]LogConfig: Setting CVar [[r.SSS.SampleSet:2]]
[2020.02.02-03.42.53:911][  0]LogConfig: Setting CVar [[r.SSS.Quality:1]]
[2020.02.02-03.42.53:911][  0]LogConfig: Setting CVar [[r.SSS.HalfRes:1]]
[2020.02.02-03.42.53:911][  0]LogConfig: Setting CVar [[r.EmitterSpawnRateScale:1.0]]
[2020.02.02-03.42.53:911][  0]LogConfig: Setting CVar [[r.ParticleLightQuality:2]]
[2020.02.02-03.42.53:911][  0]LogConfig: Applying CVar settings from Section [FoliageQuality@3] File [D:/UnrealProjects/StealthGame115/StealthGame/Saved/Config/Windows/Scalability.ini]
[2020.02.02-03.42.53:911][  0]LogConfig: Setting CVar [[foliage.DensityScale:1.0]]
[2020.02.02-03.42.53:911][  0]LogConfig: Setting CVar [[grass.DensityScale:1.0]]
[2020.02.02-03.42.53:911][  0]LogConfig: Applying CVar settings from Section [Startup] File [../../../Engine/Config/ConsoleVariables.ini]
[2020.02.02-03.42.53:912][  0]LogConfig: Setting CVar [[net.UseAdaptiveNetUpdateFrequency:0]]
[2020.02.02-03.42.53:912][  0]LogConfig: Setting CVar [[p.chaos.AllowCreatePhysxBodies:1]]
[2020.02.02-03.42.53:912][  0]LogConfig: Applying CVar settings from Section [ConsoleVariables] File [D:/UnrealProjects/StealthGame115/StealthGame/Saved/Config/Windows/Engine.ini]
[2020.02.02-03.42.53:912][  0]LogInit: Computer: MSI
[2020.02.02-03.42.53:912][  0]LogInit: User: FelipeGasca
[2020.02.02-03.42.53:912][  0]LogInit: CPU Page size=4096, Cores=4
[2020.02.02-03.42.53:912][  0]LogInit: High frequency timer resolution =10.000000 MHz
[2020.02.02-03.42.53:912][  0]LogMemory: Memory total: Physical=15.9GB (16GB approx)
[2020.02.02-03.42.53:913][  0]LogMemory: Platform Memory Stats for Windows
[2020.02.02-03.42.53:913][  0]LogMemory: Process Physical Memory: 101.34 MB used, 101.34 MB peak
[2020.02.02-03.42.53:913][  0]LogMemory: Process Virtual Memory: 101.02 MB used, 101.02 MB peak
[2020.02.02-03.42.53:913][  0]LogMemory: Physical Memory: 11340.39 MB used,  4931.30 MB free, 16271.69 MB total
[2020.02.02-03.42.53:913][  0]LogMemory: Virtual Memory: 4669.43 MB used,  134213056.00 MB free, 134217728.00 MB total
[2020.02.02-03.42.53:923][  0]LogWindows: WindowsPlatformFeatures enabled
[2020.02.02-03.42.54:226][  0]LogInit: Overriding language with editor language configuration option (en).
[2020.02.02-03.42.54:226][  0]LogInit: Overriding locale with editor locale configuration option (en).
[2020.02.02-03.42.54:417][  0]LogInit: Setting process to per monitor DPI aware
[2020.02.02-03.42.54:500][  0]LogSlate: New Slate User Created.  User Index 0, Is Virtual User: 0
[2020.02.02-03.42.54:500][  0]LogSlate: Slate User Registered.  User Index 0, Is Virtual User: 0
[2020.02.02-03.42.55:868][  0]LogHMD: Failed to initialize OpenVR with code 110
[2020.02.02-03.42.55:868][  0]LogD3D11RHI: D3D11 adapters:
[2020.02.02-03.42.56:065][  0]LogD3D11RHI:    0. 'NVIDIA GeForce GTX 1060' (Feature Level 11_0)
[2020.02.02-03.42.56:065][  0]LogD3D11RHI:       6052/0/8135 MB DedicatedVideo/DedicatedSystem/SharedSystem, Outputs:1, VendorId:0x10de
[2020.02.02-03.42.56:158][  0]LogD3D11RHI:    1. 'Intel(R) HD Graphics 630' (Feature Level 11_0)
[2020.02.02-03.42.56:158][  0]LogD3D11RHI:       128/0/8135 MB DedicatedVideo/DedicatedSystem/SharedSystem, Outputs:0, VendorId:0x8086
[2020.02.02-03.42.56:171][  0]LogD3D11RHI:    2. 'Microsoft Basic Render Driver' (Feature Level 11_0)
[2020.02.02-03.42.56:171][  0]LogD3D11RHI:       0/0/8135 MB DedicatedVideo/DedicatedSystem/SharedSystem, Outputs:0, VendorId:0x1414
[2020.02.02-03.42.56:171][  0]LogD3D11RHI: Chosen D3D11 Adapter: 0
[2020.02.02-03.42.56:227][  0]LogD3D11RHI: Creating new Direct3DDevice
[2020.02.02-03.42.56:227][  0]LogD3D11RHI:     GPU DeviceId: 0x1c20 (for the marketing name, search the web for "GPU Device Id")
[2020.02.02-03.42.56:227][  0]LogWindows: EnumDisplayDevices:
[2020.02.02-03.42.56:228][  0]LogWindows:    0. 'Intel(R) HD Graphics 630' (P:1 D:1)
[2020.02.02-03.42.56:228][  0]LogWindows:    1. 'Intel(R) HD Graphics 630' (P:0 D:0)
[2020.02.02-03.42.56:229][  0]LogWindows:    2. 'Intel(R) HD Graphics 630' (P:0 D:0)
[2020.02.02-03.42.56:230][  0]LogWindows:    3. 'NVIDIA GeForce GTX 1060' (P:0 D:0)
[2020.02.02-03.42.56:231][  0]LogWindows:    4. 'NVIDIA GeForce GTX 1060' (P:0 D:0)
[2020.02.02-03.42.56:231][  0]LogWindows:    5. 'NVIDIA GeForce GTX 1060' (P:0 D:0)
[2020.02.02-03.42.56:232][  0]LogWindows:    6. 'NVIDIA GeForce GTX 1060' (P:0 D:0)
[2020.02.02-03.42.56:232][  0]LogWindows: DebugString: PrimaryIsNotTheChoosenAdapter PrimaryIsNotTheChoosenAdapter PrimaryIsNotTheChoosenAdapter FoundDriverCount:4 
[2020.02.02-03.42.56:233][  0]LogD3D11RHI:     Adapter Name: NVIDIA GeForce GTX 1060
[2020.02.02-03.42.56:233][  0]LogD3D11RHI:   Driver Version: 441.66 (internal:26.21.14.4166, unified:441.66)
[2020.02.02-03.42.56:233][  0]LogD3D11RHI:      Driver Date: 12-6-2019
[2020.02.02-03.42.56:233][  0]LogRHI: Texture pool is 4236 MB (70% of 6052 MB)
[2020.02.02-03.42.56:291][  0]LogD3D11RHI: Async texture creation enabled
[2020.02.02-03.42.56:304][  0]LogD3D11RHI: GPU Timing Frequency: 1000.000000 (Debug: 2 1)
[2020.02.02-03.42.56:672][  0]LogTemp: Display: Module 'AllDesktopTargetPlatform' loaded TargetPlatform 'AllDesktop'
[2020.02.02-03.42.56:684][  0]LogTemp: Display: Module 'MacClientTargetPlatform' loaded TargetPlatform 'MacClient'
[2020.02.02-03.42.56:698][  0]LogTemp: Display: Module 'MacNoEditorTargetPlatform' loaded TargetPlatform 'MacNoEditor'
[2020.02.02-03.42.56:711][  0]LogTemp: Display: Module 'MacServerTargetPlatform' loaded TargetPlatform 'MacServer'
[2020.02.02-03.42.56:723][  0]LogTemp: Display: Module 'MacTargetPlatform' loaded TargetPlatform 'Mac'
[2020.02.02-03.42.56:735][  0]LogTemp: Display: Module 'WindowsClientTargetPlatform' loaded TargetPlatform 'WindowsClient'
[2020.02.02-03.42.56:748][  0]LogTemp: Display: Module 'WindowsNoEditorTargetPlatform' loaded TargetPlatform 'WindowsNoEditor'
[2020.02.02-03.42.56:761][  0]LogTemp: Display: Module 'WindowsServerTargetPlatform' loaded TargetPlatform 'WindowsServer'
[2020.02.02-03.42.56:768][  0]LogTemp: Display: Module 'WindowsTargetPlatform' loaded TargetPlatform 'Windows'
[2020.02.02-03.42.56:807][  0]LogTemp: Display: Module 'AndroidTargetPlatform' loaded TargetPlatform 'Android'
[2020.02.02-03.42.56:808][  0]LogTemp: Display: Module 'AndroidTargetPlatform' loaded TargetPlatform 'Android_ASTC'
[2020.02.02-03.42.56:808][  0]LogTemp: Display: Module 'AndroidTargetPlatform' loaded TargetPlatform 'Android_ATC'
[2020.02.02-03.42.56:808][  0]LogTemp: Display: Module 'AndroidTargetPlatform' loaded TargetPlatform 'Android_DXT'
[2020.02.02-03.42.56:808][  0]LogTemp: Display: Module 'AndroidTargetPlatform' loaded TargetPlatform 'Android_ETC1'
[2020.02.02-03.42.56:808][  0]LogTemp: Display: Module 'AndroidTargetPlatform' loaded TargetPlatform 'Android_ETC1a'
[2020.02.02-03.42.56:808][  0]LogTemp: Display: Module 'AndroidTargetPlatform' loaded TargetPlatform 'Android_ETC2'
[2020.02.02-03.42.56:808][  0]LogTemp: Display: Module 'AndroidTargetPlatform' loaded TargetPlatform 'Android_PVRTC'
[2020.02.02-03.42.56:808][  0]LogTemp: Display: Module 'AndroidTargetPlatform' loaded TargetPlatform 'AndroidClient'
[2020.02.02-03.42.56:809][  0]LogTemp: Display: Module 'AndroidTargetPlatform' loaded TargetPlatform 'Android_ASTCClient'
[2020.02.02-03.42.56:809][  0]LogTemp: Display: Module 'AndroidTargetPlatform' loaded TargetPlatform 'Android_ATCClient'
[2020.02.02-03.42.56:809][  0]LogTemp: Display: Module 'AndroidTargetPlatform' loaded TargetPlatform 'Android_DXTClient'
[2020.02.02-03.42.56:809][  0]LogTemp: Display: Module 'AndroidTargetPlatform' loaded TargetPlatform 'Android_ETC1Client'
[2020.02.02-03.42.56:809][  0]LogTemp: Display: Module 'AndroidTargetPlatform' loaded TargetPlatform 'Android_ETC1aClient'
[2020.02.02-03.42.56:809][  0]LogTemp: Display: Module 'AndroidTargetPlatform' loaded TargetPlatform 'Android_ETC2Client'
[2020.02.02-03.42.56:809][  0]LogTemp: Display: Module 'AndroidTargetPlatform' loaded TargetPlatform 'Android_PVRTCClient'
[2020.02.02-03.42.56:810][  0]LogTemp: Display: Module 'AndroidTargetPlatform' loaded TargetPlatform 'Android_Multi'
[2020.02.02-03.42.56:810][  0]LogTemp: Display: Module 'AndroidTargetPlatform' loaded TargetPlatform 'Android_MultiClient'
[2020.02.02-03.42.56:815][  0]LogTemp: Display: Module 'HTML5TargetPlatform' loaded TargetPlatform 'HTML5'
[2020.02.02-03.42.56:848][  0]LogTemp: Display: Module 'IOSTargetPlatform' loaded TargetPlatform 'IOSClient'
[2020.02.02-03.42.56:848][  0]LogTemp: Display: Module 'IOSTargetPlatform' loaded TargetPlatform 'IOS'
[2020.02.02-03.42.56:866][  0]LogTemp: Display: Module 'TVOSTargetPlatform' loaded TargetPlatform 'TVOSClient'
[2020.02.02-03.42.56:866][  0]LogTemp: Display: Module 'TVOSTargetPlatform' loaded TargetPlatform 'TVOS'
[2020.02.02-03.42.56:877][  0]LogTemp: Display: Module 'LinuxClientTargetPlatform' loaded TargetPlatform 'LinuxClient'
[2020.02.02-03.42.56:888][  0]LogTemp: Display: Module 'LinuxNoEditorTargetPlatform' loaded TargetPlatform 'LinuxNoEditor'
[2020.02.02-03.42.56:900][  0]LogTemp: Display: Module 'LinuxServerTargetPlatform' loaded TargetPlatform 'LinuxServer'
[2020.02.02-03.42.56:912][  0]LogTemp: Display: Module 'LinuxTargetPlatform' loaded TargetPlatform 'Linux'
[2020.02.02-03.42.56:941][  0]LogTemp: Display: Module 'LuminTargetPlatform' loaded TargetPlatform 'Lumin'
[2020.02.02-03.42.56:941][  0]LogTemp: Display: Module 'LuminTargetPlatform' loaded TargetPlatform 'LuminClient'
[2020.02.02-03.42.56:941][  0]LogTargetPlatformManager: Display: Building Assets For Windows
[2020.02.02-03.42.56:963][  0]LogAudioDebug: Display: Lib vorbis DLL was dynamically loaded.
[2020.02.02-03.42.57:083][  0]LogShaderCompilers: Guid format shader working directory is -7 characters bigger than the processId version (../../../../../../UnrealProjects/StealthGame115/StealthGame/Intermediate/Shaders/WorkingDirectory/26236/).
[2020.02.02-03.42.57:083][  0]LogShaderCompilers: Cleaned the shader compiler working directory 'C:/Users/Felipe Gasca/AppData/Local/Temp/UnrealShaderWorkingDir/0DB9BF1D4916A1704026A58D57E6BBE7/'.
[2020.02.02-03.42.57:087][  0]LogShaderCompilers: Display: Using XGE Shader Compiler (Interception Interface).
[2020.02.02-03.42.57:949][  0]LogDerivedDataCache: Display: Max Cache Size: 512 MB
[2020.02.02-03.42.58:008][  0]LogDerivedDataCache: Loaded boot cache 0.06s 75MB C:/Users/Felipe Gasca/AppData/Local/UnrealEngine/4.23/DerivedDataCache/Boot.ddc.
[2020.02.02-03.42.58:008][  0]LogDerivedDataCache: Display: Loaded Boot cache: C:/Users/Felipe Gasca/AppData/Local/UnrealEngine/4.23/DerivedDataCache/Boot.ddc
[2020.02.02-03.42.58:009][  0]LogDerivedDataCache: FDerivedDataBackendGraph:  Pak pak cache file ../../../../../../UnrealProjects/StealthGame115/StealthGame/DerivedDataCache/DDC.ddp not found, will not use a pak cache.
[2020.02.02-03.42.58:009][  0]LogDerivedDataCache: Unable to find inner node Pak for hierarchical cache Hierarchy.
[2020.02.02-03.42.58:009][  0]LogDerivedDataCache: FDerivedDataBackendGraph:  CompressedPak pak cache file ../../../../../../UnrealProjects/StealthGame115/StealthGame/DerivedDataCache/Compressed.ddp not found, will not use a pak cache.
[2020.02.02-03.42.58:009][  0]LogDerivedDataCache: Unable to find inner node CompressedPak for hierarchical cache Hierarchy.
[2020.02.02-03.42.58:021][  0]LogDerivedDataCache: Display: Pak cache opened for reading ../../../Engine/DerivedDataCache/Compressed.ddp.
[2020.02.02-03.42.58:022][  0]LogDerivedDataCache: FDerivedDataBackendGraph:  EnterprisePak pak cache file ../../../Enterprise/DerivedDataCache/Compressed.ddp not found, will not use a pak cache.
[2020.02.02-03.42.58:022][  0]LogDerivedDataCache: Unable to find inner node EnterprisePak for hierarchical cache Hierarchy.
[2020.02.02-03.42.58:025][  0]LogDerivedDataCache: Using Local data cache path C:/Users/Felipe Gasca/AppData/Local/UnrealEngine/Common/DerivedDataCache: Writable
[2020.02.02-03.42.58:025][  0]LogDerivedDataCache: Shared data cache path not found in *engine.ini, will not use an Shared cache.
[2020.02.02-03.42.58:025][  0]LogDerivedDataCache: Unable to find inner node Shared for hierarchical cache Hierarchy.
[2020.02.02-03.42.58:048][  0]LogMaterial: Verifying Global Shaders for PCD3D_SM5
[2020.02.02-03.42.58:051][  0]LogSlate: Using FreeType 2.6.0
[2020.02.02-03.42.58:054][  0]LogSlate: SlateFontServices - WITH_FREETYPE: 1, WITH_HARFBUZZ: 1
[2020.02.02-03.42.58:231][  0]LogAssetRegistry: FAssetRegistry took 0.0058 seconds to start up
[2020.02.02-03.42.58:518][  0]LogInit: Selected Device Profile: [Windows]
[2020.02.02-03.42.58:709][  0]LogMeshReduction: Using QuadricMeshReduction for automatic static mesh reduction
[2020.02.02-03.42.58:710][  0]LogMeshReduction: Using SimplygonMeshReduction for automatic skeletal mesh reduction
[2020.02.02-03.42.58:710][  0]LogMeshReduction: Using ProxyLODMeshReduction for automatic mesh merging
[2020.02.02-03.42.58:710][  0]LogMeshReduction: No distributed automatic mesh merging module available
[2020.02.02-03.42.58:710][  0]LogMeshMerging: No distributed automatic mesh merging module available
[2020.02.02-03.42.58:724][  0]LogNetVersion: FPSGame 1.0.0, NetCL: 8386587, EngineNetVer: 11, GameNetVer: 0 (Checksum: 2384151453)
[2020.02.02-03.42.59:258][  0]LogPackageLocalizationCache: Processed 12 localized package path(s) for 1 prioritized culture(s) in 0.058635 seconds
[2020.02.02-03.42.59:265][  0]LogUObjectArray: 43444 objects as part of root set at end of initial load.
[2020.02.02-03.42.59:265][  0]LogUObjectAllocator: 7548648 out of 0 bytes used by permanent object pool.
[2020.02.02-03.42.59:265][  0]LogUObjectArray: CloseDisregardForGC: 0/0 objects in disregard for GC pool
[2020.02.02-03.43.01:488][  0]LogTcpMessaging: Initializing TcpMessaging bridge
[2020.02.02-03.43.01:494][  0]LogUdpMessaging: Initializing bridge on interface 0.0.0.0:0 to multicast group 230.0.0.1:6666.
[2020.02.02-03.43.02:492][  0]SourceControl: Source control is disabled
[2020.02.02-03.43.02:492][  0]SourceControl: Source control is disabled
[2020.02.02-03.43.02:497][  0]SourceControl: Source control is disabled
[2020.02.02-03.43.02:500][  0]SourceControl: Source control is disabled
[2020.02.02-03.43.02:688][  0]LogAndroidPermission: UAndroidPermissionCallbackProxy::GetInstance
[2020.02.02-03.43.02:906][  0]LogOcInput: OculusInput pre-init called
[2020.02.02-03.43.02:918][  0]LogWindows: Failed to load 'OVRPlugin.dll' (GetLastError=126)
[2020.02.02-03.43.02:918][  0]LogWindows: File 'OVRPlugin.dll' does not exist
[2020.02.02-03.43.03:021][  0]LogEngine: Initializing Engine...
[2020.02.02-03.43.03:022][  0]LogHMD: Failed to initialize OpenVR with code 110
[2020.02.02-03.43.03:024][  0]LogStats: UGameplayTagsManager::InitializeManager -  0.000 s
[2020.02.02-03.43.03:284][  0]LogInit: Initializing FReadOnlyCVARCache
[2020.02.02-03.43.03:304][  0]LogAIModule: Creating AISystem for world Untitled
[2020.02.02-03.43.03:347][  0]LogInit: XAudio2 using 'HeadPhone/Digital Output (Realtek(R) Audio)' : 2 channels at 48 kHz using 32 bits per sample (channel mask 0x3)
[2020.02.02-03.43.03:416][  0]LogInit: FAudioDevice initialized.
[2020.02.02-03.43.03:416][  0]LogNetVersion: Set ProjectVersion to 1.0.0.0. Version Checksum will be recalculated on next use.
[2020.02.02-03.43.03:503][  0]LogDerivedDataCache: Saved boot cache 0.09s 75MB C:/Users/Felipe Gasca/AppData/Local/UnrealEngine/4.23/DerivedDataCache/Boot.ddc.
[2020.02.02-03.43.03:506][  0]LogInit: Texture streaming: Enabled
[2020.02.02-03.43.03:542][  0]LogEngineSessionManager: EngineSessionManager initialized
[2020.02.02-03.43.03:542][  0]LogEngineSessionManager: EngineSessionManager sent abnormal shutdown report. Type=Debugger, SessionId={04EA26BC-49E2-C7D9-9F0B-12A75EB496F7}
[2020.02.02-03.43.03:543][  0]LogEditorSessionSummary: Verbose: Initializing EditorSessionSummaryWriter for editor session tracking
[2020.02.02-03.43.03:545][  0]LogEditorSessionSummary: EditorSessionSummaryWriter initialized
[2020.02.02-03.43.03:591][  0]LogInit: Transaction tracking system initialized
[2020.02.02-03.43.03:641][  0]BlueprintLog: New page: Editor Load
[2020.02.02-03.43.03:764][  0]LocalizationService: Localization service is disabled
[2020.02.02-03.43.04:089][  0]LogFileCache: Scanning file cache for directory 'D:/UnrealProjects/StealthGame115/StealthGame/Content/' took 0.01s
[2020.02.02-03.43.04:090][  0]LogCook: Display: Max memory allowance for cook 16384mb min free memory 0mb
[2020.02.02-03.43.04:090][  0]LogCook: Display: Mobile HDR setting 1
[2020.02.02-03.43.04:439][  0]SourceControl: Source control is disabled
[2020.02.02-03.43.04:440][  0]Cmd: MAP LOAD FILE="../../../../../../UnrealProjects/StealthGame115/StealthGame/Content/Maps/FirstPersonExampleMap.umap" TEMPLATE=0 SHOWPROGRESS=1 FEATURELEVEL=3
[2020.02.02-03.43.04:443][  0]LightingResults: New page: Lighting Build
[2020.02.02-03.43.04:445][  0]LogWorld: UWorld::CleanupWorld for Untitled, bSessionEnded=true, bCleanupResources=true
[2020.02.02-03.43.04:446][  0]MapCheck: New page: Map Check
[2020.02.02-03.43.04:446][  0]LightingResults: New page: Lighting Build
[2020.02.02-03.43.04:470][  0]LogUObjectHash: Compacting FUObjectHashTables data took   2.00ms
[2020.02.02-03.43.04:724][  0]LogAIModule: Creating AISystem for world FirstPersonExampleMap
[2020.02.02-03.43.04:732][  0]LogEditorServer: Finished looking for orphan Actors (0.000 secs)
[2020.02.02-03.43.04:763][  0]LogUObjectHash: Compacting FUObjectHashTables data took   1.34ms
[2020.02.02-03.43.04:764][  0]Cmd: MAP CHECKDEP NOCLEARLOG
[2020.02.02-03.43.04:764][  0]MapCheck: Map check complete: 0 Error(s), 0 Warning(s), took 0.183ms to complete.
[2020.02.02-03.43.04:764][  0]LogFileHelpers: Loading map 'FirstPersonExampleMap' took 0.325
[2020.02.02-03.43.04:949][  0]LogSlate: Updating window title bar state: overlay mode, drag disabled, window buttons hidden, title bar hidden
[2020.02.02-03.43.04:956][  0]LogSlate: Updating window title bar state: overlay mode, drag disabled, window buttons hidden, title bar hidden
[2020.02.02-03.43.04:963][  0]LogSlate: Updating window title bar state: overlay mode, drag disabled, window buttons hidden, title bar hidden
[2020.02.02-03.43.04:971][  0]LogSlate: Updating window title bar state: overlay mode, drag disabled, window buttons hidden, title bar hidden
[2020.02.02-03.43.04:980][  0]LogCollectionManager: Loaded 0 collections in 0.002051 seconds
[2020.02.02-03.43.04:994][  0]LogFileCache: Scanning file cache for directory 'D:/UnrealProjects/StealthGame115/StealthGame/Saved/Collections/' took 0.00s
[2020.02.02-03.43.04:994][  0]LogFileCache: Scanning file cache for directory 'D:/UnrealProjects/StealthGame115/StealthGame/Content/Developers/FelipeGasca/Collections/' took 0.00s
[2020.02.02-03.43.04:994][  0]LogFileCache: Scanning file cache for directory 'D:/UnrealProjects/StealthGame115/StealthGame/Content/Collections/' took 0.00s
[2020.02.02-03.43.04:994][  0]LogCollectionManager: Rebuilt the GUID cache for 0 collections in 0.000002 seconds
[2020.02.02-03.43.05:003][  0]LogContentBrowser: Native class hierarchy populated in 0.0090 seconds. Added 2868 classes and 683 folders.
[2020.02.02-03.43.05:009][  0]LogContentBrowser: Native class hierarchy updated for 'WidgetCarousel' in 0.0004 seconds. Added 0 classes and 0 folders.
[2020.02.02-03.43.05:117][  0]LogContentBrowser: Native class hierarchy updated for 'AddContentDialog' in 0.0004 seconds. Added 0 classes and 0 folders.
[2020.02.02-03.43.05:126][  0]LogContentBrowser: Native class hierarchy updated for 'SceneOutliner' in 0.0005 seconds. Added 1 classes and 2 folders.
[2020.02.02-03.43.05:198][  0]LogSlate: Took 0.001282 seconds to synchronously load lazily loaded font '../../../Engine/Content/Slate/Fonts/Roboto-Regular.ttf' (155K)
[2020.02.02-03.43.05:202][  0]LogSlate: Took 0.000948 seconds to synchronously load lazily loaded font '../../../Engine/Content/Slate/Fonts/Roboto-Bold.ttf' (160K)
[2020.02.02-03.43.05:210][  0]LogSlate: Took 0.001317 seconds to synchronously load lazily loaded font '../../../Engine/Content/Editor/Slate/Fonts/FontAwesome.ttf' (139K)
[2020.02.02-03.43.05:300][  0]LogRenderer: Reallocating scene render targets to support 1208x572 Format 10 NumSamples 1 (Frame:1).
[2020.02.02-03.43.05:488][  0]LogContentBrowser: Native class hierarchy updated for 'HierarchicalLODOutliner' in 0.0007 seconds. Added 0 classes and 0 folders.
[2020.02.02-03.43.05:489][  0]LogLoad: (Engine Initialization) Total time: 13.91 seconds
[2020.02.02-03.43.05:489][  0]LogLoad: (Engine Initialization) Total Blueprint compile time: 0.00 seconds
[2020.02.02-03.43.05:556][  0]LogContentStreaming: Texture pool size now 1000 MB
[2020.02.02-03.43.05:586][  0]LogSlate: Took 0.000877 seconds to synchronously load lazily loaded font '../../../Engine/Content/Slate/Fonts/Roboto-Light.ttf' (167K)
[2020.02.02-03.43.05:713][  2]LogAssetRegistry: Asset discovery search completed in 7.4857 seconds
[2020.02.02-03.43.05:720][  2]LogCollectionManager: Rebuilt the object cache for 0 collections in 0.000005 seconds (found 0 objects)
[2020.02.02-03.43.05:720][  2]LogCollectionManager: Fixed up redirectors for 0 collections in 0.000171 seconds (updated 0 objects)
[2020.02.02-03.43.38:159][947]LogSlate: FSceneViewport::OnFocusLost() reason 0
[2020.02.02-03.43.38:290][955]LogSlate: Window 'Message Log' being destroyed
[2020.02.02-03.43.38:297][955]LogSlate: Window 'Message Log' being destroyed
[2020.02.02-03.43.43:640][218]LogSlate: FSceneViewport::OnFocusLost() reason 0
[2020.02.02-03.43.43:823][229]LogTemp: Repeating last play command: Selected Viewport
[2020.02.02-03.43.43:834][229]LogBlueprintUserMessages: Early PlayInEditor Detection: Level '/Game/Maps/FirstPersonExampleMap.FirstPersonExampleMap:PersistentLevel' has LevelScriptBlueprint '/Game/Maps/FirstPersonExampleMap.FirstPersonExampleMap:PersistentLevel.FirstPersonExampleMap' with GeneratedClass '/Game/Maps/FirstPersonExampleMap.FirstPersonExampleMap_C' with ClassGeneratedBy '/Game/Maps/FirstPersonExampleMap.FirstPersonExampleMap:PersistentLevel.FirstPersonExampleMap'
[2020.02.02-03.43.43:834][229]LogPlayLevel: PlayLevel: No blueprints needed recompiling
[2020.02.02-03.43.43:835][229]PIE: New page: PIE session: FirstPersonExampleMap (Feb 1, 2020, 3:43:43 PM)
[2020.02.02-03.43.43:837][229]LogOnline: OSS: Creating online subsystem instance for: NULL
[2020.02.02-03.43.43:840][229]LogPlayLevel: Creating play world package: /Game/Maps/UEDPIE_0_FirstPersonExampleMap
[2020.02.02-03.43.43:859][229]LogPlayLevel: PIE: StaticDuplicateObject took: (0.018530s)
[2020.02.02-03.43.43:860][229]LogAIModule: Creating AISystem for world FirstPersonExampleMap
[2020.02.02-03.43.43:861][229]LogPlayLevel: PIE: World Init took: (0.001907s)
[2020.02.02-03.43.43:861][229]LogPlayLevel: PIE: Created PIE world by copying editor world from /Game/Maps/FirstPersonExampleMap.FirstPersonExampleMap to /Game/Maps/UEDPIE_0_FirstPersonExampleMap.FirstPersonExampleMap (0.021178s)
[2020.02.02-03.43.43:887][229]LogUObjectHash: Compacting FUObjectHashTables data took   1.39ms
[2020.02.02-03.43.43:903][229]LogInit: XAudio2 using 'HeadPhone/Digital Output (Realtek(R) Audio)' : 2 channels at 48 kHz using 32 bits per sample (channel mask 0x3)
[2020.02.02-03.43.43:915][229]LogInit: FAudioDevice initialized.
[2020.02.02-03.43.43:953][229]LogLoad: Game class is 'FPSGameMode'
[2020.02.02-03.43.43:961][229]LogWorld: Bringing World /Game/Maps/UEDPIE_0_FirstPersonExampleMap.FirstPersonExampleMap up for play (max tick rate 60) at 2020.02.01-21.43.43
[2020.02.02-03.43.43:962][229]LogWorld: Bringing up level for play took: 0.005388
[2020.02.02-03.43.43:963][229]LogOnline: OSS: Creating online subsystem instance for: :Context_3
[2020.02.02-03.43.43:994][229]LogContentBrowser: Native class hierarchy updated for 'MovieSceneCapture' in 0.0012 seconds. Added 20 classes and 0 folders.
[2020.02.02-03.43.43:996][229]PIE: Play in editor start time for /Game/Maps/UEDPIE_0_FirstPersonExampleMap 0.777
[2020.02.02-03.43.43:997][229]LogBlueprintUserMessages: Late PlayInEditor Detection: Level '/Game/Maps/FirstPersonExampleMap.FirstPersonExampleMap:PersistentLevel' has LevelScriptBlueprint '/Game/Maps/FirstPersonExampleMap.FirstPersonExampleMap:PersistentLevel.FirstPersonExampleMap' with GeneratedClass '/Game/Maps/FirstPersonExampleMap.FirstPersonExampleMap_C' with ClassGeneratedBy '/Game/Maps/FirstPersonExampleMap.FirstPersonExampleMap:PersistentLevel.FirstPersonExampleMap'
[2020.02.02-03.43.48:417][489]LogBlueprintUserMessages: Early EndPlayMap Detection: Level '/Game/Maps/FirstPersonExampleMap.FirstPersonExampleMap:PersistentLevel' has LevelScriptBlueprint '/Game/Maps/FirstPersonExampleMap.FirstPersonExampleMap:PersistentLevel.FirstPersonExampleMap' with GeneratedClass '/Game/Maps/FirstPersonExampleMap.FirstPersonExampleMap_C' with ClassGeneratedBy '/Game/Maps/FirstPersonExampleMap.FirstPersonExampleMap:PersistentLevel.FirstPersonExampleMap'
[2020.02.02-03.43.48:417][489]LogSlate: Updating window title bar state: overlay mode, drag disabled, window buttons hidden, title bar hidden
[2020.02.02-03.43.48:417][489]LogWorld: BeginTearingDown for /Game/Maps/UEDPIE_0_FirstPersonExampleMap
[2020.02.02-03.43.48:418][489]LogWorld: UWorld::CleanupWorld for FirstPersonExampleMap, bSessionEnded=true, bCleanupResources=true
[2020.02.02-03.43.48:522][489]LogPlayLevel: Display: Shutting down PIE online subsystems
[2020.02.02-03.43.48:523][489]LogBlueprintUserMessages: Late EndPlayMap Detection: Level '/Game/Maps/FirstPersonExampleMap.FirstPersonExampleMap:PersistentLevel' has LevelScriptBlueprint '/Game/Maps/FirstPersonExampleMap.FirstPersonExampleMap:PersistentLevel.FirstPersonExampleMap' with GeneratedClass '/Game/Maps/FirstPersonExampleMap.FirstPersonExampleMap_C' with ClassGeneratedBy '/Game/Maps/FirstPersonExampleMap.FirstPersonExampleMap:PersistentLevel.FirstPersonExampleMap'
[2020.02.02-03.43.48:552][489]LogSlate: Updating window title bar state: overlay mode, drag disabled, window buttons hidden, title bar hidden
[2020.02.02-03.43.48:555][489]LogUObjectHash: Compacting FUObjectHashTables data took   1.46ms
[2020.02.02-03.43.48:572][490]LogPlayLevel: Display: Destroying online subsystem :Context_3
[2020.02.02-03.43.52:920][749]LogSlate: FSceneViewport::OnFocusLost() reason 0
[2020.02.02-03.43.56:970][987]LogSlate: FSceneViewport::OnFocusLost() reason 0
[2020.02.02-03.43.57:137][997]LogTemp: Repeating last play command: Selected Viewport
[2020.02.02-03.43.57:149][997]LogBlueprintUserMessages: Early PlayInEditor Detection: Level '/Game/Maps/FirstPersonExampleMap.FirstPersonExampleMap:PersistentLevel' has LevelScriptBlueprint '/Game/Maps/FirstPersonExampleMap.FirstPersonExampleMap:PersistentLevel.FirstPersonExampleMap' with GeneratedClass '/Game/Maps/FirstPersonExampleMap.FirstPersonExampleMap_C' with ClassGeneratedBy '/Game/Maps/FirstPersonExampleMap.FirstPersonExampleMap:PersistentLevel.FirstPersonExampleMap'
[2020.02.02-03.43.57:150][997]LogPlayLevel: PlayLevel: No blueprints needed recompiling
[2020.02.02-03.43.57:150][997]PIE: New page: PIE session: FirstPersonExampleMap (Feb 1, 2020, 3:43:57 PM)
[2020.02.02-03.43.57:150][997]LogPlayLevel: Creating play world package: /Game/Maps/UEDPIE_0_FirstPersonExampleMap
[2020.02.02-03.43.57:167][997]LogPlayLevel: PIE: StaticDuplicateObject took: (0.017113s)
[2020.02.02-03.43.57:169][997]LogAIModule: Creating AISystem for world FirstPersonExampleMap
[2020.02.02-03.43.57:170][997]LogPlayLevel: PIE: World Init took: (0.002114s)
[2020.02.02-03.43.57:170][997]LogPlayLevel: PIE: Created PIE world by copying editor world from /Game/Maps/FirstPersonExampleMap.FirstPersonExampleMap to /Game/Maps/UEDPIE_0_FirstPersonExampleMap.FirstPersonExampleMap (0.019909s)
[2020.02.02-03.43.57:198][997]LogUObjectHash: Compacting FUObjectHashTables data took   1.64ms
[2020.02.02-03.43.57:215][997]LogInit: XAudio2 using 'HeadPhone/Digital Output (Realtek(R) Audio)' : 2 channels at 48 kHz using 32 bits per sample (channel mask 0x3)
[2020.02.02-03.43.57:227][997]LogInit: FAudioDevice initialized.
[2020.02.02-03.43.57:244][997]LogLoad: Game class is 'FPSGameMode'
[2020.02.02-03.43.57:247][997]LogWorld: Bringing World /Game/Maps/UEDPIE_0_FirstPersonExampleMap.FirstPersonExampleMap up for play (max tick rate 60) at 2020.02.01-21.43.57
[2020.02.02-03.43.57:247][997]LogWorld: Bringing up level for play took: 0.002024
[2020.02.02-03.43.57:248][997]LogOnline: OSS: Creating online subsystem instance for: :Context_4
[2020.02.02-03.43.57:251][997]PIE: Play in editor start time for /Game/Maps/UEDPIE_0_FirstPersonExampleMap 0.033
[2020.02.02-03.43.57:252][997]LogBlueprintUserMessages: Late PlayInEditor Detection: Level '/Game/Maps/FirstPersonExampleMap.FirstPersonExampleMap:PersistentLevel' has LevelScriptBlueprint '/Game/Maps/FirstPersonExampleMap.FirstPersonExampleMap:PersistentLevel.FirstPersonExampleMap' with GeneratedClass '/Game/Maps/FirstPersonExampleMap.FirstPersonExampleMap_C' with ClassGeneratedBy '/Game/Maps/FirstPersonExampleMap.FirstPersonExampleMap:PersistentLevel.FirstPersonExampleMap'
[2020.02.02-03.43.59:537][133]LogBlueprintUserMessages: Early EndPlayMap Detection: Level '/Game/Maps/FirstPersonExampleMap.FirstPersonExampleMap:PersistentLevel' has LevelScriptBlueprint '/Game/Maps/FirstPersonExampleMap.FirstPersonExampleMap:PersistentLevel.FirstPersonExampleMap' with GeneratedClass '/Game/Maps/FirstPersonExampleMap.FirstPersonExampleMap_C' with ClassGeneratedBy '/Game/Maps/FirstPersonExampleMap.FirstPersonExampleMap:PersistentLevel.FirstPersonExampleMap'
[2020.02.02-03.43.59:538][133]LogSlate: Updating window title bar state: overlay mode, drag disabled, window buttons hidden, title bar hidden
[2020.02.02-03.43.59:538][133]LogWorld: BeginTearingDown for /Game/Maps/UEDPIE_0_FirstPersonExampleMap
[2020.02.02-03.43.59:538][133]LogWorld: UWorld::CleanupWorld for FirstPersonExampleMap, bSessionEnded=true, bCleanupResources=true
[2020.02.02-03.43.59:557][133]LogPlayLevel: Display: Shutting down PIE online subsystems
[2020.02.02-03.43.59:557][133]LogBlueprintUserMessages: Late EndPlayMap Detection: Level '/Game/Maps/FirstPersonExampleMap.FirstPersonExampleMap:PersistentLevel' has LevelScriptBlueprint '/Game/Maps/FirstPersonExampleMap.FirstPersonExampleMap:PersistentLevel.FirstPersonExampleMap' with GeneratedClass '/Game/Maps/FirstPersonExampleMap.FirstPersonExampleMap_C' with ClassGeneratedBy '/Game/Maps/FirstPersonExampleMap.FirstPersonExampleMap:PersistentLevel.FirstPersonExampleMap'
[2020.02.02-03.43.59:593][133]LogSlate: Updating window title bar state: overlay mode, drag disabled, window buttons hidden, title bar hidden
[2020.02.02-03.43.59:596][133]LogUObjectHash: Compacting FUObjectHashTables data took   1.51ms
[2020.02.02-03.43.59:635][135]LogPlayLevel: Display: Destroying online subsystem :Context_4
[2020.02.02-03.44.05:507][391]LogEditorSessionSummary: EditorSessionSummary sent report. Type=Debugger, SessionId={04EA26BC-49E2-C7D9-9F0B-12A75EB496F7}
[2020.02.02-03.44.10:536][692]LogSlate: FSceneViewport::OnFocusLost() reason 0
[2020.02.02-03.44.10:764][705]LogSlate: Took 0.000283 seconds to synchronously load lazily loaded font '../../../Engine/Content/Slate/Fonts/Roboto-Light.ttf' (167K)
[2020.02.02-03.44.10:777][705]LogAssetEditorManager: Opening Asset editor for Blueprint /Game/Blueprints/BP_Projectile.BP_Projectile
[2020.02.02-03.44.11:051][705]LogContentBrowser: Native class hierarchy updated for 'BlueprintGraph' in 0.0006 seconds. Added 121 classes and 0 folders.
[2020.02.02-03.44.11:929][705]LogSlate: Took 0.001258 seconds to synchronously load lazily loaded font '../../../Engine/Content/Slate/Fonts/Roboto-BoldCondensed.ttf' (158K)
[2020.02.02-03.44.14:215][824]LogSlate: Window 'BP_Projectile' being destroyed
[2020.02.02-03.44.14:239][824]LogWorld: UWorld::CleanupWorld for World_2, bSessionEnded=true, bCleanupResources=true
[2020.02.02-03.44.15:033][861]LogAssetEditorManager: Opening Asset editor for Blueprint /Game/Blueprints/BP_OjectiveActor.BP_OjectiveActor
[2020.02.02-03.44.18:281][ 20]LogSlate: Window 'BP_OjectiveActor' being destroyed
[2020.02.02-03.44.19:205][ 75]LogWorld: UWorld::CleanupWorld for World_3, bSessionEnded=true, bCleanupResources=true
[2020.02.02-03.44.19:254][ 75]LogAssetEditorManager: Opening Asset editor for Blueprint /Game/Blueprints/BP_OjectiveActor.BP_OjectiveActor
[2020.02.02-03.44.21:162][167]LogRenderer: Reallocating scene render targets to support 1208x712 Format 10 NumSamples 1 (Frame:1).
[2020.02.02-03.44.22:255][232]LogSlate: Took 0.001290 seconds to synchronously load lazily loaded font '../../../Engine/Content/Slate/Fonts/Roboto-Italic.ttf' (157K)
[2020.02.02-03.45.03:390][458]BlueprintLog: New page: Compile BP_OjectiveActor
[2020.02.02-03.45.03:685][458]LogUObjectHash: Compacting FUObjectHashTables data took   4.99ms
[2020.02.02-03.45.11:730][892]LogTexture: Display: Building textures: round_mask (AutoDXT, 256X256)
[2020.02.02-03.45.11:730][892]LogTexture: Display: Building textures: T_Smoke2_Tile (AutoDXT, 256X256)
[2020.02.02-03.45.11:730][892]LogTexture: Display: Building textures: ThumbnailTexture (DXT1, 512X512)
[2020.02.02-03.45.11:730][892]LogStaticMesh: Building static mesh SM_plane_pivot_down...
[2020.02.02-03.45.11:890][892]LogStaticMesh: Built static mesh [0.12s] /Game/Effects/SM_plane_pivot_down.SM_plane_pivot_down
[2020.02.02-03.45.12:007][892]LogMaterial: Display: Missing cached shader map for material Coin2, compiling. 
[2020.02.02-03.45.13:319][923]BlueprintLog: New page: Compile BP_OjectiveActor
[2020.02.02-03.45.13:598][923]LogUObjectHash: Compacting FUObjectHashTables data took   4.55ms
[2020.02.02-03.45.15:172][ 14]LogTemp: Repeating last play command: Selected Viewport
[2020.02.02-03.45.15:184][ 14]LogBlueprintUserMessages: Early PlayInEditor Detection: Level '/Game/Maps/FirstPersonExampleMap.FirstPersonExampleMap:PersistentLevel' has LevelScriptBlueprint '/Game/Maps/FirstPersonExampleMap.FirstPersonExampleMap:PersistentLevel.FirstPersonExampleMap' with GeneratedClass '/Game/Maps/FirstPersonExampleMap.FirstPersonExampleMap_C' with ClassGeneratedBy '/Game/Maps/FirstPersonExampleMap.FirstPersonExampleMap:PersistentLevel.FirstPersonExampleMap'
[2020.02.02-03.45.15:184][ 14]LogPlayLevel: PlayLevel: No blueprints needed recompiling
[2020.02.02-03.45.15:184][ 14]PIE: New page: PIE session: FirstPersonExampleMap (Feb 1, 2020, 3:45:15 PM)
[2020.02.02-03.45.15:185][ 14]LogPlayLevel: Creating play world package: /Game/Maps/UEDPIE_0_FirstPersonExampleMap
[2020.02.02-03.45.15:201][ 14]LogPlayLevel: PIE: StaticDuplicateObject took: (0.017163s)
[2020.02.02-03.45.15:203][ 14]LogAIModule: Creating AISystem for world FirstPersonExampleMap
[2020.02.02-03.45.15:203][ 14]LogPlayLevel: PIE: World Init took: (0.001961s)
[2020.02.02-03.45.15:203][ 14]LogPlayLevel: PIE: Created PIE world by copying editor world from /Game/Maps/FirstPersonExampleMap.FirstPersonExampleMap to /Game/Maps/UEDPIE_0_FirstPersonExampleMap.FirstPersonExampleMap (0.019783s)
[2020.02.02-03.45.15:258][ 14]LogUObjectHash: Compacting FUObjectHashTables data took   3.69ms
[2020.02.02-03.45.15:274][ 14]LogInit: XAudio2 using 'HeadPhone/Digital Output (Realtek(R) Audio)' : 2 channels at 48 kHz using 32 bits per sample (channel mask 0x3)
[2020.02.02-03.45.15:285][ 14]LogInit: FAudioDevice initialized.
[2020.02.02-03.45.15:314][ 14]LogLoad: Game class is 'FPSGameMode'
[2020.02.02-03.45.15:317][ 14]LogWorld: Bringing World /Game/Maps/UEDPIE_0_FirstPersonExampleMap.FirstPersonExampleMap up for play (max tick rate 60) at 2020.02.01-21.45.15
[2020.02.02-03.45.15:318][ 14]LogWorld: Bringing up level for play took: 0.002817
[2020.02.02-03.45.15:318][ 14]LogOnline: OSS: Creating online subsystem instance for: :Context_11
[2020.02.02-03.45.15:380][ 14]PIE: Play in editor start time for /Game/Maps/UEDPIE_0_FirstPersonExampleMap 0.161
[2020.02.02-03.45.15:380][ 14]LogBlueprintUserMessages: Late PlayInEditor Detection: Level '/Game/Maps/FirstPersonExampleMap.FirstPersonExampleMap:PersistentLevel' has LevelScriptBlueprint '/Game/Maps/FirstPersonExampleMap.FirstPersonExampleMap:PersistentLevel.FirstPersonExampleMap' with GeneratedClass '/Game/Maps/FirstPersonExampleMap.FirstPersonExampleMap_C' with ClassGeneratedBy '/Game/Maps/FirstPersonExampleMap.FirstPersonExampleMap:PersistentLevel.FirstPersonExampleMap'
[2020.02.02-03.45.20:230][281]LogSlate: Window 'BP_OjectiveActor' being destroyed
[2020.02.02-03.45.44:243][710]LogBlueprintUserMessages: Early EndPlayMap Detection: Level '/Game/Maps/FirstPersonExampleMap.FirstPersonExampleMap:PersistentLevel' has LevelScriptBlueprint '/Game/Maps/FirstPersonExampleMap.FirstPersonExampleMap:PersistentLevel.FirstPersonExampleMap' with GeneratedClass '/Game/Maps/FirstPersonExampleMap.FirstPersonExampleMap_C' with ClassGeneratedBy '/Game/Maps/FirstPersonExampleMap.FirstPersonExampleMap:PersistentLevel.FirstPersonExampleMap'
[2020.02.02-03.45.44:243][710]LogSlate: Updating window title bar state: overlay mode, drag disabled, window buttons hidden, title bar hidden
[2020.02.02-03.45.44:243][710]LogWorld: BeginTearingDown for /Game/Maps/UEDPIE_0_FirstPersonExampleMap
[2020.02.02-03.45.44:244][710]LogWorld: UWorld::CleanupWorld for FirstPersonExampleMap, bSessionEnded=true, bCleanupResources=true
[2020.02.02-03.45.44:273][710]LogPlayLevel: Display: Shutting down PIE online subsystems
[2020.02.02-03.45.44:274][710]LogBlueprintUserMessages: Late EndPlayMap Detection: Level '/Game/Maps/FirstPersonExampleMap.FirstPersonExampleMap:PersistentLevel' has LevelScriptBlueprint '/Game/Maps/FirstPersonExampleMap.FirstPersonExampleMap:PersistentLevel.FirstPersonExampleMap' with GeneratedClass '/Game/Maps/FirstPersonExampleMap.FirstPersonExampleMap_C' with ClassGeneratedBy '/Game/Maps/FirstPersonExampleMap.FirstPersonExampleMap:PersistentLevel.FirstPersonExampleMap'
[2020.02.02-03.45.44:317][710]LogSlate: Updating window title bar state: overlay mode, drag disabled, window buttons hidden, title bar hidden
[2020.02.02-03.45.44:322][710]LogUObjectHash: Compacting FUObjectHashTables data took   3.10ms
[2020.02.02-03.45.44:342][711]LogPlayLevel: Display: Destroying online subsystem :Context_11
[2020.02.02-03.45.46:687][851]LogSlate: FSceneViewport::OnFocusLost() reason 0
[2020.02.02-03.45.46:973][861]LogUObjectHash: Compacting FUObjectHashTables data took   0.96ms
[2020.02.02-03.45.48:183][861]LogSlate: Window 'Save Content' being destroyed
[2020.02.02-03.45.48:258][861]Cmd: OBJ SAVEPACKAGE PACKAGE="/Game/Blueprints/BP_OjectiveActor" FILE="../../../../../../UnrealProjects/StealthGame115/StealthGame/Content/Blueprints/BP_OjectiveActor.uasset" SILENT=true
[2020.02.02-03.45.48:359][861]LogSavePackage: Moving '../../../../../../UnrealProjects/StealthGame115/StealthGame/Saved/BP_OjectiveActor349DB946415750EE5726458652FF0B78.tmp' to '../../../../../../UnrealProjects/StealthGame115/StealthGame/Content/Blueprints/BP_OjectiveActor.uasset'
[2020.02.02-03.45.48:496][861]LogUObjectHash: Compacting FUObjectHashTables data took   3.70ms
[2020.02.02-03.45.48:902][861]LogSavePackage: Moving '../../../../../../UnrealProjects/StealthGame115/StealthGame/Saved/FirstPersonExampleMapC89C330B40CE42501AEB2AB2A81A4230.tmp' to '../../../../../../UnrealProjects/StealthGame115/StealthGame/Content/Maps/FirstPersonExampleMap.umap'
[2020.02.02-03.45.48:957][861]LogFileHelpers: Saving map 'FirstPersonExampleMap' took 0.569
