Log file open, 02/01/20 20:22:03
LogWindows: Failed to load 'aqProf.dll' (GetLastError=126)
LogWindows: File 'aqProf.dll' does not exist
LogWindows: Failed to load 'VtuneApi.dll' (GetLastError=126)
LogWindows: File 'VtuneApi.dll' does not exist
LogWindows: Failed to load 'VtuneApi32e.dll' (GetLastError=126)
LogWindows: File 'VtuneApi32e.dll' does not exist
LogConsoleResponse: Display: Failed to find resolution value strings in scalability ini. Falling back to default.
LogInit: Display: Running engine for game: FPSGame
LogPlatformFile: Not using cached read wrapper
LogTaskGraph: Started task graph with 5 named threads and 23 total threads with 3 sets of task threads.
LogStats: Stats thread started at 0.170977
LogD3D11RHI: Loaded GFSDK_Aftermath_Lib.x64.dll
LogICUInternationalization: ICU TimeZone Detection - Raw Offset: -6:00, Platform Override: ''
LogPluginManager: Mounting plugin Paper2D
LogPluginManager: Mounting plugin AISupport
LogPluginManager: Mounting plugin LightPropagationVolume
LogPluginManager: Mounting plugin ActorLayerUtilities
LogPluginManager: Mounting plugin AnimationSharing
LogPluginManager: Mounting plugin CLionSourceCodeAccess
LogPluginManager: Mounting plugin CodeLiteSourceCodeAccess
LogPluginManager: Mounting plugin GitSourceControl
LogPluginManager: Mounting plugin KDevelopSourceCodeAccess
LogPluginManager: Mounting plugin NullSourceCodeAccess
LogPluginManager: Mounting plugin PerforceSourceControl
LogPluginManager: Mounting plugin SubversionSourceControl
LogPluginManager: Mounting plugin UObjectPlugin
LogPluginManager: Mounting plugin VisualStudioCodeSourceCodeAccess
LogPluginManager: Mounting plugin VisualStudioSourceCodeAccess
LogPluginManager: Mounting plugin XCodeSourceCodeAccess
LogPluginManager: Mounting plugin AssetManagerEditor
LogPluginManager: Mounting plugin CryptoKeys
LogPluginManager: Mounting plugin CurveEditorTools
LogPluginManager: Mounting plugin DataValidation
LogPluginManager: Mounting plugin FacialAnimation
LogPluginManager: Mounting plugin GameplayTagsEditor
LogPluginManager: Mounting plugin MacGraphicsSwitching
LogPluginManager: Mounting plugin MaterialAnalyzer
LogPluginManager: Mounting plugin MobileLauncherProfileWizard
LogPluginManager: Mounting plugin PluginBrowser
LogPluginManager: Mounting plugin SpeedTreeImporter
LogPluginManager: Mounting plugin DatasmithContent
LogPluginManager: Mounting plugin VariantManagerContent
LogPluginManager: Mounting plugin AlembicImporter
LogPluginManager: Mounting plugin AutomationUtils
LogPluginManager: Mounting plugin BackChannel
LogPluginManager: Mounting plugin CharacterAI
LogPluginManager: Mounting plugin GeometryCache
LogPluginManager: Mounting plugin HTML5Networking
LogPluginManager: Mounting plugin PlatformCrypto
LogPluginManager: Mounting plugin ProxyLODPlugin
LogPluginManager: Mounting plugin SkeletalReduction
LogPluginManager: Mounting plugin MagicLeap
LogPluginManager: Mounting plugin MagicLeapMedia
LogPluginManager: Mounting plugin AndroidMedia
LogPluginManager: Mounting plugin AvfMedia
LogPluginManager: Mounting plugin ImgMedia
LogPluginManager: Mounting plugin MediaCompositing
LogPluginManager: Mounting plugin MediaPlayerEditor
LogPluginManager: Mounting plugin WebMMedia
LogPluginManager: Mounting plugin WmfMedia
LogPluginManager: Mounting plugin TcpMessaging
LogPluginManager: Mounting plugin UdpMessaging
LogPluginManager: Mounting plugin ActorSequence
LogPluginManager: Mounting plugin LevelSequenceEditor
LogPluginManager: Mounting plugin MatineeToLevelSequence
LogPluginManager: Mounting plugin NetcodeUnitTest
LogPluginManager: Mounting plugin NUTUnrealEngine4
LogPluginManager: Mounting plugin OnlineSubsystemGooglePlay
LogPluginManager: Mounting plugin OnlineSubsystemIOS
LogPluginManager: Mounting plugin OnlineSubsystem
LogPluginManager: Mounting plugin OnlineSubsystemNull
LogPluginManager: Mounting plugin OnlineSubsystemUtils
LogPluginManager: Mounting plugin LauncherChunkInstaller
LogPluginManager: Mounting plugin AndroidDeviceProfileSelector
LogPluginManager: Mounting plugin AndroidMoviePlayer
LogPluginManager: Mounting plugin AndroidPermission
LogPluginManager: Mounting plugin AppleImageUtils
LogPluginManager: Mounting plugin AppleMoviePlayer
LogPluginManager: Mounting plugin ArchVisCharacter
LogPluginManager: Mounting plugin AudioCapture
LogPluginManager: Mounting plugin CableComponent
LogPluginManager: Mounting plugin CustomMeshComponent
LogPluginManager: Mounting plugin EditableMesh
LogPluginManager: Mounting plugin ExampleDeviceProfileSelector
LogPluginManager: Mounting plugin GoogleCloudMessaging
LogPluginManager: Mounting plugin IOSDeviceProfileSelector
LogPluginManager: Mounting plugin LinuxDeviceProfileSelector
LogPluginManager: Mounting plugin LocationServicesBPLibrary
LogPluginManager: Mounting plugin MobilePatchingUtils
LogPluginManager: Mounting plugin OculusVR
LogPluginManager: Mounting plugin PhysXVehicles
LogPluginManager: Mounting plugin ProceduralMeshComponent
LogPluginManager: Mounting plugin RuntimePhysXCooking
LogPluginManager: Mounting plugin SignificanceManager
LogPluginManager: Mounting plugin SteamVR
LogPluginManager: Mounting plugin WebMMoviePlayer
LogPluginManager: Mounting plugin WindowsMoviePlayer
LogPluginManager: Mounting plugin ScreenshotTools
LogInit: Using libcurl 7.55.1-DEV
LogInit:  - built for x86_64-pc-win32
LogInit:  - supports SSL with OpenSSL/1.1.1
LogInit:  - supports HTTP deflate (compression) using libz 1.2.8
LogInit:  - other features:
LogInit:      CURL_VERSION_SSL
LogInit:      CURL_VERSION_LIBZ
LogInit:      CURL_VERSION_IPV6
LogInit:      CURL_VERSION_ASYNCHDNS
LogInit:      CURL_VERSION_LARGEFILE
LogInit:      CURL_VERSION_IDN
LogInit:  CurlRequestOptions (configurable via config and command line):
LogInit:  - bVerifyPeer = true  - Libcurl will verify peer certificate
LogInit:  - bUseHttpProxy = false  - Libcurl will NOT use HTTP proxy
LogInit:  - bDontReuseConnections = false  - Libcurl will reuse connections
LogInit:  - MaxHostConnections = 16  - Libcurl will limit the number of connections to a host
LogInit:  - LocalHostAddr = Default
LogInit:  - BufferSize = 65536
LogOnline: OSS: Creating online subsystem instance for: NULL
LogInit: WinSock: version 1.1 (2.2), MaxSocks=32767, MaxUdp=65467
LogInit: Build: ++UE4+Release-4.23-CL-9631420
LogInit: Engine Version: 4.23.1-9631420+++UE4+Release-4.23
LogInit: Compatible Engine Version: 4.23.0-8386587+++UE4+Release-4.23
LogInit: Net CL: 8386587
LogInit: OS: Windows 10 (Release 1909) (), CPU: Intel(R) Core(TM) i7-7700HQ CPU @ 2.80GHz, GPU: Intel(R) HD Graphics 630
LogInit: Compiled (64-bit): Oct 18 2019 02:07:44
LogInit: Compiled with Visual C++: 19.16.27030.01
LogInit: Build Configuration: Development
LogInit: Branch Name: ++UE4+Release-4.23
LogInit: Command Line:  -skipcompile
LogInit: Base Directory: D:/Program Files/Epic Games/UE_4.23/Engine/Binaries/Win64/
LogInit: Installed Engine Build: 1
LogDevObjectVersion: Number of dev versions registered: 23
LogDevObjectVersion:   Dev-Blueprints (B0D832E4-1F89-4F0D-ACCF-7EB736FD4AA2): 10
LogDevObjectVersion:   Dev-Build (E1C64328-A22C-4D53-A36C-8E866417BD8C): 0
LogDevObjectVersion:   Dev-Core (375EC13C-06E4-48FB-B500-84F0262A717E): 3
LogDevObjectVersion:   Dev-Editor (E4B068ED-F494-42E9-A231-DA0B2E46BB41): 34
LogDevObjectVersion:   Dev-Framework (CFFC743F-43B0-4480-9391-14DF171D2073): 35
LogDevObjectVersion:   Dev-Mobile (B02B49B5-BB20-44E9-A304-32B752E40360): 2
LogDevObjectVersion:   Dev-Networking (A4E4105C-59A1-49B5-A7C5-40C4547EDFEE): 0
LogDevObjectVersion:   Dev-Online (39C831C9-5AE6-47DC-9A44-9C173E1C8E7C): 0
LogDevObjectVersion:   Dev-Physics (78F01B33-EBEA-4F98-B9B4-84EACCB95AA2): 0
LogDevObjectVersion:   Dev-Platform (6631380F-2D4D-43E0-8009-CF276956A95A): 0
LogDevObjectVersion:   Dev-Rendering (12F88B9F-8875-4AFC-A67C-D90C383ABD29): 31
LogDevObjectVersion:   Dev-Sequencer (7B5AE74C-D270-4C10-A958-57980B212A5A): 11
LogDevObjectVersion:   Dev-VR (D7296918-1DD6-4BDD-9DE2-64A83CC13884): 2
LogDevObjectVersion:   Dev-LoadTimes (C2A15278-BFE7-4AFE-6C17-90FF531DF755): 1
LogDevObjectVersion:   Private-Geometry (6EACA3D4-40EC-4CC1-B786-8BED09428FC5): 3
LogDevObjectVersion:   Dev-AnimPhys (29E575DD-E0A3-4627-9D10-D276232CDCEA): 17
LogDevObjectVersion:   Dev-Anim (AF43A65D-7FD3-4947-9873-3E8ED9C1BB05): 2
LogDevObjectVersion:   Dev-ReflectionCapture (6B266CEC-1EC7-4B8F-A30B-E4D90942FC07): 1
LogDevObjectVersion:   Dev-Automation (0DF73D61-A23F-47EA-B727-89E90C41499A): 1
LogDevObjectVersion:   FortniteMain (601D1886-AC64-4F84-AA16-D3DE0DEAC7D6): 27
LogDevObjectVersion:   Dev-Enterprise (9DFFBCD6-494F-0158-E221-12823C92A888): 6
LogDevObjectVersion:   Dev-Niagara (F2AED0AC-9AFE-416F-8664-AA7FFA26D6FC): 1
LogDevObjectVersion:   Dev-Destruction (174F1F0B-B4C6-45A5-B13F-2EE8D0FB917D): 9
LogInit: Presizing for max 16777216 objects, including 0 objects not considered by GC, pre-allocating 0 bytes for permanent pool.
LogInit: Object subsystem initialized
LogConfig: Setting CVar [[con.DebugEarlyDefault:1]]
LogConfig: Setting CVar [[r.setres:1280x720]]
[2020.02.02-02.22.03:676][  0]LogConfig: Setting CVar [[r.VSync:0]]
[2020.02.02-02.22.03:677][  0]LogConfig: Setting CVar [[r.RHICmdBypass:0]]
[2020.02.02-02.22.03:677][  0]LogConfig: Applying CVar settings from Section [/Script/Engine.RendererSettings] File [D:/UnrealProjects/StealthGame115/StealthGame/Saved/Config/Windows/Engine.ini]
[2020.02.02-02.22.03:677][  0]LogConfig: Setting CVar [[r.GPUCrashDebugging:0]]
[2020.02.02-02.22.03:677][  0]LogConfig: Applying CVar settings from Section [/Script/Engine.RendererOverrideSettings] File [D:/UnrealProjects/StealthGame115/StealthGame/Saved/Config/Windows/Engine.ini]
[2020.02.02-02.22.03:677][  0]LogConfig: Applying CVar settings from Section [/Script/Engine.StreamingSettings] File [D:/UnrealProjects/StealthGame115/StealthGame/Saved/Config/Windows/Engine.ini]
[2020.02.02-02.22.03:677][  0]LogConfig: Setting CVar [[s.MinBulkDataSizeForAsyncLoading:131072]]
[2020.02.02-02.22.03:677][  0]LogConfig: Setting CVar [[s.AsyncLoadingThreadEnabled:0]]
[2020.02.02-02.22.03:677][  0]LogConfig: Setting CVar [[s.EventDrivenLoaderEnabled:1]]
[2020.02.02-02.22.03:677][  0]LogConfig: Setting CVar [[s.WarnIfTimeLimitExceeded:0]]
[2020.02.02-02.22.03:677][  0]LogConfig: Setting CVar [[s.TimeLimitExceededMultiplier:1.5]]
[2020.02.02-02.22.03:677][  0]LogConfig: Setting CVar [[s.TimeLimitExceededMinTime:0.005]]
[2020.02.02-02.22.03:677][  0]LogConfig: Setting CVar [[s.UseBackgroundLevelStreaming:1]]
[2020.02.02-02.22.03:677][  0]LogConfig: Setting CVar [[s.PriorityAsyncLoadingExtraTime:15.0]]
[2020.02.02-02.22.03:677][  0]LogConfig: Setting CVar [[s.LevelStreamingActorsUpdateTimeLimit:5.0]]
[2020.02.02-02.22.03:677][  0]LogConfig: Setting CVar [[s.PriorityLevelStreamingActorsUpdateExtraTime:5.0]]
[2020.02.02-02.22.03:678][  0]LogConfig: Setting CVar [[s.LevelStreamingComponentsRegistrationGranularity:10]]
[2020.02.02-02.22.03:678][  0]LogConfig: Setting CVar [[s.UnregisterComponentsTimeLimit:1.0]]
[2020.02.02-02.22.03:678][  0]LogConfig: Setting CVar [[s.LevelStreamingComponentsUnregistrationGranularity:5]]
[2020.02.02-02.22.03:678][  0]LogConfig: Applying CVar settings from Section [/Script/Engine.GarbageCollectionSettings] File [D:/UnrealProjects/StealthGame115/StealthGame/Saved/Config/Windows/Engine.ini]
[2020.02.02-02.22.03:678][  0]LogConfig: Setting CVar [[gc.MaxObjectsNotConsideredByGC:1]]
[2020.02.02-02.22.03:678][  0]LogConfig: Setting CVar [[gc.SizeOfPermanentObjectPool:0]]
[2020.02.02-02.22.03:678][  0]LogConfig: Setting CVar [[gc.FlushStreamingOnGC:0]]
[2020.02.02-02.22.03:678][  0]LogConfig: Setting CVar [[gc.NumRetriesBeforeForcingGC:10]]
[2020.02.02-02.22.03:678][  0]LogConfig: Setting CVar [[gc.AllowParallelGC:1]]
[2020.02.02-02.22.03:678][  0]LogConfig: Setting CVar [[gc.TimeBetweenPurgingPendingKillObjects:61.1]]
[2020.02.02-02.22.03:678][  0]LogConfig: Setting CVar [[gc.MaxObjectsInEditor:16777216]]
[2020.02.02-02.22.03:678][  0]LogConfig: Setting CVar [[gc.IncrementalBeginDestroyEnabled:1]]
[2020.02.02-02.22.03:678][  0]LogConfig: Setting CVar [[gc.CreateGCClusters:1]]
[2020.02.02-02.22.03:678][  0]LogConfig: Setting CVar [[gc.MinGCClusterSize:5]]
[2020.02.02-02.22.03:678][  0]LogConfig: Setting CVar [[gc.ActorClusteringEnabled:0]]
[2020.02.02-02.22.03:678][  0]LogConfig: Setting CVar [[gc.BlueprintClusteringEnabled:0]]
[2020.02.02-02.22.03:678][  0]LogConfig: Setting CVar [[gc.UseDisregardForGCOnDedicatedServers:0]]
[2020.02.02-02.22.03:679][  0]LogConfig: Applying CVar settings from Section [/Script/Engine.NetworkSettings] File [D:/UnrealProjects/StealthGame115/StealthGame/Saved/Config/Windows/Engine.ini]
[2020.02.02-02.22.03:679][  0]LogConfig: Applying CVar settings from Section [/Script/UnrealEd.CookerSettings] File [D:/UnrealProjects/StealthGame115/StealthGame/Saved/Config/Windows/Engine.ini]
[2020.02.02-02.22.03:687][  0]LogConfig: Applying CVar settings from Section [ViewDistanceQuality@3] File [D:/UnrealProjects/StealthGame115/StealthGame/Saved/Config/Windows/Scalability.ini]
[2020.02.02-02.22.03:687][  0]LogConfig: Setting CVar [[r.SkeletalMeshLODBias:0]]
[2020.02.02-02.22.03:687][  0]LogConfig: Setting CVar [[r.ViewDistanceScale:1.0]]
[2020.02.02-02.22.03:687][  0]LogConfig: Applying CVar settings from Section [AntiAliasingQuality@3] File [D:/UnrealProjects/StealthGame115/StealthGame/Saved/Config/Windows/Scalability.ini]
[2020.02.02-02.22.03:687][  0]LogConfig: Setting CVar [[r.PostProcessAAQuality:4]]
[2020.02.02-02.22.03:688][  0]LogConfig: Applying CVar settings from Section [ShadowQuality@3] File [D:/UnrealProjects/StealthGame115/StealthGame/Saved/Config/Windows/Scalability.ini]
[2020.02.02-02.22.03:688][  0]LogConfig: Setting CVar [[r.LightFunctionQuality:1]]
[2020.02.02-02.22.03:688][  0]LogConfig: Setting CVar [[r.ShadowQuality:5]]
[2020.02.02-02.22.03:688][  0]LogConfig: Setting CVar [[r.Shadow.CSM.MaxCascades:10]]
[2020.02.02-02.22.03:688][  0]LogConfig: Setting CVar [[r.Shadow.MaxResolution:2048]]
[2020.02.02-02.22.03:688][  0]LogConfig: Setting CVar [[r.Shadow.MaxCSMResolution:2048]]
[2020.02.02-02.22.03:688][  0]LogConfig: Setting CVar [[r.Shadow.RadiusThreshold:0.01]]
[2020.02.02-02.22.03:688][  0]LogConfig: Setting CVar [[r.Shadow.DistanceScale:1.0]]
[2020.02.02-02.22.03:688][  0]LogConfig: Setting CVar [[r.Shadow.CSM.TransitionScale:1.0]]
[2020.02.02-02.22.03:688][  0]LogConfig: Setting CVar [[r.Shadow.PreShadowResolutionFactor:1.0]]
[2020.02.02-02.22.03:688][  0]LogConfig: Setting CVar [[r.DistanceFieldShadowing:1]]
[2020.02.02-02.22.03:688][  0]LogConfig: Setting CVar [[r.DistanceFieldAO:1]]
[2020.02.02-02.22.03:688][  0]LogConfig: Setting CVar [[r.AOQuality:2]]
[2020.02.02-02.22.03:688][  0]LogConfig: Setting CVar [[r.VolumetricFog:1]]
[2020.02.02-02.22.03:689][  0]LogConfig: Setting CVar [[r.VolumetricFog.GridPixelSize:8]]
[2020.02.02-02.22.03:689][  0]LogConfig: Setting CVar [[r.VolumetricFog.GridSizeZ:128]]
[2020.02.02-02.22.03:689][  0]LogConfig: Setting CVar [[r.VolumetricFog.HistoryMissSupersampleCount:4]]
[2020.02.02-02.22.03:689][  0]LogConfig: Setting CVar [[r.LightMaxDrawDistanceScale:1]]
[2020.02.02-02.22.03:689][  0]LogConfig: Setting CVar [[r.CapsuleShadows:1]]
[2020.02.02-02.22.03:689][  0]LogConfig: Applying CVar settings from Section [PostProcessQuality@3] File [D:/UnrealProjects/StealthGame115/StealthGame/Saved/Config/Windows/Scalability.ini]
[2020.02.02-02.22.03:689][  0]LogConfig: Setting CVar [[r.MotionBlurQuality:4]]
[2020.02.02-02.22.03:689][  0]LogConfig: Setting CVar [[r.AmbientOcclusionMipLevelFactor:0.4]]
[2020.02.02-02.22.03:689][  0]LogConfig: Setting CVar [[r.AmbientOcclusionMaxQuality:100]]
[2020.02.02-02.22.03:689][  0]LogConfig: Setting CVar [[r.AmbientOcclusionLevels:-1]]
[2020.02.02-02.22.03:689][  0]LogConfig: Setting CVar [[r.AmbientOcclusionRadiusScale:1.0]]
[2020.02.02-02.22.03:689][  0]LogConfig: Setting CVar [[r.DepthOfFieldQuality:2]]
[2020.02.02-02.22.03:689][  0]LogConfig: Setting CVar [[r.RenderTargetPoolMin:400]]
[2020.02.02-02.22.03:689][  0]LogConfig: Setting CVar [[r.LensFlareQuality:2]]
[2020.02.02-02.22.03:689][  0]LogConfig: Setting CVar [[r.SceneColorFringeQuality:1]]
[2020.02.02-02.22.03:689][  0]LogConfig: Setting CVar [[r.EyeAdaptationQuality:2]]
[2020.02.02-02.22.03:690][  0]LogConfig: Setting CVar [[r.BloomQuality:5]]
[2020.02.02-02.22.03:690][  0]LogConfig: Setting CVar [[r.FastBlurThreshold:100]]
[2020.02.02-02.22.03:690][  0]LogConfig: Setting CVar [[r.Upscale.Quality:3]]
[2020.02.02-02.22.03:690][  0]LogConfig: Setting CVar [[r.Tonemapper.GrainQuantization:1]]
[2020.02.02-02.22.03:690][  0]LogConfig: Setting CVar [[r.LightShaftQuality:1]]
[2020.02.02-02.22.03:690][  0]LogConfig: Setting CVar [[r.Filter.SizeScale:1]]
[2020.02.02-02.22.03:690][  0]LogConfig: Setting CVar [[r.Tonemapper.Quality:5]]
[2020.02.02-02.22.03:690][  0]LogConfig: Setting CVar [[r.DOF.Gather.AccumulatorQuality:1        ; higher gathering accumulator quality]]
[2020.02.02-02.22.03:690][  0]LogConfig: Setting CVar [[r.DOF.Gather.PostfilterMethod:1          ; Median3x3 postfilering method]]
[2020.02.02-02.22.03:690][  0]LogConfig: Setting CVar [[r.DOF.Gather.EnableBokehSettings:0       ; no bokeh simulation when gathering]]
[2020.02.02-02.22.03:690][  0]LogConfig: Setting CVar [[r.DOF.Gather.RingCount:4                 ; medium number of samples when gathering]]
[2020.02.02-02.22.03:690][  0]LogConfig: Setting CVar [[r.DOF.Scatter.ForegroundCompositing:1    ; additive foreground scattering]]
[2020.02.02-02.22.03:690][  0]LogConfig: Setting CVar [[r.DOF.Scatter.BackgroundCompositing:2    ; additive background scattering]]
[2020.02.02-02.22.03:690][  0]LogConfig: Setting CVar [[r.DOF.Scatter.EnableBokehSettings:1      ; bokeh simulation when scattering]]
[2020.02.02-02.22.03:690][  0]LogConfig: Setting CVar [[r.DOF.Scatter.MaxSpriteRatio:0.1         ; only a maximum of 10% of scattered bokeh]]
[2020.02.02-02.22.03:690][  0]LogConfig: Setting CVar [[r.DOF.Recombine.Quality:1                ; cheap slight out of focus]]
[2020.02.02-02.22.03:691][  0]LogConfig: Setting CVar [[r.DOF.Recombine.EnableBokehSettings:0    ; no bokeh simulation on slight out of focus]]
[2020.02.02-02.22.03:691][  0]LogConfig: Setting CVar [[r.DOF.TemporalAAQuality:1                ; more stable temporal accumulation]]
[2020.02.02-02.22.03:691][  0]LogConfig: Setting CVar [[r.DOF.Kernel.MaxForegroundRadius:0.025]]
[2020.02.02-02.22.03:691][  0]LogConfig: Setting CVar [[r.DOF.Kernel.MaxBackgroundRadius:0.025]]
[2020.02.02-02.22.03:691][  0]LogConfig: Applying CVar settings from Section [TextureQuality@3] File [D:/UnrealProjects/StealthGame115/StealthGame/Saved/Config/Windows/Scalability.ini]
[2020.02.02-02.22.03:691][  0]LogConfig: Setting CVar [[r.Streaming.MipBias:0]]
[2020.02.02-02.22.03:691][  0]LogConfig: Setting CVar [[r.Streaming.AmortizeCPUToGPUCopy:0]]
[2020.02.02-02.22.03:691][  0]LogConfig: Setting CVar [[r.Streaming.MaxNumTexturesToStreamPerFrame:0]]
[2020.02.02-02.22.03:691][  0]LogConfig: Setting CVar [[r.Streaming.Boost:1]]
[2020.02.02-02.22.03:691][  0]LogConfig: Setting CVar [[r.MaxAnisotropy:8]]
[2020.02.02-02.22.03:691][  0]LogConfig: Setting CVar [[r.Streaming.LimitPoolSizeToVRAM:0]]
[2020.02.02-02.22.03:691][  0]LogConfig: Setting CVar [[r.Streaming.PoolSize:1000]]
[2020.02.02-02.22.03:691][  0]LogConfig: Setting CVar [[r.Streaming.MaxEffectiveScreenSize:0]]
[2020.02.02-02.22.03:691][  0]LogConfig: Applying CVar settings from Section [EffectsQuality@3] File [D:/UnrealProjects/StealthGame115/StealthGame/Saved/Config/Windows/Scalability.ini]
[2020.02.02-02.22.03:691][  0]LogConfig: Setting CVar [[r.TranslucencyLightingVolumeDim:64]]
[2020.02.02-02.22.03:691][  0]LogConfig: Setting CVar [[r.RefractionQuality:2]]
[2020.02.02-02.22.03:692][  0]LogConfig: Setting CVar [[r.SSR.Quality:3]]
[2020.02.02-02.22.03:692][  0]LogConfig: Setting CVar [[r.SceneColorFormat:4]]
[2020.02.02-02.22.03:692][  0]LogConfig: Setting CVar [[r.DetailMode:2]]
[2020.02.02-02.22.03:692][  0]LogConfig: Setting CVar [[r.TranslucencyVolumeBlur:1]]
[2020.02.02-02.22.03:692][  0]LogConfig: Setting CVar [[r.MaterialQualityLevel:1 ; High quality]]
[2020.02.02-02.22.03:692][  0]LogConfig: Setting CVar [[r.SSS.Scale:1]]
[2020.02.02-02.22.03:692][  0]LogConfig: Setting CVar [[r.SSS.SampleSet:2]]
[2020.02.02-02.22.03:692][  0]LogConfig: Setting CVar [[r.SSS.Quality:1]]
[2020.02.02-02.22.03:692][  0]LogConfig: Setting CVar [[r.SSS.HalfRes:1]]
[2020.02.02-02.22.03:692][  0]LogConfig: Setting CVar [[r.EmitterSpawnRateScale:1.0]]
[2020.02.02-02.22.03:692][  0]LogConfig: Setting CVar [[r.ParticleLightQuality:2]]
[2020.02.02-02.22.03:692][  0]LogConfig: Applying CVar settings from Section [FoliageQuality@3] File [D:/UnrealProjects/StealthGame115/StealthGame/Saved/Config/Windows/Scalability.ini]
[2020.02.02-02.22.03:692][  0]LogConfig: Setting CVar [[foliage.DensityScale:1.0]]
[2020.02.02-02.22.03:692][  0]LogConfig: Setting CVar [[grass.DensityScale:1.0]]
[2020.02.02-02.22.03:692][  0]LogInit: Selected Device Profile: [Windows]
[2020.02.02-02.22.03:693][  0]LogInit: Applying CVar settings loaded from the selected device profile: [Windows]
[2020.02.02-02.22.03:695][  0]LogHAL: Display: Platform has ~ 16 GB [17062100992 / 17179869184 / 16], which maps to Larger [LargestMinGB=32, LargerMinGB=12, DefaultMinGB=8, SmallerMinGB=6, SmallestMinGB=0)
[2020.02.02-02.22.03:695][  0]LogInit: Going up to parent DeviceProfile []
[2020.02.02-02.22.03:696][  0]LogConfig: Applying CVar settings from Section [ViewDistanceQuality@3] File [D:/UnrealProjects/StealthGame115/StealthGame/Saved/Config/Windows/Scalability.ini]
[2020.02.02-02.22.03:696][  0]LogConfig: Setting CVar [[r.SkeletalMeshLODBias:0]]
[2020.02.02-02.22.03:696][  0]LogConfig: Setting CVar [[r.ViewDistanceScale:1.0]]
[2020.02.02-02.22.03:696][  0]LogConfig: Applying CVar settings from Section [AntiAliasingQuality@3] File [D:/UnrealProjects/StealthGame115/StealthGame/Saved/Config/Windows/Scalability.ini]
[2020.02.02-02.22.03:696][  0]LogConfig: Setting CVar [[r.PostProcessAAQuality:4]]
[2020.02.02-02.22.03:696][  0]LogConfig: Applying CVar settings from Section [ShadowQuality@3] File [D:/UnrealProjects/StealthGame115/StealthGame/Saved/Config/Windows/Scalability.ini]
[2020.02.02-02.22.03:696][  0]LogConfig: Setting CVar [[r.LightFunctionQuality:1]]
[2020.02.02-02.22.03:696][  0]LogConfig: Setting CVar [[r.ShadowQuality:5]]
[2020.02.02-02.22.03:696][  0]LogConfig: Setting CVar [[r.Shadow.CSM.MaxCascades:10]]
[2020.02.02-02.22.03:696][  0]LogConfig: Setting CVar [[r.Shadow.MaxResolution:2048]]
[2020.02.02-02.22.03:696][  0]LogConfig: Setting CVar [[r.Shadow.MaxCSMResolution:2048]]
[2020.02.02-02.22.03:696][  0]LogConfig: Setting CVar [[r.Shadow.RadiusThreshold:0.01]]
[2020.02.02-02.22.03:697][  0]LogConfig: Setting CVar [[r.Shadow.DistanceScale:1.0]]
[2020.02.02-02.22.03:697][  0]LogConfig: Setting CVar [[r.Shadow.CSM.TransitionScale:1.0]]
[2020.02.02-02.22.03:697][  0]LogConfig: Setting CVar [[r.Shadow.PreShadowResolutionFactor:1.0]]
[2020.02.02-02.22.03:697][  0]LogConfig: Setting CVar [[r.DistanceFieldShadowing:1]]
[2020.02.02-02.22.03:697][  0]LogConfig: Setting CVar [[r.DistanceFieldAO:1]]
[2020.02.02-02.22.03:697][  0]LogConfig: Setting CVar [[r.AOQuality:2]]
[2020.02.02-02.22.03:697][  0]LogConfig: Setting CVar [[r.VolumetricFog:1]]
[2020.02.02-02.22.03:697][  0]LogConfig: Setting CVar [[r.VolumetricFog.GridPixelSize:8]]
[2020.02.02-02.22.03:697][  0]LogConfig: Setting CVar [[r.VolumetricFog.GridSizeZ:128]]
[2020.02.02-02.22.03:697][  0]LogConfig: Setting CVar [[r.VolumetricFog.HistoryMissSupersampleCount:4]]
[2020.02.02-02.22.03:697][  0]LogConfig: Setting CVar [[r.LightMaxDrawDistanceScale:1]]
[2020.02.02-02.22.03:697][  0]LogConfig: Setting CVar [[r.CapsuleShadows:1]]
[2020.02.02-02.22.03:697][  0]LogConfig: Applying CVar settings from Section [PostProcessQuality@3] File [D:/UnrealProjects/StealthGame115/StealthGame/Saved/Config/Windows/Scalability.ini]
[2020.02.02-02.22.03:697][  0]LogConfig: Setting CVar [[r.MotionBlurQuality:4]]
[2020.02.02-02.22.03:698][  0]LogConfig: Setting CVar [[r.AmbientOcclusionMipLevelFactor:0.4]]
[2020.02.02-02.22.03:698][  0]LogConfig: Setting CVar [[r.AmbientOcclusionMaxQuality:100]]
[2020.02.02-02.22.03:698][  0]LogConfig: Setting CVar [[r.AmbientOcclusionLevels:-1]]
[2020.02.02-02.22.03:698][  0]LogConfig: Setting CVar [[r.AmbientOcclusionRadiusScale:1.0]]
[2020.02.02-02.22.03:698][  0]LogConfig: Setting CVar [[r.DepthOfFieldQuality:2]]
[2020.02.02-02.22.03:698][  0]LogConfig: Setting CVar [[r.RenderTargetPoolMin:400]]
[2020.02.02-02.22.03:698][  0]LogConfig: Setting CVar [[r.LensFlareQuality:2]]
[2020.02.02-02.22.03:698][  0]LogConfig: Setting CVar [[r.SceneColorFringeQuality:1]]
[2020.02.02-02.22.03:698][  0]LogConfig: Setting CVar [[r.EyeAdaptationQuality:2]]
[2020.02.02-02.22.03:698][  0]LogConfig: Setting CVar [[r.BloomQuality:5]]
[2020.02.02-02.22.03:698][  0]LogConfig: Setting CVar [[r.FastBlurThreshold:100]]
[2020.02.02-02.22.03:698][  0]LogConfig: Setting CVar [[r.Upscale.Quality:3]]
[2020.02.02-02.22.03:698][  0]LogConfig: Setting CVar [[r.Tonemapper.GrainQuantization:1]]
[2020.02.02-02.22.03:698][  0]LogConfig: Setting CVar [[r.LightShaftQuality:1]]
[2020.02.02-02.22.03:698][  0]LogConfig: Setting CVar [[r.Filter.SizeScale:1]]
[2020.02.02-02.22.03:698][  0]LogConfig: Setting CVar [[r.Tonemapper.Quality:5]]
[2020.02.02-02.22.03:698][  0]LogConfig: Setting CVar [[r.DOF.Gather.AccumulatorQuality:1        ; higher gathering accumulator quality]]
[2020.02.02-02.22.03:699][  0]LogConfig: Setting CVar [[r.DOF.Gather.PostfilterMethod:1          ; Median3x3 postfilering method]]
[2020.02.02-02.22.03:699][  0]LogConfig: Setting CVar [[r.DOF.Gather.EnableBokehSettings:0       ; no bokeh simulation when gathering]]
[2020.02.02-02.22.03:699][  0]LogConfig: Setting CVar [[r.DOF.Gather.RingCount:4                 ; medium number of samples when gathering]]
[2020.02.02-02.22.03:699][  0]LogConfig: Setting CVar [[r.DOF.Scatter.ForegroundCompositing:1    ; additive foreground scattering]]
[2020.02.02-02.22.03:699][  0]LogConfig: Setting CVar [[r.DOF.Scatter.BackgroundCompositing:2    ; additive background scattering]]
[2020.02.02-02.22.03:699][  0]LogConfig: Setting CVar [[r.DOF.Scatter.EnableBokehSettings:1      ; bokeh simulation when scattering]]
[2020.02.02-02.22.03:699][  0]LogConfig: Setting CVar [[r.DOF.Scatter.MaxSpriteRatio:0.1         ; only a maximum of 10% of scattered bokeh]]
[2020.02.02-02.22.03:699][  0]LogConfig: Setting CVar [[r.DOF.Recombine.Quality:1                ; cheap slight out of focus]]
[2020.02.02-02.22.03:699][  0]LogConfig: Setting CVar [[r.DOF.Recombine.EnableBokehSettings:0    ; no bokeh simulation on slight out of focus]]
[2020.02.02-02.22.03:699][  0]LogConfig: Setting CVar [[r.DOF.TemporalAAQuality:1                ; more stable temporal accumulation]]
[2020.02.02-02.22.03:699][  0]LogConfig: Setting CVar [[r.DOF.Kernel.MaxForegroundRadius:0.025]]
[2020.02.02-02.22.03:699][  0]LogConfig: Setting CVar [[r.DOF.Kernel.MaxBackgroundRadius:0.025]]
[2020.02.02-02.22.03:699][  0]LogConfig: Applying CVar settings from Section [TextureQuality@3] File [D:/UnrealProjects/StealthGame115/StealthGame/Saved/Config/Windows/Scalability.ini]
[2020.02.02-02.22.03:699][  0]LogConfig: Setting CVar [[r.Streaming.MipBias:0]]
[2020.02.02-02.22.03:699][  0]LogConfig: Setting CVar [[r.Streaming.AmortizeCPUToGPUCopy:0]]
[2020.02.02-02.22.03:699][  0]LogConfig: Setting CVar [[r.Streaming.MaxNumTexturesToStreamPerFrame:0]]
[2020.02.02-02.22.03:699][  0]LogConfig: Setting CVar [[r.Streaming.Boost:1]]
[2020.02.02-02.22.03:700][  0]LogConfig: Setting CVar [[r.MaxAnisotropy:8]]
[2020.02.02-02.22.03:700][  0]LogConfig: Setting CVar [[r.Streaming.LimitPoolSizeToVRAM:0]]
[2020.02.02-02.22.03:700][  0]LogConfig: Setting CVar [[r.Streaming.PoolSize:1000]]
[2020.02.02-02.22.03:700][  0]LogConfig: Setting CVar [[r.Streaming.MaxEffectiveScreenSize:0]]
[2020.02.02-02.22.03:700][  0]LogConfig: Applying CVar settings from Section [EffectsQuality@3] File [D:/UnrealProjects/StealthGame115/StealthGame/Saved/Config/Windows/Scalability.ini]
[2020.02.02-02.22.03:700][  0]LogConfig: Setting CVar [[r.TranslucencyLightingVolumeDim:64]]
[2020.02.02-02.22.03:700][  0]LogConfig: Setting CVar [[r.RefractionQuality:2]]
[2020.02.02-02.22.03:700][  0]LogConfig: Setting CVar [[r.SSR.Quality:3]]
[2020.02.02-02.22.03:700][  0]LogConfig: Setting CVar [[r.SceneColorFormat:4]]
[2020.02.02-02.22.03:700][  0]LogConfig: Setting CVar [[r.DetailMode:2]]
[2020.02.02-02.22.03:700][  0]LogConfig: Setting CVar [[r.TranslucencyVolumeBlur:1]]
[2020.02.02-02.22.03:700][  0]LogConfig: Setting CVar [[r.MaterialQualityLevel:1 ; High quality]]
[2020.02.02-02.22.03:700][  0]LogConfig: Setting CVar [[r.SSS.Scale:1]]
[2020.02.02-02.22.03:700][  0]LogConfig: Setting CVar [[r.SSS.SampleSet:2]]
[2020.02.02-02.22.03:701][  0]LogConfig: Setting CVar [[r.SSS.Quality:1]]
[2020.02.02-02.22.03:701][  0]LogConfig: Setting CVar [[r.SSS.HalfRes:1]]
[2020.02.02-02.22.03:701][  0]LogConfig: Setting CVar [[r.EmitterSpawnRateScale:1.0]]
[2020.02.02-02.22.03:701][  0]LogConfig: Setting CVar [[r.ParticleLightQuality:2]]
[2020.02.02-02.22.03:701][  0]LogConfig: Applying CVar settings from Section [FoliageQuality@3] File [D:/UnrealProjects/StealthGame115/StealthGame/Saved/Config/Windows/Scalability.ini]
[2020.02.02-02.22.03:701][  0]LogConfig: Setting CVar [[foliage.DensityScale:1.0]]
[2020.02.02-02.22.03:701][  0]LogConfig: Setting CVar [[grass.DensityScale:1.0]]
[2020.02.02-02.22.03:701][  0]LogConfig: Applying CVar settings from Section [Startup] File [../../../Engine/Config/ConsoleVariables.ini]
[2020.02.02-02.22.03:702][  0]LogConfig: Setting CVar [[net.UseAdaptiveNetUpdateFrequency:0]]
[2020.02.02-02.22.03:702][  0]LogConfig: Setting CVar [[p.chaos.AllowCreatePhysxBodies:1]]
[2020.02.02-02.22.03:702][  0]LogConfig: Applying CVar settings from Section [ConsoleVariables] File [D:/UnrealProjects/StealthGame115/StealthGame/Saved/Config/Windows/Engine.ini]
[2020.02.02-02.22.03:702][  0]LogInit: Computer: MSI
[2020.02.02-02.22.03:702][  0]LogInit: User: FelipeGasca
[2020.02.02-02.22.03:702][  0]LogInit: CPU Page size=4096, Cores=4
[2020.02.02-02.22.03:702][  0]LogInit: High frequency timer resolution =10.000000 MHz
[2020.02.02-02.22.03:702][  0]LogMemory: Memory total: Physical=15.9GB (16GB approx)
[2020.02.02-02.22.03:702][  0]LogMemory: Platform Memory Stats for Windows
[2020.02.02-02.22.03:703][  0]LogMemory: Process Physical Memory: 101.36 MB used, 101.36 MB peak
[2020.02.02-02.22.03:703][  0]LogMemory: Process Virtual Memory: 100.87 MB used, 100.87 MB peak
[2020.02.02-02.22.03:703][  0]LogMemory: Physical Memory: 11415.46 MB used,  4856.22 MB free, 16271.69 MB total
[2020.02.02-02.22.03:703][  0]LogMemory: Virtual Memory: 4669.43 MB used,  134213056.00 MB free, 134217728.00 MB total
[2020.02.02-02.22.03:716][  0]LogWindows: WindowsPlatformFeatures enabled
[2020.02.02-02.22.04:120][  0]LogInit: Overriding language with editor language configuration option (en).
[2020.02.02-02.22.04:121][  0]LogInit: Overriding locale with editor locale configuration option (en).
[2020.02.02-02.22.04:297][  0]LogInit: Setting process to per monitor DPI aware
[2020.02.02-02.22.04:380][  0]LogSlate: New Slate User Created.  User Index 0, Is Virtual User: 0
[2020.02.02-02.22.04:380][  0]LogSlate: Slate User Registered.  User Index 0, Is Virtual User: 0
[2020.02.02-02.22.04:687][  0]LogHMD: Failed to initialize OpenVR with code 110
[2020.02.02-02.22.04:687][  0]LogD3D11RHI: D3D11 adapters:
[2020.02.02-02.22.04:816][  0]LogD3D11RHI:    0. 'NVIDIA GeForce GTX 1060' (Feature Level 11_0)
[2020.02.02-02.22.04:816][  0]LogD3D11RHI:       6052/0/8135 MB DedicatedVideo/DedicatedSystem/SharedSystem, Outputs:1, VendorId:0x10de
[2020.02.02-02.22.04:844][  0]LogD3D11RHI:    1. 'Intel(R) HD Graphics 630' (Feature Level 11_0)
[2020.02.02-02.22.04:844][  0]LogD3D11RHI:       128/0/8135 MB DedicatedVideo/DedicatedSystem/SharedSystem, Outputs:0, VendorId:0x8086
[2020.02.02-02.22.04:851][  0]LogD3D11RHI:    2. 'Microsoft Basic Render Driver' (Feature Level 11_0)
[2020.02.02-02.22.04:851][  0]LogD3D11RHI:       0/0/8135 MB DedicatedVideo/DedicatedSystem/SharedSystem, Outputs:0, VendorId:0x1414
[2020.02.02-02.22.04:851][  0]LogD3D11RHI: Chosen D3D11 Adapter: 0
[2020.02.02-02.22.04:889][  0]LogD3D11RHI: Creating new Direct3DDevice
[2020.02.02-02.22.04:890][  0]LogD3D11RHI:     GPU DeviceId: 0x1c20 (for the marketing name, search the web for "GPU Device Id")
[2020.02.02-02.22.04:890][  0]LogWindows: EnumDisplayDevices:
[2020.02.02-02.22.04:890][  0]LogWindows:    0. 'Intel(R) HD Graphics 630' (P:1 D:1)
[2020.02.02-02.22.04:891][  0]LogWindows:    1. 'Intel(R) HD Graphics 630' (P:0 D:0)
[2020.02.02-02.22.04:891][  0]LogWindows:    2. 'Intel(R) HD Graphics 630' (P:0 D:0)
[2020.02.02-02.22.04:892][  0]LogWindows:    3. 'NVIDIA GeForce GTX 1060' (P:0 D:0)
[2020.02.02-02.22.04:892][  0]LogWindows:    4. 'NVIDIA GeForce GTX 1060' (P:0 D:0)
[2020.02.02-02.22.04:893][  0]LogWindows:    5. 'NVIDIA GeForce GTX 1060' (P:0 D:0)
[2020.02.02-02.22.04:893][  0]LogWindows:    6. 'NVIDIA GeForce GTX 1060' (P:0 D:0)
[2020.02.02-02.22.04:894][  0]LogWindows: DebugString: PrimaryIsNotTheChoosenAdapter PrimaryIsNotTheChoosenAdapter PrimaryIsNotTheChoosenAdapter FoundDriverCount:4 
[2020.02.02-02.22.04:894][  0]LogD3D11RHI:     Adapter Name: NVIDIA GeForce GTX 1060
[2020.02.02-02.22.04:894][  0]LogD3D11RHI:   Driver Version: 441.66 (internal:26.21.14.4166, unified:441.66)
[2020.02.02-02.22.04:894][  0]LogD3D11RHI:      Driver Date: 12-6-2019
[2020.02.02-02.22.04:894][  0]LogRHI: Texture pool is 4236 MB (70% of 6052 MB)
[2020.02.02-02.22.04:958][  0]LogD3D11RHI: Async texture creation enabled
[2020.02.02-02.22.04:970][  0]LogD3D11RHI: GPU Timing Frequency: 1000.000000 (Debug: 2 1)
[2020.02.02-02.22.05:358][  0]LogTemp: Display: Module 'AllDesktopTargetPlatform' loaded TargetPlatform 'AllDesktop'
[2020.02.02-02.22.05:372][  0]LogTemp: Display: Module 'MacClientTargetPlatform' loaded TargetPlatform 'MacClient'
[2020.02.02-02.22.05:386][  0]LogTemp: Display: Module 'MacNoEditorTargetPlatform' loaded TargetPlatform 'MacNoEditor'
[2020.02.02-02.22.05:400][  0]LogTemp: Display: Module 'MacServerTargetPlatform' loaded TargetPlatform 'MacServer'
[2020.02.02-02.22.05:411][  0]LogTemp: Display: Module 'MacTargetPlatform' loaded TargetPlatform 'Mac'
[2020.02.02-02.22.05:423][  0]LogTemp: Display: Module 'WindowsClientTargetPlatform' loaded TargetPlatform 'WindowsClient'
[2020.02.02-02.22.05:435][  0]LogTemp: Display: Module 'WindowsNoEditorTargetPlatform' loaded TargetPlatform 'WindowsNoEditor'
[2020.02.02-02.22.05:446][  0]LogTemp: Display: Module 'WindowsServerTargetPlatform' loaded TargetPlatform 'WindowsServer'
[2020.02.02-02.22.05:454][  0]LogTemp: Display: Module 'WindowsTargetPlatform' loaded TargetPlatform 'Windows'
[2020.02.02-02.22.05:490][  0]LogTemp: Display: Module 'AndroidTargetPlatform' loaded TargetPlatform 'Android'
[2020.02.02-02.22.05:490][  0]LogTemp: Display: Module 'AndroidTargetPlatform' loaded TargetPlatform 'Android_ASTC'
[2020.02.02-02.22.05:490][  0]LogTemp: Display: Module 'AndroidTargetPlatform' loaded TargetPlatform 'Android_ATC'
[2020.02.02-02.22.05:491][  0]LogTemp: Display: Module 'AndroidTargetPlatform' loaded TargetPlatform 'Android_DXT'
[2020.02.02-02.22.05:491][  0]LogTemp: Display: Module 'AndroidTargetPlatform' loaded TargetPlatform 'Android_ETC1'
[2020.02.02-02.22.05:491][  0]LogTemp: Display: Module 'AndroidTargetPlatform' loaded TargetPlatform 'Android_ETC1a'
[2020.02.02-02.22.05:491][  0]LogTemp: Display: Module 'AndroidTargetPlatform' loaded TargetPlatform 'Android_ETC2'
[2020.02.02-02.22.05:491][  0]LogTemp: Display: Module 'AndroidTargetPlatform' loaded TargetPlatform 'Android_PVRTC'
[2020.02.02-02.22.05:491][  0]LogTemp: Display: Module 'AndroidTargetPlatform' loaded TargetPlatform 'AndroidClient'
[2020.02.02-02.22.05:492][  0]LogTemp: Display: Module 'AndroidTargetPlatform' loaded TargetPlatform 'Android_ASTCClient'
[2020.02.02-02.22.05:492][  0]LogTemp: Display: Module 'AndroidTargetPlatform' loaded TargetPlatform 'Android_ATCClient'
[2020.02.02-02.22.05:492][  0]LogTemp: Display: Module 'AndroidTargetPlatform' loaded TargetPlatform 'Android_DXTClient'
[2020.02.02-02.22.05:492][  0]LogTemp: Display: Module 'AndroidTargetPlatform' loaded TargetPlatform 'Android_ETC1Client'
[2020.02.02-02.22.05:492][  0]LogTemp: Display: Module 'AndroidTargetPlatform' loaded TargetPlatform 'Android_ETC1aClient'
[2020.02.02-02.22.05:492][  0]LogTemp: Display: Module 'AndroidTargetPlatform' loaded TargetPlatform 'Android_ETC2Client'
[2020.02.02-02.22.05:492][  0]LogTemp: Display: Module 'AndroidTargetPlatform' loaded TargetPlatform 'Android_PVRTCClient'
[2020.02.02-02.22.05:492][  0]LogTemp: Display: Module 'AndroidTargetPlatform' loaded TargetPlatform 'Android_Multi'
[2020.02.02-02.22.05:493][  0]LogTemp: Display: Module 'AndroidTargetPlatform' loaded TargetPlatform 'Android_MultiClient'
[2020.02.02-02.22.05:504][  0]LogTemp: Display: Module 'HTML5TargetPlatform' loaded TargetPlatform 'HTML5'
[2020.02.02-02.22.05:537][  0]LogTemp: Display: Module 'IOSTargetPlatform' loaded TargetPlatform 'IOSClient'
[2020.02.02-02.22.05:537][  0]LogTemp: Display: Module 'IOSTargetPlatform' loaded TargetPlatform 'IOS'
[2020.02.02-02.22.05:556][  0]LogTemp: Display: Module 'TVOSTargetPlatform' loaded TargetPlatform 'TVOSClient'
[2020.02.02-02.22.05:556][  0]LogTemp: Display: Module 'TVOSTargetPlatform' loaded TargetPlatform 'TVOS'
[2020.02.02-02.22.05:567][  0]LogTemp: Display: Module 'LinuxClientTargetPlatform' loaded TargetPlatform 'LinuxClient'
[2020.02.02-02.22.05:581][  0]LogTemp: Display: Module 'LinuxNoEditorTargetPlatform' loaded TargetPlatform 'LinuxNoEditor'
[2020.02.02-02.22.05:594][  0]LogTemp: Display: Module 'LinuxServerTargetPlatform' loaded TargetPlatform 'LinuxServer'
[2020.02.02-02.22.05:608][  0]LogTemp: Display: Module 'LinuxTargetPlatform' loaded TargetPlatform 'Linux'
[2020.02.02-02.22.05:639][  0]LogTemp: Display: Module 'LuminTargetPlatform' loaded TargetPlatform 'Lumin'
[2020.02.02-02.22.05:639][  0]LogTemp: Display: Module 'LuminTargetPlatform' loaded TargetPlatform 'LuminClient'
[2020.02.02-02.22.05:639][  0]LogTargetPlatformManager: Display: Building Assets For Windows
[2020.02.02-02.22.05:660][  0]LogAudioDebug: Display: Lib vorbis DLL was dynamically loaded.
[2020.02.02-02.22.05:777][  0]LogShaderCompilers: Guid format shader working directory is -6 characters bigger than the processId version (../../../../../../UnrealProjects/StealthGame115/StealthGame/Intermediate/Shaders/WorkingDirectory/8524/).
[2020.02.02-02.22.05:778][  0]LogShaderCompilers: Cleaned the shader compiler working directory 'C:/Users/Felipe Gasca/AppData/Local/Temp/UnrealShaderWorkingDir/941EE7954469F3433D28FC9A9B27C9C0/'.
[2020.02.02-02.22.05:783][  0]LogShaderCompilers: Display: Using XGE Shader Compiler (Interception Interface).
[2020.02.02-02.22.06:489][  0]LogDerivedDataCache: Display: Max Cache Size: 512 MB
[2020.02.02-02.22.06:547][  0]LogDerivedDataCache: Loaded boot cache 0.06s 75MB C:/Users/Felipe Gasca/AppData/Local/UnrealEngine/4.23/DerivedDataCache/Boot.ddc.
[2020.02.02-02.22.06:547][  0]LogDerivedDataCache: Display: Loaded Boot cache: C:/Users/Felipe Gasca/AppData/Local/UnrealEngine/4.23/DerivedDataCache/Boot.ddc
[2020.02.02-02.22.06:547][  0]LogDerivedDataCache: FDerivedDataBackendGraph:  Pak pak cache file ../../../../../../UnrealProjects/StealthGame115/StealthGame/DerivedDataCache/DDC.ddp not found, will not use a pak cache.
[2020.02.02-02.22.06:547][  0]LogDerivedDataCache: Unable to find inner node Pak for hierarchical cache Hierarchy.
[2020.02.02-02.22.06:548][  0]LogDerivedDataCache: FDerivedDataBackendGraph:  CompressedPak pak cache file ../../../../../../UnrealProjects/StealthGame115/StealthGame/DerivedDataCache/Compressed.ddp not found, will not use a pak cache.
[2020.02.02-02.22.06:548][  0]LogDerivedDataCache: Unable to find inner node CompressedPak for hierarchical cache Hierarchy.
[2020.02.02-02.22.06:561][  0]LogDerivedDataCache: Display: Pak cache opened for reading ../../../Engine/DerivedDataCache/Compressed.ddp.
[2020.02.02-02.22.06:561][  0]LogDerivedDataCache: FDerivedDataBackendGraph:  EnterprisePak pak cache file ../../../Enterprise/DerivedDataCache/Compressed.ddp not found, will not use a pak cache.
[2020.02.02-02.22.06:561][  0]LogDerivedDataCache: Unable to find inner node EnterprisePak for hierarchical cache Hierarchy.
[2020.02.02-02.22.06:565][  0]LogDerivedDataCache: Using Local data cache path C:/Users/Felipe Gasca/AppData/Local/UnrealEngine/Common/DerivedDataCache: Writable
[2020.02.02-02.22.06:565][  0]LogDerivedDataCache: Shared data cache path not found in *engine.ini, will not use an Shared cache.
[2020.02.02-02.22.06:565][  0]LogDerivedDataCache: Unable to find inner node Shared for hierarchical cache Hierarchy.
[2020.02.02-02.22.06:590][  0]LogMaterial: Verifying Global Shaders for PCD3D_SM5
[2020.02.02-02.22.06:593][  0]LogSlate: Using FreeType 2.6.0
[2020.02.02-02.22.06:594][  0]LogSlate: SlateFontServices - WITH_FREETYPE: 1, WITH_HARFBUZZ: 1
[2020.02.02-02.22.06:680][  0]LogAssetRegistry: FAssetRegistry took 0.0074 seconds to start up
[2020.02.02-02.22.07:020][  0]LogInit: Selected Device Profile: [Windows]
[2020.02.02-02.22.07:202][  0]LogMeshReduction: Using QuadricMeshReduction for automatic static mesh reduction
[2020.02.02-02.22.07:202][  0]LogMeshReduction: Using SimplygonMeshReduction for automatic skeletal mesh reduction
[2020.02.02-02.22.07:202][  0]LogMeshReduction: Using ProxyLODMeshReduction for automatic mesh merging
[2020.02.02-02.22.07:202][  0]LogMeshReduction: No distributed automatic mesh merging module available
[2020.02.02-02.22.07:203][  0]LogMeshMerging: No distributed automatic mesh merging module available
[2020.02.02-02.22.07:213][  0]LogNetVersion: FPSGame 1.0.0, NetCL: 8386587, EngineNetVer: 11, GameNetVer: 0 (Checksum: 2384151453)
[2020.02.02-02.22.07:681][  0]LogPackageLocalizationCache: Processed 12 localized package path(s) for 1 prioritized culture(s) in 0.063739 seconds
[2020.02.02-02.22.07:689][  0]LogUObjectArray: 43444 objects as part of root set at end of initial load.
[2020.02.02-02.22.07:689][  0]LogUObjectAllocator: 7548648 out of 0 bytes used by permanent object pool.
[2020.02.02-02.22.07:689][  0]LogUObjectArray: CloseDisregardForGC: 0/0 objects in disregard for GC pool
[2020.02.02-02.22.08:978][  0]LogTcpMessaging: Initializing TcpMessaging bridge
[2020.02.02-02.22.08:987][  0]LogUdpMessaging: Initializing bridge on interface 0.0.0.0:0 to multicast group 230.0.0.1:6666.
[2020.02.02-02.22.09:313][  0]SourceControl: Source control is disabled
[2020.02.02-02.22.09:313][  0]SourceControl: Source control is disabled
[2020.02.02-02.22.09:319][  0]SourceControl: Source control is disabled
[2020.02.02-02.22.09:325][  0]SourceControl: Source control is disabled
[2020.02.02-02.22.09:526][  0]LogAndroidPermission: UAndroidPermissionCallbackProxy::GetInstance
[2020.02.02-02.22.09:748][  0]LogOcInput: OculusInput pre-init called
[2020.02.02-02.22.09:762][  0]LogWindows: Failed to load 'OVRPlugin.dll' (GetLastError=126)
[2020.02.02-02.22.09:763][  0]LogWindows: File 'OVRPlugin.dll' does not exist
[2020.02.02-02.22.09:863][  0]LogEngine: Initializing Engine...
[2020.02.02-02.22.09:864][  0]LogHMD: Failed to initialize OpenVR with code 110
[2020.02.02-02.22.09:866][  0]LogStats: UGameplayTagsManager::InitializeManager -  0.000 s
[2020.02.02-02.22.10:113][  0]LogInit: Initializing FReadOnlyCVARCache
[2020.02.02-02.22.10:129][  0]LogAIModule: Creating AISystem for world Untitled
[2020.02.02-02.22.10:170][  0]LogInit: XAudio2 using 'HeadPhone/Digital Output (Realtek(R) Audio)' : 2 channels at 48 kHz using 32 bits per sample (channel mask 0x3)
[2020.02.02-02.22.10:199][  0]LogInit: FAudioDevice initialized.
[2020.02.02-02.22.10:200][  0]LogNetVersion: Set ProjectVersion to 1.0.0.0. Version Checksum will be recalculated on next use.
[2020.02.02-02.22.10:290][  0]LogDerivedDataCache: Saved boot cache 0.09s 75MB C:/Users/Felipe Gasca/AppData/Local/UnrealEngine/4.23/DerivedDataCache/Boot.ddc.
[2020.02.02-02.22.10:294][  0]LogInit: Texture streaming: Enabled
[2020.02.02-02.22.10:356][  0]LogEngineSessionManager: EngineSessionManager initialized
[2020.02.02-02.22.10:366][  0]LogEngineSessionManager: EngineSessionManager sent abnormal shutdown report. Type=Debugger, SessionId={1978EBD3-496E-C569-AA01-418653343324}
[2020.02.02-02.22.10:366][  0]LogEditorSessionSummary: Verbose: Initializing EditorSessionSummaryWriter for editor session tracking
[2020.02.02-02.22.10:369][  0]LogEditorSessionSummary: EditorSessionSummaryWriter initialized
[2020.02.02-02.22.10:412][  0]LogInit: Transaction tracking system initialized
[2020.02.02-02.22.10:466][  0]BlueprintLog: New page: Editor Load
[2020.02.02-02.22.10:596][  0]LocalizationService: Localization service is disabled
[2020.02.02-02.22.10:919][  0]LogFileCache: Scanning file cache for directory 'D:/UnrealProjects/StealthGame115/StealthGame/Content/' took 0.01s
[2020.02.02-02.22.10:919][  0]LogCook: Display: Max memory allowance for cook 16384mb min free memory 0mb
[2020.02.02-02.22.10:920][  0]LogCook: Display: Mobile HDR setting 1
[2020.02.02-02.22.11:224][  0]SourceControl: Source control is disabled
[2020.02.02-02.22.11:495][  0]LogSlate: Took 0.000263 seconds to synchronously load lazily loaded font '../../../Engine/Content/Slate/Fonts/Roboto-Regular.ttf' (155K)
[2020.02.02-02.22.15:625][  0]LogSlate: Window 'Restore Packages' being destroyed
[2020.02.02-02.22.15:625][  0]LogWindowsTextInputMethodSystem: Display: IME system now deactivated.
[2020.02.02-02.22.15:629][  0]LogWindowsTextInputMethodSystem: Display: IME system now deactivated.
[2020.02.02-02.22.15:636][  0]Cmd: MAP LOAD FILE="../../../../../../UnrealProjects/StealthGame115/StealthGame/Content/Maps/FirstPersonExampleMap.umap" TEMPLATE=0 SHOWPROGRESS=1 FEATURELEVEL=3
[2020.02.02-02.22.15:637][  0]LightingResults: New page: Lighting Build
[2020.02.02-02.22.15:646][  0]LogWorld: UWorld::CleanupWorld for Untitled, bSessionEnded=true, bCleanupResources=true
[2020.02.02-02.22.15:649][  0]MapCheck: New page: Map Check
[2020.02.02-02.22.15:649][  0]LightingResults: New page: Lighting Build
[2020.02.02-02.22.15:687][  0]LogUObjectHash: Compacting FUObjectHashTables data took   5.06ms
[2020.02.02-02.22.15:807][  0]LogAIModule: Creating AISystem for world FirstPersonExampleMap
[2020.02.02-02.22.15:817][  0]LogEditorServer: Finished looking for orphan Actors (0.000 secs)
[2020.02.02-02.22.15:847][  0]LogUObjectHash: Compacting FUObjectHashTables data took   2.84ms
[2020.02.02-02.22.15:848][  0]Cmd: MAP CHECKDEP NOCLEARLOG
[2020.02.02-02.22.15:849][  0]MapCheck: Map check complete: 0 Error(s), 0 Warning(s), took 0.264ms to complete.
[2020.02.02-02.22.15:849][  0]LogFileHelpers: Loading map 'FirstPersonExampleMap' took 0.213
[2020.02.02-02.22.15:917][  0]LogSlate: Updating window title bar state: overlay mode, drag disabled, window buttons hidden, title bar hidden
[2020.02.02-02.22.15:932][  0]LogSlate: Updating window title bar state: overlay mode, drag disabled, window buttons hidden, title bar hidden
[2020.02.02-02.22.15:939][  0]LogSlate: Updating window title bar state: overlay mode, drag disabled, window buttons hidden, title bar hidden
[2020.02.02-02.22.15:947][  0]LogSlate: Updating window title bar state: overlay mode, drag disabled, window buttons hidden, title bar hidden
[2020.02.02-02.22.15:954][  0]LogCollectionManager: Loaded 0 collections in 0.001327 seconds
[2020.02.02-02.22.15:966][  0]LogFileCache: Scanning file cache for directory 'D:/UnrealProjects/StealthGame115/StealthGame/Saved/Collections/' took 0.00s
[2020.02.02-02.22.15:966][  0]LogFileCache: Scanning file cache for directory 'D:/UnrealProjects/StealthGame115/StealthGame/Content/Developers/FelipeGasca/Collections/' took 0.00s
[2020.02.02-02.22.15:966][  0]LogFileCache: Scanning file cache for directory 'D:/UnrealProjects/StealthGame115/StealthGame/Content/Collections/' took 0.00s
[2020.02.02-02.22.15:967][  0]LogCollectionManager: Rebuilt the GUID cache for 0 collections in 0.000001 seconds
[2020.02.02-02.22.15:975][  0]LogContentBrowser: Native class hierarchy populated in 0.0084 seconds. Added 2868 classes and 683 folders.
[2020.02.02-02.22.15:980][  0]LogContentBrowser: Native class hierarchy updated for 'WidgetCarousel' in 0.0004 seconds. Added 0 classes and 0 folders.
[2020.02.02-02.22.16:046][  0]LogContentBrowser: Native class hierarchy updated for 'AddContentDialog' in 0.0004 seconds. Added 0 classes and 0 folders.
[2020.02.02-02.22.16:053][  0]LogContentBrowser: Native class hierarchy updated for 'SceneOutliner' in 0.0006 seconds. Added 1 classes and 2 folders.
[2020.02.02-02.22.16:082][  0]LogSlate: Took 0.000244 seconds to synchronously load lazily loaded font '../../../Engine/Content/Slate/Fonts/Roboto-Bold.ttf' (160K)
[2020.02.02-02.22.16:088][  0]LogSlate: Took 0.000249 seconds to synchronously load lazily loaded font '../../../Engine/Content/Editor/Slate/Fonts/FontAwesome.ttf' (139K)
[2020.02.02-02.22.16:138][  0]LogRenderer: Reallocating scene render targets to support 1208x572 Format 10 NumSamples 1 (Frame:1).
[2020.02.02-02.22.16:256][  0]LogContentBrowser: Native class hierarchy updated for 'HierarchicalLODOutliner' in 0.0005 seconds. Added 0 classes and 0 folders.
[2020.02.02-02.22.16:256][  0]LogLoad: (Engine Initialization) Total time: 14.68 seconds
[2020.02.02-02.22.16:256][  0]LogLoad: (Engine Initialization) Total Blueprint compile time: 0.00 seconds
[2020.02.02-02.22.16:324][  0]LogContentStreaming: Texture pool size now 1000 MB
[2020.02.02-02.22.16:417][  0]LogSlate: Took 0.000401 seconds to synchronously load lazily loaded font '../../../Engine/Content/Slate/Fonts/Roboto-Light.ttf' (167K)
[2020.02.02-02.22.16:460][  1]LogAssetRegistry: Asset discovery search completed in 9.7858 seconds
[2020.02.02-02.22.16:464][  1]LogCollectionManager: Rebuilt the object cache for 0 collections in 0.000005 seconds (found 0 objects)
[2020.02.02-02.22.16:465][  1]LogCollectionManager: Fixed up redirectors for 0 collections in 0.000153 seconds (updated 0 objects)
[2020.02.02-02.22.37:121][328]LogSlate: FSceneViewport::OnFocusLost() reason 0
[2020.02.02-02.22.37:334][340]LogSlate: Took 0.000229 seconds to synchronously load lazily loaded font '../../../Engine/Content/Slate/Fonts/Roboto-Light.ttf' (167K)
[2020.02.02-02.22.37:346][340]LogAssetEditorManager: Opening Asset editor for Blueprint /Game/Blueprints/BP_OjectiveActor.BP_OjectiveActor
[2020.02.02-02.22.40:625][340]LogContentBrowser: Native class hierarchy updated for 'BlueprintGraph' in 0.0009 seconds. Added 121 classes and 0 folders.
[2020.02.02-02.23.26:727][551]LogSlate: Window 'BP_OjectiveActor' being destroyed
[2020.02.02-02.23.26:735][551]LogSlate: Window 'BP_OjectiveActor' being destroyed
[2020.02.02-02.23.26:905][551]LogWorld: UWorld::CleanupWorld for World_2, bSessionEnded=true, bCleanupResources=true
[2020.02.02-02.23.31:547][807]LogSlate: FSceneViewport::OnFocusLost() reason 0
[2020.02.02-02.23.35:568][ 28]LogSlate: FSceneViewport::OnFocusLost() reason 0
[2020.02.02-02.24.10:223][415]LogSlate: Took 0.036978 seconds to synchronously load lazily loaded font '../../../Engine/Content/Slate/Fonts/Roboto-Italic.ttf' (157K)
[2020.02.02-02.24.11:249][476]LogSlate: FSceneViewport::OnFocusLost() reason 0
[2020.02.02-02.24.11:455][486]LogAssetEditorManager: Opening Asset editor for Blueprint /Game/Blueprints/BP_OjectiveActor.BP_OjectiveActor
[2020.02.02-02.24.15:887][610]LogSlate: Window 'BP_OjectiveActor' being destroyed
[2020.02.02-02.24.15:894][610]LogWorld: UWorld::CleanupWorld for World_3, bSessionEnded=true, bCleanupResources=true
[2020.02.02-02.24.15:958][610]LogAssetEditorManager: Opening Asset editor for Blueprint /Game/Blueprints/BP_OjectiveActor.BP_OjectiveActor
[2020.02.02-02.24.16:703][610]LogSlate: Took 0.000491 seconds to synchronously load lazily loaded font '../../../Engine/Content/Slate/Fonts/Roboto-BoldCondensed.ttf' (158K)
[2020.02.02-02.24.41:924][961]LogSlate: Window 'BP_OjectiveActor' being destroyed
[2020.02.02-02.24.44:657][125]LogRenderer: Reallocating scene render targets to support 1208x708 Format 10 NumSamples 1 (Frame:1).
[2020.02.02-02.25.45:223][573]LogSlate: FSceneViewport::OnFocusLost() reason 0
[2020.02.02-02.25.53:639][ 74]LogSlate: FSceneViewport::OnFocusLost() reason 0
[2020.02.02-02.26.04:512][721]LogSlate: FSceneViewport::OnFocusLost() reason 0
[2020.02.02-02.26.06:744][853]LogSlate: FSceneViewport::OnFocusLost() reason 0
[2020.02.02-02.26.25:044][237]LogSlate: FSceneViewport::OnFocusLost() reason 5
[2020.02.02-02.26.31:787][622]LogSlate: FSceneViewport::OnFocusLost() reason 0
[2020.02.02-02.27.26:010][148]LogSlate: FSceneViewport::OnFocusLost() reason 5
[2020.02.02-02.27.52:747][839]BlueprintLog: New page: Compile BP_OjectiveActor
[2020.02.02-02.27.53:166][839]LogUObjectHash: Compacting FUObjectHashTables data took   5.89ms
[2020.02.02-02.27.54:292][904]LogTemp: Repeating last play command: Selected Viewport
[2020.02.02-02.27.54:517][904]LogBlueprintUserMessages: Early PlayInEditor Detection: Level '/Game/Maps/FirstPersonExampleMap.FirstPersonExampleMap:PersistentLevel' has LevelScriptBlueprint '/Game/Maps/FirstPersonExampleMap.FirstPersonExampleMap:PersistentLevel.FirstPersonExampleMap' with GeneratedClass '/Game/Maps/FirstPersonExampleMap.FirstPersonExampleMap_C' with ClassGeneratedBy '/Game/Maps/FirstPersonExampleMap.FirstPersonExampleMap:PersistentLevel.FirstPersonExampleMap'
[2020.02.02-02.27.54:553][904]LogPlayLevel: PlayLevel: No blueprints needed recompiling
[2020.02.02-02.27.54:566][904]PIE: New page: PIE session: FirstPersonExampleMap (Feb 1, 2020, 2:27:54 PM)
[2020.02.02-02.27.54:598][904]LogOnline: OSS: Creating online subsystem instance for: NULL
[2020.02.02-02.27.54:636][904]LogPlayLevel: Creating play world package: /Game/Maps/UEDPIE_0_FirstPersonExampleMap
[2020.02.02-02.27.54:708][904]LogPlayLevel: PIE: StaticDuplicateObject took: (0.072107s)
[2020.02.02-02.27.54:733][904]LogAIModule: Creating AISystem for world FirstPersonExampleMap
[2020.02.02-02.27.54:734][904]LogPlayLevel: PIE: World Init took: (0.025090s)
[2020.02.02-02.27.54:734][904]LogPlayLevel: PIE: Created PIE world by copying editor world from /Game/Maps/FirstPersonExampleMap.FirstPersonExampleMap to /Game/Maps/UEDPIE_0_FirstPersonExampleMap.FirstPersonExampleMap (0.099079s)
[2020.02.02-02.27.54:774][904]LogUObjectHash: Compacting FUObjectHashTables data took   3.83ms
[2020.02.02-02.27.54:843][904]LogInit: XAudio2 using 'HeadPhone/Digital Output (Realtek(R) Audio)' : 2 channels at 48 kHz using 32 bits per sample (channel mask 0x3)
[2020.02.02-02.27.54:857][904]LogInit: FAudioDevice initialized.
[2020.02.02-02.27.54:882][904]LogSlate: Updating window title bar state: overlay mode, drag disabled, window buttons hidden, title bar hidden
[2020.02.02-02.27.54:938][904]LogLoad: Game class is 'FPSGameMode'
[2020.02.02-02.27.55:062][904]LogWorld: Bringing World /Game/Maps/UEDPIE_0_FirstPersonExampleMap.FirstPersonExampleMap up for play (max tick rate 60) at 2020.02.01-20.27.55
[2020.02.02-02.27.55:077][904]LogWorld: Bringing up level for play took: 0.034333
[2020.02.02-02.27.55:089][904]LogOnline: OSS: Creating online subsystem instance for: :Context_9
[2020.02.02-02.27.55:113][904]LogGameMode: FindPlayerStart: PATHS NOT DEFINED or NO PLAYERSTART with positive rating
[2020.02.02-02.27.55:529][904]LogContentBrowser: Native class hierarchy updated for 'MovieSceneCapture' in 0.0009 seconds. Added 20 classes and 0 folders.
[2020.02.02-02.27.55:579][904]PIE: Play in editor start time for /Game/Maps/UEDPIE_0_FirstPersonExampleMap 0.361
[2020.02.02-02.27.55:581][904]LogBlueprintUserMessages: Late PlayInEditor Detection: Level '/Game/Maps/FirstPersonExampleMap.FirstPersonExampleMap:PersistentLevel' has LevelScriptBlueprint '/Game/Maps/FirstPersonExampleMap.FirstPersonExampleMap:PersistentLevel.FirstPersonExampleMap' with GeneratedClass '/Game/Maps/FirstPersonExampleMap.FirstPersonExampleMap_C' with ClassGeneratedBy '/Game/Maps/FirstPersonExampleMap.FirstPersonExampleMap:PersistentLevel.FirstPersonExampleMap'
[2020.02.02-02.27.55:868][905]LogRenderer: Reallocating scene render targets to support 1280x720 Format 10 NumSamples 1 (Frame:1).
[2020.02.02-02.28.09:155][640]LogBlueprintUserMessages: Early EndPlayMap Detection: Level '/Game/Maps/FirstPersonExampleMap.FirstPersonExampleMap:PersistentLevel' has LevelScriptBlueprint '/Game/Maps/FirstPersonExampleMap.FirstPersonExampleMap:PersistentLevel.FirstPersonExampleMap' with GeneratedClass '/Game/Maps/FirstPersonExampleMap.FirstPersonExampleMap_C' with ClassGeneratedBy '/Game/Maps/FirstPersonExampleMap.FirstPersonExampleMap:PersistentLevel.FirstPersonExampleMap'
[2020.02.02-02.28.09:155][640]LogSlate: Updating window title bar state: overlay mode, drag disabled, window buttons hidden, title bar hidden
[2020.02.02-02.28.09:155][640]LogWorld: BeginTearingDown for /Game/Maps/UEDPIE_0_FirstPersonExampleMap
[2020.02.02-02.28.09:224][640]LogSlate: Window 'FPSGame Game Preview Standalone (64-bit/PCD3D_SM5)' being destroyed
[2020.02.02-02.28.09:230][640]LogWorld: UWorld::CleanupWorld for FirstPersonExampleMap, bSessionEnded=true, bCleanupResources=true
[2020.02.02-02.28.09:255][640]LogPlayLevel: Display: Shutting down PIE online subsystems
[2020.02.02-02.28.09:255][640]LogBlueprintUserMessages: Late EndPlayMap Detection: Level '/Game/Maps/FirstPersonExampleMap.FirstPersonExampleMap:PersistentLevel' has LevelScriptBlueprint '/Game/Maps/FirstPersonExampleMap.FirstPersonExampleMap:PersistentLevel.FirstPersonExampleMap' with GeneratedClass '/Game/Maps/FirstPersonExampleMap.FirstPersonExampleMap_C' with ClassGeneratedBy '/Game/Maps/FirstPersonExampleMap.FirstPersonExampleMap:PersistentLevel.FirstPersonExampleMap'
[2020.02.02-02.28.09:363][640]LogUObjectHash: Compacting FUObjectHashTables data took   5.02ms
[2020.02.02-02.28.09:377][641]LogPlayLevel: Display: Destroying online subsystem :Context_9
[2020.02.02-02.30.13:516][457]BlueprintLog: New page: Compile BP_OjectiveActor
[2020.02.02-02.30.13:803][457]LogUObjectHash: Compacting FUObjectHashTables data took   4.17ms
[2020.02.02-02.30.15:354][550]LogTemp: Repeating last play command: Selected Viewport
[2020.02.02-02.30.15:364][550]LogBlueprintUserMessages: Early PlayInEditor Detection: Level '/Game/Maps/FirstPersonExampleMap.FirstPersonExampleMap:PersistentLevel' has LevelScriptBlueprint '/Game/Maps/FirstPersonExampleMap.FirstPersonExampleMap:PersistentLevel.FirstPersonExampleMap' with GeneratedClass '/Game/Maps/FirstPersonExampleMap.FirstPersonExampleMap_C' with ClassGeneratedBy '/Game/Maps/FirstPersonExampleMap.FirstPersonExampleMap:PersistentLevel.FirstPersonExampleMap'
[2020.02.02-02.30.15:364][550]LogPlayLevel: PlayLevel: No blueprints needed recompiling
[2020.02.02-02.30.15:364][550]PIE: New page: PIE session: FirstPersonExampleMap (Feb 1, 2020, 2:30:15 PM)
[2020.02.02-02.30.15:364][550]LogPlayLevel: Creating play world package: /Game/Maps/UEDPIE_0_FirstPersonExampleMap
[2020.02.02-02.30.15:382][550]LogPlayLevel: PIE: StaticDuplicateObject took: (0.017590s)
[2020.02.02-02.30.15:384][550]LogAIModule: Creating AISystem for world FirstPersonExampleMap
[2020.02.02-02.30.15:384][550]LogPlayLevel: PIE: World Init took: (0.001764s)
[2020.02.02-02.30.15:384][550]LogPlayLevel: PIE: Created PIE world by copying editor world from /Game/Maps/FirstPersonExampleMap.FirstPersonExampleMap to /Game/Maps/UEDPIE_0_FirstPersonExampleMap.FirstPersonExampleMap (0.019987s)
[2020.02.02-02.30.15:424][550]LogUObjectHash: Compacting FUObjectHashTables data took   3.47ms
[2020.02.02-02.30.15:441][550]LogInit: XAudio2 using 'HeadPhone/Digital Output (Realtek(R) Audio)' : 2 channels at 48 kHz using 32 bits per sample (channel mask 0x3)
[2020.02.02-02.30.15:453][550]LogInit: FAudioDevice initialized.
[2020.02.02-02.30.15:471][550]LogSlate: Updating window title bar state: overlay mode, drag disabled, window buttons hidden, title bar hidden
[2020.02.02-02.30.15:472][550]LogLoad: Game class is 'FPSGameMode'
[2020.02.02-02.30.15:486][550]LogWorld: Bringing World /Game/Maps/UEDPIE_0_FirstPersonExampleMap.FirstPersonExampleMap up for play (max tick rate 60) at 2020.02.01-20.30.15
[2020.02.02-02.30.15:487][550]LogWorld: Bringing up level for play took: 0.014386
[2020.02.02-02.30.15:488][550]LogOnline: OSS: Creating online subsystem instance for: :Context_10
[2020.02.02-02.30.15:491][550]LogGameMode: FindPlayerStart: PATHS NOT DEFINED or NO PLAYERSTART with positive rating
[2020.02.02-02.30.15:493][550]PIE: Play in editor start time for /Game/Maps/UEDPIE_0_FirstPersonExampleMap 0.275
[2020.02.02-02.30.15:494][550]LogBlueprintUserMessages: Late PlayInEditor Detection: Level '/Game/Maps/FirstPersonExampleMap.FirstPersonExampleMap:PersistentLevel' has LevelScriptBlueprint '/Game/Maps/FirstPersonExampleMap.FirstPersonExampleMap:PersistentLevel.FirstPersonExampleMap' with GeneratedClass '/Game/Maps/FirstPersonExampleMap.FirstPersonExampleMap_C' with ClassGeneratedBy '/Game/Maps/FirstPersonExampleMap.FirstPersonExampleMap:PersistentLevel.FirstPersonExampleMap'
[2020.02.02-02.30.21:198][889]LogBlueprintUserMessages: Early EndPlayMap Detection: Level '/Game/Maps/FirstPersonExampleMap.FirstPersonExampleMap:PersistentLevel' has LevelScriptBlueprint '/Game/Maps/FirstPersonExampleMap.FirstPersonExampleMap:PersistentLevel.FirstPersonExampleMap' with GeneratedClass '/Game/Maps/FirstPersonExampleMap.FirstPersonExampleMap_C' with ClassGeneratedBy '/Game/Maps/FirstPersonExampleMap.FirstPersonExampleMap:PersistentLevel.FirstPersonExampleMap'
[2020.02.02-02.30.21:198][889]LogSlate: Updating window title bar state: overlay mode, drag disabled, window buttons hidden, title bar hidden
[2020.02.02-02.30.21:198][889]LogWorld: BeginTearingDown for /Game/Maps/UEDPIE_0_FirstPersonExampleMap
[2020.02.02-02.30.21:210][889]LogSlate: Window 'FPSGame Game Preview Standalone (64-bit/PCD3D_SM5)' being destroyed
[2020.02.02-02.30.21:216][889]LogWorld: UWorld::CleanupWorld for FirstPersonExampleMap, bSessionEnded=true, bCleanupResources=true
[2020.02.02-02.30.21:235][889]LogPlayLevel: Display: Shutting down PIE online subsystems
[2020.02.02-02.30.21:236][889]LogBlueprintUserMessages: Late EndPlayMap Detection: Level '/Game/Maps/FirstPersonExampleMap.FirstPersonExampleMap:PersistentLevel' has LevelScriptBlueprint '/Game/Maps/FirstPersonExampleMap.FirstPersonExampleMap:PersistentLevel.FirstPersonExampleMap' with GeneratedClass '/Game/Maps/FirstPersonExampleMap.FirstPersonExampleMap_C' with ClassGeneratedBy '/Game/Maps/FirstPersonExampleMap.FirstPersonExampleMap:PersistentLevel.FirstPersonExampleMap'
[2020.02.02-02.30.21:287][889]LogUObjectHash: Compacting FUObjectHashTables data took   3.50ms
[2020.02.02-02.30.21:300][890]LogPlayLevel: Display: Destroying online subsystem :Context_10
[2020.02.02-02.30.23:552][ 25]BlueprintLog: New page: Compile BP_OjectiveActor
[2020.02.02-02.30.23:776][ 25]LogUObjectHash: Compacting FUObjectHashTables data took   3.44ms
[2020.02.02-02.32.18:416][456]LogEditorSessionSummary: EditorSessionSummary sent report. Type=Shutdown, SessionId={855F0CC5-4A26-794F-9E99-C48F6D32F06F}
[2020.02.02-02.32.37:212][512]LogUObjectHash: Compacting FUObjectHashTables data took   4.95ms
[2020.02.02-02.32.37:495][512]LogSavePackage: Moving '../../../../../../UnrealProjects/StealthGame115/StealthGame/Saved/FirstPersonExampleMap_Auto13B507D204160F0AD11BC1C9C317B19C1.tmp' to '../../../../../../UnrealProjects/StealthGame115/StealthGame/Saved/Autosaves/Game/Maps/FirstPersonExampleMap_Auto1.umap'
[2020.02.02-02.32.37:500][512]LogFileHelpers: Editor autosave (incl. sublevels) for '/Game/Maps/FirstPersonExampleMap' took 0.326
[2020.02.02-02.32.37:501][512]LogFileHelpers: Editor autosave (incl. sublevels) for all levels took 0.326
[2020.02.02-02.32.37:503][512]OBJ SavePackage: Generating thumbnails for [1] asset(s) in package [/Game/Blueprints/BP_OjectiveActor] ([1] browsable assets)...
[2020.02.02-02.32.37:538][512]OBJ SavePackage:     Rendered thumbnail for [Blueprint /Game/Blueprints/BP_OjectiveActor.BP_OjectiveActor]
[2020.02.02-02.32.37:538][512]OBJ SavePackage: Finished generating thumbnails for package [/Game/Blueprints/BP_OjectiveActor]
[2020.02.02-02.32.37:572][512]LogSavePackage: Moving '../../../../../../UnrealProjects/StealthGame115/StealthGame/Saved/BP_OjectiveActor_Auto180C4F5BA4407450A3514D483DB5D602A.tmp' to '../../../../../../UnrealProjects/StealthGame115/StealthGame/Saved/Autosaves/Game/Blueprints/BP_OjectiveActor_Auto1.uasset'
[2020.02.02-02.32.37:575][512]LogFileHelpers: Auto-saving content packages took 0.074
