Log file open, 02/12/20 00:38:58
LogWindows: Failed to load 'aqProf.dll' (GetLastError=126)
LogWindows: File 'aqProf.dll' does not exist
LogWindows: Failed to load 'VtuneApi.dll' (GetLastError=126)
LogWindows: File 'VtuneApi.dll' does not exist
LogWindows: Failed to load 'VtuneApi32e.dll' (GetLastError=126)
LogWindows: File 'VtuneApi32e.dll' does not exist
LogConsoleResponse: Display: Failed to find resolution value strings in scalability ini. Falling back to default.
LogInit: Display: Running engine for game: FPSGame
LogPlatformFile: Not using cached read wrapper
LogTaskGraph: Started task graph with 5 named threads and 23 total threads with 3 sets of task threads.
LogStats: Stats thread started at 0.227545
LogD3D11RHI: Loaded GFSDK_Aftermath_Lib.x64.dll
LogICUInternationalization: ICU TimeZone Detection - Raw Offset: -6:00, Platform Override: ''
LogPluginManager: Mounting plugin Paper2D
LogPluginManager: Mounting plugin AISupport
LogPluginManager: Mounting plugin LightPropagationVolume
LogPluginManager: Mounting plugin ActorLayerUtilities
LogPluginManager: Mounting plugin AnimationSharing
LogPluginManager: Mounting plugin CLionSourceCodeAccess
LogPluginManager: Mounting plugin CodeLiteSourceCodeAccess
LogPluginManager: Mounting plugin GitSourceControl
LogPluginManager: Mounting plugin KDevelopSourceCodeAccess
LogPluginManager: Mounting plugin NullSourceCodeAccess
LogPluginManager: Mounting plugin PerforceSourceControl
LogPluginManager: Mounting plugin SubversionSourceControl
LogPluginManager: Mounting plugin UObjectPlugin
LogPluginManager: Mounting plugin VisualStudioCodeSourceCodeAccess
LogPluginManager: Mounting plugin VisualStudioSourceCodeAccess
LogPluginManager: Mounting plugin XCodeSourceCodeAccess
LogPluginManager: Mounting plugin AssetManagerEditor
LogPluginManager: Mounting plugin CryptoKeys
LogPluginManager: Mounting plugin CurveEditorTools
LogPluginManager: Mounting plugin DataValidation
LogPluginManager: Mounting plugin FacialAnimation
LogPluginManager: Mounting plugin GameplayTagsEditor
LogPluginManager: Mounting plugin MacGraphicsSwitching
LogPluginManager: Mounting plugin MaterialAnalyzer
LogPluginManager: Mounting plugin MobileLauncherProfileWizard
LogPluginManager: Mounting plugin PluginBrowser
LogPluginManager: Mounting plugin SpeedTreeImporter
LogPluginManager: Mounting plugin DatasmithContent
LogPluginManager: Mounting plugin VariantManagerContent
LogPluginManager: Mounting plugin AlembicImporter
LogPluginManager: Mounting plugin AutomationUtils
LogPluginManager: Mounting plugin BackChannel
LogPluginManager: Mounting plugin CharacterAI
LogPluginManager: Mounting plugin GeometryCache
LogPluginManager: Mounting plugin HTML5Networking
LogPluginManager: Mounting plugin PlatformCrypto
LogPluginManager: Mounting plugin ProxyLODPlugin
LogPluginManager: Mounting plugin SkeletalReduction
LogPluginManager: Mounting plugin MagicLeap
LogPluginManager: Mounting plugin MagicLeapMedia
LogPluginManager: Mounting plugin AndroidMedia
LogPluginManager: Mounting plugin AvfMedia
LogPluginManager: Mounting plugin ImgMedia
LogPluginManager: Mounting plugin MediaCompositing
LogPluginManager: Mounting plugin MediaPlayerEditor
LogPluginManager: Mounting plugin WebMMedia
LogPluginManager: Mounting plugin WmfMedia
LogPluginManager: Mounting plugin TcpMessaging
LogPluginManager: Mounting plugin UdpMessaging
LogPluginManager: Mounting plugin ActorSequence
LogPluginManager: Mounting plugin LevelSequenceEditor
LogPluginManager: Mounting plugin MatineeToLevelSequence
LogPluginManager: Mounting plugin NetcodeUnitTest
LogPluginManager: Mounting plugin NUTUnrealEngine4
LogPluginManager: Mounting plugin OnlineSubsystemGooglePlay
LogPluginManager: Mounting plugin OnlineSubsystemIOS
LogPluginManager: Mounting plugin OnlineSubsystem
LogPluginManager: Mounting plugin OnlineSubsystemNull
LogPluginManager: Mounting plugin OnlineSubsystemUtils
LogPluginManager: Mounting plugin LauncherChunkInstaller
LogPluginManager: Mounting plugin AndroidDeviceProfileSelector
LogPluginManager: Mounting plugin AndroidMoviePlayer
LogPluginManager: Mounting plugin AndroidPermission
LogPluginManager: Mounting plugin AppleImageUtils
LogPluginManager: Mounting plugin AppleMoviePlayer
LogPluginManager: Mounting plugin ArchVisCharacter
LogPluginManager: Mounting plugin AudioCapture
LogPluginManager: Mounting plugin CableComponent
LogPluginManager: Mounting plugin CustomMeshComponent
LogPluginManager: Mounting plugin EditableMesh
LogPluginManager: Mounting plugin ExampleDeviceProfileSelector
LogPluginManager: Mounting plugin GoogleCloudMessaging
LogPluginManager: Mounting plugin IOSDeviceProfileSelector
LogPluginManager: Mounting plugin LinuxDeviceProfileSelector
LogPluginManager: Mounting plugin LocationServicesBPLibrary
LogPluginManager: Mounting plugin MobilePatchingUtils
LogPluginManager: Mounting plugin OculusVR
LogPluginManager: Mounting plugin PhysXVehicles
LogPluginManager: Mounting plugin ProceduralMeshComponent
LogPluginManager: Mounting plugin RuntimePhysXCooking
LogPluginManager: Mounting plugin SignificanceManager
LogPluginManager: Mounting plugin SteamVR
LogPluginManager: Mounting plugin WebMMoviePlayer
LogPluginManager: Mounting plugin WindowsMoviePlayer
LogPluginManager: Mounting plugin ScreenshotTools
LogInit: Using libcurl 7.55.1-DEV
LogInit:  - built for x86_64-pc-win32
LogInit:  - supports SSL with OpenSSL/1.1.1
LogInit:  - supports HTTP deflate (compression) using libz 1.2.8
LogInit:  - other features:
LogInit:      CURL_VERSION_SSL
LogInit:      CURL_VERSION_LIBZ
LogInit:      CURL_VERSION_IPV6
LogInit:      CURL_VERSION_ASYNCHDNS
LogInit:      CURL_VERSION_LARGEFILE
LogInit:      CURL_VERSION_IDN
LogInit:  CurlRequestOptions (configurable via config and command line):
LogInit:  - bVerifyPeer = true  - Libcurl will verify peer certificate
LogInit:  - bUseHttpProxy = false  - Libcurl will NOT use HTTP proxy
LogInit:  - bDontReuseConnections = false  - Libcurl will reuse connections
LogInit:  - MaxHostConnections = 16  - Libcurl will limit the number of connections to a host
LogInit:  - LocalHostAddr = Default
LogInit:  - BufferSize = 65536
LogOnline: OSS: Creating online subsystem instance for: NULL
LogInit: WinSock: version 1.1 (2.2), MaxSocks=32767, MaxUdp=65467
LogInit: Build: ++UE4+Release-4.23-CL-9631420
LogInit: Engine Version: 4.23.1-9631420+++UE4+Release-4.23
LogInit: Compatible Engine Version: 4.23.0-8386587+++UE4+Release-4.23
LogInit: Net CL: 8386587
LogInit: OS: Windows 10 (Release 1909) (), CPU: Intel(R) Core(TM) i7-7700HQ CPU @ 2.80GHz, GPU: Intel(R) HD Graphics 630
LogInit: Compiled (64-bit): Oct 18 2019 02:07:44
LogInit: Compiled with Visual C++: 19.16.27030.01
LogInit: Build Configuration: Development
LogInit: Branch Name: ++UE4+Release-4.23
LogInit: Command Line:  -skipcompile
LogInit: Base Directory: D:/Program Files/Epic Games/UE_4.23/Engine/Binaries/Win64/
LogInit: Installed Engine Build: 1
LogDevObjectVersion: Number of dev versions registered: 23
LogDevObjectVersion:   Dev-Blueprints (B0D832E4-1F89-4F0D-ACCF-7EB736FD4AA2): 10
LogDevObjectVersion:   Dev-Build (E1C64328-A22C-4D53-A36C-8E866417BD8C): 0
LogDevObjectVersion:   Dev-Core (375EC13C-06E4-48FB-B500-84F0262A717E): 3
LogDevObjectVersion:   Dev-Editor (E4B068ED-F494-42E9-A231-DA0B2E46BB41): 34
LogDevObjectVersion:   Dev-Framework (CFFC743F-43B0-4480-9391-14DF171D2073): 35
LogDevObjectVersion:   Dev-Mobile (B02B49B5-BB20-44E9-A304-32B752E40360): 2
LogDevObjectVersion:   Dev-Networking (A4E4105C-59A1-49B5-A7C5-40C4547EDFEE): 0
LogDevObjectVersion:   Dev-Online (39C831C9-5AE6-47DC-9A44-9C173E1C8E7C): 0
LogDevObjectVersion:   Dev-Physics (78F01B33-EBEA-4F98-B9B4-84EACCB95AA2): 0
LogDevObjectVersion:   Dev-Platform (6631380F-2D4D-43E0-8009-CF276956A95A): 0
LogDevObjectVersion:   Dev-Rendering (12F88B9F-8875-4AFC-A67C-D90C383ABD29): 31
LogDevObjectVersion:   Dev-Sequencer (7B5AE74C-D270-4C10-A958-57980B212A5A): 11
LogDevObjectVersion:   Dev-VR (D7296918-1DD6-4BDD-9DE2-64A83CC13884): 2
LogDevObjectVersion:   Dev-LoadTimes (C2A15278-BFE7-4AFE-6C17-90FF531DF755): 1
LogDevObjectVersion:   Private-Geometry (6EACA3D4-40EC-4CC1-B786-8BED09428FC5): 3
LogDevObjectVersion:   Dev-AnimPhys (29E575DD-E0A3-4627-9D10-D276232CDCEA): 17
LogDevObjectVersion:   Dev-Anim (AF43A65D-7FD3-4947-9873-3E8ED9C1BB05): 2
LogDevObjectVersion:   Dev-ReflectionCapture (6B266CEC-1EC7-4B8F-A30B-E4D90942FC07): 1
LogDevObjectVersion:   Dev-Automation (0DF73D61-A23F-47EA-B727-89E90C41499A): 1
LogDevObjectVersion:   FortniteMain (601D1886-AC64-4F84-AA16-D3DE0DEAC7D6): 27
LogDevObjectVersion:   Dev-Enterprise (9DFFBCD6-494F-0158-E221-12823C92A888): 6
LogDevObjectVersion:   Dev-Niagara (F2AED0AC-9AFE-416F-8664-AA7FFA26D6FC): 1
LogDevObjectVersion:   Dev-Destruction (174F1F0B-B4C6-45A5-B13F-2EE8D0FB917D): 9
LogInit: Presizing for max 16777216 objects, including 0 objects not considered by GC, pre-allocating 0 bytes for permanent pool.
LogInit: Object subsystem initialized
LogConfig: Setting CVar [[con.DebugEarlyDefault:1]]
LogConfig: Setting CVar [[r.setres:1280x720]]
[2020.02.12-06.38.58:590][  0]LogConfig: Setting CVar [[r.VSync:0]]
[2020.02.12-06.38.58:590][  0]LogConfig: Setting CVar [[r.RHICmdBypass:0]]
[2020.02.12-06.38.58:590][  0]LogConfig: Applying CVar settings from Section [/Script/Engine.RendererSettings] File [D:/UnrealProjects/StealthGame115/StealthGame/Saved/Config/Windows/Engine.ini]
[2020.02.12-06.38.58:590][  0]LogConfig: Setting CVar [[r.GPUCrashDebugging:0]]
[2020.02.12-06.38.58:590][  0]LogConfig: Applying CVar settings from Section [/Script/Engine.RendererOverrideSettings] File [D:/UnrealProjects/StealthGame115/StealthGame/Saved/Config/Windows/Engine.ini]
[2020.02.12-06.38.58:590][  0]LogConfig: Applying CVar settings from Section [/Script/Engine.StreamingSettings] File [D:/UnrealProjects/StealthGame115/StealthGame/Saved/Config/Windows/Engine.ini]
[2020.02.12-06.38.58:590][  0]LogConfig: Setting CVar [[s.MinBulkDataSizeForAsyncLoading:131072]]
[2020.02.12-06.38.58:590][  0]LogConfig: Setting CVar [[s.AsyncLoadingThreadEnabled:0]]
[2020.02.12-06.38.58:591][  0]LogConfig: Setting CVar [[s.EventDrivenLoaderEnabled:1]]
[2020.02.12-06.38.58:591][  0]LogConfig: Setting CVar [[s.WarnIfTimeLimitExceeded:0]]
[2020.02.12-06.38.58:591][  0]LogConfig: Setting CVar [[s.TimeLimitExceededMultiplier:1.5]]
[2020.02.12-06.38.58:591][  0]LogConfig: Setting CVar [[s.TimeLimitExceededMinTime:0.005]]
[2020.02.12-06.38.58:591][  0]LogConfig: Setting CVar [[s.UseBackgroundLevelStreaming:1]]
[2020.02.12-06.38.58:591][  0]LogConfig: Setting CVar [[s.PriorityAsyncLoadingExtraTime:15.0]]
[2020.02.12-06.38.58:591][  0]LogConfig: Setting CVar [[s.LevelStreamingActorsUpdateTimeLimit:5.0]]
[2020.02.12-06.38.58:591][  0]LogConfig: Setting CVar [[s.PriorityLevelStreamingActorsUpdateExtraTime:5.0]]
[2020.02.12-06.38.58:591][  0]LogConfig: Setting CVar [[s.LevelStreamingComponentsRegistrationGranularity:10]]
[2020.02.12-06.38.58:591][  0]LogConfig: Setting CVar [[s.UnregisterComponentsTimeLimit:1.0]]
[2020.02.12-06.38.58:591][  0]LogConfig: Setting CVar [[s.LevelStreamingComponentsUnregistrationGranularity:5]]
[2020.02.12-06.38.58:591][  0]LogConfig: Applying CVar settings from Section [/Script/Engine.GarbageCollectionSettings] File [D:/UnrealProjects/StealthGame115/StealthGame/Saved/Config/Windows/Engine.ini]
[2020.02.12-06.38.58:591][  0]LogConfig: Setting CVar [[gc.MaxObjectsNotConsideredByGC:1]]
[2020.02.12-06.38.58:591][  0]LogConfig: Setting CVar [[gc.SizeOfPermanentObjectPool:0]]
[2020.02.12-06.38.58:592][  0]LogConfig: Setting CVar [[gc.FlushStreamingOnGC:0]]
[2020.02.12-06.38.58:592][  0]LogConfig: Setting CVar [[gc.NumRetriesBeforeForcingGC:10]]
[2020.02.12-06.38.58:592][  0]LogConfig: Setting CVar [[gc.AllowParallelGC:1]]
[2020.02.12-06.38.58:592][  0]LogConfig: Setting CVar [[gc.TimeBetweenPurgingPendingKillObjects:61.1]]
[2020.02.12-06.38.58:592][  0]LogConfig: Setting CVar [[gc.MaxObjectsInEditor:16777216]]
[2020.02.12-06.38.58:592][  0]LogConfig: Setting CVar [[gc.IncrementalBeginDestroyEnabled:1]]
[2020.02.12-06.38.58:592][  0]LogConfig: Setting CVar [[gc.CreateGCClusters:1]]
[2020.02.12-06.38.58:592][  0]LogConfig: Setting CVar [[gc.MinGCClusterSize:5]]
[2020.02.12-06.38.58:592][  0]LogConfig: Setting CVar [[gc.ActorClusteringEnabled:0]]
[2020.02.12-06.38.58:592][  0]LogConfig: Setting CVar [[gc.BlueprintClusteringEnabled:0]]
[2020.02.12-06.38.58:592][  0]LogConfig: Setting CVar [[gc.UseDisregardForGCOnDedicatedServers:0]]
[2020.02.12-06.38.58:592][  0]LogConfig: Applying CVar settings from Section [/Script/Engine.NetworkSettings] File [D:/UnrealProjects/StealthGame115/StealthGame/Saved/Config/Windows/Engine.ini]
[2020.02.12-06.38.58:592][  0]LogConfig: Applying CVar settings from Section [/Script/UnrealEd.CookerSettings] File [D:/UnrealProjects/StealthGame115/StealthGame/Saved/Config/Windows/Engine.ini]
[2020.02.12-06.38.58:598][  0]LogConfig: Applying CVar settings from Section [ViewDistanceQuality@3] File [D:/UnrealProjects/StealthGame115/StealthGame/Saved/Config/Windows/Scalability.ini]
[2020.02.12-06.38.58:598][  0]LogConfig: Setting CVar [[r.SkeletalMeshLODBias:0]]
[2020.02.12-06.38.58:598][  0]LogConfig: Setting CVar [[r.ViewDistanceScale:1.0]]
[2020.02.12-06.38.58:598][  0]LogConfig: Applying CVar settings from Section [AntiAliasingQuality@3] File [D:/UnrealProjects/StealthGame115/StealthGame/Saved/Config/Windows/Scalability.ini]
[2020.02.12-06.38.58:598][  0]LogConfig: Setting CVar [[r.PostProcessAAQuality:4]]
[2020.02.12-06.38.58:598][  0]LogConfig: Applying CVar settings from Section [ShadowQuality@3] File [D:/UnrealProjects/StealthGame115/StealthGame/Saved/Config/Windows/Scalability.ini]
[2020.02.12-06.38.58:598][  0]LogConfig: Setting CVar [[r.LightFunctionQuality:1]]
[2020.02.12-06.38.58:599][  0]LogConfig: Setting CVar [[r.ShadowQuality:5]]
[2020.02.12-06.38.58:599][  0]LogConfig: Setting CVar [[r.Shadow.CSM.MaxCascades:10]]
[2020.02.12-06.38.58:599][  0]LogConfig: Setting CVar [[r.Shadow.MaxResolution:2048]]
[2020.02.12-06.38.58:599][  0]LogConfig: Setting CVar [[r.Shadow.MaxCSMResolution:2048]]
[2020.02.12-06.38.58:599][  0]LogConfig: Setting CVar [[r.Shadow.RadiusThreshold:0.01]]
[2020.02.12-06.38.58:599][  0]LogConfig: Setting CVar [[r.Shadow.DistanceScale:1.0]]
[2020.02.12-06.38.58:599][  0]LogConfig: Setting CVar [[r.Shadow.CSM.TransitionScale:1.0]]
[2020.02.12-06.38.58:599][  0]LogConfig: Setting CVar [[r.Shadow.PreShadowResolutionFactor:1.0]]
[2020.02.12-06.38.58:599][  0]LogConfig: Setting CVar [[r.DistanceFieldShadowing:1]]
[2020.02.12-06.38.58:599][  0]LogConfig: Setting CVar [[r.DistanceFieldAO:1]]
[2020.02.12-06.38.58:599][  0]LogConfig: Setting CVar [[r.AOQuality:2]]
[2020.02.12-06.38.58:599][  0]LogConfig: Setting CVar [[r.VolumetricFog:1]]
[2020.02.12-06.38.58:599][  0]LogConfig: Setting CVar [[r.VolumetricFog.GridPixelSize:8]]
[2020.02.12-06.38.58:599][  0]LogConfig: Setting CVar [[r.VolumetricFog.GridSizeZ:128]]
[2020.02.12-06.38.58:599][  0]LogConfig: Setting CVar [[r.VolumetricFog.HistoryMissSupersampleCount:4]]
[2020.02.12-06.38.58:599][  0]LogConfig: Setting CVar [[r.LightMaxDrawDistanceScale:1]]
[2020.02.12-06.38.58:599][  0]LogConfig: Setting CVar [[r.CapsuleShadows:1]]
[2020.02.12-06.38.58:599][  0]LogConfig: Applying CVar settings from Section [PostProcessQuality@3] File [D:/UnrealProjects/StealthGame115/StealthGame/Saved/Config/Windows/Scalability.ini]
[2020.02.12-06.38.58:600][  0]LogConfig: Setting CVar [[r.MotionBlurQuality:4]]
[2020.02.12-06.38.58:600][  0]LogConfig: Setting CVar [[r.AmbientOcclusionMipLevelFactor:0.4]]
[2020.02.12-06.38.58:600][  0]LogConfig: Setting CVar [[r.AmbientOcclusionMaxQuality:100]]
[2020.02.12-06.38.58:600][  0]LogConfig: Setting CVar [[r.AmbientOcclusionLevels:-1]]
[2020.02.12-06.38.58:600][  0]LogConfig: Setting CVar [[r.AmbientOcclusionRadiusScale:1.0]]
[2020.02.12-06.38.58:600][  0]LogConfig: Setting CVar [[r.DepthOfFieldQuality:2]]
[2020.02.12-06.38.58:600][  0]LogConfig: Setting CVar [[r.RenderTargetPoolMin:400]]
[2020.02.12-06.38.58:600][  0]LogConfig: Setting CVar [[r.LensFlareQuality:2]]
[2020.02.12-06.38.58:600][  0]LogConfig: Setting CVar [[r.SceneColorFringeQuality:1]]
[2020.02.12-06.38.58:600][  0]LogConfig: Setting CVar [[r.EyeAdaptationQuality:2]]
[2020.02.12-06.38.58:600][  0]LogConfig: Setting CVar [[r.BloomQuality:5]]
[2020.02.12-06.38.58:600][  0]LogConfig: Setting CVar [[r.FastBlurThreshold:100]]
[2020.02.12-06.38.58:600][  0]LogConfig: Setting CVar [[r.Upscale.Quality:3]]
[2020.02.12-06.38.58:600][  0]LogConfig: Setting CVar [[r.Tonemapper.GrainQuantization:1]]
[2020.02.12-06.38.58:600][  0]LogConfig: Setting CVar [[r.LightShaftQuality:1]]
[2020.02.12-06.38.58:600][  0]LogConfig: Setting CVar [[r.Filter.SizeScale:1]]
[2020.02.12-06.38.58:600][  0]LogConfig: Setting CVar [[r.Tonemapper.Quality:5]]
[2020.02.12-06.38.58:600][  0]LogConfig: Setting CVar [[r.DOF.Gather.AccumulatorQuality:1        ; higher gathering accumulator quality]]
[2020.02.12-06.38.58:601][  0]LogConfig: Setting CVar [[r.DOF.Gather.PostfilterMethod:1          ; Median3x3 postfilering method]]
[2020.02.12-06.38.58:601][  0]LogConfig: Setting CVar [[r.DOF.Gather.EnableBokehSettings:0       ; no bokeh simulation when gathering]]
[2020.02.12-06.38.58:601][  0]LogConfig: Setting CVar [[r.DOF.Gather.RingCount:4                 ; medium number of samples when gathering]]
[2020.02.12-06.38.58:601][  0]LogConfig: Setting CVar [[r.DOF.Scatter.ForegroundCompositing:1    ; additive foreground scattering]]
[2020.02.12-06.38.58:601][  0]LogConfig: Setting CVar [[r.DOF.Scatter.BackgroundCompositing:2    ; additive background scattering]]
[2020.02.12-06.38.58:601][  0]LogConfig: Setting CVar [[r.DOF.Scatter.EnableBokehSettings:1      ; bokeh simulation when scattering]]
[2020.02.12-06.38.58:601][  0]LogConfig: Setting CVar [[r.DOF.Scatter.MaxSpriteRatio:0.1         ; only a maximum of 10% of scattered bokeh]]
[2020.02.12-06.38.58:601][  0]LogConfig: Setting CVar [[r.DOF.Recombine.Quality:1                ; cheap slight out of focus]]
[2020.02.12-06.38.58:601][  0]LogConfig: Setting CVar [[r.DOF.Recombine.EnableBokehSettings:0    ; no bokeh simulation on slight out of focus]]
[2020.02.12-06.38.58:601][  0]LogConfig: Setting CVar [[r.DOF.TemporalAAQuality:1                ; more stable temporal accumulation]]
[2020.02.12-06.38.58:601][  0]LogConfig: Setting CVar [[r.DOF.Kernel.MaxForegroundRadius:0.025]]
[2020.02.12-06.38.58:601][  0]LogConfig: Setting CVar [[r.DOF.Kernel.MaxBackgroundRadius:0.025]]
[2020.02.12-06.38.58:601][  0]LogConfig: Applying CVar settings from Section [TextureQuality@3] File [D:/UnrealProjects/StealthGame115/StealthGame/Saved/Config/Windows/Scalability.ini]
[2020.02.12-06.38.58:601][  0]LogConfig: Setting CVar [[r.Streaming.MipBias:0]]
[2020.02.12-06.38.58:601][  0]LogConfig: Setting CVar [[r.Streaming.AmortizeCPUToGPUCopy:0]]
[2020.02.12-06.38.58:601][  0]LogConfig: Setting CVar [[r.Streaming.MaxNumTexturesToStreamPerFrame:0]]
[2020.02.12-06.38.58:602][  0]LogConfig: Setting CVar [[r.Streaming.Boost:1]]
[2020.02.12-06.38.58:602][  0]LogConfig: Setting CVar [[r.MaxAnisotropy:8]]
[2020.02.12-06.38.58:602][  0]LogConfig: Setting CVar [[r.Streaming.LimitPoolSizeToVRAM:0]]
[2020.02.12-06.38.58:602][  0]LogConfig: Setting CVar [[r.Streaming.PoolSize:1000]]
[2020.02.12-06.38.58:602][  0]LogConfig: Setting CVar [[r.Streaming.MaxEffectiveScreenSize:0]]
[2020.02.12-06.38.58:602][  0]LogConfig: Applying CVar settings from Section [EffectsQuality@3] File [D:/UnrealProjects/StealthGame115/StealthGame/Saved/Config/Windows/Scalability.ini]
[2020.02.12-06.38.58:602][  0]LogConfig: Setting CVar [[r.TranslucencyLightingVolumeDim:64]]
[2020.02.12-06.38.58:602][  0]LogConfig: Setting CVar [[r.RefractionQuality:2]]
[2020.02.12-06.38.58:602][  0]LogConfig: Setting CVar [[r.SSR.Quality:3]]
[2020.02.12-06.38.58:602][  0]LogConfig: Setting CVar [[r.SceneColorFormat:4]]
[2020.02.12-06.38.58:602][  0]LogConfig: Setting CVar [[r.DetailMode:2]]
[2020.02.12-06.38.58:602][  0]LogConfig: Setting CVar [[r.TranslucencyVolumeBlur:1]]
[2020.02.12-06.38.58:602][  0]LogConfig: Setting CVar [[r.MaterialQualityLevel:1 ; High quality]]
[2020.02.12-06.38.58:602][  0]LogConfig: Setting CVar [[r.SSS.Scale:1]]
[2020.02.12-06.38.58:602][  0]LogConfig: Setting CVar [[r.SSS.SampleSet:2]]
[2020.02.12-06.38.58:602][  0]LogConfig: Setting CVar [[r.SSS.Quality:1]]
[2020.02.12-06.38.58:602][  0]LogConfig: Setting CVar [[r.SSS.HalfRes:1]]
[2020.02.12-06.38.58:603][  0]LogConfig: Setting CVar [[r.EmitterSpawnRateScale:1.0]]
[2020.02.12-06.38.58:603][  0]LogConfig: Setting CVar [[r.ParticleLightQuality:2]]
[2020.02.12-06.38.58:603][  0]LogConfig: Applying CVar settings from Section [FoliageQuality@3] File [D:/UnrealProjects/StealthGame115/StealthGame/Saved/Config/Windows/Scalability.ini]
[2020.02.12-06.38.58:603][  0]LogConfig: Setting CVar [[foliage.DensityScale:1.0]]
[2020.02.12-06.38.58:603][  0]LogConfig: Setting CVar [[grass.DensityScale:1.0]]
[2020.02.12-06.38.58:603][  0]LogInit: Selected Device Profile: [Windows]
[2020.02.12-06.38.58:603][  0]LogInit: Applying CVar settings loaded from the selected device profile: [Windows]
[2020.02.12-06.38.58:606][  0]LogHAL: Display: Platform has ~ 16 GB [17062100992 / 17179869184 / 16], which maps to Larger [LargestMinGB=32, LargerMinGB=12, DefaultMinGB=8, SmallerMinGB=6, SmallestMinGB=0)
[2020.02.12-06.38.58:606][  0]LogInit: Going up to parent DeviceProfile []
[2020.02.12-06.38.58:606][  0]LogConfig: Applying CVar settings from Section [ViewDistanceQuality@3] File [D:/UnrealProjects/StealthGame115/StealthGame/Saved/Config/Windows/Scalability.ini]
[2020.02.12-06.38.58:606][  0]LogConfig: Setting CVar [[r.SkeletalMeshLODBias:0]]
[2020.02.12-06.38.58:606][  0]LogConfig: Setting CVar [[r.ViewDistanceScale:1.0]]
[2020.02.12-06.38.58:606][  0]LogConfig: Applying CVar settings from Section [AntiAliasingQuality@3] File [D:/UnrealProjects/StealthGame115/StealthGame/Saved/Config/Windows/Scalability.ini]
[2020.02.12-06.38.58:606][  0]LogConfig: Setting CVar [[r.PostProcessAAQuality:4]]
[2020.02.12-06.38.58:606][  0]LogConfig: Applying CVar settings from Section [ShadowQuality@3] File [D:/UnrealProjects/StealthGame115/StealthGame/Saved/Config/Windows/Scalability.ini]
[2020.02.12-06.38.58:606][  0]LogConfig: Setting CVar [[r.LightFunctionQuality:1]]
[2020.02.12-06.38.58:606][  0]LogConfig: Setting CVar [[r.ShadowQuality:5]]
[2020.02.12-06.38.58:607][  0]LogConfig: Setting CVar [[r.Shadow.CSM.MaxCascades:10]]
[2020.02.12-06.38.58:607][  0]LogConfig: Setting CVar [[r.Shadow.MaxResolution:2048]]
[2020.02.12-06.38.58:607][  0]LogConfig: Setting CVar [[r.Shadow.MaxCSMResolution:2048]]
[2020.02.12-06.38.58:607][  0]LogConfig: Setting CVar [[r.Shadow.RadiusThreshold:0.01]]
[2020.02.12-06.38.58:607][  0]LogConfig: Setting CVar [[r.Shadow.DistanceScale:1.0]]
[2020.02.12-06.38.58:607][  0]LogConfig: Setting CVar [[r.Shadow.CSM.TransitionScale:1.0]]
[2020.02.12-06.38.58:607][  0]LogConfig: Setting CVar [[r.Shadow.PreShadowResolutionFactor:1.0]]
[2020.02.12-06.38.58:607][  0]LogConfig: Setting CVar [[r.DistanceFieldShadowing:1]]
[2020.02.12-06.38.58:607][  0]LogConfig: Setting CVar [[r.DistanceFieldAO:1]]
[2020.02.12-06.38.58:607][  0]LogConfig: Setting CVar [[r.AOQuality:2]]
[2020.02.12-06.38.58:607][  0]LogConfig: Setting CVar [[r.VolumetricFog:1]]
[2020.02.12-06.38.58:607][  0]LogConfig: Setting CVar [[r.VolumetricFog.GridPixelSize:8]]
[2020.02.12-06.38.58:607][  0]LogConfig: Setting CVar [[r.VolumetricFog.GridSizeZ:128]]
[2020.02.12-06.38.58:607][  0]LogConfig: Setting CVar [[r.VolumetricFog.HistoryMissSupersampleCount:4]]
[2020.02.12-06.38.58:607][  0]LogConfig: Setting CVar [[r.LightMaxDrawDistanceScale:1]]
[2020.02.12-06.38.58:608][  0]LogConfig: Setting CVar [[r.CapsuleShadows:1]]
[2020.02.12-06.38.58:608][  0]LogConfig: Applying CVar settings from Section [PostProcessQuality@3] File [D:/UnrealProjects/StealthGame115/StealthGame/Saved/Config/Windows/Scalability.ini]
[2020.02.12-06.38.58:608][  0]LogConfig: Setting CVar [[r.MotionBlurQuality:4]]
[2020.02.12-06.38.58:608][  0]LogConfig: Setting CVar [[r.AmbientOcclusionMipLevelFactor:0.4]]
[2020.02.12-06.38.58:608][  0]LogConfig: Setting CVar [[r.AmbientOcclusionMaxQuality:100]]
[2020.02.12-06.38.58:608][  0]LogConfig: Setting CVar [[r.AmbientOcclusionLevels:-1]]
[2020.02.12-06.38.58:608][  0]LogConfig: Setting CVar [[r.AmbientOcclusionRadiusScale:1.0]]
[2020.02.12-06.38.58:608][  0]LogConfig: Setting CVar [[r.DepthOfFieldQuality:2]]
[2020.02.12-06.38.58:608][  0]LogConfig: Setting CVar [[r.RenderTargetPoolMin:400]]
[2020.02.12-06.38.58:608][  0]LogConfig: Setting CVar [[r.LensFlareQuality:2]]
[2020.02.12-06.38.58:608][  0]LogConfig: Setting CVar [[r.SceneColorFringeQuality:1]]
[2020.02.12-06.38.58:608][  0]LogConfig: Setting CVar [[r.EyeAdaptationQuality:2]]
[2020.02.12-06.38.58:608][  0]LogConfig: Setting CVar [[r.BloomQuality:5]]
[2020.02.12-06.38.58:608][  0]LogConfig: Setting CVar [[r.FastBlurThreshold:100]]
[2020.02.12-06.38.58:608][  0]LogConfig: Setting CVar [[r.Upscale.Quality:3]]
[2020.02.12-06.38.58:608][  0]LogConfig: Setting CVar [[r.Tonemapper.GrainQuantization:1]]
[2020.02.12-06.38.58:608][  0]LogConfig: Setting CVar [[r.LightShaftQuality:1]]
[2020.02.12-06.38.58:608][  0]LogConfig: Setting CVar [[r.Filter.SizeScale:1]]
[2020.02.12-06.38.58:609][  0]LogConfig: Setting CVar [[r.Tonemapper.Quality:5]]
[2020.02.12-06.38.58:609][  0]LogConfig: Setting CVar [[r.DOF.Gather.AccumulatorQuality:1        ; higher gathering accumulator quality]]
[2020.02.12-06.38.58:609][  0]LogConfig: Setting CVar [[r.DOF.Gather.PostfilterMethod:1          ; Median3x3 postfilering method]]
[2020.02.12-06.38.58:609][  0]LogConfig: Setting CVar [[r.DOF.Gather.EnableBokehSettings:0       ; no bokeh simulation when gathering]]
[2020.02.12-06.38.58:609][  0]LogConfig: Setting CVar [[r.DOF.Gather.RingCount:4                 ; medium number of samples when gathering]]
[2020.02.12-06.38.58:609][  0]LogConfig: Setting CVar [[r.DOF.Scatter.ForegroundCompositing:1    ; additive foreground scattering]]
[2020.02.12-06.38.58:609][  0]LogConfig: Setting CVar [[r.DOF.Scatter.BackgroundCompositing:2    ; additive background scattering]]
[2020.02.12-06.38.58:609][  0]LogConfig: Setting CVar [[r.DOF.Scatter.EnableBokehSettings:1      ; bokeh simulation when scattering]]
[2020.02.12-06.38.58:609][  0]LogConfig: Setting CVar [[r.DOF.Scatter.MaxSpriteRatio:0.1         ; only a maximum of 10% of scattered bokeh]]
[2020.02.12-06.38.58:609][  0]LogConfig: Setting CVar [[r.DOF.Recombine.Quality:1                ; cheap slight out of focus]]
[2020.02.12-06.38.58:609][  0]LogConfig: Setting CVar [[r.DOF.Recombine.EnableBokehSettings:0    ; no bokeh simulation on slight out of focus]]
[2020.02.12-06.38.58:609][  0]LogConfig: Setting CVar [[r.DOF.TemporalAAQuality:1                ; more stable temporal accumulation]]
[2020.02.12-06.38.58:609][  0]LogConfig: Setting CVar [[r.DOF.Kernel.MaxForegroundRadius:0.025]]
[2020.02.12-06.38.58:609][  0]LogConfig: Setting CVar [[r.DOF.Kernel.MaxBackgroundRadius:0.025]]
[2020.02.12-06.38.58:609][  0]LogConfig: Applying CVar settings from Section [TextureQuality@3] File [D:/UnrealProjects/StealthGame115/StealthGame/Saved/Config/Windows/Scalability.ini]
[2020.02.12-06.38.58:609][  0]LogConfig: Setting CVar [[r.Streaming.MipBias:0]]
[2020.02.12-06.38.58:609][  0]LogConfig: Setting CVar [[r.Streaming.AmortizeCPUToGPUCopy:0]]
[2020.02.12-06.38.58:609][  0]LogConfig: Setting CVar [[r.Streaming.MaxNumTexturesToStreamPerFrame:0]]
[2020.02.12-06.38.58:610][  0]LogConfig: Setting CVar [[r.Streaming.Boost:1]]
[2020.02.12-06.38.58:610][  0]LogConfig: Setting CVar [[r.MaxAnisotropy:8]]
[2020.02.12-06.38.58:610][  0]LogConfig: Setting CVar [[r.Streaming.LimitPoolSizeToVRAM:0]]
[2020.02.12-06.38.58:610][  0]LogConfig: Setting CVar [[r.Streaming.PoolSize:1000]]
[2020.02.12-06.38.58:610][  0]LogConfig: Setting CVar [[r.Streaming.MaxEffectiveScreenSize:0]]
[2020.02.12-06.38.58:610][  0]LogConfig: Applying CVar settings from Section [EffectsQuality@3] File [D:/UnrealProjects/StealthGame115/StealthGame/Saved/Config/Windows/Scalability.ini]
[2020.02.12-06.38.58:610][  0]LogConfig: Setting CVar [[r.TranslucencyLightingVolumeDim:64]]
[2020.02.12-06.38.58:610][  0]LogConfig: Setting CVar [[r.RefractionQuality:2]]
[2020.02.12-06.38.58:610][  0]LogConfig: Setting CVar [[r.SSR.Quality:3]]
[2020.02.12-06.38.58:610][  0]LogConfig: Setting CVar [[r.SceneColorFormat:4]]
[2020.02.12-06.38.58:610][  0]LogConfig: Setting CVar [[r.DetailMode:2]]
[2020.02.12-06.38.58:610][  0]LogConfig: Setting CVar [[r.TranslucencyVolumeBlur:1]]
[2020.02.12-06.38.58:610][  0]LogConfig: Setting CVar [[r.MaterialQualityLevel:1 ; High quality]]
[2020.02.12-06.38.58:610][  0]LogConfig: Setting CVar [[r.SSS.Scale:1]]
[2020.02.12-06.38.58:610][  0]LogConfig: Setting CVar [[r.SSS.SampleSet:2]]
[2020.02.12-06.38.58:610][  0]LogConfig: Setting CVar [[r.SSS.Quality:1]]
[2020.02.12-06.38.58:610][  0]LogConfig: Setting CVar [[r.SSS.HalfRes:1]]
[2020.02.12-06.38.58:610][  0]LogConfig: Setting CVar [[r.EmitterSpawnRateScale:1.0]]
[2020.02.12-06.38.58:611][  0]LogConfig: Setting CVar [[r.ParticleLightQuality:2]]
[2020.02.12-06.38.58:611][  0]LogConfig: Applying CVar settings from Section [FoliageQuality@3] File [D:/UnrealProjects/StealthGame115/StealthGame/Saved/Config/Windows/Scalability.ini]
[2020.02.12-06.38.58:611][  0]LogConfig: Setting CVar [[foliage.DensityScale:1.0]]
[2020.02.12-06.38.58:611][  0]LogConfig: Setting CVar [[grass.DensityScale:1.0]]
[2020.02.12-06.38.58:611][  0]LogConfig: Applying CVar settings from Section [Startup] File [../../../Engine/Config/ConsoleVariables.ini]
[2020.02.12-06.38.58:611][  0]LogConfig: Setting CVar [[net.UseAdaptiveNetUpdateFrequency:0]]
[2020.02.12-06.38.58:611][  0]LogConfig: Setting CVar [[p.chaos.AllowCreatePhysxBodies:1]]
[2020.02.12-06.38.58:611][  0]LogConfig: Applying CVar settings from Section [ConsoleVariables] File [D:/UnrealProjects/StealthGame115/StealthGame/Saved/Config/Windows/Engine.ini]
[2020.02.12-06.38.58:611][  0]LogInit: Computer: MSI
[2020.02.12-06.38.58:611][  0]LogInit: User: FelipeGasca
[2020.02.12-06.38.58:611][  0]LogInit: CPU Page size=4096, Cores=4
[2020.02.12-06.38.58:611][  0]LogInit: High frequency timer resolution =10.000000 MHz
[2020.02.12-06.38.58:612][  0]LogMemory: Memory total: Physical=15.9GB (16GB approx)
[2020.02.12-06.38.58:612][  0]LogMemory: Platform Memory Stats for Windows
[2020.02.12-06.38.58:612][  0]LogMemory: Process Physical Memory: 101.70 MB used, 101.70 MB peak
[2020.02.12-06.38.58:612][  0]LogMemory: Process Virtual Memory: 101.02 MB used, 101.02 MB peak
[2020.02.12-06.38.58:612][  0]LogMemory: Physical Memory: 9598.88 MB used,  6672.80 MB free, 16271.69 MB total
[2020.02.12-06.38.58:612][  0]LogMemory: Virtual Memory: 4669.43 MB used,  134213056.00 MB free, 134217728.00 MB total
[2020.02.12-06.38.58:619][  0]LogWindows: WindowsPlatformFeatures enabled
[2020.02.12-06.38.58:858][  0]LogInit: Overriding language with editor language configuration option (en).
[2020.02.12-06.38.58:859][  0]LogInit: Overriding locale with editor locale configuration option (en).
[2020.02.12-06.38.59:029][  0]LogInit: Setting process to per monitor DPI aware
[2020.02.12-06.38.59:107][  0]LogSlate: New Slate User Created.  User Index 0, Is Virtual User: 0
[2020.02.12-06.38.59:107][  0]LogSlate: Slate User Registered.  User Index 0, Is Virtual User: 0
[2020.02.12-06.39.00:216][  0]LogHMD: Failed to initialize OpenVR with code 110
[2020.02.12-06.39.00:216][  0]LogD3D11RHI: D3D11 adapters:
[2020.02.12-06.39.00:440][  0]LogD3D11RHI:    0. 'NVIDIA GeForce GTX 1060' (Feature Level 11_0)
[2020.02.12-06.39.00:440][  0]LogD3D11RHI:       6052/0/8135 MB DedicatedVideo/DedicatedSystem/SharedSystem, Outputs:1, VendorId:0x10de
[2020.02.12-06.39.00:473][  0]LogD3D11RHI:    1. 'Intel(R) HD Graphics 630' (Feature Level 11_0)
[2020.02.12-06.39.00:473][  0]LogD3D11RHI:       128/0/8135 MB DedicatedVideo/DedicatedSystem/SharedSystem, Outputs:0, VendorId:0x8086
[2020.02.12-06.39.00:480][  0]LogD3D11RHI:    2. 'Microsoft Basic Render Driver' (Feature Level 11_0)
[2020.02.12-06.39.00:480][  0]LogD3D11RHI:       0/0/8135 MB DedicatedVideo/DedicatedSystem/SharedSystem, Outputs:0, VendorId:0x1414
[2020.02.12-06.39.00:480][  0]LogD3D11RHI: Chosen D3D11 Adapter: 0
[2020.02.12-06.39.00:530][  0]LogD3D11RHI: Creating new Direct3DDevice
[2020.02.12-06.39.00:531][  0]LogD3D11RHI:     GPU DeviceId: 0x1c20 (for the marketing name, search the web for "GPU Device Id")
[2020.02.12-06.39.00:531][  0]LogWindows: EnumDisplayDevices:
[2020.02.12-06.39.00:531][  0]LogWindows:    0. 'Intel(R) HD Graphics 630' (P:1 D:1)
[2020.02.12-06.39.00:532][  0]LogWindows:    1. 'Intel(R) HD Graphics 630' (P:0 D:0)
[2020.02.12-06.39.00:533][  0]LogWindows:    2. 'Intel(R) HD Graphics 630' (P:0 D:0)
[2020.02.12-06.39.00:534][  0]LogWindows:    3. 'NVIDIA GeForce GTX 1060' (P:0 D:0)
[2020.02.12-06.39.00:534][  0]LogWindows:    4. 'NVIDIA GeForce GTX 1060' (P:0 D:0)
[2020.02.12-06.39.00:535][  0]LogWindows:    5. 'NVIDIA GeForce GTX 1060' (P:0 D:0)
[2020.02.12-06.39.00:536][  0]LogWindows:    6. 'NVIDIA GeForce GTX 1060' (P:0 D:0)
[2020.02.12-06.39.00:537][  0]LogWindows: DebugString: PrimaryIsNotTheChoosenAdapter PrimaryIsNotTheChoosenAdapter PrimaryIsNotTheChoosenAdapter FoundDriverCount:4 
[2020.02.12-06.39.00:537][  0]LogD3D11RHI:     Adapter Name: NVIDIA GeForce GTX 1060
[2020.02.12-06.39.00:537][  0]LogD3D11RHI:   Driver Version: 441.66 (internal:26.21.14.4166, unified:441.66)
[2020.02.12-06.39.00:537][  0]LogD3D11RHI:      Driver Date: 12-6-2019
[2020.02.12-06.39.00:537][  0]LogRHI: Texture pool is 4236 MB (70% of 6052 MB)
[2020.02.12-06.39.00:603][  0]LogD3D11RHI: Async texture creation enabled
[2020.02.12-06.39.00:617][  0]LogD3D11RHI: GPU Timing Frequency: 1000.000000 (Debug: 2 1)
[2020.02.12-06.39.01:028][  0]LogTemp: Display: Module 'AllDesktopTargetPlatform' loaded TargetPlatform 'AllDesktop'
[2020.02.12-06.39.01:040][  0]LogTemp: Display: Module 'MacClientTargetPlatform' loaded TargetPlatform 'MacClient'
[2020.02.12-06.39.01:051][  0]LogTemp: Display: Module 'MacNoEditorTargetPlatform' loaded TargetPlatform 'MacNoEditor'
[2020.02.12-06.39.01:066][  0]LogTemp: Display: Module 'MacServerTargetPlatform' loaded TargetPlatform 'MacServer'
[2020.02.12-06.39.01:078][  0]LogTemp: Display: Module 'MacTargetPlatform' loaded TargetPlatform 'Mac'
[2020.02.12-06.39.01:089][  0]LogTemp: Display: Module 'WindowsClientTargetPlatform' loaded TargetPlatform 'WindowsClient'
[2020.02.12-06.39.01:101][  0]LogTemp: Display: Module 'WindowsNoEditorTargetPlatform' loaded TargetPlatform 'WindowsNoEditor'
[2020.02.12-06.39.01:113][  0]LogTemp: Display: Module 'WindowsServerTargetPlatform' loaded TargetPlatform 'WindowsServer'
[2020.02.12-06.39.01:121][  0]LogTemp: Display: Module 'WindowsTargetPlatform' loaded TargetPlatform 'Windows'
[2020.02.12-06.39.01:156][  0]LogTemp: Display: Module 'AndroidTargetPlatform' loaded TargetPlatform 'Android'
[2020.02.12-06.39.01:156][  0]LogTemp: Display: Module 'AndroidTargetPlatform' loaded TargetPlatform 'Android_ASTC'
[2020.02.12-06.39.01:156][  0]LogTemp: Display: Module 'AndroidTargetPlatform' loaded TargetPlatform 'Android_ATC'
[2020.02.12-06.39.01:156][  0]LogTemp: Display: Module 'AndroidTargetPlatform' loaded TargetPlatform 'Android_DXT'
[2020.02.12-06.39.01:157][  0]LogTemp: Display: Module 'AndroidTargetPlatform' loaded TargetPlatform 'Android_ETC1'
[2020.02.12-06.39.01:157][  0]LogTemp: Display: Module 'AndroidTargetPlatform' loaded TargetPlatform 'Android_ETC1a'
[2020.02.12-06.39.01:157][  0]LogTemp: Display: Module 'AndroidTargetPlatform' loaded TargetPlatform 'Android_ETC2'
[2020.02.12-06.39.01:157][  0]LogTemp: Display: Module 'AndroidTargetPlatform' loaded TargetPlatform 'Android_PVRTC'
[2020.02.12-06.39.01:157][  0]LogTemp: Display: Module 'AndroidTargetPlatform' loaded TargetPlatform 'AndroidClient'
[2020.02.12-06.39.01:157][  0]LogTemp: Display: Module 'AndroidTargetPlatform' loaded TargetPlatform 'Android_ASTCClient'
[2020.02.12-06.39.01:157][  0]LogTemp: Display: Module 'AndroidTargetPlatform' loaded TargetPlatform 'Android_ATCClient'
[2020.02.12-06.39.01:157][  0]LogTemp: Display: Module 'AndroidTargetPlatform' loaded TargetPlatform 'Android_DXTClient'
[2020.02.12-06.39.01:158][  0]LogTemp: Display: Module 'AndroidTargetPlatform' loaded TargetPlatform 'Android_ETC1Client'
[2020.02.12-06.39.01:158][  0]LogTemp: Display: Module 'AndroidTargetPlatform' loaded TargetPlatform 'Android_ETC1aClient'
[2020.02.12-06.39.01:158][  0]LogTemp: Display: Module 'AndroidTargetPlatform' loaded TargetPlatform 'Android_ETC2Client'
[2020.02.12-06.39.01:158][  0]LogTemp: Display: Module 'AndroidTargetPlatform' loaded TargetPlatform 'Android_PVRTCClient'
[2020.02.12-06.39.01:158][  0]LogTemp: Display: Module 'AndroidTargetPlatform' loaded TargetPlatform 'Android_Multi'
[2020.02.12-06.39.01:158][  0]LogTemp: Display: Module 'AndroidTargetPlatform' loaded TargetPlatform 'Android_MultiClient'
[2020.02.12-06.39.01:162][  0]LogTemp: Display: Module 'HTML5TargetPlatform' loaded TargetPlatform 'HTML5'
[2020.02.12-06.39.01:191][  0]LogTemp: Display: Module 'IOSTargetPlatform' loaded TargetPlatform 'IOSClient'
[2020.02.12-06.39.01:191][  0]LogTemp: Display: Module 'IOSTargetPlatform' loaded TargetPlatform 'IOS'
[2020.02.12-06.39.01:208][  0]LogTemp: Display: Module 'TVOSTargetPlatform' loaded TargetPlatform 'TVOSClient'
[2020.02.12-06.39.01:208][  0]LogTemp: Display: Module 'TVOSTargetPlatform' loaded TargetPlatform 'TVOS'
[2020.02.12-06.39.01:221][  0]LogTemp: Display: Module 'LinuxClientTargetPlatform' loaded TargetPlatform 'LinuxClient'
[2020.02.12-06.39.01:233][  0]LogTemp: Display: Module 'LinuxNoEditorTargetPlatform' loaded TargetPlatform 'LinuxNoEditor'
[2020.02.12-06.39.01:246][  0]LogTemp: Display: Module 'LinuxServerTargetPlatform' loaded TargetPlatform 'LinuxServer'
[2020.02.12-06.39.01:260][  0]LogTemp: Display: Module 'LinuxTargetPlatform' loaded TargetPlatform 'Linux'
[2020.02.12-06.39.01:298][  0]LogTemp: Display: Module 'LuminTargetPlatform' loaded TargetPlatform 'Lumin'
[2020.02.12-06.39.01:298][  0]LogTemp: Display: Module 'LuminTargetPlatform' loaded TargetPlatform 'LuminClient'
[2020.02.12-06.39.01:298][  0]LogTargetPlatformManager: Display: Building Assets For Windows
[2020.02.12-06.39.01:320][  0]LogAudioDebug: Display: Lib vorbis DLL was dynamically loaded.
[2020.02.12-06.39.01:422][  0]LogShaderCompilers: Guid format shader working directory is -6 characters bigger than the processId version (../../../../../../UnrealProjects/StealthGame115/StealthGame/Intermediate/Shaders/WorkingDirectory/8988/).
[2020.02.12-06.39.01:422][  0]LogShaderCompilers: Cleaned the shader compiler working directory 'C:/Users/Felipe Gasca/AppData/Local/Temp/UnrealShaderWorkingDir/B7D2B0B8488FFC6F14FE9189E10CD977/'.
[2020.02.12-06.39.01:424][  0]LogXGEController: Cleaning working directory: C:/Users/Felipe Gasca/AppData/Local/Temp/UnrealXGEWorkingDir/
[2020.02.12-06.39.01:426][  0]LogShaderCompilers: Display: Using XGE Shader Compiler (Interception Interface).
[2020.02.12-06.39.02:134][  0]LogDerivedDataCache: Display: Max Cache Size: 512 MB
[2020.02.12-06.39.02:183][  0]LogDerivedDataCache: Loaded boot cache 0.05s 76MB C:/Users/Felipe Gasca/AppData/Local/UnrealEngine/4.23/DerivedDataCache/Boot.ddc.
[2020.02.12-06.39.02:183][  0]LogDerivedDataCache: Display: Loaded Boot cache: C:/Users/Felipe Gasca/AppData/Local/UnrealEngine/4.23/DerivedDataCache/Boot.ddc
[2020.02.12-06.39.02:183][  0]LogDerivedDataCache: FDerivedDataBackendGraph:  Pak pak cache file ../../../../../../UnrealProjects/StealthGame115/StealthGame/DerivedDataCache/DDC.ddp not found, will not use a pak cache.
[2020.02.12-06.39.02:183][  0]LogDerivedDataCache: Unable to find inner node Pak for hierarchical cache Hierarchy.
[2020.02.12-06.39.02:184][  0]LogDerivedDataCache: FDerivedDataBackendGraph:  CompressedPak pak cache file ../../../../../../UnrealProjects/StealthGame115/StealthGame/DerivedDataCache/Compressed.ddp not found, will not use a pak cache.
[2020.02.12-06.39.02:184][  0]LogDerivedDataCache: Unable to find inner node CompressedPak for hierarchical cache Hierarchy.
[2020.02.12-06.39.02:196][  0]LogDerivedDataCache: Display: Pak cache opened for reading ../../../Engine/DerivedDataCache/Compressed.ddp.
[2020.02.12-06.39.02:196][  0]LogDerivedDataCache: FDerivedDataBackendGraph:  EnterprisePak pak cache file ../../../Enterprise/DerivedDataCache/Compressed.ddp not found, will not use a pak cache.
[2020.02.12-06.39.02:196][  0]LogDerivedDataCache: Unable to find inner node EnterprisePak for hierarchical cache Hierarchy.
[2020.02.12-06.39.02:200][  0]LogDerivedDataCache: Using Local data cache path C:/Users/Felipe Gasca/AppData/Local/UnrealEngine/Common/DerivedDataCache: Writable
[2020.02.12-06.39.02:200][  0]LogDerivedDataCache: Shared data cache path not found in *engine.ini, will not use an Shared cache.
[2020.02.12-06.39.02:200][  0]LogDerivedDataCache: Unable to find inner node Shared for hierarchical cache Hierarchy.
[2020.02.12-06.39.02:227][  0]LogMaterial: Verifying Global Shaders for PCD3D_SM5
[2020.02.12-06.39.02:231][  0]LogSlate: Using FreeType 2.6.0
[2020.02.12-06.39.02:232][  0]LogSlate: SlateFontServices - WITH_FREETYPE: 1, WITH_HARFBUZZ: 1
[2020.02.12-06.39.02:315][  0]LogAssetRegistry: FAssetRegistry took 0.0072 seconds to start up
[2020.02.12-06.39.02:596][  0]LogInit: Selected Device Profile: [Windows]
[2020.02.12-06.39.02:792][  0]LogMeshReduction: Using QuadricMeshReduction for automatic static mesh reduction
[2020.02.12-06.39.02:792][  0]LogMeshReduction: Using SimplygonMeshReduction for automatic skeletal mesh reduction
[2020.02.12-06.39.02:792][  0]LogMeshReduction: Using ProxyLODMeshReduction for automatic mesh merging
[2020.02.12-06.39.02:792][  0]LogMeshReduction: No distributed automatic mesh merging module available
[2020.02.12-06.39.02:792][  0]LogMeshMerging: No distributed automatic mesh merging module available
[2020.02.12-06.39.02:809][  0]LogNetVersion: FPSGame 1.0.0, NetCL: 8386587, EngineNetVer: 11, GameNetVer: 0 (Checksum: 2384151453)
[2020.02.12-06.39.03:243][  0]LogPackageLocalizationCache: Processed 12 localized package path(s) for 1 prioritized culture(s) in 0.047301 seconds
[2020.02.12-06.39.03:250][  0]LogUObjectArray: 43444 objects as part of root set at end of initial load.
[2020.02.12-06.39.03:250][  0]LogUObjectAllocator: 7548648 out of 0 bytes used by permanent object pool.
[2020.02.12-06.39.03:250][  0]LogUObjectArray: CloseDisregardForGC: 0/0 objects in disregard for GC pool
[2020.02.12-06.39.04:453][  0]LogTcpMessaging: Initializing TcpMessaging bridge
[2020.02.12-06.39.04:461][  0]LogUdpMessaging: Initializing bridge on interface 0.0.0.0:0 to multicast group 230.0.0.1:6666.
[2020.02.12-06.39.04:781][  0]SourceControl: Source control is disabled
[2020.02.12-06.39.04:782][  0]SourceControl: Source control is disabled
[2020.02.12-06.39.04:786][  0]SourceControl: Source control is disabled
[2020.02.12-06.39.04:790][  0]SourceControl: Source control is disabled
[2020.02.12-06.39.04:987][  0]LogAndroidPermission: UAndroidPermissionCallbackProxy::GetInstance
[2020.02.12-06.39.05:238][  0]LogOcInput: OculusInput pre-init called
[2020.02.12-06.39.05:251][  0]LogWindows: Failed to load 'OVRPlugin.dll' (GetLastError=126)
[2020.02.12-06.39.05:251][  0]LogWindows: File 'OVRPlugin.dll' does not exist
[2020.02.12-06.39.05:336][  0]LogEngine: Initializing Engine...
[2020.02.12-06.39.05:338][  0]LogHMD: Failed to initialize OpenVR with code 110
[2020.02.12-06.39.05:339][  0]LogStats: UGameplayTagsManager::InitializeManager -  0.000 s
[2020.02.12-06.39.05:560][  0]LogInit: Initializing FReadOnlyCVARCache
[2020.02.12-06.39.05:579][  0]LogAIModule: Creating AISystem for world Untitled
[2020.02.12-06.39.05:615][  0]LogInit: XAudio2 using 'HeadPhone/Digital Output (Realtek(R) Audio)' : 2 channels at 48 kHz using 32 bits per sample (channel mask 0x3)
[2020.02.12-06.39.05:673][  0]LogInit: FAudioDevice initialized.
[2020.02.12-06.39.05:674][  0]LogNetVersion: Set ProjectVersion to 1.0.0.0. Version Checksum will be recalculated on next use.
[2020.02.12-06.39.05:764][  0]LogDerivedDataCache: Saved boot cache 0.09s 76MB C:/Users/Felipe Gasca/AppData/Local/UnrealEngine/4.23/DerivedDataCache/Boot.ddc.
[2020.02.12-06.39.05:768][  0]LogInit: Texture streaming: Enabled
[2020.02.12-06.39.05:803][  0]LogEngineSessionManager: EngineSessionManager initialized
[2020.02.12-06.39.05:803][  0]LogEngineSessionManager: EngineSessionManager sent abnormal shutdown report. Type=Debugger, SessionId={C1F9F972-4E2F-E640-358B-ADA3062D477E}
[2020.02.12-06.39.05:803][  0]LogEngineSessionManager: EngineSessionManager sent abnormal shutdown report. Type=Debugger, SessionId={260D3EF7-4F46-2D80-5F96-DBBE1A4AA1BD}
[2020.02.12-06.39.05:803][  0]LogEditorSessionSummary: Verbose: Initializing EditorSessionSummaryWriter for editor session tracking
[2020.02.12-06.39.05:806][  0]LogEditorSessionSummary: EditorSessionSummaryWriter initialized
[2020.02.12-06.39.05:847][  0]LogInit: Transaction tracking system initialized
[2020.02.12-06.39.05:893][  0]BlueprintLog: New page: Editor Load
[2020.02.12-06.39.06:007][  0]LocalizationService: Localization service is disabled
[2020.02.12-06.39.06:315][  0]LogFileCache: Scanning file cache for directory 'D:/UnrealProjects/StealthGame115/StealthGame/Content/' took 0.01s
[2020.02.12-06.39.06:315][  0]LogCook: Display: Max memory allowance for cook 16384mb min free memory 0mb
[2020.02.12-06.39.06:315][  0]LogCook: Display: Mobile HDR setting 1
[2020.02.12-06.39.06:598][  0]SourceControl: Source control is disabled
[2020.02.12-06.39.06:599][  0]Cmd: MAP LOAD FILE="../../../../../../UnrealProjects/StealthGame115/StealthGame/Content/Maps/FirstPersonExampleMap.umap" TEMPLATE=0 SHOWPROGRESS=1 FEATURELEVEL=3
[2020.02.12-06.39.06:599][  0]LightingResults: New page: Lighting Build
[2020.02.12-06.39.06:602][  0]LogWorld: UWorld::CleanupWorld for Untitled, bSessionEnded=true, bCleanupResources=true
[2020.02.12-06.39.06:603][  0]MapCheck: New page: Map Check
[2020.02.12-06.39.06:603][  0]LightingResults: New page: Lighting Build
[2020.02.12-06.39.06:626][  0]LogUObjectHash: Compacting FUObjectHashTables data took   1.98ms
[2020.02.12-06.39.06:777][  0]LogAIModule: Creating AISystem for world FirstPersonExampleMap
[2020.02.12-06.39.06:783][  0]LogEditorServer: Finished looking for orphan Actors (0.000 secs)
[2020.02.12-06.39.06:814][  0]LogUObjectHash: Compacting FUObjectHashTables data took   2.30ms
[2020.02.12-06.39.06:814][  0]Cmd: MAP CHECKDEP NOCLEARLOG
[2020.02.12-06.39.06:814][  0]MapCheck: Map check complete: 0 Error(s), 0 Warning(s), took 0.192ms to complete.
[2020.02.12-06.39.06:815][  0]LogFileHelpers: Loading map 'FirstPersonExampleMap' took 0.216
[2020.02.12-06.39.06:939][  0]LogSlate: Updating window title bar state: overlay mode, drag disabled, window buttons hidden, title bar hidden
[2020.02.12-06.39.06:947][  0]LogSlate: Updating window title bar state: overlay mode, drag disabled, window buttons hidden, title bar hidden
[2020.02.12-06.39.06:955][  0]LogSlate: Updating window title bar state: overlay mode, drag disabled, window buttons hidden, title bar hidden
[2020.02.12-06.39.06:962][  0]LogSlate: Updating window title bar state: overlay mode, drag disabled, window buttons hidden, title bar hidden
[2020.02.12-06.39.06:970][  0]LogCollectionManager: Loaded 0 collections in 0.001590 seconds
[2020.02.12-06.39.06:989][  0]LogFileCache: Scanning file cache for directory 'D:/UnrealProjects/StealthGame115/StealthGame/Saved/Collections/' took 0.00s
[2020.02.12-06.39.06:989][  0]LogFileCache: Scanning file cache for directory 'D:/UnrealProjects/StealthGame115/StealthGame/Content/Developers/FelipeGasca/Collections/' took 0.00s
[2020.02.12-06.39.06:990][  0]LogFileCache: Scanning file cache for directory 'D:/UnrealProjects/StealthGame115/StealthGame/Content/Collections/' took 0.00s
[2020.02.12-06.39.06:990][  0]LogCollectionManager: Rebuilt the GUID cache for 0 collections in 0.000002 seconds
[2020.02.12-06.39.06:999][  0]LogContentBrowser: Native class hierarchy populated in 0.0087 seconds. Added 2869 classes and 683 folders.
[2020.02.12-06.39.07:006][  0]LogContentBrowser: Native class hierarchy updated for 'WidgetCarousel' in 0.0004 seconds. Added 0 classes and 0 folders.
[2020.02.12-06.39.07:077][  0]LogContentBrowser: Native class hierarchy updated for 'AddContentDialog' in 0.0004 seconds. Added 0 classes and 0 folders.
[2020.02.12-06.39.07:085][  0]LogContentBrowser: Native class hierarchy updated for 'SceneOutliner' in 0.0006 seconds. Added 1 classes and 2 folders.
[2020.02.12-06.39.07:177][  0]LogSlate: Took 0.000187 seconds to synchronously load lazily loaded font '../../../Engine/Content/Slate/Fonts/Roboto-Regular.ttf' (155K)
[2020.02.12-06.39.07:180][  0]LogSlate: Took 0.000206 seconds to synchronously load lazily loaded font '../../../Engine/Content/Slate/Fonts/Roboto-Bold.ttf' (160K)
[2020.02.12-06.39.07:187][  0]LogSlate: Took 0.000349 seconds to synchronously load lazily loaded font '../../../Engine/Content/Editor/Slate/Fonts/FontAwesome.ttf' (139K)
[2020.02.12-06.39.07:267][  0]LogRenderer: Reallocating scene render targets to support 1208x572 Format 10 NumSamples 1 (Frame:1).
[2020.02.12-06.39.07:324][  0]LogSlate: Took 0.000208 seconds to synchronously load lazily loaded font '../../../Engine/Content/Slate/Fonts/Roboto-Light.ttf' (167K)
[2020.02.12-06.39.07:393][  0]LogContentBrowser: Native class hierarchy updated for 'HierarchicalLODOutliner' in 0.0005 seconds. Added 0 classes and 0 folders.
[2020.02.12-06.39.07:393][  0]LogLoad: (Engine Initialization) Total time: 10.83 seconds
[2020.02.12-06.39.07:393][  0]LogLoad: (Engine Initialization) Total Blueprint compile time: 0.00 seconds
[2020.02.12-06.39.07:501][  0]LogAssetRegistry: Asset discovery search completed in 5.1912 seconds
[2020.02.12-06.39.07:506][  0]LogCollectionManager: Rebuilt the object cache for 0 collections in 0.000005 seconds (found 0 objects)
[2020.02.12-06.39.07:506][  0]LogCollectionManager: Fixed up redirectors for 0 collections in 0.000224 seconds (updated 0 objects)
[2020.02.12-06.39.07:506][  0]LogContentStreaming: Texture pool size now 1000 MB
[2020.02.12-06.39.08:881][ 77]LogEditorViewport: Clicking on Actor (LMB): BP_BlackHole_C (BP_BlackHole)
[2020.02.12-06.39.17:419][585]LogSlate: FSceneViewport::OnFocusLost() reason 0
[2020.02.12-06.39.17:602][596]LogTemp: Repeating last play command: Simulate
[2020.02.12-06.39.17:614][596]LogBlueprintUserMessages: Early PlayInEditor Detection: Level '/Game/Maps/FirstPersonExampleMap.FirstPersonExampleMap:PersistentLevel' has LevelScriptBlueprint '/Game/Maps/FirstPersonExampleMap.FirstPersonExampleMap:PersistentLevel.FirstPersonExampleMap' with GeneratedClass '/Game/Maps/FirstPersonExampleMap.FirstPersonExampleMap_C' with ClassGeneratedBy '/Game/Maps/FirstPersonExampleMap.FirstPersonExampleMap:PersistentLevel.FirstPersonExampleMap'
[2020.02.12-06.39.17:614][596]LogPlayLevel: PlayLevel: No blueprints needed recompiling
[2020.02.12-06.39.17:615][596]PIE: New page: SIE session: FirstPersonExampleMap (Feb 11, 2020, 6:39:17 PM)
[2020.02.12-06.39.17:617][596]LogOnline: OSS: Creating online subsystem instance for: NULL
[2020.02.12-06.39.17:620][596]LogPlayLevel: Creating play world package: /Game/Maps/UEDPIE_0_FirstPersonExampleMap
[2020.02.12-06.39.17:641][596]LogPlayLevel: PIE: StaticDuplicateObject took: (0.020351s)
[2020.02.12-06.39.17:642][596]LogAIModule: Creating AISystem for world FirstPersonExampleMap
[2020.02.12-06.39.17:642][596]LogPlayLevel: PIE: World Init took: (0.001541s)
[2020.02.12-06.39.17:642][596]LogPlayLevel: PIE: Created PIE world by copying editor world from /Game/Maps/FirstPersonExampleMap.FirstPersonExampleMap to /Game/Maps/UEDPIE_0_FirstPersonExampleMap.FirstPersonExampleMap (0.022602s)
[2020.02.12-06.39.17:671][596]LogUObjectHash: Compacting FUObjectHashTables data took   1.52ms
[2020.02.12-06.39.17:689][596]LogInit: XAudio2 using 'HeadPhone/Digital Output (Realtek(R) Audio)' : 2 channels at 48 kHz using 32 bits per sample (channel mask 0x3)
[2020.02.12-06.39.17:701][596]LogInit: FAudioDevice initialized.
[2020.02.12-06.39.17:722][596]LogLoad: Game class is 'BP_GameMode_C'
[2020.02.12-06.39.17:725][596]LogWorld: Bringing World /Game/Maps/UEDPIE_0_FirstPersonExampleMap.FirstPersonExampleMap up for play (max tick rate 60) at 2020.02.12-00.39.17
[2020.02.12-06.39.17:726][596]LogWorld: Bringing up level for play took: 0.002644
[2020.02.12-06.39.17:727][596]LogOnline: OSS: Creating online subsystem instance for: :Context_1
[2020.02.12-06.39.17:730][596]LogGameMode: FindPlayerStart: PATHS NOT DEFINED or NO PLAYERSTART with positive rating
[2020.02.12-06.39.17:737][596]LogContentBrowser: Native class hierarchy updated for 'MovieSceneCapture' in 0.0005 seconds. Added 20 classes and 0 folders.
[2020.02.12-06.39.17:739][596]PIE: Play in editor start time for /Game/Maps/UEDPIE_0_FirstPersonExampleMap 1.043
[2020.02.12-06.39.17:768][596]LogBlueprintUserMessages: Late PlayInEditor Detection: Level '/Game/Maps/FirstPersonExampleMap.FirstPersonExampleMap:PersistentLevel' has LevelScriptBlueprint '/Game/Maps/FirstPersonExampleMap.FirstPersonExampleMap:PersistentLevel.FirstPersonExampleMap' with GeneratedClass '/Game/Maps/FirstPersonExampleMap.FirstPersonExampleMap_C' with ClassGeneratedBy '/Game/Maps/FirstPersonExampleMap.FirstPersonExampleMap:PersistentLevel.FirstPersonExampleMap'
[2020.02.12-06.39.17:769][596]LogBlueprintUserMessages: [BP_Player_2] Objective Carried: false
[2020.02.12-06.39.17:801][597]LogBlueprintUserMessages: [BP_Player_2] Objective Carried: false
[2020.02.12-06.39.17:817][598]LogBlueprintUserMessages: [BP_Player_2] Objective Carried: false
[2020.02.12-06.39.17:834][599]LogBlueprintUserMessages: [BP_Player_2] Objective Carried: false
[2020.02.12-06.39.17:851][600]LogBlueprintUserMessages: [BP_Player_2] Objective Carried: false
[2020.02.12-06.39.17:867][601]LogBlueprintUserMessages: [BP_Player_2] Objective Carried: false
[2020.02.12-06.39.17:884][602]LogBlueprintUserMessages: [BP_Player_2] Objective Carried: false
[2020.02.12-06.39.17:901][603]LogBlueprintUserMessages: [BP_Player_2] Objective Carried: false
[2020.02.12-06.39.17:917][604]LogBlueprintUserMessages: [BP_Player_2] Objective Carried: false
[2020.02.12-06.39.17:933][605]LogBlueprintUserMessages: [BP_Player_2] Objective Carried: false
[2020.02.12-06.39.17:950][606]LogBlueprintUserMessages: [BP_Player_2] Objective Carried: false
[2020.02.12-06.39.17:967][607]LogBlueprintUserMessages: [BP_Player_2] Objective Carried: false
[2020.02.12-06.39.17:984][608]LogBlueprintUserMessages: [BP_Player_2] Objective Carried: false
[2020.02.12-06.39.18:001][609]LogBlueprintUserMessages: [BP_Player_2] Objective Carried: false
[2020.02.12-06.39.18:017][610]LogBlueprintUserMessages: [BP_Player_2] Objective Carried: false
[2020.02.12-06.39.18:034][611]LogBlueprintUserMessages: [BP_Player_2] Objective Carried: false
[2020.02.12-06.39.18:051][612]LogBlueprintUserMessages: [BP_Player_2] Objective Carried: false
[2020.02.12-06.39.18:067][613]LogBlueprintUserMessages: [BP_Player_2] Objective Carried: false
[2020.02.12-06.39.18:084][614]LogBlueprintUserMessages: [BP_Player_2] Objective Carried: false
[2020.02.12-06.39.18:101][615]LogBlueprintUserMessages: [BP_Player_2] Objective Carried: false
[2020.02.12-06.39.18:117][616]LogBlueprintUserMessages: [BP_Player_2] Objective Carried: false
[2020.02.12-06.39.18:134][617]LogBlueprintUserMessages: [BP_Player_2] Objective Carried: false
[2020.02.12-06.39.18:151][618]LogBlueprintUserMessages: [BP_Player_2] Objective Carried: false
[2020.02.12-06.39.18:167][619]LogBlueprintUserMessages: [BP_Player_2] Objective Carried: false
[2020.02.12-06.39.18:183][620]LogBlueprintUserMessages: [BP_Player_2] Objective Carried: false
[2020.02.12-06.39.18:200][621]LogBlueprintUserMessages: [BP_Player_2] Objective Carried: false
[2020.02.12-06.39.18:217][622]LogBlueprintUserMessages: [BP_Player_2] Objective Carried: false
[2020.02.12-06.39.18:233][623]LogBlueprintUserMessages: [BP_Player_2] Objective Carried: false
[2020.02.12-06.39.18:250][624]LogBlueprintUserMessages: [BP_Player_2] Objective Carried: false
[2020.02.12-06.39.18:267][625]LogBlueprintUserMessages: [BP_Player_2] Objective Carried: false
[2020.02.12-06.39.18:284][626]LogBlueprintUserMessages: [BP_Player_2] Objective Carried: false
[2020.02.12-06.39.18:300][627]LogBlueprintUserMessages: [BP_Player_2] Objective Carried: false
[2020.02.12-06.39.18:317][628]LogBlueprintUserMessages: [BP_Player_2] Objective Carried: false
[2020.02.12-06.39.18:334][629]LogBlueprintUserMessages: [BP_Player_2] Objective Carried: false
[2020.02.12-06.39.18:351][630]LogBlueprintUserMessages: [BP_Player_2] Objective Carried: false
[2020.02.12-06.39.18:367][631]LogBlueprintUserMessages: [BP_Player_2] Objective Carried: false
[2020.02.12-06.39.18:384][632]LogBlueprintUserMessages: [BP_Player_2] Objective Carried: false
[2020.02.12-06.39.18:401][633]LogBlueprintUserMessages: [BP_Player_2] Objective Carried: false
[2020.02.12-06.39.18:417][634]LogBlueprintUserMessages: [BP_Player_2] Objective Carried: false
[2020.02.12-06.39.18:434][635]LogBlueprintUserMessages: [BP_Player_2] Objective Carried: false
[2020.02.12-06.39.18:451][636]LogBlueprintUserMessages: [BP_Player_2] Objective Carried: false
[2020.02.12-06.39.18:467][637]LogBlueprintUserMessages: [BP_Player_2] Objective Carried: false
[2020.02.12-06.39.18:484][638]LogBlueprintUserMessages: [BP_Player_2] Objective Carried: false
[2020.02.12-06.39.18:501][639]LogBlueprintUserMessages: [BP_Player_2] Objective Carried: false
[2020.02.12-06.39.18:518][640]LogBlueprintUserMessages: [BP_Player_2] Objective Carried: false
[2020.02.12-06.39.18:534][641]LogBlueprintUserMessages: [BP_Player_2] Objective Carried: false
[2020.02.12-06.39.18:551][642]LogBlueprintUserMessages: [BP_Player_2] Objective Carried: false
[2020.02.12-06.39.18:567][643]LogBlueprintUserMessages: [BP_Player_2] Objective Carried: false
[2020.02.12-06.39.18:584][644]LogBlueprintUserMessages: [BP_Player_2] Objective Carried: false
[2020.02.12-06.39.18:600][645]LogBlueprintUserMessages: [BP_Player_2] Objective Carried: false
[2020.02.12-06.39.18:617][646]LogBlueprintUserMessages: [BP_Player_2] Objective Carried: false
[2020.02.12-06.39.18:634][647]LogBlueprintUserMessages: [BP_Player_2] Objective Carried: false
[2020.02.12-06.39.18:650][648]LogBlueprintUserMessages: [BP_Player_2] Objective Carried: false
[2020.02.12-06.39.18:667][649]LogBlueprintUserMessages: [BP_Player_2] Objective Carried: false
[2020.02.12-06.39.18:684][650]LogBlueprintUserMessages: [BP_Player_2] Objective Carried: false
[2020.02.12-06.39.18:701][651]LogBlueprintUserMessages: [BP_Player_2] Objective Carried: false
[2020.02.12-06.39.18:717][652]LogBlueprintUserMessages: [BP_Player_2] Objective Carried: false
[2020.02.12-06.39.18:734][653]LogBlueprintUserMessages: [BP_Player_2] Objective Carried: false
[2020.02.12-06.39.18:751][654]LogBlueprintUserMessages: [BP_Player_2] Objective Carried: false
[2020.02.12-06.39.18:768][655]LogBlueprintUserMessages: [BP_Player_2] Objective Carried: false
[2020.02.12-06.39.18:784][656]LogBlueprintUserMessages: [BP_Player_2] Objective Carried: false
[2020.02.12-06.39.18:801][657]LogBlueprintUserMessages: [BP_Player_2] Objective Carried: false
[2020.02.12-06.39.18:818][658]LogBlueprintUserMessages: [BP_Player_2] Objective Carried: false
[2020.02.12-06.39.18:835][659]LogBlueprintUserMessages: [BP_Player_2] Objective Carried: false
[2020.02.12-06.39.18:851][660]LogBlueprintUserMessages: [BP_Player_2] Objective Carried: false
[2020.02.12-06.39.18:868][661]LogBlueprintUserMessages: [BP_Player_2] Objective Carried: false
[2020.02.12-06.39.18:884][662]LogBlueprintUserMessages: [BP_Player_2] Objective Carried: false
[2020.02.12-06.39.18:900][663]LogBlueprintUserMessages: [BP_Player_2] Objective Carried: false
[2020.02.12-06.39.18:917][664]LogBlueprintUserMessages: [BP_Player_2] Objective Carried: false
[2020.02.12-06.39.18:934][665]LogBlueprintUserMessages: [BP_Player_2] Objective Carried: false
[2020.02.12-06.39.18:950][666]LogBlueprintUserMessages: [BP_Player_2] Objective Carried: false
[2020.02.12-06.39.18:967][667]LogBlueprintUserMessages: [BP_Player_2] Objective Carried: false
[2020.02.12-06.39.18:984][668]LogBlueprintUserMessages: [BP_Player_2] Objective Carried: false
[2020.02.12-06.39.19:001][669]LogBlueprintUserMessages: [BP_Player_2] Objective Carried: false
[2020.02.12-06.39.19:017][670]LogBlueprintUserMessages: [BP_Player_2] Objective Carried: false
[2020.02.12-06.39.19:034][671]LogBlueprintUserMessages: [BP_Player_2] Objective Carried: false
[2020.02.12-06.39.19:051][672]LogBlueprintUserMessages: [BP_Player_2] Objective Carried: false
[2020.02.12-06.39.19:067][673]LogBlueprintUserMessages: [BP_Player_2] Objective Carried: false
[2020.02.12-06.39.19:084][674]LogBlueprintUserMessages: [BP_Player_2] Objective Carried: false
[2020.02.12-06.39.19:101][675]LogBlueprintUserMessages: [BP_Player_2] Objective Carried: false
[2020.02.12-06.39.19:117][676]LogBlueprintUserMessages: [BP_Player_2] Objective Carried: false
[2020.02.12-06.39.19:134][677]LogBlueprintUserMessages: [BP_Player_2] Objective Carried: false
[2020.02.12-06.39.19:151][678]LogBlueprintUserMessages: [BP_Player_2] Objective Carried: false
[2020.02.12-06.39.19:168][679]LogBlueprintUserMessages: [BP_Player_2] Objective Carried: false
[2020.02.12-06.39.19:184][680]LogBlueprintUserMessages: [BP_Player_2] Objective Carried: false
[2020.02.12-06.39.19:201][681]LogBlueprintUserMessages: [BP_Player_2] Objective Carried: false
[2020.02.12-06.39.19:218][682]LogBlueprintUserMessages: [BP_Player_2] Objective Carried: false
[2020.02.12-06.39.19:234][683]LogBlueprintUserMessages: [BP_Player_2] Objective Carried: false
[2020.02.12-06.39.19:251][684]LogBlueprintUserMessages: [BP_Player_2] Objective Carried: false
[2020.02.12-06.39.19:268][685]LogBlueprintUserMessages: [BP_Player_2] Objective Carried: false
[2020.02.12-06.39.19:283][686]LogBlueprintUserMessages: [BP_Player_2] Objective Carried: false
[2020.02.12-06.39.19:300][687]LogBlueprintUserMessages: [BP_Player_2] Objective Carried: false
[2020.02.12-06.39.19:317][688]LogBlueprintUserMessages: [BP_Player_2] Objective Carried: false
[2020.02.12-06.39.19:334][689]LogBlueprintUserMessages: [BP_Player_2] Objective Carried: false
[2020.02.12-06.39.19:350][690]LogBlueprintUserMessages: [BP_Player_2] Objective Carried: false
[2020.02.12-06.39.19:367][691]LogBlueprintUserMessages: [BP_Player_2] Objective Carried: false
[2020.02.12-06.39.19:384][692]LogBlueprintUserMessages: [BP_Player_2] Objective Carried: false
[2020.02.12-06.39.19:401][693]LogBlueprintUserMessages: [BP_Player_2] Objective Carried: false
[2020.02.12-06.39.19:417][694]LogBlueprintUserMessages: [BP_Player_2] Objective Carried: false
[2020.02.12-06.39.19:434][695]LogBlueprintUserMessages: [BP_Player_2] Objective Carried: false
[2020.02.12-06.39.19:451][696]LogBlueprintUserMessages: [BP_Player_2] Objective Carried: false
[2020.02.12-06.39.19:467][697]LogBlueprintUserMessages: [BP_Player_2] Objective Carried: false
[2020.02.12-06.39.19:484][698]LogBlueprintUserMessages: [BP_Player_2] Objective Carried: false
[2020.02.12-06.39.19:501][699]LogBlueprintUserMessages: [BP_Player_2] Objective Carried: false
[2020.02.12-06.39.19:518][700]LogBlueprintUserMessages: [BP_Player_2] Objective Carried: false
[2020.02.12-06.39.19:534][701]LogBlueprintUserMessages: [BP_Player_2] Objective Carried: false
[2020.02.12-06.39.19:551][702]LogBlueprintUserMessages: [BP_Player_2] Objective Carried: false
[2020.02.12-06.39.19:568][703]LogBlueprintUserMessages: [BP_Player_2] Objective Carried: false
[2020.02.12-06.39.19:584][704]LogBlueprintUserMessages: [BP_Player_2] Objective Carried: false
[2020.02.12-06.39.19:600][705]LogBlueprintUserMessages: [BP_Player_2] Objective Carried: false
[2020.02.12-06.39.19:617][706]LogBlueprintUserMessages: [BP_Player_2] Objective Carried: false
[2020.02.12-06.39.19:634][707]LogBlueprintUserMessages: [BP_Player_2] Objective Carried: false
[2020.02.12-06.39.19:650][708]LogBlueprintUserMessages: [BP_Player_2] Objective Carried: false
[2020.02.12-06.39.19:667][709]LogBlueprintUserMessages: [BP_Player_2] Objective Carried: false
[2020.02.12-06.39.19:684][710]LogBlueprintUserMessages: [BP_Player_2] Objective Carried: false
[2020.02.12-06.39.19:701][711]LogBlueprintUserMessages: [BP_Player_2] Objective Carried: false
[2020.02.12-06.39.19:717][712]LogBlueprintUserMessages: [BP_Player_2] Objective Carried: false
[2020.02.12-06.39.19:734][713]LogBlueprintUserMessages: [BP_Player_2] Objective Carried: false
[2020.02.12-06.39.19:751][714]LogBlueprintUserMessages: [BP_Player_2] Objective Carried: false
[2020.02.12-06.39.19:767][715]LogBlueprintUserMessages: [BP_Player_2] Objective Carried: false
[2020.02.12-06.39.19:784][716]LogBlueprintUserMessages: [BP_Player_2] Objective Carried: false
[2020.02.12-06.39.19:801][717]LogBlueprintUserMessages: [BP_Player_2] Objective Carried: false
[2020.02.12-06.39.19:817][718]LogBlueprintUserMessages: [BP_Player_2] Objective Carried: false
[2020.02.12-06.39.19:834][719]LogBlueprintUserMessages: [BP_Player_2] Objective Carried: false
[2020.02.12-06.39.19:851][720]LogBlueprintUserMessages: [BP_Player_2] Objective Carried: false
[2020.02.12-06.39.19:868][721]LogBlueprintUserMessages: [BP_Player_2] Objective Carried: false
[2020.02.12-06.39.19:884][722]LogBlueprintUserMessages: [BP_Player_2] Objective Carried: false
[2020.02.12-06.39.19:902][723]LogBlueprintUserMessages: [BP_Player_2] Objective Carried: false
[2020.02.12-06.39.19:918][724]LogBlueprintUserMessages: [BP_Player_2] Objective Carried: false
[2020.02.12-06.39.19:935][725]LogBlueprintUserMessages: [BP_Player_2] Objective Carried: false
[2020.02.12-06.39.19:951][726]LogBlueprintUserMessages: [BP_Player_2] Objective Carried: false
[2020.02.12-06.39.19:967][727]LogBlueprintUserMessages: [BP_Player_2] Objective Carried: false
[2020.02.12-06.39.19:984][728]LogBlueprintUserMessages: [BP_Player_2] Objective Carried: false
[2020.02.12-06.39.20:001][729]LogBlueprintUserMessages: [BP_Player_2] Objective Carried: false
[2020.02.12-06.39.20:017][730]LogBlueprintUserMessages: [BP_Player_2] Objective Carried: false
[2020.02.12-06.39.20:034][731]LogBlueprintUserMessages: [BP_Player_2] Objective Carried: false
[2020.02.12-06.39.20:050][732]LogBlueprintUserMessages: [BP_Player_2] Objective Carried: false
[2020.02.12-06.39.20:067][733]LogBlueprintUserMessages: [BP_Player_2] Objective Carried: false
[2020.02.12-06.39.20:084][734]LogBlueprintUserMessages: [BP_Player_2] Objective Carried: false
[2020.02.12-06.39.20:101][735]LogBlueprintUserMessages: [BP_Player_2] Objective Carried: false
[2020.02.12-06.39.20:117][736]LogBlueprintUserMessages: [BP_Player_2] Objective Carried: false
[2020.02.12-06.39.20:134][737]LogBlueprintUserMessages: [BP_Player_2] Objective Carried: false
[2020.02.12-06.39.20:151][738]LogBlueprintUserMessages: [BP_Player_2] Objective Carried: false
[2020.02.12-06.39.20:168][739]LogBlueprintUserMessages: [BP_Player_2] Objective Carried: false
[2020.02.12-06.39.20:185][740]LogBlueprintUserMessages: [BP_Player_2] Objective Carried: false
[2020.02.12-06.39.20:201][741]LogBlueprintUserMessages: [BP_Player_2] Objective Carried: false
[2020.02.12-06.39.20:218][742]LogBlueprintUserMessages: [BP_Player_2] Objective Carried: false
[2020.02.12-06.39.20:234][743]LogBlueprintUserMessages: [BP_Player_2] Objective Carried: false
[2020.02.12-06.39.20:251][744]LogBlueprintUserMessages: [BP_Player_2] Objective Carried: false
[2020.02.12-06.39.20:268][745]LogBlueprintUserMessages: [BP_Player_2] Objective Carried: false
[2020.02.12-06.39.20:284][746]LogBlueprintUserMessages: [BP_Player_2] Objective Carried: false
[2020.02.12-06.39.20:301][747]LogBlueprintUserMessages: [BP_Player_2] Objective Carried: false
[2020.02.12-06.39.20:318][748]LogBlueprintUserMessages: [BP_Player_2] Objective Carried: false
[2020.02.12-06.39.20:334][749]LogBlueprintUserMessages: [BP_Player_2] Objective Carried: false
[2020.02.12-06.39.20:350][750]LogBlueprintUserMessages: [BP_Player_2] Objective Carried: false
[2020.02.12-06.39.20:367][751]LogBlueprintUserMessages: [BP_Player_2] Objective Carried: false
[2020.02.12-06.39.20:384][752]LogBlueprintUserMessages: [BP_Player_2] Objective Carried: false
[2020.02.12-06.39.20:400][753]LogBlueprintUserMessages: [BP_Player_2] Objective Carried: false
[2020.02.12-06.39.20:417][754]LogBlueprintUserMessages: [BP_Player_2] Objective Carried: false
[2020.02.12-06.39.20:434][755]LogBlueprintUserMessages: [BP_Player_2] Objective Carried: false
[2020.02.12-06.39.20:451][756]LogBlueprintUserMessages: [BP_Player_2] Objective Carried: false
[2020.02.12-06.39.20:467][757]LogBlueprintUserMessages: [BP_Player_2] Objective Carried: false
[2020.02.12-06.39.20:484][758]LogBlueprintUserMessages: [BP_Player_2] Objective Carried: false
[2020.02.12-06.39.20:501][759]LogBlueprintUserMessages: [BP_Player_2] Objective Carried: false
[2020.02.12-06.39.20:517][760]LogBlueprintUserMessages: [BP_Player_2] Objective Carried: false
[2020.02.12-06.39.20:534][761]LogBlueprintUserMessages: [BP_Player_2] Objective Carried: false
[2020.02.12-06.39.20:551][762]LogBlueprintUserMessages: [BP_Player_2] Objective Carried: false
[2020.02.12-06.39.20:568][763]LogBlueprintUserMessages: [BP_Player_2] Objective Carried: false
[2020.02.12-06.39.20:584][764]LogBlueprintUserMessages: [BP_Player_2] Objective Carried: false
[2020.02.12-06.39.20:601][765]LogBlueprintUserMessages: [BP_Player_2] Objective Carried: false
[2020.02.12-06.39.20:618][766]LogBlueprintUserMessages: [BP_Player_2] Objective Carried: false
[2020.02.12-06.39.20:634][767]LogBlueprintUserMessages: [BP_Player_2] Objective Carried: false
[2020.02.12-06.39.20:651][768]LogBlueprintUserMessages: [BP_Player_2] Objective Carried: false
[2020.02.12-06.39.20:668][769]LogBlueprintUserMessages: [BP_Player_2] Objective Carried: false
[2020.02.12-06.39.20:685][770]LogBlueprintUserMessages: [BP_Player_2] Objective Carried: false
[2020.02.12-06.39.20:701][771]LogBlueprintUserMessages: [BP_Player_2] Objective Carried: false
[2020.02.12-06.39.20:718][772]LogBlueprintUserMessages: [BP_Player_2] Objective Carried: false
[2020.02.12-06.39.20:734][773]LogBlueprintUserMessages: [BP_Player_2] Objective Carried: false
[2020.02.12-06.39.20:750][774]LogBlueprintUserMessages: [BP_Player_2] Objective Carried: false
[2020.02.12-06.39.20:767][775]LogBlueprintUserMessages: [BP_Player_2] Objective Carried: false
[2020.02.12-06.39.20:784][776]LogBlueprintUserMessages: [BP_Player_2] Objective Carried: false
[2020.02.12-06.39.20:801][777]LogBlueprintUserMessages: [BP_Player_2] Objective Carried: false
[2020.02.12-06.39.20:817][778]LogBlueprintUserMessages: [BP_Player_2] Objective Carried: false
[2020.02.12-06.39.20:834][779]LogBlueprintUserMessages: [BP_Player_2] Objective Carried: false
[2020.02.12-06.39.20:851][780]LogBlueprintUserMessages: [BP_Player_2] Objective Carried: false
[2020.02.12-06.39.20:867][781]LogBlueprintUserMessages: [BP_Player_2] Objective Carried: false
[2020.02.12-06.39.20:884][782]LogBlueprintUserMessages: [BP_Player_2] Objective Carried: false
[2020.02.12-06.39.20:901][783]LogBlueprintUserMessages: [BP_Player_2] Objective Carried: false
[2020.02.12-06.39.20:918][784]LogBlueprintUserMessages: [BP_Player_2] Objective Carried: false
[2020.02.12-06.39.20:934][785]LogBlueprintUserMessages: [BP_Player_2] Objective Carried: false
[2020.02.12-06.39.20:951][786]LogBlueprintUserMessages: [BP_Player_2] Objective Carried: false
[2020.02.12-06.39.20:968][787]LogBlueprintUserMessages: [BP_Player_2] Objective Carried: false
[2020.02.12-06.39.20:984][788]LogBlueprintUserMessages: [BP_Player_2] Objective Carried: false
[2020.02.12-06.39.21:001][789]LogBlueprintUserMessages: [BP_Player_2] Objective Carried: false
[2020.02.12-06.39.21:018][790]LogBlueprintUserMessages: [BP_Player_2] Objective Carried: false
[2020.02.12-06.39.21:035][791]LogBlueprintUserMessages: [BP_Player_2] Objective Carried: false
[2020.02.12-06.39.21:051][792]LogBlueprintUserMessages: [BP_Player_2] Objective Carried: false
[2020.02.12-06.39.21:068][793]LogBlueprintUserMessages: [BP_Player_2] Objective Carried: false
[2020.02.12-06.39.21:085][794]LogBlueprintUserMessages: [BP_Player_2] Objective Carried: false
[2020.02.12-06.39.21:101][795]LogBlueprintUserMessages: [BP_Player_2] Objective Carried: false
[2020.02.12-06.39.21:117][796]LogBlueprintUserMessages: [BP_Player_2] Objective Carried: false
[2020.02.12-06.39.21:134][797]LogBlueprintUserMessages: [BP_Player_2] Objective Carried: false
[2020.02.12-06.39.21:151][798]LogBlueprintUserMessages: [BP_Player_2] Objective Carried: false
[2020.02.12-06.39.21:167][799]LogBlueprintUserMessages: [BP_Player_2] Objective Carried: false
[2020.02.12-06.39.21:184][800]LogBlueprintUserMessages: [BP_Player_2] Objective Carried: false
[2020.02.12-06.39.21:201][801]LogBlueprintUserMessages: [BP_Player_2] Objective Carried: false
[2020.02.12-06.39.21:217][802]LogBlueprintUserMessages: [BP_Player_2] Objective Carried: false
[2020.02.12-06.39.21:234][803]LogBlueprintUserMessages: [BP_Player_2] Objective Carried: false
[2020.02.12-06.39.21:251][804]LogBlueprintUserMessages: [BP_Player_2] Objective Carried: false
[2020.02.12-06.39.21:268][805]LogBlueprintUserMessages: [BP_Player_2] Objective Carried: false
[2020.02.12-06.39.21:284][806]LogBlueprintUserMessages: [BP_Player_2] Objective Carried: false
[2020.02.12-06.39.21:301][807]LogBlueprintUserMessages: [BP_Player_2] Objective Carried: false
[2020.02.12-06.39.21:318][808]LogBlueprintUserMessages: [BP_Player_2] Objective Carried: false
[2020.02.12-06.39.21:335][809]LogBlueprintUserMessages: [BP_Player_2] Objective Carried: false
[2020.02.12-06.39.21:351][810]LogBlueprintUserMessages: [BP_Player_2] Objective Carried: false
[2020.02.12-06.39.21:368][811]LogBlueprintUserMessages: [BP_Player_2] Objective Carried: false
[2020.02.12-06.39.21:384][812]LogBlueprintUserMessages: [BP_Player_2] Objective Carried: false
[2020.02.12-06.39.21:400][813]LogBlueprintUserMessages: [BP_Player_2] Objective Carried: false
[2020.02.12-06.39.21:417][814]LogBlueprintUserMessages: [BP_Player_2] Objective Carried: false
[2020.02.12-06.39.21:434][815]LogBlueprintUserMessages: [BP_Player_2] Objective Carried: false
[2020.02.12-06.39.21:451][816]LogBlueprintUserMessages: [BP_Player_2] Objective Carried: false
[2020.02.12-06.39.21:468][817]LogBlueprintUserMessages: [BP_Player_2] Objective Carried: false
[2020.02.12-06.39.21:484][818]LogBlueprintUserMessages: [BP_Player_2] Objective Carried: false
[2020.02.12-06.39.21:501][819]LogBlueprintUserMessages: [BP_Player_2] Objective Carried: false
[2020.02.12-06.39.21:518][820]LogBlueprintUserMessages: [BP_Player_2] Objective Carried: false
[2020.02.12-06.39.21:535][821]LogBlueprintUserMessages: [BP_Player_2] Objective Carried: false
[2020.02.12-06.39.21:551][822]LogBlueprintUserMessages: [BP_Player_2] Objective Carried: false
[2020.02.12-06.39.21:570][823]LogBlueprintUserMessages: [BP_Player_2] Objective Carried: false
[2020.02.12-06.39.21:585][824]LogBlueprintUserMessages: [BP_Player_2] Objective Carried: false
[2020.02.12-06.39.21:601][825]LogBlueprintUserMessages: [BP_Player_2] Objective Carried: false
[2020.02.12-06.39.21:617][826]LogBlueprintUserMessages: [BP_Player_2] Objective Carried: false
[2020.02.12-06.39.21:634][827]LogBlueprintUserMessages: [BP_Player_2] Objective Carried: false
[2020.02.12-06.39.21:651][828]LogBlueprintUserMessages: [BP_Player_2] Objective Carried: false
[2020.02.12-06.39.21:667][829]LogBlueprintUserMessages: [BP_Player_2] Objective Carried: false
[2020.02.12-06.39.21:684][830]LogBlueprintUserMessages: [BP_Player_2] Objective Carried: false
[2020.02.12-06.39.21:701][831]LogBlueprintUserMessages: [BP_Player_2] Objective Carried: false
[2020.02.12-06.39.21:717][832]LogBlueprintUserMessages: [BP_Player_2] Objective Carried: false
[2020.02.12-06.39.21:734][833]LogBlueprintUserMessages: [BP_Player_2] Objective Carried: false
[2020.02.12-06.39.21:751][834]LogBlueprintUserMessages: [BP_Player_2] Objective Carried: false
[2020.02.12-06.39.21:768][835]LogBlueprintUserMessages: [BP_Player_2] Objective Carried: false
[2020.02.12-06.39.21:784][836]LogBlueprintUserMessages: [BP_Player_2] Objective Carried: false
[2020.02.12-06.39.21:801][837]LogBlueprintUserMessages: [BP_Player_2] Objective Carried: false
[2020.02.12-06.39.21:818][838]LogBlueprintUserMessages: [BP_Player_2] Objective Carried: false
[2020.02.12-06.39.21:834][839]LogBlueprintUserMessages: [BP_Player_2] Objective Carried: false
[2020.02.12-06.39.21:851][840]LogBlueprintUserMessages: [BP_Player_2] Objective Carried: false
[2020.02.12-06.39.24:251][984]LogBlueprintUserMessages: [BP_Player_2] Objective Carried: false
[2020.02.12-06.39.24:254][984]LogBlueprintUserMessages: Early EndPlayMap Detection: Level '/Game/Maps/FirstPersonExampleMap.FirstPersonExampleMap:PersistentLevel' has LevelScriptBlueprint '/Game/Maps/FirstPersonExampleMap.FirstPersonExampleMap:PersistentLevel.FirstPersonExampleMap' with GeneratedClass '/Game/Maps/FirstPersonExampleMap.FirstPersonExampleMap_C' with ClassGeneratedBy '/Game/Maps/FirstPersonExampleMap.FirstPersonExampleMap:PersistentLevel.FirstPersonExampleMap'
[2020.02.12-06.39.24:255][984]LogSlate: Updating window title bar state: overlay mode, drag disabled, window buttons hidden, title bar hidden
[2020.02.12-06.39.24:255][984]LogWorld: BeginTearingDown for /Game/Maps/UEDPIE_0_FirstPersonExampleMap
[2020.02.12-06.39.24:257][984]LogWorld: UWorld::CleanupWorld for FirstPersonExampleMap, bSessionEnded=true, bCleanupResources=true
[2020.02.12-06.39.24:269][984]LogPlayLevel: Display: Shutting down PIE online subsystems
[2020.02.12-06.39.24:270][984]LogBlueprintUserMessages: Late EndPlayMap Detection: Level '/Game/Maps/FirstPersonExampleMap.FirstPersonExampleMap:PersistentLevel' has LevelScriptBlueprint '/Game/Maps/FirstPersonExampleMap.FirstPersonExampleMap:PersistentLevel.FirstPersonExampleMap' with GeneratedClass '/Game/Maps/FirstPersonExampleMap.FirstPersonExampleMap_C' with ClassGeneratedBy '/Game/Maps/FirstPersonExampleMap.FirstPersonExampleMap:PersistentLevel.FirstPersonExampleMap'
[2020.02.12-06.39.24:299][984]LogSlate: Updating window title bar state: overlay mode, drag disabled, window buttons hidden, title bar hidden
[2020.02.12-06.39.24:303][984]LogUObjectHash: Compacting FUObjectHashTables data took   1.62ms
[2020.02.12-06.39.24:352][987]LogPlayLevel: Display: Destroying online subsystem :Context_1
[2020.02.12-06.42.07:870][775]LogEditorSessionSummary: EditorSessionSummary sent report. Type=Debugger, SessionId={C53B2A4D-4AD4-5EB3-9A13-D0A1E43F3A1B}
[2020.02.12-06.45.08:569][315]LogEditorSessionSummary: EditorSessionSummary sent report. Type=Debugger, SessionId={C1F9F972-4E2F-E640-358B-ADA3062D477E}
[2020.02.12-06.47.09:075][675]LogEditorSessionSummary: EditorSessionSummary sent report. Type=Debugger, SessionId={E4B257D3-4C19-1E66-24FE-1FA499A46AED}
[2020.02.12-06.49.05:188][ 22]LogSlate: Took 0.000410 seconds to synchronously load lazily loaded font '../../../Engine/Content/Slate/Fonts/Roboto-Light.ttf' (167K)
[2020.02.12-06.49.14:277][ 49]LogUObjectHash: Compacting FUObjectHashTables data took   1.18ms
[2020.02.12-06.49.14:541][ 49]LogSavePackage: Moving '../../../../../../UnrealProjects/StealthGame115/StealthGame/Saved/FirstPersonExampleMap_Auto128AD2677492C1104947DE7A69CC78CC4.tmp' to '../../../../../../UnrealProjects/StealthGame115/StealthGame/Saved/Autosaves/Game/Maps/FirstPersonExampleMap_Auto1.umap'
[2020.02.12-06.49.14:560][ 49]LogFileHelpers: Editor autosave (incl. sublevels) for '/Game/Maps/FirstPersonExampleMap' took 0.313
[2020.02.12-06.49.14:561][ 49]LogFileHelpers: Editor autosave (incl. sublevels) for all levels took 0.313
[2020.02.12-06.54.10:209][931]LogEditorSessionSummary: EditorSessionSummary sent report. Type=Shutdown, SessionId={55103348-4925-53FB-2890-14BAE576C726}
[2020.02.12-06.57.10:839][470]LogEditorSessionSummary: EditorSessionSummary sent report. Type=Shutdown, SessionId={7BEB077C-42E2-A0B3-41FC-F29F382A2113}
