Log file open, 02/15/20 13:13:01
LogWindows: Failed to load 'aqProf.dll' (GetLastError=126)
LogWindows: File 'aqProf.dll' does not exist
LogWindows: Failed to load 'VtuneApi.dll' (GetLastError=126)
LogWindows: File 'VtuneApi.dll' does not exist
LogWindows: Failed to load 'VtuneApi32e.dll' (GetLastError=126)
LogWindows: File 'VtuneApi32e.dll' does not exist
LogConsoleResponse: Display: Failed to find resolution value strings in scalability ini. Falling back to default.
LogInit: Display: Running engine for game: FPSGame
LogPlatformFile: Not using cached read wrapper
LogTaskGraph: Started task graph with 5 named threads and 23 total threads with 3 sets of task threads.
LogStats: Stats thread started at 0.168861
LogD3D11RHI: Loaded GFSDK_Aftermath_Lib.x64.dll
LogICUInternationalization: ICU TimeZone Detection - Raw Offset: -6:00, Platform Override: ''
LogPluginManager: Mounting plugin Paper2D
LogPluginManager: Mounting plugin AISupport
LogPluginManager: Mounting plugin LightPropagationVolume
LogPluginManager: Mounting plugin ActorLayerUtilities
LogPluginManager: Mounting plugin AnimationSharing
LogPluginManager: Mounting plugin CLionSourceCodeAccess
LogPluginManager: Mounting plugin CodeLiteSourceCodeAccess
LogPluginManager: Mounting plugin GitSourceControl
LogPluginManager: Mounting plugin KDevelopSourceCodeAccess
LogPluginManager: Mounting plugin NullSourceCodeAccess
LogPluginManager: Mounting plugin PerforceSourceControl
LogPluginManager: Mounting plugin SubversionSourceControl
LogPluginManager: Mounting plugin UObjectPlugin
LogPluginManager: Mounting plugin VisualStudioCodeSourceCodeAccess
LogPluginManager: Mounting plugin VisualStudioSourceCodeAccess
LogPluginManager: Mounting plugin XCodeSourceCodeAccess
LogPluginManager: Mounting plugin AssetManagerEditor
LogPluginManager: Mounting plugin CryptoKeys
LogPluginManager: Mounting plugin CurveEditorTools
LogPluginManager: Mounting plugin DataValidation
LogPluginManager: Mounting plugin FacialAnimation
LogPluginManager: Mounting plugin GameplayTagsEditor
LogPluginManager: Mounting plugin MacGraphicsSwitching
LogPluginManager: Mounting plugin MaterialAnalyzer
LogPluginManager: Mounting plugin MobileLauncherProfileWizard
LogPluginManager: Mounting plugin PluginBrowser
LogPluginManager: Mounting plugin SpeedTreeImporter
LogPluginManager: Mounting plugin DatasmithContent
LogPluginManager: Mounting plugin VariantManagerContent
LogPluginManager: Mounting plugin AlembicImporter
LogPluginManager: Mounting plugin AutomationUtils
LogPluginManager: Mounting plugin BackChannel
LogPluginManager: Mounting plugin CharacterAI
LogPluginManager: Mounting plugin GeometryCache
LogPluginManager: Mounting plugin HTML5Networking
LogPluginManager: Mounting plugin PlatformCrypto
LogPluginManager: Mounting plugin ProxyLODPlugin
LogPluginManager: Mounting plugin SkeletalReduction
LogPluginManager: Mounting plugin MagicLeap
LogPluginManager: Mounting plugin MagicLeapMedia
LogPluginManager: Mounting plugin AndroidMedia
LogPluginManager: Mounting plugin AvfMedia
LogPluginManager: Mounting plugin ImgMedia
LogPluginManager: Mounting plugin MediaCompositing
LogPluginManager: Mounting plugin MediaPlayerEditor
LogPluginManager: Mounting plugin WebMMedia
LogPluginManager: Mounting plugin WmfMedia
LogPluginManager: Mounting plugin TcpMessaging
LogPluginManager: Mounting plugin UdpMessaging
LogPluginManager: Mounting plugin ActorSequence
LogPluginManager: Mounting plugin LevelSequenceEditor
LogPluginManager: Mounting plugin MatineeToLevelSequence
LogPluginManager: Mounting plugin NetcodeUnitTest
LogPluginManager: Mounting plugin NUTUnrealEngine4
LogPluginManager: Mounting plugin OnlineSubsystemGooglePlay
LogPluginManager: Mounting plugin OnlineSubsystemIOS
LogPluginManager: Mounting plugin OnlineSubsystem
LogPluginManager: Mounting plugin OnlineSubsystemNull
LogPluginManager: Mounting plugin OnlineSubsystemUtils
LogPluginManager: Mounting plugin LauncherChunkInstaller
LogPluginManager: Mounting plugin AndroidDeviceProfileSelector
LogPluginManager: Mounting plugin AndroidMoviePlayer
LogPluginManager: Mounting plugin AndroidPermission
LogPluginManager: Mounting plugin AppleImageUtils
LogPluginManager: Mounting plugin AppleMoviePlayer
LogPluginManager: Mounting plugin ArchVisCharacter
LogPluginManager: Mounting plugin AudioCapture
LogPluginManager: Mounting plugin CableComponent
LogPluginManager: Mounting plugin CustomMeshComponent
LogPluginManager: Mounting plugin EditableMesh
LogPluginManager: Mounting plugin ExampleDeviceProfileSelector
LogPluginManager: Mounting plugin GoogleCloudMessaging
LogPluginManager: Mounting plugin IOSDeviceProfileSelector
LogPluginManager: Mounting plugin LinuxDeviceProfileSelector
LogPluginManager: Mounting plugin LocationServicesBPLibrary
LogPluginManager: Mounting plugin MobilePatchingUtils
LogPluginManager: Mounting plugin OculusVR
LogPluginManager: Mounting plugin PhysXVehicles
LogPluginManager: Mounting plugin ProceduralMeshComponent
LogPluginManager: Mounting plugin RuntimePhysXCooking
LogPluginManager: Mounting plugin SignificanceManager
LogPluginManager: Mounting plugin SteamVR
LogPluginManager: Mounting plugin WebMMoviePlayer
LogPluginManager: Mounting plugin WindowsMoviePlayer
LogPluginManager: Mounting plugin ScreenshotTools
LogInit: Using libcurl 7.55.1-DEV
LogInit:  - built for x86_64-pc-win32
LogInit:  - supports SSL with OpenSSL/1.1.1
LogInit:  - supports HTTP deflate (compression) using libz 1.2.8
LogInit:  - other features:
LogInit:      CURL_VERSION_SSL
LogInit:      CURL_VERSION_LIBZ
LogInit:      CURL_VERSION_IPV6
LogInit:      CURL_VERSION_ASYNCHDNS
LogInit:      CURL_VERSION_LARGEFILE
LogInit:      CURL_VERSION_IDN
LogInit:  CurlRequestOptions (configurable via config and command line):
LogInit:  - bVerifyPeer = true  - Libcurl will verify peer certificate
LogInit:  - bUseHttpProxy = false  - Libcurl will NOT use HTTP proxy
LogInit:  - bDontReuseConnections = false  - Libcurl will reuse connections
LogInit:  - MaxHostConnections = 16  - Libcurl will limit the number of connections to a host
LogInit:  - LocalHostAddr = Default
LogInit:  - BufferSize = 65536
LogOnline: OSS: Creating online subsystem instance for: NULL
LogInit: WinSock: version 1.1 (2.2), MaxSocks=32767, MaxUdp=65467
LogInit: Build: ++UE4+Release-4.23-CL-9631420
LogInit: Engine Version: 4.23.1-9631420+++UE4+Release-4.23
LogInit: Compatible Engine Version: 4.23.0-8386587+++UE4+Release-4.23
LogInit: Net CL: 8386587
LogInit: OS: Windows 10 (Release 1909) (), CPU: Intel(R) Core(TM) i7-7700HQ CPU @ 2.80GHz, GPU: Intel(R) HD Graphics 630
LogInit: Compiled (64-bit): Oct 18 2019 02:07:44
LogInit: Compiled with Visual C++: 19.16.27030.01
LogInit: Build Configuration: Development
LogInit: Branch Name: ++UE4+Release-4.23
LogInit: Command Line:  -skipcompile
LogInit: Base Directory: D:/Program Files/Epic Games/UE_4.23/Engine/Binaries/Win64/
LogInit: Installed Engine Build: 1
LogDevObjectVersion: Number of dev versions registered: 23
LogDevObjectVersion:   Dev-Blueprints (B0D832E4-1F89-4F0D-ACCF-7EB736FD4AA2): 10
LogDevObjectVersion:   Dev-Build (E1C64328-A22C-4D53-A36C-8E866417BD8C): 0
LogDevObjectVersion:   Dev-Core (375EC13C-06E4-48FB-B500-84F0262A717E): 3
LogDevObjectVersion:   Dev-Editor (E4B068ED-F494-42E9-A231-DA0B2E46BB41): 34
LogDevObjectVersion:   Dev-Framework (CFFC743F-43B0-4480-9391-14DF171D2073): 35
LogDevObjectVersion:   Dev-Mobile (B02B49B5-BB20-44E9-A304-32B752E40360): 2
LogDevObjectVersion:   Dev-Networking (A4E4105C-59A1-49B5-A7C5-40C4547EDFEE): 0
LogDevObjectVersion:   Dev-Online (39C831C9-5AE6-47DC-9A44-9C173E1C8E7C): 0
LogDevObjectVersion:   Dev-Physics (78F01B33-EBEA-4F98-B9B4-84EACCB95AA2): 0
LogDevObjectVersion:   Dev-Platform (6631380F-2D4D-43E0-8009-CF276956A95A): 0
LogDevObjectVersion:   Dev-Rendering (12F88B9F-8875-4AFC-A67C-D90C383ABD29): 31
LogDevObjectVersion:   Dev-Sequencer (7B5AE74C-D270-4C10-A958-57980B212A5A): 11
LogDevObjectVersion:   Dev-VR (D7296918-1DD6-4BDD-9DE2-64A83CC13884): 2
LogDevObjectVersion:   Dev-LoadTimes (C2A15278-BFE7-4AFE-6C17-90FF531DF755): 1
LogDevObjectVersion:   Private-Geometry (6EACA3D4-40EC-4CC1-B786-8BED09428FC5): 3
LogDevObjectVersion:   Dev-AnimPhys (29E575DD-E0A3-4627-9D10-D276232CDCEA): 17
LogDevObjectVersion:   Dev-Anim (AF43A65D-7FD3-4947-9873-3E8ED9C1BB05): 2
LogDevObjectVersion:   Dev-ReflectionCapture (6B266CEC-1EC7-4B8F-A30B-E4D90942FC07): 1
LogDevObjectVersion:   Dev-Automation (0DF73D61-A23F-47EA-B727-89E90C41499A): 1
LogDevObjectVersion:   FortniteMain (601D1886-AC64-4F84-AA16-D3DE0DEAC7D6): 27
LogDevObjectVersion:   Dev-Enterprise (9DFFBCD6-494F-0158-E221-12823C92A888): 6
LogDevObjectVersion:   Dev-Niagara (F2AED0AC-9AFE-416F-8664-AA7FFA26D6FC): 1
LogDevObjectVersion:   Dev-Destruction (174F1F0B-B4C6-45A5-B13F-2EE8D0FB917D): 9
LogInit: Presizing for max 16777216 objects, including 0 objects not considered by GC, pre-allocating 0 bytes for permanent pool.
LogInit: Object subsystem initialized
LogConfig: Setting CVar [[con.DebugEarlyDefault:1]]
LogConfig: Setting CVar [[r.setres:1280x720]]
[2020.02.15-19.13.01:710][  0]LogConfig: Setting CVar [[r.VSync:0]]
[2020.02.15-19.13.01:710][  0]LogConfig: Setting CVar [[r.RHICmdBypass:0]]
[2020.02.15-19.13.01:710][  0]LogConfig: Applying CVar settings from Section [/Script/Engine.RendererSettings] File [D:/UnrealProjects/StealthGame115/StealthGame/Saved/Config/Windows/Engine.ini]
[2020.02.15-19.13.01:710][  0]LogConfig: Setting CVar [[r.GPUCrashDebugging:0]]
[2020.02.15-19.13.01:710][  0]LogConfig: Applying CVar settings from Section [/Script/Engine.RendererOverrideSettings] File [D:/UnrealProjects/StealthGame115/StealthGame/Saved/Config/Windows/Engine.ini]
[2020.02.15-19.13.01:710][  0]LogConfig: Applying CVar settings from Section [/Script/Engine.StreamingSettings] File [D:/UnrealProjects/StealthGame115/StealthGame/Saved/Config/Windows/Engine.ini]
[2020.02.15-19.13.01:710][  0]LogConfig: Setting CVar [[s.MinBulkDataSizeForAsyncLoading:131072]]
[2020.02.15-19.13.01:710][  0]LogConfig: Setting CVar [[s.AsyncLoadingThreadEnabled:0]]
[2020.02.15-19.13.01:710][  0]LogConfig: Setting CVar [[s.EventDrivenLoaderEnabled:1]]
[2020.02.15-19.13.01:710][  0]LogConfig: Setting CVar [[s.WarnIfTimeLimitExceeded:0]]
[2020.02.15-19.13.01:711][  0]LogConfig: Setting CVar [[s.TimeLimitExceededMultiplier:1.5]]
[2020.02.15-19.13.01:711][  0]LogConfig: Setting CVar [[s.TimeLimitExceededMinTime:0.005]]
[2020.02.15-19.13.01:711][  0]LogConfig: Setting CVar [[s.UseBackgroundLevelStreaming:1]]
[2020.02.15-19.13.01:711][  0]LogConfig: Setting CVar [[s.PriorityAsyncLoadingExtraTime:15.0]]
[2020.02.15-19.13.01:711][  0]LogConfig: Setting CVar [[s.LevelStreamingActorsUpdateTimeLimit:5.0]]
[2020.02.15-19.13.01:711][  0]LogConfig: Setting CVar [[s.PriorityLevelStreamingActorsUpdateExtraTime:5.0]]
[2020.02.15-19.13.01:711][  0]LogConfig: Setting CVar [[s.LevelStreamingComponentsRegistrationGranularity:10]]
[2020.02.15-19.13.01:711][  0]LogConfig: Setting CVar [[s.UnregisterComponentsTimeLimit:1.0]]
[2020.02.15-19.13.01:711][  0]LogConfig: Setting CVar [[s.LevelStreamingComponentsUnregistrationGranularity:5]]
[2020.02.15-19.13.01:711][  0]LogConfig: Applying CVar settings from Section [/Script/Engine.GarbageCollectionSettings] File [D:/UnrealProjects/StealthGame115/StealthGame/Saved/Config/Windows/Engine.ini]
[2020.02.15-19.13.01:711][  0]LogConfig: Setting CVar [[gc.MaxObjectsNotConsideredByGC:1]]
[2020.02.15-19.13.01:711][  0]LogConfig: Setting CVar [[gc.SizeOfPermanentObjectPool:0]]
[2020.02.15-19.13.01:712][  0]LogConfig: Setting CVar [[gc.FlushStreamingOnGC:0]]
[2020.02.15-19.13.01:712][  0]LogConfig: Setting CVar [[gc.NumRetriesBeforeForcingGC:10]]
[2020.02.15-19.13.01:712][  0]LogConfig: Setting CVar [[gc.AllowParallelGC:1]]
[2020.02.15-19.13.01:712][  0]LogConfig: Setting CVar [[gc.TimeBetweenPurgingPendingKillObjects:61.1]]
[2020.02.15-19.13.01:712][  0]LogConfig: Setting CVar [[gc.MaxObjectsInEditor:16777216]]
[2020.02.15-19.13.01:712][  0]LogConfig: Setting CVar [[gc.IncrementalBeginDestroyEnabled:1]]
[2020.02.15-19.13.01:712][  0]LogConfig: Setting CVar [[gc.CreateGCClusters:1]]
[2020.02.15-19.13.01:712][  0]LogConfig: Setting CVar [[gc.MinGCClusterSize:5]]
[2020.02.15-19.13.01:712][  0]LogConfig: Setting CVar [[gc.ActorClusteringEnabled:0]]
[2020.02.15-19.13.01:712][  0]LogConfig: Setting CVar [[gc.BlueprintClusteringEnabled:0]]
[2020.02.15-19.13.01:712][  0]LogConfig: Setting CVar [[gc.UseDisregardForGCOnDedicatedServers:0]]
[2020.02.15-19.13.01:712][  0]LogConfig: Applying CVar settings from Section [/Script/Engine.NetworkSettings] File [D:/UnrealProjects/StealthGame115/StealthGame/Saved/Config/Windows/Engine.ini]
[2020.02.15-19.13.01:712][  0]LogConfig: Applying CVar settings from Section [/Script/UnrealEd.CookerSettings] File [D:/UnrealProjects/StealthGame115/StealthGame/Saved/Config/Windows/Engine.ini]
[2020.02.15-19.13.01:721][  0]LogConfig: Applying CVar settings from Section [ViewDistanceQuality@3] File [D:/UnrealProjects/StealthGame115/StealthGame/Saved/Config/Windows/Scalability.ini]
[2020.02.15-19.13.01:721][  0]LogConfig: Setting CVar [[r.SkeletalMeshLODBias:0]]
[2020.02.15-19.13.01:721][  0]LogConfig: Setting CVar [[r.ViewDistanceScale:1.0]]
[2020.02.15-19.13.01:721][  0]LogConfig: Applying CVar settings from Section [AntiAliasingQuality@3] File [D:/UnrealProjects/StealthGame115/StealthGame/Saved/Config/Windows/Scalability.ini]
[2020.02.15-19.13.01:721][  0]LogConfig: Setting CVar [[r.PostProcessAAQuality:4]]
[2020.02.15-19.13.01:721][  0]LogConfig: Applying CVar settings from Section [ShadowQuality@3] File [D:/UnrealProjects/StealthGame115/StealthGame/Saved/Config/Windows/Scalability.ini]
[2020.02.15-19.13.01:721][  0]LogConfig: Setting CVar [[r.LightFunctionQuality:1]]
[2020.02.15-19.13.01:721][  0]LogConfig: Setting CVar [[r.ShadowQuality:5]]
[2020.02.15-19.13.01:721][  0]LogConfig: Setting CVar [[r.Shadow.CSM.MaxCascades:10]]
[2020.02.15-19.13.01:721][  0]LogConfig: Setting CVar [[r.Shadow.MaxResolution:2048]]
[2020.02.15-19.13.01:721][  0]LogConfig: Setting CVar [[r.Shadow.MaxCSMResolution:2048]]
[2020.02.15-19.13.01:722][  0]LogConfig: Setting CVar [[r.Shadow.RadiusThreshold:0.01]]
[2020.02.15-19.13.01:722][  0]LogConfig: Setting CVar [[r.Shadow.DistanceScale:1.0]]
[2020.02.15-19.13.01:722][  0]LogConfig: Setting CVar [[r.Shadow.CSM.TransitionScale:1.0]]
[2020.02.15-19.13.01:722][  0]LogConfig: Setting CVar [[r.Shadow.PreShadowResolutionFactor:1.0]]
[2020.02.15-19.13.01:722][  0]LogConfig: Setting CVar [[r.DistanceFieldShadowing:1]]
[2020.02.15-19.13.01:722][  0]LogConfig: Setting CVar [[r.DistanceFieldAO:1]]
[2020.02.15-19.13.01:722][  0]LogConfig: Setting CVar [[r.AOQuality:2]]
[2020.02.15-19.13.01:722][  0]LogConfig: Setting CVar [[r.VolumetricFog:1]]
[2020.02.15-19.13.01:722][  0]LogConfig: Setting CVar [[r.VolumetricFog.GridPixelSize:8]]
[2020.02.15-19.13.01:722][  0]LogConfig: Setting CVar [[r.VolumetricFog.GridSizeZ:128]]
[2020.02.15-19.13.01:722][  0]LogConfig: Setting CVar [[r.VolumetricFog.HistoryMissSupersampleCount:4]]
[2020.02.15-19.13.01:722][  0]LogConfig: Setting CVar [[r.LightMaxDrawDistanceScale:1]]
[2020.02.15-19.13.01:722][  0]LogConfig: Setting CVar [[r.CapsuleShadows:1]]
[2020.02.15-19.13.01:722][  0]LogConfig: Applying CVar settings from Section [PostProcessQuality@3] File [D:/UnrealProjects/StealthGame115/StealthGame/Saved/Config/Windows/Scalability.ini]
[2020.02.15-19.13.01:722][  0]LogConfig: Setting CVar [[r.MotionBlurQuality:4]]
[2020.02.15-19.13.01:722][  0]LogConfig: Setting CVar [[r.AmbientOcclusionMipLevelFactor:0.4]]
[2020.02.15-19.13.01:722][  0]LogConfig: Setting CVar [[r.AmbientOcclusionMaxQuality:100]]
[2020.02.15-19.13.01:723][  0]LogConfig: Setting CVar [[r.AmbientOcclusionLevels:-1]]
[2020.02.15-19.13.01:723][  0]LogConfig: Setting CVar [[r.AmbientOcclusionRadiusScale:1.0]]
[2020.02.15-19.13.01:723][  0]LogConfig: Setting CVar [[r.DepthOfFieldQuality:2]]
[2020.02.15-19.13.01:723][  0]LogConfig: Setting CVar [[r.RenderTargetPoolMin:400]]
[2020.02.15-19.13.01:723][  0]LogConfig: Setting CVar [[r.LensFlareQuality:2]]
[2020.02.15-19.13.01:723][  0]LogConfig: Setting CVar [[r.SceneColorFringeQuality:1]]
[2020.02.15-19.13.01:723][  0]LogConfig: Setting CVar [[r.EyeAdaptationQuality:2]]
[2020.02.15-19.13.01:723][  0]LogConfig: Setting CVar [[r.BloomQuality:5]]
[2020.02.15-19.13.01:723][  0]LogConfig: Setting CVar [[r.FastBlurThreshold:100]]
[2020.02.15-19.13.01:723][  0]LogConfig: Setting CVar [[r.Upscale.Quality:3]]
[2020.02.15-19.13.01:723][  0]LogConfig: Setting CVar [[r.Tonemapper.GrainQuantization:1]]
[2020.02.15-19.13.01:723][  0]LogConfig: Setting CVar [[r.LightShaftQuality:1]]
[2020.02.15-19.13.01:723][  0]LogConfig: Setting CVar [[r.Filter.SizeScale:1]]
[2020.02.15-19.13.01:723][  0]LogConfig: Setting CVar [[r.Tonemapper.Quality:5]]
[2020.02.15-19.13.01:723][  0]LogConfig: Setting CVar [[r.DOF.Gather.AccumulatorQuality:1        ; higher gathering accumulator quality]]
[2020.02.15-19.13.01:723][  0]LogConfig: Setting CVar [[r.DOF.Gather.PostfilterMethod:1          ; Median3x3 postfilering method]]
[2020.02.15-19.13.01:723][  0]LogConfig: Setting CVar [[r.DOF.Gather.EnableBokehSettings:0       ; no bokeh simulation when gathering]]
[2020.02.15-19.13.01:724][  0]LogConfig: Setting CVar [[r.DOF.Gather.RingCount:4                 ; medium number of samples when gathering]]
[2020.02.15-19.13.01:724][  0]LogConfig: Setting CVar [[r.DOF.Scatter.ForegroundCompositing:1    ; additive foreground scattering]]
[2020.02.15-19.13.01:724][  0]LogConfig: Setting CVar [[r.DOF.Scatter.BackgroundCompositing:2    ; additive background scattering]]
[2020.02.15-19.13.01:724][  0]LogConfig: Setting CVar [[r.DOF.Scatter.EnableBokehSettings:1      ; bokeh simulation when scattering]]
[2020.02.15-19.13.01:724][  0]LogConfig: Setting CVar [[r.DOF.Scatter.MaxSpriteRatio:0.1         ; only a maximum of 10% of scattered bokeh]]
[2020.02.15-19.13.01:724][  0]LogConfig: Setting CVar [[r.DOF.Recombine.Quality:1                ; cheap slight out of focus]]
[2020.02.15-19.13.01:724][  0]LogConfig: Setting CVar [[r.DOF.Recombine.EnableBokehSettings:0    ; no bokeh simulation on slight out of focus]]
[2020.02.15-19.13.01:724][  0]LogConfig: Setting CVar [[r.DOF.TemporalAAQuality:1                ; more stable temporal accumulation]]
[2020.02.15-19.13.01:724][  0]LogConfig: Setting CVar [[r.DOF.Kernel.MaxForegroundRadius:0.025]]
[2020.02.15-19.13.01:724][  0]LogConfig: Setting CVar [[r.DOF.Kernel.MaxBackgroundRadius:0.025]]
[2020.02.15-19.13.01:724][  0]LogConfig: Applying CVar settings from Section [TextureQuality@3] File [D:/UnrealProjects/StealthGame115/StealthGame/Saved/Config/Windows/Scalability.ini]
[2020.02.15-19.13.01:724][  0]LogConfig: Setting CVar [[r.Streaming.MipBias:0]]
[2020.02.15-19.13.01:724][  0]LogConfig: Setting CVar [[r.Streaming.AmortizeCPUToGPUCopy:0]]
[2020.02.15-19.13.01:724][  0]LogConfig: Setting CVar [[r.Streaming.MaxNumTexturesToStreamPerFrame:0]]
[2020.02.15-19.13.01:725][  0]LogConfig: Setting CVar [[r.Streaming.Boost:1]]
[2020.02.15-19.13.01:725][  0]LogConfig: Setting CVar [[r.MaxAnisotropy:8]]
[2020.02.15-19.13.01:725][  0]LogConfig: Setting CVar [[r.Streaming.LimitPoolSizeToVRAM:0]]
[2020.02.15-19.13.01:725][  0]LogConfig: Setting CVar [[r.Streaming.PoolSize:1000]]
[2020.02.15-19.13.01:725][  0]LogConfig: Setting CVar [[r.Streaming.MaxEffectiveScreenSize:0]]
[2020.02.15-19.13.01:725][  0]LogConfig: Applying CVar settings from Section [EffectsQuality@3] File [D:/UnrealProjects/StealthGame115/StealthGame/Saved/Config/Windows/Scalability.ini]
[2020.02.15-19.13.01:725][  0]LogConfig: Setting CVar [[r.TranslucencyLightingVolumeDim:64]]
[2020.02.15-19.13.01:725][  0]LogConfig: Setting CVar [[r.RefractionQuality:2]]
[2020.02.15-19.13.01:725][  0]LogConfig: Setting CVar [[r.SSR.Quality:3]]
[2020.02.15-19.13.01:725][  0]LogConfig: Setting CVar [[r.SceneColorFormat:4]]
[2020.02.15-19.13.01:725][  0]LogConfig: Setting CVar [[r.DetailMode:2]]
[2020.02.15-19.13.01:725][  0]LogConfig: Setting CVar [[r.TranslucencyVolumeBlur:1]]
[2020.02.15-19.13.01:725][  0]LogConfig: Setting CVar [[r.MaterialQualityLevel:1 ; High quality]]
[2020.02.15-19.13.01:725][  0]LogConfig: Setting CVar [[r.SSS.Scale:1]]
[2020.02.15-19.13.01:726][  0]LogConfig: Setting CVar [[r.SSS.SampleSet:2]]
[2020.02.15-19.13.01:726][  0]LogConfig: Setting CVar [[r.SSS.Quality:1]]
[2020.02.15-19.13.01:726][  0]LogConfig: Setting CVar [[r.SSS.HalfRes:1]]
[2020.02.15-19.13.01:726][  0]LogConfig: Setting CVar [[r.EmitterSpawnRateScale:1.0]]
[2020.02.15-19.13.01:726][  0]LogConfig: Setting CVar [[r.ParticleLightQuality:2]]
[2020.02.15-19.13.01:726][  0]LogConfig: Applying CVar settings from Section [FoliageQuality@3] File [D:/UnrealProjects/StealthGame115/StealthGame/Saved/Config/Windows/Scalability.ini]
[2020.02.15-19.13.01:726][  0]LogConfig: Setting CVar [[foliage.DensityScale:1.0]]
[2020.02.15-19.13.01:726][  0]LogConfig: Setting CVar [[grass.DensityScale:1.0]]
[2020.02.15-19.13.01:726][  0]LogInit: Selected Device Profile: [Windows]
[2020.02.15-19.13.01:726][  0]LogInit: Applying CVar settings loaded from the selected device profile: [Windows]
[2020.02.15-19.13.01:731][  0]LogHAL: Display: Platform has ~ 16 GB [17062100992 / 17179869184 / 16], which maps to Larger [LargestMinGB=32, LargerMinGB=12, DefaultMinGB=8, SmallerMinGB=6, SmallestMinGB=0)
[2020.02.15-19.13.01:731][  0]LogInit: Going up to parent DeviceProfile []
[2020.02.15-19.13.01:732][  0]LogConfig: Applying CVar settings from Section [ViewDistanceQuality@3] File [D:/UnrealProjects/StealthGame115/StealthGame/Saved/Config/Windows/Scalability.ini]
[2020.02.15-19.13.01:732][  0]LogConfig: Setting CVar [[r.SkeletalMeshLODBias:0]]
[2020.02.15-19.13.01:732][  0]LogConfig: Setting CVar [[r.ViewDistanceScale:1.0]]
[2020.02.15-19.13.01:732][  0]LogConfig: Applying CVar settings from Section [AntiAliasingQuality@3] File [D:/UnrealProjects/StealthGame115/StealthGame/Saved/Config/Windows/Scalability.ini]
[2020.02.15-19.13.01:732][  0]LogConfig: Setting CVar [[r.PostProcessAAQuality:4]]
[2020.02.15-19.13.01:732][  0]LogConfig: Applying CVar settings from Section [ShadowQuality@3] File [D:/UnrealProjects/StealthGame115/StealthGame/Saved/Config/Windows/Scalability.ini]
[2020.02.15-19.13.01:732][  0]LogConfig: Setting CVar [[r.LightFunctionQuality:1]]
[2020.02.15-19.13.01:732][  0]LogConfig: Setting CVar [[r.ShadowQuality:5]]
[2020.02.15-19.13.01:732][  0]LogConfig: Setting CVar [[r.Shadow.CSM.MaxCascades:10]]
[2020.02.15-19.13.01:732][  0]LogConfig: Setting CVar [[r.Shadow.MaxResolution:2048]]
[2020.02.15-19.13.01:732][  0]LogConfig: Setting CVar [[r.Shadow.MaxCSMResolution:2048]]
[2020.02.15-19.13.01:732][  0]LogConfig: Setting CVar [[r.Shadow.RadiusThreshold:0.01]]
[2020.02.15-19.13.01:732][  0]LogConfig: Setting CVar [[r.Shadow.DistanceScale:1.0]]
[2020.02.15-19.13.01:733][  0]LogConfig: Setting CVar [[r.Shadow.CSM.TransitionScale:1.0]]
[2020.02.15-19.13.01:733][  0]LogConfig: Setting CVar [[r.Shadow.PreShadowResolutionFactor:1.0]]
[2020.02.15-19.13.01:733][  0]LogConfig: Setting CVar [[r.DistanceFieldShadowing:1]]
[2020.02.15-19.13.01:733][  0]LogConfig: Setting CVar [[r.DistanceFieldAO:1]]
[2020.02.15-19.13.01:733][  0]LogConfig: Setting CVar [[r.AOQuality:2]]
[2020.02.15-19.13.01:733][  0]LogConfig: Setting CVar [[r.VolumetricFog:1]]
[2020.02.15-19.13.01:733][  0]LogConfig: Setting CVar [[r.VolumetricFog.GridPixelSize:8]]
[2020.02.15-19.13.01:733][  0]LogConfig: Setting CVar [[r.VolumetricFog.GridSizeZ:128]]
[2020.02.15-19.13.01:733][  0]LogConfig: Setting CVar [[r.VolumetricFog.HistoryMissSupersampleCount:4]]
[2020.02.15-19.13.01:733][  0]LogConfig: Setting CVar [[r.LightMaxDrawDistanceScale:1]]
[2020.02.15-19.13.01:733][  0]LogConfig: Setting CVar [[r.CapsuleShadows:1]]
[2020.02.15-19.13.01:733][  0]LogConfig: Applying CVar settings from Section [PostProcessQuality@3] File [D:/UnrealProjects/StealthGame115/StealthGame/Saved/Config/Windows/Scalability.ini]
[2020.02.15-19.13.01:733][  0]LogConfig: Setting CVar [[r.MotionBlurQuality:4]]
[2020.02.15-19.13.01:733][  0]LogConfig: Setting CVar [[r.AmbientOcclusionMipLevelFactor:0.4]]
[2020.02.15-19.13.01:734][  0]LogConfig: Setting CVar [[r.AmbientOcclusionMaxQuality:100]]
[2020.02.15-19.13.01:734][  0]LogConfig: Setting CVar [[r.AmbientOcclusionLevels:-1]]
[2020.02.15-19.13.01:734][  0]LogConfig: Setting CVar [[r.AmbientOcclusionRadiusScale:1.0]]
[2020.02.15-19.13.01:734][  0]LogConfig: Setting CVar [[r.DepthOfFieldQuality:2]]
[2020.02.15-19.13.01:734][  0]LogConfig: Setting CVar [[r.RenderTargetPoolMin:400]]
[2020.02.15-19.13.01:734][  0]LogConfig: Setting CVar [[r.LensFlareQuality:2]]
[2020.02.15-19.13.01:734][  0]LogConfig: Setting CVar [[r.SceneColorFringeQuality:1]]
[2020.02.15-19.13.01:734][  0]LogConfig: Setting CVar [[r.EyeAdaptationQuality:2]]
[2020.02.15-19.13.01:734][  0]LogConfig: Setting CVar [[r.BloomQuality:5]]
[2020.02.15-19.13.01:734][  0]LogConfig: Setting CVar [[r.FastBlurThreshold:100]]
[2020.02.15-19.13.01:734][  0]LogConfig: Setting CVar [[r.Upscale.Quality:3]]
[2020.02.15-19.13.01:734][  0]LogConfig: Setting CVar [[r.Tonemapper.GrainQuantization:1]]
[2020.02.15-19.13.01:734][  0]LogConfig: Setting CVar [[r.LightShaftQuality:1]]
[2020.02.15-19.13.01:734][  0]LogConfig: Setting CVar [[r.Filter.SizeScale:1]]
[2020.02.15-19.13.01:735][  0]LogConfig: Setting CVar [[r.Tonemapper.Quality:5]]
[2020.02.15-19.13.01:735][  0]LogConfig: Setting CVar [[r.DOF.Gather.AccumulatorQuality:1        ; higher gathering accumulator quality]]
[2020.02.15-19.13.01:735][  0]LogConfig: Setting CVar [[r.DOF.Gather.PostfilterMethod:1          ; Median3x3 postfilering method]]
[2020.02.15-19.13.01:735][  0]LogConfig: Setting CVar [[r.DOF.Gather.EnableBokehSettings:0       ; no bokeh simulation when gathering]]
[2020.02.15-19.13.01:735][  0]LogConfig: Setting CVar [[r.DOF.Gather.RingCount:4                 ; medium number of samples when gathering]]
[2020.02.15-19.13.01:735][  0]LogConfig: Setting CVar [[r.DOF.Scatter.ForegroundCompositing:1    ; additive foreground scattering]]
[2020.02.15-19.13.01:735][  0]LogConfig: Setting CVar [[r.DOF.Scatter.BackgroundCompositing:2    ; additive background scattering]]
[2020.02.15-19.13.01:735][  0]LogConfig: Setting CVar [[r.DOF.Scatter.EnableBokehSettings:1      ; bokeh simulation when scattering]]
[2020.02.15-19.13.01:735][  0]LogConfig: Setting CVar [[r.DOF.Scatter.MaxSpriteRatio:0.1         ; only a maximum of 10% of scattered bokeh]]
[2020.02.15-19.13.01:735][  0]LogConfig: Setting CVar [[r.DOF.Recombine.Quality:1                ; cheap slight out of focus]]
[2020.02.15-19.13.01:735][  0]LogConfig: Setting CVar [[r.DOF.Recombine.EnableBokehSettings:0    ; no bokeh simulation on slight out of focus]]
[2020.02.15-19.13.01:735][  0]LogConfig: Setting CVar [[r.DOF.TemporalAAQuality:1                ; more stable temporal accumulation]]
[2020.02.15-19.13.01:735][  0]LogConfig: Setting CVar [[r.DOF.Kernel.MaxForegroundRadius:0.025]]
[2020.02.15-19.13.01:735][  0]LogConfig: Setting CVar [[r.DOF.Kernel.MaxBackgroundRadius:0.025]]
[2020.02.15-19.13.01:735][  0]LogConfig: Applying CVar settings from Section [TextureQuality@3] File [D:/UnrealProjects/StealthGame115/StealthGame/Saved/Config/Windows/Scalability.ini]
[2020.02.15-19.13.01:736][  0]LogConfig: Setting CVar [[r.Streaming.MipBias:0]]
[2020.02.15-19.13.01:736][  0]LogConfig: Setting CVar [[r.Streaming.AmortizeCPUToGPUCopy:0]]
[2020.02.15-19.13.01:736][  0]LogConfig: Setting CVar [[r.Streaming.MaxNumTexturesToStreamPerFrame:0]]
[2020.02.15-19.13.01:736][  0]LogConfig: Setting CVar [[r.Streaming.Boost:1]]
[2020.02.15-19.13.01:736][  0]LogConfig: Setting CVar [[r.MaxAnisotropy:8]]
[2020.02.15-19.13.01:736][  0]LogConfig: Setting CVar [[r.Streaming.LimitPoolSizeToVRAM:0]]
[2020.02.15-19.13.01:736][  0]LogConfig: Setting CVar [[r.Streaming.PoolSize:1000]]
[2020.02.15-19.13.01:736][  0]LogConfig: Setting CVar [[r.Streaming.MaxEffectiveScreenSize:0]]
[2020.02.15-19.13.01:736][  0]LogConfig: Applying CVar settings from Section [EffectsQuality@3] File [D:/UnrealProjects/StealthGame115/StealthGame/Saved/Config/Windows/Scalability.ini]
[2020.02.15-19.13.01:736][  0]LogConfig: Setting CVar [[r.TranslucencyLightingVolumeDim:64]]
[2020.02.15-19.13.01:736][  0]LogConfig: Setting CVar [[r.RefractionQuality:2]]
[2020.02.15-19.13.01:736][  0]LogConfig: Setting CVar [[r.SSR.Quality:3]]
[2020.02.15-19.13.01:737][  0]LogConfig: Setting CVar [[r.SceneColorFormat:4]]
[2020.02.15-19.13.01:737][  0]LogConfig: Setting CVar [[r.DetailMode:2]]
[2020.02.15-19.13.01:737][  0]LogConfig: Setting CVar [[r.TranslucencyVolumeBlur:1]]
[2020.02.15-19.13.01:737][  0]LogConfig: Setting CVar [[r.MaterialQualityLevel:1 ; High quality]]
[2020.02.15-19.13.01:737][  0]LogConfig: Setting CVar [[r.SSS.Scale:1]]
[2020.02.15-19.13.01:737][  0]LogConfig: Setting CVar [[r.SSS.SampleSet:2]]
[2020.02.15-19.13.01:737][  0]LogConfig: Setting CVar [[r.SSS.Quality:1]]
[2020.02.15-19.13.01:737][  0]LogConfig: Setting CVar [[r.SSS.HalfRes:1]]
[2020.02.15-19.13.01:737][  0]LogConfig: Setting CVar [[r.EmitterSpawnRateScale:1.0]]
[2020.02.15-19.13.01:737][  0]LogConfig: Setting CVar [[r.ParticleLightQuality:2]]
[2020.02.15-19.13.01:737][  0]LogConfig: Applying CVar settings from Section [FoliageQuality@3] File [D:/UnrealProjects/StealthGame115/StealthGame/Saved/Config/Windows/Scalability.ini]
[2020.02.15-19.13.01:737][  0]LogConfig: Setting CVar [[foliage.DensityScale:1.0]]
[2020.02.15-19.13.01:737][  0]LogConfig: Setting CVar [[grass.DensityScale:1.0]]
[2020.02.15-19.13.01:738][  0]LogConfig: Applying CVar settings from Section [Startup] File [../../../Engine/Config/ConsoleVariables.ini]
[2020.02.15-19.13.01:738][  0]LogConfig: Setting CVar [[net.UseAdaptiveNetUpdateFrequency:0]]
[2020.02.15-19.13.01:738][  0]LogConfig: Setting CVar [[p.chaos.AllowCreatePhysxBodies:1]]
[2020.02.15-19.13.01:738][  0]LogConfig: Applying CVar settings from Section [ConsoleVariables] File [D:/UnrealProjects/StealthGame115/StealthGame/Saved/Config/Windows/Engine.ini]
[2020.02.15-19.13.01:738][  0]LogInit: Computer: MSI
[2020.02.15-19.13.01:739][  0]LogInit: User: FelipeGasca
[2020.02.15-19.13.01:739][  0]LogInit: CPU Page size=4096, Cores=4
[2020.02.15-19.13.01:739][  0]LogInit: High frequency timer resolution =10.000000 MHz
[2020.02.15-19.13.01:739][  0]LogMemory: Memory total: Physical=15.9GB (16GB approx)
[2020.02.15-19.13.01:739][  0]LogMemory: Platform Memory Stats for Windows
[2020.02.15-19.13.01:739][  0]LogMemory: Process Physical Memory: 101.63 MB used, 101.63 MB peak
[2020.02.15-19.13.01:739][  0]LogMemory: Process Virtual Memory: 101.13 MB used, 101.13 MB peak
[2020.02.15-19.13.01:739][  0]LogMemory: Physical Memory: 12029.04 MB used,  4242.64 MB free, 16271.69 MB total
[2020.02.15-19.13.01:740][  0]LogMemory: Virtual Memory: 4669.43 MB used,  134213056.00 MB free, 134217728.00 MB total
[2020.02.15-19.13.01:749][  0]LogWindows: WindowsPlatformFeatures enabled
[2020.02.15-19.13.02:014][  0]LogInit: Overriding language with editor language configuration option (en).
[2020.02.15-19.13.02:015][  0]LogInit: Overriding locale with editor locale configuration option (en).
[2020.02.15-19.13.02:185][  0]LogInit: Setting process to per monitor DPI aware
[2020.02.15-19.13.02:264][  0]LogSlate: New Slate User Created.  User Index 0, Is Virtual User: 0
[2020.02.15-19.13.02:264][  0]LogSlate: Slate User Registered.  User Index 0, Is Virtual User: 0
[2020.02.15-19.13.02:584][  0]LogHMD: Failed to initialize OpenVR with code 110
[2020.02.15-19.13.02:584][  0]LogD3D11RHI: D3D11 adapters:
[2020.02.15-19.13.02:701][  0]LogD3D11RHI:    0. 'NVIDIA GeForce GTX 1060' (Feature Level 11_0)
[2020.02.15-19.13.02:701][  0]LogD3D11RHI:       6052/0/8135 MB DedicatedVideo/DedicatedSystem/SharedSystem, Outputs:1, VendorId:0x10de
[2020.02.15-19.13.02:764][  0]LogD3D11RHI:    1. 'Intel(R) HD Graphics 630' (Feature Level 11_0)
[2020.02.15-19.13.02:764][  0]LogD3D11RHI:       128/0/8135 MB DedicatedVideo/DedicatedSystem/SharedSystem, Outputs:0, VendorId:0x8086
[2020.02.15-19.13.02:772][  0]LogD3D11RHI:    2. 'Microsoft Basic Render Driver' (Feature Level 11_0)
[2020.02.15-19.13.02:772][  0]LogD3D11RHI:       0/0/8135 MB DedicatedVideo/DedicatedSystem/SharedSystem, Outputs:0, VendorId:0x1414
[2020.02.15-19.13.02:772][  0]LogD3D11RHI: Chosen D3D11 Adapter: 0
[2020.02.15-19.13.02:818][  0]LogD3D11RHI: Creating new Direct3DDevice
[2020.02.15-19.13.02:819][  0]LogD3D11RHI:     GPU DeviceId: 0x1c20 (for the marketing name, search the web for "GPU Device Id")
[2020.02.15-19.13.02:819][  0]LogWindows: EnumDisplayDevices:
[2020.02.15-19.13.02:819][  0]LogWindows:    0. 'Intel(R) HD Graphics 630' (P:1 D:1)
[2020.02.15-19.13.02:820][  0]LogWindows:    1. 'Intel(R) HD Graphics 630' (P:0 D:0)
[2020.02.15-19.13.02:821][  0]LogWindows:    2. 'Intel(R) HD Graphics 630' (P:0 D:0)
[2020.02.15-19.13.02:821][  0]LogWindows:    3. 'NVIDIA GeForce GTX 1060' (P:0 D:0)
[2020.02.15-19.13.02:822][  0]LogWindows:    4. 'NVIDIA GeForce GTX 1060' (P:0 D:0)
[2020.02.15-19.13.02:823][  0]LogWindows:    5. 'NVIDIA GeForce GTX 1060' (P:0 D:0)
[2020.02.15-19.13.02:824][  0]LogWindows:    6. 'NVIDIA GeForce GTX 1060' (P:0 D:0)
[2020.02.15-19.13.02:824][  0]LogWindows: DebugString: PrimaryIsNotTheChoosenAdapter PrimaryIsNotTheChoosenAdapter PrimaryIsNotTheChoosenAdapter FoundDriverCount:4 
[2020.02.15-19.13.02:825][  0]LogD3D11RHI:     Adapter Name: NVIDIA GeForce GTX 1060
[2020.02.15-19.13.02:825][  0]LogD3D11RHI:   Driver Version: 442.19 (internal:26.21.14.4219, unified:442.19)
[2020.02.15-19.13.02:825][  0]LogD3D11RHI:      Driver Date: 1-29-2020
[2020.02.15-19.13.02:825][  0]LogRHI: Texture pool is 4236 MB (70% of 6052 MB)
[2020.02.15-19.13.02:892][  0]LogD3D11RHI: Async texture creation enabled
[2020.02.15-19.13.02:904][  0]LogD3D11RHI: GPU Timing Frequency: 1000.000000 (Debug: 2 1)
[2020.02.15-19.13.03:291][  0]LogTemp: Display: Module 'AllDesktopTargetPlatform' loaded TargetPlatform 'AllDesktop'
[2020.02.15-19.13.03:304][  0]LogTemp: Display: Module 'MacClientTargetPlatform' loaded TargetPlatform 'MacClient'
[2020.02.15-19.13.03:317][  0]LogTemp: Display: Module 'MacNoEditorTargetPlatform' loaded TargetPlatform 'MacNoEditor'
[2020.02.15-19.13.03:332][  0]LogTemp: Display: Module 'MacServerTargetPlatform' loaded TargetPlatform 'MacServer'
[2020.02.15-19.13.03:346][  0]LogTemp: Display: Module 'MacTargetPlatform' loaded TargetPlatform 'Mac'
[2020.02.15-19.13.03:360][  0]LogTemp: Display: Module 'WindowsClientTargetPlatform' loaded TargetPlatform 'WindowsClient'
[2020.02.15-19.13.03:374][  0]LogTemp: Display: Module 'WindowsNoEditorTargetPlatform' loaded TargetPlatform 'WindowsNoEditor'
[2020.02.15-19.13.03:388][  0]LogTemp: Display: Module 'WindowsServerTargetPlatform' loaded TargetPlatform 'WindowsServer'
[2020.02.15-19.13.03:395][  0]LogTemp: Display: Module 'WindowsTargetPlatform' loaded TargetPlatform 'Windows'
[2020.02.15-19.13.03:432][  0]LogTemp: Display: Module 'AndroidTargetPlatform' loaded TargetPlatform 'Android'
[2020.02.15-19.13.03:432][  0]LogTemp: Display: Module 'AndroidTargetPlatform' loaded TargetPlatform 'Android_ASTC'
[2020.02.15-19.13.03:432][  0]LogTemp: Display: Module 'AndroidTargetPlatform' loaded TargetPlatform 'Android_ATC'
[2020.02.15-19.13.03:432][  0]LogTemp: Display: Module 'AndroidTargetPlatform' loaded TargetPlatform 'Android_DXT'
[2020.02.15-19.13.03:432][  0]LogTemp: Display: Module 'AndroidTargetPlatform' loaded TargetPlatform 'Android_ETC1'
[2020.02.15-19.13.03:433][  0]LogTemp: Display: Module 'AndroidTargetPlatform' loaded TargetPlatform 'Android_ETC1a'
[2020.02.15-19.13.03:433][  0]LogTemp: Display: Module 'AndroidTargetPlatform' loaded TargetPlatform 'Android_ETC2'
[2020.02.15-19.13.03:433][  0]LogTemp: Display: Module 'AndroidTargetPlatform' loaded TargetPlatform 'Android_PVRTC'
[2020.02.15-19.13.03:433][  0]LogTemp: Display: Module 'AndroidTargetPlatform' loaded TargetPlatform 'AndroidClient'
[2020.02.15-19.13.03:433][  0]LogTemp: Display: Module 'AndroidTargetPlatform' loaded TargetPlatform 'Android_ASTCClient'
[2020.02.15-19.13.03:433][  0]LogTemp: Display: Module 'AndroidTargetPlatform' loaded TargetPlatform 'Android_ATCClient'
[2020.02.15-19.13.03:433][  0]LogTemp: Display: Module 'AndroidTargetPlatform' loaded TargetPlatform 'Android_DXTClient'
[2020.02.15-19.13.03:433][  0]LogTemp: Display: Module 'AndroidTargetPlatform' loaded TargetPlatform 'Android_ETC1Client'
[2020.02.15-19.13.03:433][  0]LogTemp: Display: Module 'AndroidTargetPlatform' loaded TargetPlatform 'Android_ETC1aClient'
[2020.02.15-19.13.03:434][  0]LogTemp: Display: Module 'AndroidTargetPlatform' loaded TargetPlatform 'Android_ETC2Client'
[2020.02.15-19.13.03:434][  0]LogTemp: Display: Module 'AndroidTargetPlatform' loaded TargetPlatform 'Android_PVRTCClient'
[2020.02.15-19.13.03:434][  0]LogTemp: Display: Module 'AndroidTargetPlatform' loaded TargetPlatform 'Android_Multi'
[2020.02.15-19.13.03:434][  0]LogTemp: Display: Module 'AndroidTargetPlatform' loaded TargetPlatform 'Android_MultiClient'
[2020.02.15-19.13.03:438][  0]LogTemp: Display: Module 'HTML5TargetPlatform' loaded TargetPlatform 'HTML5'
[2020.02.15-19.13.03:468][  0]LogTemp: Display: Module 'IOSTargetPlatform' loaded TargetPlatform 'IOSClient'
[2020.02.15-19.13.03:469][  0]LogTemp: Display: Module 'IOSTargetPlatform' loaded TargetPlatform 'IOS'
[2020.02.15-19.13.03:492][  0]LogTemp: Display: Module 'TVOSTargetPlatform' loaded TargetPlatform 'TVOSClient'
[2020.02.15-19.13.03:492][  0]LogTemp: Display: Module 'TVOSTargetPlatform' loaded TargetPlatform 'TVOS'
[2020.02.15-19.13.03:506][  0]LogTemp: Display: Module 'LinuxClientTargetPlatform' loaded TargetPlatform 'LinuxClient'
[2020.02.15-19.13.03:518][  0]LogTemp: Display: Module 'LinuxNoEditorTargetPlatform' loaded TargetPlatform 'LinuxNoEditor'
[2020.02.15-19.13.03:530][  0]LogTemp: Display: Module 'LinuxServerTargetPlatform' loaded TargetPlatform 'LinuxServer'
[2020.02.15-19.13.03:543][  0]LogTemp: Display: Module 'LinuxTargetPlatform' loaded TargetPlatform 'Linux'
[2020.02.15-19.13.03:577][  0]LogTemp: Display: Module 'LuminTargetPlatform' loaded TargetPlatform 'Lumin'
[2020.02.15-19.13.03:577][  0]LogTemp: Display: Module 'LuminTargetPlatform' loaded TargetPlatform 'LuminClient'
[2020.02.15-19.13.03:577][  0]LogTargetPlatformManager: Display: Building Assets For Windows
[2020.02.15-19.13.03:602][  0]LogAudioDebug: Display: Lib vorbis DLL was dynamically loaded.
[2020.02.15-19.13.03:708][  0]LogShaderCompilers: Guid format shader working directory is -7 characters bigger than the processId version (../../../../../../UnrealProjects/StealthGame115/StealthGame/Intermediate/Shaders/WorkingDirectory/19656/).
[2020.02.15-19.13.03:708][  0]LogShaderCompilers: Cleaned the shader compiler working directory 'C:/Users/Felipe Gasca/AppData/Local/Temp/UnrealShaderWorkingDir/11B7976F4C062DF2708382954AD404FD/'.
[2020.02.15-19.13.03:711][  0]LogShaderCompilers: Display: Using XGE Shader Compiler (Interception Interface).
[2020.02.15-19.13.04:432][  0]LogDerivedDataCache: Display: Max Cache Size: 512 MB
[2020.02.15-19.13.04:485][  0]LogDerivedDataCache: Loaded boot cache 0.05s 76MB C:/Users/Felipe Gasca/AppData/Local/UnrealEngine/4.23/DerivedDataCache/Boot.ddc.
[2020.02.15-19.13.04:485][  0]LogDerivedDataCache: Display: Loaded Boot cache: C:/Users/Felipe Gasca/AppData/Local/UnrealEngine/4.23/DerivedDataCache/Boot.ddc
[2020.02.15-19.13.04:485][  0]LogDerivedDataCache: FDerivedDataBackendGraph:  Pak pak cache file ../../../../../../UnrealProjects/StealthGame115/StealthGame/DerivedDataCache/DDC.ddp not found, will not use a pak cache.
[2020.02.15-19.13.04:486][  0]LogDerivedDataCache: Unable to find inner node Pak for hierarchical cache Hierarchy.
[2020.02.15-19.13.04:486][  0]LogDerivedDataCache: FDerivedDataBackendGraph:  CompressedPak pak cache file ../../../../../../UnrealProjects/StealthGame115/StealthGame/DerivedDataCache/Compressed.ddp not found, will not use a pak cache.
[2020.02.15-19.13.04:486][  0]LogDerivedDataCache: Unable to find inner node CompressedPak for hierarchical cache Hierarchy.
[2020.02.15-19.13.04:498][  0]LogDerivedDataCache: Display: Pak cache opened for reading ../../../Engine/DerivedDataCache/Compressed.ddp.
[2020.02.15-19.13.04:498][  0]LogDerivedDataCache: FDerivedDataBackendGraph:  EnterprisePak pak cache file ../../../Enterprise/DerivedDataCache/Compressed.ddp not found, will not use a pak cache.
[2020.02.15-19.13.04:498][  0]LogDerivedDataCache: Unable to find inner node EnterprisePak for hierarchical cache Hierarchy.
[2020.02.15-19.13.04:501][  0]LogDerivedDataCache: Using Local data cache path C:/Users/Felipe Gasca/AppData/Local/UnrealEngine/Common/DerivedDataCache: Writable
[2020.02.15-19.13.04:501][  0]LogDerivedDataCache: Shared data cache path not found in *engine.ini, will not use an Shared cache.
[2020.02.15-19.13.04:501][  0]LogDerivedDataCache: Unable to find inner node Shared for hierarchical cache Hierarchy.
[2020.02.15-19.13.04:524][  0]LogMaterial: Verifying Global Shaders for PCD3D_SM5
[2020.02.15-19.13.04:528][  0]LogSlate: Using FreeType 2.6.0
[2020.02.15-19.13.04:529][  0]LogSlate: SlateFontServices - WITH_FREETYPE: 1, WITH_HARFBUZZ: 1
[2020.02.15-19.13.04:620][  0]LogAssetRegistry: FAssetRegistry took 0.0091 seconds to start up
[2020.02.15-19.13.04:917][  0]LogInit: Selected Device Profile: [Windows]
[2020.02.15-19.13.05:131][  0]LogMeshReduction: Using QuadricMeshReduction for automatic static mesh reduction
[2020.02.15-19.13.05:131][  0]LogMeshReduction: Using SimplygonMeshReduction for automatic skeletal mesh reduction
[2020.02.15-19.13.05:131][  0]LogMeshReduction: Using ProxyLODMeshReduction for automatic mesh merging
[2020.02.15-19.13.05:131][  0]LogMeshReduction: No distributed automatic mesh merging module available
[2020.02.15-19.13.05:131][  0]LogMeshMerging: No distributed automatic mesh merging module available
[2020.02.15-19.13.05:145][  0]LogNetVersion: FPSGame 1.0.0, NetCL: 8386587, EngineNetVer: 11, GameNetVer: 0 (Checksum: 2384151453)
[2020.02.15-19.13.05:613][  0]LogPackageLocalizationCache: Processed 12 localized package path(s) for 1 prioritized culture(s) in 0.050857 seconds
[2020.02.15-19.13.05:622][  0]LogUObjectArray: 43444 objects as part of root set at end of initial load.
[2020.02.15-19.13.05:622][  0]LogUObjectAllocator: 7548648 out of 0 bytes used by permanent object pool.
[2020.02.15-19.13.05:623][  0]LogUObjectArray: CloseDisregardForGC: 0/0 objects in disregard for GC pool
[2020.02.15-19.13.06:821][  0]LogTcpMessaging: Initializing TcpMessaging bridge
[2020.02.15-19.13.06:828][  0]LogUdpMessaging: Initializing bridge on interface 0.0.0.0:0 to multicast group 230.0.0.1:6666.
[2020.02.15-19.13.07:153][  0]SourceControl: Source control is disabled
[2020.02.15-19.13.07:153][  0]SourceControl: Source control is disabled
[2020.02.15-19.13.07:158][  0]SourceControl: Source control is disabled
[2020.02.15-19.13.07:162][  0]SourceControl: Source control is disabled
[2020.02.15-19.13.07:354][  0]LogAndroidPermission: UAndroidPermissionCallbackProxy::GetInstance
[2020.02.15-19.13.07:581][  0]LogOcInput: OculusInput pre-init called
[2020.02.15-19.13.07:596][  0]LogWindows: Failed to load 'OVRPlugin.dll' (GetLastError=126)
[2020.02.15-19.13.07:596][  0]LogWindows: File 'OVRPlugin.dll' does not exist
[2020.02.15-19.13.07:694][  0]LogEngine: Initializing Engine...
[2020.02.15-19.13.07:695][  0]LogHMD: Failed to initialize OpenVR with code 110
[2020.02.15-19.13.07:696][  0]LogStats: UGameplayTagsManager::InitializeManager -  0.000 s
[2020.02.15-19.13.07:944][  0]LogInit: Initializing FReadOnlyCVARCache
[2020.02.15-19.13.07:959][  0]LogAIModule: Creating AISystem for world Untitled
[2020.02.15-19.13.07:997][  0]LogInit: XAudio2 using 'HeadPhone/Digital Output (Realtek(R) Audio)' : 2 channels at 48 kHz using 32 bits per sample (channel mask 0x3)
[2020.02.15-19.13.08:026][  0]LogInit: FAudioDevice initialized.
[2020.02.15-19.13.08:027][  0]LogNetVersion: Set ProjectVersion to 1.0.0.0. Version Checksum will be recalculated on next use.
[2020.02.15-19.13.08:124][  0]LogDerivedDataCache: Saved boot cache 0.10s 76MB C:/Users/Felipe Gasca/AppData/Local/UnrealEngine/4.23/DerivedDataCache/Boot.ddc.
[2020.02.15-19.13.08:128][  0]LogInit: Texture streaming: Enabled
[2020.02.15-19.13.08:161][  0]LogEngineSessionManager: EngineSessionManager initialized
[2020.02.15-19.13.08:161][  0]LogEditorSessionSummary: Verbose: Initializing EditorSessionSummaryWriter for editor session tracking
[2020.02.15-19.13.08:164][  0]LogEditorSessionSummary: EditorSessionSummaryWriter initialized
[2020.02.15-19.13.08:216][  0]LogInit: Transaction tracking system initialized
[2020.02.15-19.13.08:261][  0]BlueprintLog: New page: Editor Load
[2020.02.15-19.13.08:379][  0]LocalizationService: Localization service is disabled
[2020.02.15-19.13.08:693][  0]LogFileCache: Scanning file cache for directory 'D:/UnrealProjects/StealthGame115/StealthGame/Content/' took 0.01s
[2020.02.15-19.13.08:693][  0]LogCook: Display: Max memory allowance for cook 16384mb min free memory 0mb
[2020.02.15-19.13.08:694][  0]LogCook: Display: Mobile HDR setting 1
[2020.02.15-19.13.08:987][  0]SourceControl: Source control is disabled
[2020.02.15-19.13.08:988][  0]Cmd: MAP LOAD FILE="../../../../../../UnrealProjects/StealthGame115/StealthGame/Content/Maps/FirstPersonExampleMap.umap" TEMPLATE=0 SHOWPROGRESS=1 FEATURELEVEL=3
[2020.02.15-19.13.08:989][  0]LightingResults: New page: Lighting Build
[2020.02.15-19.13.08:991][  0]LogWorld: UWorld::CleanupWorld for Untitled, bSessionEnded=true, bCleanupResources=true
[2020.02.15-19.13.08:991][  0]MapCheck: New page: Map Check
[2020.02.15-19.13.08:991][  0]LightingResults: New page: Lighting Build
[2020.02.15-19.13.09:018][  0]LogUObjectHash: Compacting FUObjectHashTables data took   2.60ms
[2020.02.15-19.13.09:022][  0]LogLinker: Warning: While loading '../../../../../../UnrealProjects/StealthGame115/StealthGame/Content/Material/M_SpawnBox_Inst.uasset' failed to load '/Game/Materials/M_SpawnBox': Can't find file.
[2020.02.15-19.13.09:022][  0]LogLinker: Warning: While loading '../../../../../../UnrealProjects/StealthGame115/StealthGame/Content/Material/M_SpawnBox_Inst.uasset' failed to load '/Game/Materials/M_SpawnBox': Can't find file.
[2020.02.15-19.13.09:022][  0]LogLinker: Warning: While loading '../../../../../../UnrealProjects/StealthGame115/StealthGame/Content/Material/M_SpawnBox_Inst.uasset' failed to load '/Game/Materials/M_SpawnBox': Can't find file.
[2020.02.15-19.13.09:022][  0]LogLinker: Warning: While loading '../../../../../../UnrealProjects/StealthGame115/StealthGame/Content/Material/M_SpawnBox_Inst.uasset' failed to load '/Game/Materials/M_SpawnBox': Can't find file.
[2020.02.15-19.13.09:037][  0]LogLinker: Warning: While loading '../../../../../../UnrealProjects/StealthGame115/StealthGame/Content/Blueprints/BP_OjectiveActor.uasset' failed to load '/Game/Material/M_PickUpObjective': Can't find file.
[2020.02.15-19.13.09:037][  0]LogLinker: Warning: While loading '../../../../../../UnrealProjects/StealthGame115/StealthGame/Content/Blueprints/BP_OjectiveActor.uasset' failed to load '/Game/Material/M_PickUpObjective': Can't find file.
[2020.02.15-19.13.09:049][  0]LogLinker: Warning: While loading '../../../../../../UnrealProjects/StealthGame115/StealthGame/Content/Blueprints/BP_OjectiveActor.uasset' failed to load '/Game/Material/M_PickUpObjective': Can't find file.
[2020.02.15-19.13.09:049][  0]LogLinker: Warning: While loading '../../../../../../UnrealProjects/StealthGame115/StealthGame/Content/Blueprints/BP_OjectiveActor.uasset' failed to load '/Game/Material/M_PickUpObjective': Can't find file.
[2020.02.15-19.13.09:050][  0]LogLinker: Warning: While loading '../../../../../../UnrealProjects/StealthGame115/StealthGame/Content/Maps/FirstPersonExampleMap.umap' failed to load '/Game/Material/M_PickUpObjective': Can't find file.
[2020.02.15-19.13.09:051][  0]LogLinker: Warning: While loading '../../../../../../UnrealProjects/StealthGame115/StealthGame/Content/Maps/FirstPersonExampleMap.umap' failed to load '/Game/Material/M_PickUpObjective': Can't find file.
[2020.02.15-19.13.09:051][  0]LogLinker: Warning: While loading '../../../../../../UnrealProjects/StealthGame115/StealthGame/Content/Maps/FirstPersonExampleMap.umap' failed to load '/Game/Material/M_PickUpObjective': Can't find file.
[2020.02.15-19.13.09:051][  0]LogLinker: Warning: While loading '../../../../../../UnrealProjects/StealthGame115/StealthGame/Content/Maps/FirstPersonExampleMap.umap' failed to load '/Game/Material/M_PickUpObjective': Can't find file.
[2020.02.15-19.13.09:052][  0]LogLinker: Warning: While loading '../../../../../../UnrealProjects/StealthGame115/StealthGame/Content/Maps/FirstPersonExampleMap.umap' failed to load '/Game/Material/M_PickUpObjective': Can't find file.
[2020.02.15-19.13.09:052][  0]LoadErrors: Failed to load /Game/Material/M_PickUpObjective.M_PickUpObjective Referenced by Mesh Component
[2020.02.15-19.13.09:052][  0]LogLinker: Warning: While loading '../../../../../../UnrealProjects/StealthGame115/StealthGame/Content/Maps/FirstPersonExampleMap.umap' failed to load '/Game/Material/M_PickUpObjective': Can't find file.
[2020.02.15-19.13.09:052][  0]LoadErrors: Failed to load /Game/Material/M_PickUpObjective.M_PickUpObjective Referenced by Mesh Component
[2020.02.15-19.13.09:070][  0]LogLinker: Warning: While loading '../../../../../../UnrealProjects/StealthGame115/StealthGame/Content/Material/M_SpawnBox_Inst.uasset' failed to load '/Game/Materials/M_SpawnBox': Can't find file.
[2020.02.15-19.13.09:071][  0]LoadErrors: Failed to load /Game/Materials/M_SpawnBox.M_SpawnBox Referenced by M_SpawnBox_Inst
[2020.02.15-19.13.09:071][  0]LogLinker: Warning: While loading '../../../../../../UnrealProjects/StealthGame115/StealthGame/Content/Material/M_SpawnBox_Inst.uasset' failed to load '/Game/Materials/M_SpawnBox': Can't find file.
[2020.02.15-19.13.09:071][  0]LoadErrors: Failed to load /Game/Materials/M_SpawnBox.M_SpawnBox Referenced by M_SpawnBox_Inst
[2020.02.15-19.13.09:149][  0]LogAIModule: Creating AISystem for world FirstPersonExampleMap
[2020.02.15-19.13.09:158][  0]LogEditorServer: Finished looking for orphan Actors (0.000 secs)
[2020.02.15-19.13.09:191][  0]LogUObjectHash: Compacting FUObjectHashTables data took   2.54ms
[2020.02.15-19.13.09:191][  0]Cmd: MAP CHECKDEP NOCLEARLOG
[2020.02.15-19.13.09:192][  0]MapCheck: Map check complete: 0 Error(s), 0 Warning(s), took 0.133ms to complete.
[2020.02.15-19.13.09:192][  0]LogFileHelpers: Loading map 'FirstPersonExampleMap' took 0.204
[2020.02.15-19.13.09:330][  0]LogSlate: Updating window title bar state: overlay mode, drag disabled, window buttons hidden, title bar hidden
[2020.02.15-19.13.09:338][  0]LogSlate: Updating window title bar state: overlay mode, drag disabled, window buttons hidden, title bar hidden
[2020.02.15-19.13.09:347][  0]LogSlate: Updating window title bar state: overlay mode, drag disabled, window buttons hidden, title bar hidden
[2020.02.15-19.13.09:355][  0]LogSlate: Updating window title bar state: overlay mode, drag disabled, window buttons hidden, title bar hidden
[2020.02.15-19.13.09:364][  0]LogCollectionManager: Loaded 0 collections in 0.002121 seconds
[2020.02.15-19.13.09:380][  0]LogFileCache: Scanning file cache for directory 'D:/UnrealProjects/StealthGame115/StealthGame/Saved/Collections/' took 0.00s
[2020.02.15-19.13.09:380][  0]LogFileCache: Scanning file cache for directory 'D:/UnrealProjects/StealthGame115/StealthGame/Content/Developers/FelipeGasca/Collections/' took 0.00s
[2020.02.15-19.13.09:381][  0]LogFileCache: Scanning file cache for directory 'D:/UnrealProjects/StealthGame115/StealthGame/Content/Collections/' took 0.00s
[2020.02.15-19.13.09:381][  0]LogCollectionManager: Rebuilt the GUID cache for 0 collections in 0.000002 seconds
[2020.02.15-19.13.09:390][  0]LogContentBrowser: Native class hierarchy populated in 0.0093 seconds. Added 2870 classes and 683 folders.
[2020.02.15-19.13.09:396][  0]LogContentBrowser: Native class hierarchy updated for 'WidgetCarousel' in 0.0004 seconds. Added 0 classes and 0 folders.
[2020.02.15-19.13.09:460][  0]LogContentBrowser: Native class hierarchy updated for 'AddContentDialog' in 0.0004 seconds. Added 0 classes and 0 folders.
[2020.02.15-19.13.09:469][  0]LogContentBrowser: Native class hierarchy updated for 'SceneOutliner' in 0.0006 seconds. Added 1 classes and 2 folders.
[2020.02.15-19.13.09:568][  0]LogSlate: Took 0.000243 seconds to synchronously load lazily loaded font '../../../Engine/Content/Slate/Fonts/Roboto-Regular.ttf' (155K)
[2020.02.15-19.13.09:572][  0]LogSlate: Took 0.000241 seconds to synchronously load lazily loaded font '../../../Engine/Content/Slate/Fonts/Roboto-Bold.ttf' (160K)
[2020.02.15-19.13.09:577][  0]LogSlate: Took 0.000268 seconds to synchronously load lazily loaded font '../../../Engine/Content/Editor/Slate/Fonts/FontAwesome.ttf' (139K)
[2020.02.15-19.13.09:649][  0]LogRenderer: Reallocating scene render targets to support 1208x572 Format 10 NumSamples 1 (Frame:1).
[2020.02.15-19.13.09:819][  0]LogContentBrowser: Native class hierarchy updated for 'HierarchicalLODOutliner' in 0.0009 seconds. Added 0 classes and 0 folders.
[2020.02.15-19.13.09:819][  0]LogLoad: (Engine Initialization) Total time: 10.21 seconds
[2020.02.15-19.13.09:819][  0]LogLoad: (Engine Initialization) Total Blueprint compile time: 0.00 seconds
[2020.02.15-19.13.09:887][  0]LogAssetRegistry: Asset discovery search completed in 5.2722 seconds
[2020.02.15-19.13.09:891][  0]LogCollectionManager: Rebuilt the object cache for 0 collections in 0.000004 seconds (found 0 objects)
[2020.02.15-19.13.09:892][  0]LogCollectionManager: Fixed up redirectors for 0 collections in 0.000250 seconds (updated 0 objects)
[2020.02.15-19.13.09:893][  0]LogContentStreaming: Texture pool size now 1000 MB
[2020.02.15-19.13.09:904][  0]LogSlate: FSceneViewport::OnFocusLost() reason 5
[2020.02.15-19.13.09:967][  0]LogSlate: Took 0.000263 seconds to synchronously load lazily loaded font '../../../Engine/Content/Slate/Fonts/Roboto-Light.ttf' (167K)
[2020.02.15-19.13.25:400][918]LogSlate: Window 'Message Log' being destroyed
[2020.02.15-19.13.25:407][918]LogSlate: Window 'Message Log' being destroyed
[2020.02.15-19.13.32:388][333]LogSlate: FSceneViewport::OnFocusLost() reason 0
[2020.02.15-19.14.09:593][879]LogSlate: FSceneViewport::OnFocusLost() reason 0
[2020.02.15-19.14.14:047][143]Cmd: TRANSACTION UNDO
[2020.02.15-19.14.14:047][143]LogEditorTransaction: Undo Reset Location
[2020.02.15-19.14.14:256][143]LogSlate: Took 0.000251 seconds to synchronously load lazily loaded font '../../../Engine/Content/Slate/Fonts/Roboto-Light.ttf' (167K)
[2020.02.15-19.14.16:114][252]LogSlate: Took 0.000224 seconds to synchronously load lazily loaded font '../../../Engine/Content/Slate/Fonts/Roboto-Italic.ttf' (157K)
[2020.02.15-19.14.28:386][984]Cmd: TRANSACTION UNDO
[2020.02.15-19.14.28:386][984]LogEditorTransaction: Undo Move Components
[2020.02.15-19.14.29:062][ 24]Cmd: TRANSACTION UNDO
[2020.02.15-19.14.29:062][ 24]LogEditorTransaction: Undo Move Components
[2020.02.15-19.14.30:095][ 86]Cmd: TRANSACTION UNDO
[2020.02.15-19.14.30:096][ 86]LogEditorTransaction: Undo Clicking on Component (tree view)
[2020.02.15-19.14.30:925][134]Cmd: TRANSACTION UNDO
[2020.02.15-19.14.30:925][134]LogEditorTransaction: Undo Move Actors
[2020.02.15-19.14.32:959][256]LogSlate: FSceneViewport::OnFocusLost() reason 0
[2020.02.15-19.14.35:526][410]Cmd: DELETE
[2020.02.15-19.14.35:526][410]Cmd: ACTOR DELETE
[2020.02.15-19.14.35:844][410]LogEditorActor: Deleted Actor: BP_ExtractZone_C
[2020.02.15-19.14.35:866][410]LogUObjectHash: Compacting FUObjectHashTables data took   0.67ms
[2020.02.15-19.14.35:867][410]LogEditorActor: Deleted 1 Actors (0.287 secs)
[2020.02.15-19.14.44:535][929]LogAssetEditorManager: Opening Asset editor for Blueprint /Game/Blueprints/BP_ExtractZone.BP_ExtractZone
[2020.02.15-19.14.44:826][929]LogContentBrowser: Native class hierarchy updated for 'BlueprintGraph' in 0.0007 seconds. Added 121 classes and 0 folders.
[2020.02.15-19.14.50:609][218]LogSlate: Window 'BP_ExtractZone' being destroyed
[2020.02.15-19.14.53:593][397]LogWorld: UWorld::CleanupWorld for World_4, bSessionEnded=true, bCleanupResources=true
[2020.02.15-19.14.53:646][397]LogAssetEditorManager: Opening Asset editor for Blueprint /Game/Blueprints/BP_ExtractZone.BP_ExtractZone
[2020.02.15-19.14.54:007][397]LogSlate: Took 0.000279 seconds to synchronously load lazily loaded font '../../../Engine/Content/Slate/Fonts/Roboto-BoldCondensed.ttf' (158K)
[2020.02.15-19.14.57:285][588]LogRenderer: Reallocating scene render targets to support 1208x712 Format 10 NumSamples 1 (Frame:1).
[2020.02.15-19.15.02:602][891]LogSlate: Window 'BP_ExtractZone' being destroyed
[2020.02.15-19.15.27:404][358]LogSlate: FSceneViewport::OnFocusLost() reason 0
[2020.02.15-19.16.27:883][823]LogMaterial: Display: Missing cached shader map for material M_SpawnBox, compiling. 
[2020.02.15-19.16.27:883][823]LogMaterial: Warning: D:\UnrealProjects\StealthGame115\StealthGame\Content\Material\M_SpawnBox.uasset: Failed to compile Material for platform PCD3D_SM5, Default Material will be used in game.
[2020.02.15-19.16.27:884][823]LogMaterial: Display: 	(Node TextureSample) Texture Sample> Missing input texture
[2020.02.15-19.16.27:948][823]LogUObjectHash: Compacting FUObjectHashTables data took   4.95ms
[2020.02.15-19.16.30:111][823]LogSlate: Window 'Delete Assets' being destroyed
[2020.02.15-19.16.32:857][823]LogWorld: UWorld::CleanupWorld for World_5, bSessionEnded=true, bCleanupResources=true
[2020.02.15-19.16.32:898][823]LogUObjectGlobals: Force Deleting 3 Package(s):
	Asset Name: /Game/Material/M_SpawnBox.M_SpawnBox
	Asset Name: /Game/Material/M_SpawnBox_Inst.M_SpawnBox_Inst
	Asset Name: /Game/Material/T_DevPatterns.T_DevPatterns
[2020.02.15-19.16.37:614][823]LogUObjectHash: Compacting FUObjectHashTables data took   2.61ms
[2020.02.15-19.16.37:644][823]LogUObjectHash: Compacting FUObjectHashTables data took   1.82ms
[2020.02.15-19.16.37:673][823]LogUObjectHash: Compacting FUObjectHashTables data took   0.87ms
[2020.02.15-19.16.37:707][823]LogUObjectHash: Compacting FUObjectHashTables data took   2.51ms
[2020.02.15-19.16.37:734][823]LogUObjectHash: Compacting FUObjectHashTables data took   0.86ms
[2020.02.15-19.18.13:610][311]LogLinker: Warning: While loading '../../../../../../UnrealProjects/StealthGame115/StealthGame/Content/Material/SpawnBox_M_Inst.uasset' failed to load '/Game/Materials/SpawnBox_M': Can't find file.
[2020.02.15-19.18.13:611][311]LogLinker: Warning: While loading '../../../../../../UnrealProjects/StealthGame115/StealthGame/Content/Material/SpawnBox_M_Inst.uasset' failed to load '/Game/Materials/SpawnBox_M': Can't find file.
[2020.02.15-19.18.13:611][311]LogLinker: Warning: While loading '../../../../../../UnrealProjects/StealthGame115/StealthGame/Content/Material/SpawnBox_M_Inst.uasset' failed to load '/Game/Materials/SpawnBox_M': Can't find file.
[2020.02.15-19.18.13:611][311]LogLinker: Warning: While loading '../../../../../../UnrealProjects/StealthGame115/StealthGame/Content/Material/SpawnBox_M_Inst.uasset' failed to load '/Game/Materials/SpawnBox_M': Can't find file.
[2020.02.15-19.18.13:612][311]LogLinker: Warning: While loading '../../../../../../UnrealProjects/StealthGame115/StealthGame/Content/Material/SpawnBox_M_Inst.uasset' failed to load '/Game/Materials/SpawnBox_M': Can't find file.
[2020.02.15-19.18.13:612][311]LoadErrors: Failed to load /Game/Materials/SpawnBox_M.SpawnBox_M Referenced by SpawnBox_M_Inst
[2020.02.15-19.18.13:612][311]LogLinker: Warning: While loading '../../../../../../UnrealProjects/StealthGame115/StealthGame/Content/Material/SpawnBox_M_Inst.uasset' failed to load '/Game/Materials/SpawnBox_M': Can't find file.
[2020.02.15-19.19.43:358][376]Cmd: TRANSACTION UNDO
[2020.02.15-19.19.43:358][376]LogEditorTransaction: Undo Select Brush Surface
[2020.02.15-19.19.44:692][423]Cmd: TRANSACTION UNDO
[2020.02.15-19.19.44:692][423]LogEditorTransaction: Undo Select Brush Surface
[2020.02.15-19.19.45:125][449]Cmd: TRANSACTION UNDO
[2020.02.15-19.19.45:125][449]LogEditorTransaction: Undo Move Components
[2020.02.15-19.19.53:604][956]LogSlate: FSceneViewport::OnFocusLost() reason 0
[2020.02.15-19.20.56:275][697]LogSlate: FSceneViewport::OnFocusLost() reason 0
[2020.02.15-19.20.56:458][708]LogTemp: Repeating last play command: Selected Viewport
[2020.02.15-19.20.56:469][708]LogBlueprintUserMessages: Early PlayInEditor Detection: Level '/Game/Maps/FirstPersonExampleMap.FirstPersonExampleMap:PersistentLevel' has LevelScriptBlueprint '/Game/Maps/FirstPersonExampleMap.FirstPersonExampleMap:PersistentLevel.FirstPersonExampleMap' with GeneratedClass '/Game/Maps/FirstPersonExampleMap.FirstPersonExampleMap_C' with ClassGeneratedBy '/Game/Maps/FirstPersonExampleMap.FirstPersonExampleMap:PersistentLevel.FirstPersonExampleMap'
[2020.02.15-19.20.56:470][708]LogPlayLevel: PlayLevel: No blueprints needed recompiling
[2020.02.15-19.20.56:470][708]PIE: New page: PIE session: FirstPersonExampleMap (Feb 15, 2020, 7:20:56 AM)
[2020.02.15-19.20.56:473][708]LogOnline: OSS: Creating online subsystem instance for: NULL
[2020.02.15-19.20.56:476][708]LogPlayLevel: Creating play world package: /Game/Maps/UEDPIE_0_FirstPersonExampleMap
[2020.02.15-19.20.56:494][708]LogPlayLevel: PIE: StaticDuplicateObject took: (0.017768s)
[2020.02.15-19.20.56:495][708]LogAIModule: Creating AISystem for world FirstPersonExampleMap
[2020.02.15-19.20.56:496][708]LogPlayLevel: PIE: World Init took: (0.001852s)
[2020.02.15-19.20.56:496][708]LogPlayLevel: PIE: Created PIE world by copying editor world from /Game/Maps/FirstPersonExampleMap.FirstPersonExampleMap to /Game/Maps/UEDPIE_0_FirstPersonExampleMap.FirstPersonExampleMap (0.020289s)
[2020.02.15-19.20.56:530][708]LogUObjectHash: Compacting FUObjectHashTables data took   2.54ms
[2020.02.15-19.20.56:548][708]LogInit: XAudio2 using 'HeadPhone/Digital Output (Realtek(R) Audio)' : 2 channels at 48 kHz using 32 bits per sample (channel mask 0x3)
[2020.02.15-19.20.56:563][708]LogInit: FAudioDevice initialized.
[2020.02.15-19.20.56:579][708]LogLoad: Game class is 'BP_GameMode_C'
[2020.02.15-19.20.56:641][708]LogWorld: Bringing World /Game/Maps/UEDPIE_0_FirstPersonExampleMap.FirstPersonExampleMap up for play (max tick rate 60) at 2020.02.15-13.20.56
[2020.02.15-19.20.56:642][708]LogWorld: Bringing up level for play took: 0.002320
[2020.02.15-19.20.56:642][708]LogOnline: OSS: Creating online subsystem instance for: :Context_7
[2020.02.15-19.20.56:871][708]LogContentBrowser: Native class hierarchy updated for 'MovieSceneCapture' in 0.0006 seconds. Added 20 classes and 0 folders.
[2020.02.15-19.20.56:969][708]PIE: Play in editor start time for /Game/Maps/UEDPIE_0_FirstPersonExampleMap 0.389
[2020.02.15-19.20.56:970][708]LogBlueprintUserMessages: Late PlayInEditor Detection: Level '/Game/Maps/FirstPersonExampleMap.FirstPersonExampleMap:PersistentLevel' has LevelScriptBlueprint '/Game/Maps/FirstPersonExampleMap.FirstPersonExampleMap:PersistentLevel.FirstPersonExampleMap' with GeneratedClass '/Game/Maps/FirstPersonExampleMap.FirstPersonExampleMap_C' with ClassGeneratedBy '/Game/Maps/FirstPersonExampleMap.FirstPersonExampleMap:PersistentLevel.FirstPersonExampleMap'
[2020.02.15-19.20.56:971][708]LogBlueprintUserMessages: [BP_Player_2] Objective Carried: false
[2020.02.15-19.20.57:291][709]LogBlueprintUserMessages: [BP_Player_2] Objective Carried: false
[2020.02.15-19.20.57:304][710]LogBlueprintUserMessages: [BP_Player_2] Objective Carried: false
[2020.02.15-19.20.57:321][711]LogBlueprintUserMessages: [BP_Player_2] Objective Carried: false
[2020.02.15-19.20.57:337][712]LogBlueprintUserMessages: [BP_Player_2] Objective Carried: false
[2020.02.15-19.20.57:353][713]LogBlueprintUserMessages: [BP_Player_2] Objective Carried: false
[2020.02.15-19.20.57:369][714]LogBlueprintUserMessages: [BP_Player_2] Objective Carried: false
[2020.02.15-19.20.57:385][715]LogBlueprintUserMessages: [BP_Player_2] Objective Carried: false
[2020.02.15-19.20.57:402][716]LogBlueprintUserMessages: [BP_Player_2] Objective Carried: false
[2020.02.15-19.20.57:419][717]LogBlueprintUserMessages: [BP_Player_2] Objective Carried: false
[2020.02.15-19.20.57:436][718]LogBlueprintUserMessages: [BP_Player_2] Objective Carried: false
[2020.02.15-19.20.57:452][719]LogBlueprintUserMessages: [BP_Player_2] Objective Carried: false
[2020.02.15-19.20.57:468][720]LogBlueprintUserMessages: [BP_Player_2] Objective Carried: false
[2020.02.15-19.20.57:485][721]LogBlueprintUserMessages: [BP_Player_2] Objective Carried: false
[2020.02.15-19.20.57:504][722]LogBlueprintUserMessages: [BP_Player_2] Objective Carried: false
[2020.02.15-19.20.57:596][723]LogBlueprintUserMessages: [BP_Player_2] Objective Carried: false
[2020.02.15-19.20.57:612][724]LogBlueprintUserMessages: [BP_Player_2] Objective Carried: false
[2020.02.15-19.20.57:629][725]LogBlueprintUserMessages: [BP_Player_2] Objective Carried: false
[2020.02.15-19.20.57:645][726]LogBlueprintUserMessages: [BP_Player_2] Objective Carried: false
[2020.02.15-19.20.57:662][727]LogBlueprintUserMessages: [BP_Player_2] Objective Carried: false
[2020.02.15-19.20.57:679][728]LogBlueprintUserMessages: [BP_Player_2] Objective Carried: false
[2020.02.15-19.20.57:696][729]LogBlueprintUserMessages: [BP_Player_2] Objective Carried: false
[2020.02.15-19.20.57:712][730]LogBlueprintUserMessages: [BP_Player_2] Objective Carried: false
[2020.02.15-19.20.57:730][731]LogBlueprintUserMessages: [BP_Player_2] Objective Carried: false
[2020.02.15-19.20.57:747][732]LogBlueprintUserMessages: [BP_Player_2] Objective Carried: false
[2020.02.15-19.20.57:762][733]LogBlueprintUserMessages: [BP_Player_2] Objective Carried: false
[2020.02.15-19.20.57:779][734]LogBlueprintUserMessages: [BP_Player_2] Objective Carried: false
[2020.02.15-19.20.57:796][735]LogBlueprintUserMessages: [BP_Player_2] Objective Carried: false
[2020.02.15-19.20.57:812][736]LogBlueprintUserMessages: [BP_Player_2] Objective Carried: false
[2020.02.15-19.20.57:829][737]LogBlueprintUserMessages: [BP_Player_2] Objective Carried: false
[2020.02.15-19.20.57:845][738]LogBlueprintUserMessages: [BP_Player_2] Objective Carried: false
[2020.02.15-19.20.57:862][739]LogBlueprintUserMessages: [BP_Player_2] Objective Carried: false
[2020.02.15-19.20.57:879][740]LogBlueprintUserMessages: [BP_Player_2] Objective Carried: false
[2020.02.15-19.20.57:896][741]LogBlueprintUserMessages: [BP_Player_2] Objective Carried: false
[2020.02.15-19.20.57:912][742]LogBlueprintUserMessages: [BP_Player_2] Objective Carried: false
[2020.02.15-19.20.57:929][743]LogBlueprintUserMessages: [BP_Player_2] Objective Carried: false
[2020.02.15-19.20.57:945][744]LogBlueprintUserMessages: [BP_Player_2] Objective Carried: false
[2020.02.15-19.20.57:962][745]LogBlueprintUserMessages: [BP_Player_2] Objective Carried: false
[2020.02.15-19.20.57:979][746]LogBlueprintUserMessages: [BP_Player_2] Objective Carried: false
[2020.02.15-19.20.57:995][747]LogBlueprintUserMessages: [BP_Player_2] Objective Carried: false
[2020.02.15-19.20.58:012][748]LogBlueprintUserMessages: [BP_Player_2] Objective Carried: false
[2020.02.15-19.20.58:028][749]LogBlueprintUserMessages: [BP_Player_2] Objective Carried: false
[2020.02.15-19.20.58:045][750]LogBlueprintUserMessages: [BP_Player_2] Objective Carried: false
[2020.02.15-19.20.58:062][751]LogBlueprintUserMessages: [BP_Player_2] Objective Carried: false
[2020.02.15-19.20.58:079][752]LogBlueprintUserMessages: [BP_Player_2] Objective Carried: false
[2020.02.15-19.20.58:095][753]LogBlueprintUserMessages: [BP_Player_2] Objective Carried: false
[2020.02.15-19.20.58:112][754]LogBlueprintUserMessages: [BP_Player_2] Objective Carried: false
[2020.02.15-19.20.58:128][755]LogBlueprintUserMessages: [BP_Player_2] Objective Carried: false
[2020.02.15-19.20.58:145][756]LogBlueprintUserMessages: [BP_Player_2] Objective Carried: false
[2020.02.15-19.20.58:162][757]LogBlueprintUserMessages: [BP_Player_2] Objective Carried: false
[2020.02.15-19.20.58:179][758]LogBlueprintUserMessages: [BP_Player_2] Objective Carried: false
[2020.02.15-19.20.58:196][759]LogBlueprintUserMessages: [BP_Player_2] Objective Carried: false
[2020.02.15-19.20.58:212][760]LogBlueprintUserMessages: [BP_Player_2] Objective Carried: false
[2020.02.15-19.20.58:229][761]LogBlueprintUserMessages: [BP_Player_2] Objective Carried: false
[2020.02.15-19.20.58:246][762]LogBlueprintUserMessages: [BP_Player_2] Objective Carried: false
[2020.02.15-19.20.58:262][763]LogBlueprintUserMessages: [BP_Player_2] Objective Carried: false
[2020.02.15-19.20.58:279][764]LogBlueprintUserMessages: [BP_Player_2] Objective Carried: false
[2020.02.15-19.20.58:296][765]LogBlueprintUserMessages: [BP_Player_2] Objective Carried: false
[2020.02.15-19.20.58:313][766]LogBlueprintUserMessages: [BP_Player_2] Objective Carried: false
[2020.02.15-19.20.58:329][767]LogBlueprintUserMessages: [BP_Player_2] Objective Carried: false
[2020.02.15-19.20.58:346][768]LogBlueprintUserMessages: [BP_Player_2] Objective Carried: false
[2020.02.15-19.20.58:363][769]LogBlueprintUserMessages: [BP_Player_2] Objective Carried: false
[2020.02.15-19.20.58:380][770]LogBlueprintUserMessages: [BP_Player_2] Objective Carried: false
[2020.02.15-19.20.58:396][771]LogBlueprintUserMessages: [BP_Player_2] Objective Carried: false
[2020.02.15-19.20.58:412][772]LogBlueprintUserMessages: [BP_Player_2] Objective Carried: false
[2020.02.15-19.20.58:429][773]LogBlueprintUserMessages: [BP_Player_2] Objective Carried: false
[2020.02.15-19.20.58:445][774]LogBlueprintUserMessages: [BP_Player_2] Objective Carried: false
[2020.02.15-19.20.58:462][775]LogBlueprintUserMessages: [BP_Player_2] Objective Carried: false
[2020.02.15-19.20.58:479][776]LogBlueprintUserMessages: [BP_Player_2] Objective Carried: false
[2020.02.15-19.20.58:497][777]LogBlueprintUserMessages: [BP_Player_2] Objective Carried: false
[2020.02.15-19.20.58:512][778]LogBlueprintUserMessages: [BP_Player_2] Objective Carried: false
[2020.02.15-19.20.58:529][779]LogBlueprintUserMessages: [BP_Player_2] Objective Carried: false
[2020.02.15-19.20.58:545][780]LogBlueprintUserMessages: [BP_Player_2] Objective Carried: false
[2020.02.15-19.20.58:567][781]LogBlueprintUserMessages: [BP_Player_2] Objective Carried: false
[2020.02.15-19.20.58:584][782]LogBlueprintUserMessages: [BP_Player_2] Objective Carried: false
[2020.02.15-19.20.58:600][783]LogBlueprintUserMessages: [BP_Player_2] Objective Carried: false
[2020.02.15-19.20.58:617][784]LogBlueprintUserMessages: [BP_Player_2] Objective Carried: false
[2020.02.15-19.20.58:634][785]LogBlueprintUserMessages: [BP_Player_2] Objective Carried: false
[2020.02.15-19.20.58:650][786]LogBlueprintUserMessages: [BP_Player_2] Objective Carried: false
[2020.02.15-19.20.58:667][787]LogBlueprintUserMessages: [BP_Player_2] Objective Carried: false
[2020.02.15-19.20.58:684][788]LogBlueprintUserMessages: [BP_Player_2] Objective Carried: false
[2020.02.15-19.20.58:701][789]LogBlueprintUserMessages: [BP_Player_2] Objective Carried: false
[2020.02.15-19.20.58:717][790]LogBlueprintUserMessages: [BP_Player_2] Objective Carried: false
[2020.02.15-19.20.58:734][791]LogBlueprintUserMessages: [BP_Player_2] Objective Carried: false
[2020.02.15-19.20.58:751][792]LogBlueprintUserMessages: [BP_Player_2] Objective Carried: false
[2020.02.15-19.20.58:768][793]LogBlueprintUserMessages: [BP_Player_2] Objective Carried: false
[2020.02.15-19.20.58:784][794]LogBlueprintUserMessages: [BP_Player_2] Objective Carried: false
[2020.02.15-19.20.58:801][795]LogBlueprintUserMessages: [BP_Player_2] Objective Carried: false
[2020.02.15-19.20.58:817][796]LogBlueprintUserMessages: [BP_Player_2] Objective Carried: false
[2020.02.15-19.20.58:834][797]LogBlueprintUserMessages: [BP_Player_2] Objective Carried: false
[2020.02.15-19.20.58:850][798]LogBlueprintUserMessages: [BP_Player_2] Objective Carried: false
[2020.02.15-19.20.58:867][799]LogBlueprintUserMessages: [BP_Player_2] Objective Carried: false
[2020.02.15-19.20.58:884][800]LogBlueprintUserMessages: [BP_Player_2] Objective Carried: false
[2020.02.15-19.20.58:901][801]LogBlueprintUserMessages: [BP_Player_2] Objective Carried: false
[2020.02.15-19.20.58:918][802]LogBlueprintUserMessages: [BP_Player_2] Objective Carried: false
[2020.02.15-19.20.58:935][803]LogBlueprintUserMessages: [BP_Player_2] Objective Carried: false
[2020.02.15-19.20.58:951][804]LogBlueprintUserMessages: [BP_Player_2] Objective Carried: false
[2020.02.15-19.20.58:968][805]LogBlueprintUserMessages: [BP_Player_2] Objective Carried: false
[2020.02.15-19.20.58:984][806]LogBlueprintUserMessages: [BP_Player_2] Objective Carried: false
[2020.02.15-19.20.59:001][807]LogBlueprintUserMessages: [BP_Player_2] Objective Carried: false
[2020.02.15-19.20.59:017][808]LogBlueprintUserMessages: [BP_Player_2] Objective Carried: false
[2020.02.15-19.20.59:033][809]LogBlueprintUserMessages: [BP_Player_2] Objective Carried: false
[2020.02.15-19.20.59:050][810]LogBlueprintUserMessages: [BP_Player_2] Objective Carried: false
[2020.02.15-19.20.59:067][811]LogBlueprintUserMessages: [BP_Player_2] Objective Carried: false
[2020.02.15-19.20.59:083][812]LogBlueprintUserMessages: [BP_Player_2] Objective Carried: false
[2020.02.15-19.20.59:100][813]LogBlueprintUserMessages: [BP_Player_2] Objective Carried: false
[2020.02.15-19.20.59:117][814]LogBlueprintUserMessages: [BP_Player_2] Objective Carried: false
[2020.02.15-19.20.59:134][815]LogBlueprintUserMessages: [BP_Player_2] Objective Carried: false
[2020.02.15-19.20.59:150][816]LogBlueprintUserMessages: [BP_Player_2] Objective Carried: false
[2020.02.15-19.20.59:167][817]LogBlueprintUserMessages: [BP_Player_2] Objective Carried: false
[2020.02.15-19.20.59:184][818]LogBlueprintUserMessages: [BP_Player_2] Objective Carried: false
[2020.02.15-19.20.59:201][819]LogBlueprintUserMessages: [BP_Player_2] Objective Carried: false
[2020.02.15-19.20.59:217][820]LogBlueprintUserMessages: [BP_Player_2] Objective Carried: false
[2020.02.15-19.20.59:234][821]LogBlueprintUserMessages: [BP_Player_2] Objective Carried: false
[2020.02.15-19.20.59:251][822]LogBlueprintUserMessages: [BP_Player_2] Objective Carried: false
[2020.02.15-19.20.59:267][823]LogBlueprintUserMessages: [BP_Player_2] Objective Carried: false
[2020.02.15-19.20.59:284][824]LogBlueprintUserMessages: [BP_Player_2] Objective Carried: false
[2020.02.15-19.20.59:301][825]LogBlueprintUserMessages: [BP_Player_2] Objective Carried: false
[2020.02.15-19.20.59:317][826]LogBlueprintUserMessages: [BP_Player_2] Objective Carried: false
[2020.02.15-19.20.59:335][827]LogBlueprintUserMessages: [BP_Player_2] Objective Carried: false
[2020.02.15-19.20.59:351][828]LogBlueprintUserMessages: [BP_Player_2] Objective Carried: false
[2020.02.15-19.20.59:367][829]LogBlueprintUserMessages: [BP_Player_2] Objective Carried: false
[2020.02.15-19.20.59:383][830]LogBlueprintUserMessages: [BP_Player_2] Objective Carried: false
[2020.02.15-19.20.59:400][831]LogBlueprintUserMessages: [BP_Player_2] Objective Carried: false
[2020.02.15-19.20.59:417][832]LogBlueprintUserMessages: [BP_Player_2] Objective Carried: false
[2020.02.15-19.20.59:436][833]LogBlueprintUserMessages: [BP_Player_2] Objective Carried: false
[2020.02.15-19.20.59:451][834]LogBlueprintUserMessages: [BP_Player_2] Objective Carried: false
[2020.02.15-19.20.59:468][835]LogBlueprintUserMessages: [BP_Player_2] Objective Carried: true
[2020.02.15-19.20.59:484][836]LogBlueprintUserMessages: [BP_Player_2] Objective Carried: true
[2020.02.15-19.20.59:501][837]LogBlueprintUserMessages: [BP_Player_2] Objective Carried: true
[2020.02.15-19.20.59:517][838]LogBlueprintUserMessages: [BP_Player_2] Objective Carried: true
[2020.02.15-19.20.59:534][839]LogBlueprintUserMessages: [BP_Player_2] Objective Carried: true
[2020.02.15-19.20.59:550][840]LogBlueprintUserMessages: [BP_Player_2] Objective Carried: true
[2020.02.15-19.20.59:567][841]LogBlueprintUserMessages: [BP_Player_2] Objective Carried: true
[2020.02.15-19.20.59:585][842]LogBlueprintUserMessages: [BP_Player_2] Objective Carried: true
[2020.02.15-19.20.59:601][843]LogBlueprintUserMessages: [BP_Player_2] Objective Carried: true
[2020.02.15-19.20.59:617][844]LogBlueprintUserMessages: [BP_Player_2] Objective Carried: true
[2020.02.15-19.20.59:634][845]LogBlueprintUserMessages: [BP_Player_2] Objective Carried: true
[2020.02.15-19.20.59:652][846]LogBlueprintUserMessages: [BP_Player_2] Objective Carried: true
[2020.02.15-19.20.59:668][847]LogBlueprintUserMessages: [BP_Player_2] Objective Carried: true
[2020.02.15-19.20.59:687][848]LogBlueprintUserMessages: [BP_Player_2] Objective Carried: true
[2020.02.15-19.20.59:701][849]LogBlueprintUserMessages: [BP_Player_2] Objective Carried: true
[2020.02.15-19.20.59:717][850]LogBlueprintUserMessages: [BP_Player_2] Objective Carried: true
[2020.02.15-19.20.59:734][851]LogBlueprintUserMessages: [BP_Player_2] Objective Carried: true
[2020.02.15-19.20.59:751][852]LogBlueprintUserMessages: [BP_Player_2] Objective Carried: true
[2020.02.15-19.20.59:768][853]LogBlueprintUserMessages: [BP_Player_2] Objective Carried: true
[2020.02.15-19.20.59:784][854]LogBlueprintUserMessages: [BP_Player_2] Objective Carried: true
[2020.02.15-19.20.59:801][855]LogBlueprintUserMessages: [BP_Player_2] Objective Carried: true
[2020.02.15-19.20.59:817][856]LogBlueprintUserMessages: [BP_Player_2] Objective Carried: true
[2020.02.15-19.20.59:834][857]LogBlueprintUserMessages: [BP_Player_2] Objective Carried: true
[2020.02.15-19.20.59:851][858]LogBlueprintUserMessages: [BP_Player_2] Objective Carried: true
[2020.02.15-19.20.59:867][859]LogBlueprintUserMessages: [BP_Player_2] Objective Carried: true
[2020.02.15-19.20.59:885][860]LogBlueprintUserMessages: [BP_Player_2] Objective Carried: true
[2020.02.15-19.20.59:901][861]LogBlueprintUserMessages: [BP_Player_2] Objective Carried: true
[2020.02.15-19.20.59:918][862]LogBlueprintUserMessages: [BP_Player_2] Objective Carried: true
[2020.02.15-19.20.59:935][863]LogBlueprintUserMessages: [BP_Player_2] Objective Carried: true
[2020.02.15-19.20.59:951][864]LogBlueprintUserMessages: [BP_Player_2] Objective Carried: true
[2020.02.15-19.20.59:968][865]LogBlueprintUserMessages: [BP_Player_2] Objective Carried: true
[2020.02.15-19.20.59:984][866]LogBlueprintUserMessages: [BP_Player_2] Objective Carried: true
[2020.02.15-19.21.00:001][867]LogBlueprintUserMessages: [BP_Player_2] Objective Carried: true
[2020.02.15-19.21.00:017][868]LogBlueprintUserMessages: [BP_Player_2] Objective Carried: true
[2020.02.15-19.21.00:034][869]LogBlueprintUserMessages: [BP_Player_2] Objective Carried: true
[2020.02.15-19.21.00:051][870]LogBlueprintUserMessages: [BP_Player_2] Objective Carried: true
[2020.02.15-19.21.00:068][871]LogBlueprintUserMessages: [BP_Player_2] Objective Carried: true
[2020.02.15-19.21.00:084][872]LogBlueprintUserMessages: [BP_Player_2] Objective Carried: true
[2020.02.15-19.21.00:101][873]LogBlueprintUserMessages: [BP_Player_2] Objective Carried: true
[2020.02.15-19.21.00:118][874]LogBlueprintUserMessages: [BP_Player_2] Objective Carried: true
[2020.02.15-19.21.00:134][875]LogBlueprintUserMessages: [BP_Player_2] Objective Carried: true
[2020.02.15-19.21.00:150][876]LogBlueprintUserMessages: [BP_Player_2] Objective Carried: true
[2020.02.15-19.21.00:167][877]LogBlueprintUserMessages: [BP_Player_2] Objective Carried: true
[2020.02.15-19.21.00:184][878]LogBlueprintUserMessages: [BP_Player_2] Objective Carried: true
[2020.02.15-19.21.00:201][879]LogBlueprintUserMessages: [BP_Player_2] Objective Carried: true
[2020.02.15-19.21.00:217][880]LogBlueprintUserMessages: [BP_Player_2] Objective Carried: true
[2020.02.15-19.21.00:234][881]LogBlueprintUserMessages: [BP_Player_2] Objective Carried: true
[2020.02.15-19.21.00:251][882]LogBlueprintUserMessages: [BP_Player_2] Objective Carried: true
[2020.02.15-19.21.00:267][883]LogBlueprintUserMessages: [BP_Player_2] Objective Carried: true
[2020.02.15-19.21.00:284][884]LogBlueprintUserMessages: [BP_Player_2] Objective Carried: true
[2020.02.15-19.21.00:300][885]LogBlueprintUserMessages: [BP_Player_2] Objective Carried: true
[2020.02.15-19.21.00:317][886]LogBlueprintUserMessages: [BP_Player_2] Objective Carried: true
[2020.02.15-19.21.00:334][887]LogBlueprintUserMessages: [BP_Player_2] Objective Carried: true
[2020.02.15-19.21.00:351][888]LogBlueprintUserMessages: [BP_Player_2] Objective Carried: true
[2020.02.15-19.21.00:367][889]LogBlueprintUserMessages: [BP_Player_2] Objective Carried: true
[2020.02.15-19.21.00:384][890]LogBlueprintUserMessages: [BP_Player_2] Objective Carried: true
[2020.02.15-19.21.00:402][891]LogBlueprintUserMessages: [BP_Player_2] Objective Carried: true
[2020.02.15-19.21.00:418][892]LogBlueprintUserMessages: [BP_Player_2] Objective Carried: true
[2020.02.15-19.21.00:435][893]LogBlueprintUserMessages: [BP_Player_2] Objective Carried: true
[2020.02.15-19.21.00:450][894]LogBlueprintUserMessages: [BP_Player_2] Objective Carried: true
[2020.02.15-19.21.00:467][895]LogBlueprintUserMessages: [BP_Player_2] Objective Carried: true
[2020.02.15-19.21.00:484][896]LogBlueprintUserMessages: [BP_Player_2] Objective Carried: true
[2020.02.15-19.21.00:501][897]LogBlueprintUserMessages: [BP_Player_2] Objective Carried: true
[2020.02.15-19.21.00:517][898]LogBlueprintUserMessages: [BP_Player_2] Objective Carried: true
[2020.02.15-19.21.00:535][899]LogBlueprintUserMessages: [BP_Player_2] Objective Carried: true
[2020.02.15-19.21.00:552][900]LogBlueprintUserMessages: [BP_Player_2] Objective Carried: true
[2020.02.15-19.21.00:567][901]LogBlueprintUserMessages: [BP_Player_2] Objective Carried: true
[2020.02.15-19.21.00:584][902]LogBlueprintUserMessages: [BP_Player_2] Objective Carried: true
[2020.02.15-19.21.00:601][903]LogBlueprintUserMessages: [BP_Player_2] Objective Carried: true
[2020.02.15-19.21.00:617][904]LogBlueprintUserMessages: [BP_Player_2] Objective Carried: true
[2020.02.15-19.21.00:634][905]LogBlueprintUserMessages: [BP_Player_2] Objective Carried: true
[2020.02.15-19.21.00:650][906]LogBlueprintUserMessages: [BP_Player_2] Objective Carried: true
[2020.02.15-19.21.00:667][907]LogBlueprintUserMessages: [BP_Player_2] Objective Carried: true
[2020.02.15-19.21.00:686][908]LogBlueprintUserMessages: [BP_Player_2] Objective Carried: true
[2020.02.15-19.21.00:700][909]LogBlueprintUserMessages: [BP_Player_2] Objective Carried: true
[2020.02.15-19.21.00:717][910]LogBlueprintUserMessages: [BP_Player_2] Objective Carried: true
[2020.02.15-19.21.00:734][911]LogBlueprintUserMessages: [BP_Player_2] Objective Carried: true
[2020.02.15-19.21.00:750][912]LogBlueprintUserMessages: [BP_Player_2] Objective Carried: true
[2020.02.15-19.21.00:767][913]LogBlueprintUserMessages: [BP_Player_2] Objective Carried: true
[2020.02.15-19.21.00:784][914]LogBlueprintUserMessages: [BP_Player_2] Objective Carried: true
[2020.02.15-19.21.00:800][915]LogBlueprintUserMessages: [BP_Player_2] Objective Carried: true
[2020.02.15-19.21.00:817][916]LogBlueprintUserMessages: [BP_Player_2] Objective Carried: true
[2020.02.15-19.21.00:834][917]LogBlueprintUserMessages: [BP_Player_2] Objective Carried: true
[2020.02.15-19.21.00:851][918]LogBlueprintUserMessages: [BP_Player_2] Objective Carried: true
[2020.02.15-19.21.00:867][919]LogBlueprintUserMessages: [BP_Player_2] Objective Carried: true
[2020.02.15-19.21.00:884][920]LogBlueprintUserMessages: [BP_Player_2] Objective Carried: true
[2020.02.15-19.21.00:901][921]LogBlueprintUserMessages: [BP_Player_2] Objective Carried: true
[2020.02.15-19.21.00:918][922]LogBlueprintUserMessages: [BP_Player_2] Objective Carried: true
[2020.02.15-19.21.00:934][923]LogBlueprintUserMessages: [BP_Player_2] Objective Carried: true
[2020.02.15-19.21.00:951][924]LogBlueprintUserMessages: [BP_Player_2] Objective Carried: true
[2020.02.15-19.21.00:967][925]LogBlueprintUserMessages: [BP_Player_2] Objective Carried: true
[2020.02.15-19.21.00:984][926]LogBlueprintUserMessages: [BP_Player_2] Objective Carried: true
[2020.02.15-19.21.01:001][927]LogBlueprintUserMessages: [BP_Player_2] Objective Carried: true
[2020.02.15-19.21.01:017][928]LogBlueprintUserMessages: [BP_Player_2] Objective Carried: true
[2020.02.15-19.21.01:033][929]LogBlueprintUserMessages: [BP_Player_2] Objective Carried: true
[2020.02.15-19.21.01:050][930]LogBlueprintUserMessages: [BP_Player_2] Objective Carried: true
[2020.02.15-19.21.01:067][931]LogBlueprintUserMessages: [BP_Player_2] Objective Carried: true
[2020.02.15-19.21.01:084][932]LogBlueprintUserMessages: [BP_Player_2] Objective Carried: true
[2020.02.15-19.21.01:100][933]LogBlueprintUserMessages: [BP_Player_2] Objective Carried: true
[2020.02.15-19.21.01:117][934]LogBlueprintUserMessages: [BP_Player_2] Objective Carried: true
[2020.02.15-19.21.01:134][935]LogBlueprintUserMessages: [BP_Player_2] Objective Carried: true
[2020.02.15-19.21.01:150][936]LogBlueprintUserMessages: [BP_Player_2] Objective Carried: true
[2020.02.15-19.21.01:167][937]LogBlueprintUserMessages: [BP_Player_2] Objective Carried: true
[2020.02.15-19.21.01:184][938]LogBlueprintUserMessages: [BP_Player_2] Objective Carried: true
[2020.02.15-19.21.01:200][939]LogBlueprintUserMessages: [BP_Player_2] Objective Carried: true
[2020.02.15-19.21.01:217][940]LogBlueprintUserMessages: [BP_Player_2] Objective Carried: true
[2020.02.15-19.21.01:234][941]LogBlueprintUserMessages: [BP_Player_2] Objective Carried: true
[2020.02.15-19.21.01:251][942]LogBlueprintUserMessages: [BP_Player_2] Objective Carried: true
[2020.02.15-19.21.01:267][943]LogBlueprintUserMessages: [BP_Player_2] Objective Carried: true
[2020.02.15-19.21.01:284][944]LogBlueprintUserMessages: [BP_Player_2] Objective Carried: true
[2020.02.15-19.21.01:302][945]LogBlueprintUserMessages: [BP_Player_2] Objective Carried: true
[2020.02.15-19.21.01:318][946]LogBlueprintUserMessages: [BP_Player_2] Objective Carried: true
[2020.02.15-19.21.01:335][947]LogBlueprintUserMessages: [BP_Player_2] Objective Carried: true
[2020.02.15-19.21.01:352][948]LogBlueprintUserMessages: [BP_Player_2] Objective Carried: true
[2020.02.15-19.21.01:369][949]LogBlueprintUserMessages: [BP_Player_2] Objective Carried: true
[2020.02.15-19.21.01:385][950]LogBlueprintUserMessages: [BP_Player_2] Objective Carried: true
[2020.02.15-19.21.01:400][951]LogBlueprintUserMessages: [BP_Player_2] Objective Carried: true
[2020.02.15-19.21.01:417][952]LogBlueprintUserMessages: [BP_Player_2] Objective Carried: true
[2020.02.15-19.21.01:434][953]LogBlueprintUserMessages: [BP_Player_2] Objective Carried: true
[2020.02.15-19.21.01:451][954]LogBlueprintUserMessages: [BP_Player_2] Objective Carried: true
[2020.02.15-19.21.01:467][955]LogTemp: You have been arrive to Exraction Zone
[2020.02.15-19.21.01:467][955]LogBlueprintUserMessages: [BP_Player_2] Objective Carried: true
[2020.02.15-19.21.01:484][956]LogBlueprintUserMessages: [BP_Player_2] Objective Carried: true
[2020.02.15-19.21.01:501][957]LogBlueprintUserMessages: [BP_Player_2] Objective Carried: true
[2020.02.15-19.21.01:518][958]LogBlueprintUserMessages: [BP_Player_2] Objective Carried: true
[2020.02.15-19.21.01:534][959]LogBlueprintUserMessages: [BP_Player_2] Objective Carried: true
[2020.02.15-19.21.01:551][960]LogBlueprintUserMessages: [BP_Player_2] Objective Carried: true
[2020.02.15-19.21.01:567][961]LogBlueprintUserMessages: [BP_Player_2] Objective Carried: true
[2020.02.15-19.21.01:584][962]LogBlueprintUserMessages: [BP_Player_2] Objective Carried: true
[2020.02.15-19.21.01:601][963]LogBlueprintUserMessages: [BP_Player_2] Objective Carried: true
[2020.02.15-19.21.01:617][964]LogBlueprintUserMessages: [BP_Player_2] Objective Carried: true
[2020.02.15-19.21.01:634][965]LogBlueprintUserMessages: [BP_Player_2] Objective Carried: true
[2020.02.15-19.21.01:652][966]LogBlueprintUserMessages: [BP_Player_2] Objective Carried: true
[2020.02.15-19.21.01:667][967]LogBlueprintUserMessages: [BP_Player_2] Objective Carried: true
[2020.02.15-19.21.01:684][968]LogBlueprintUserMessages: [BP_Player_2] Objective Carried: true
[2020.02.15-19.21.01:701][969]LogBlueprintUserMessages: [BP_Player_2] Objective Carried: true
[2020.02.15-19.21.01:718][970]LogBlueprintUserMessages: [BP_Player_2] Objective Carried: true
[2020.02.15-19.21.01:735][971]LogBlueprintUserMessages: [BP_Player_2] Objective Carried: true
[2020.02.15-19.21.01:751][972]LogBlueprintUserMessages: [BP_Player_2] Objective Carried: true
[2020.02.15-19.21.01:768][973]LogBlueprintUserMessages: [BP_Player_2] Objective Carried: true
[2020.02.15-19.21.01:784][974]LogBlueprintUserMessages: [BP_Player_2] Objective Carried: true
[2020.02.15-19.21.01:800][975]LogBlueprintUserMessages: [BP_Player_2] Objective Carried: true
[2020.02.15-19.21.01:817][976]LogBlueprintUserMessages: [BP_Player_2] Objective Carried: true
[2020.02.15-19.21.01:834][977]LogBlueprintUserMessages: [BP_Player_2] Objective Carried: true
[2020.02.15-19.21.01:851][978]LogBlueprintUserMessages: [BP_Player_2] Objective Carried: true
[2020.02.15-19.21.01:867][979]LogBlueprintUserMessages: [BP_Player_2] Objective Carried: true
[2020.02.15-19.21.01:884][980]LogBlueprintUserMessages: [BP_Player_2] Objective Carried: true
[2020.02.15-19.21.01:901][981]LogBlueprintUserMessages: [BP_Player_2] Objective Carried: true
[2020.02.15-19.21.01:917][982]LogBlueprintUserMessages: [BP_Player_2] Objective Carried: true
[2020.02.15-19.21.01:934][983]LogBlueprintUserMessages: [BP_Player_2] Objective Carried: true
[2020.02.15-19.21.01:951][984]LogBlueprintUserMessages: [BP_Player_2] Objective Carried: true
[2020.02.15-19.21.01:969][985]LogBlueprintUserMessages: [BP_Player_2] Objective Carried: true
[2020.02.15-19.21.01:984][986]LogBlueprintUserMessages: [BP_Player_2] Objective Carried: true
[2020.02.15-19.21.02:001][987]LogBlueprintUserMessages: [BP_Player_2] Objective Carried: true
[2020.02.15-19.21.02:017][988]LogBlueprintUserMessages: [BP_Player_2] Objective Carried: true
[2020.02.15-19.21.02:034][989]LogBlueprintUserMessages: [BP_Player_2] Objective Carried: true
[2020.02.15-19.21.02:051][990]LogBlueprintUserMessages: [BP_Player_2] Objective Carried: true
[2020.02.15-19.21.02:067][991]LogBlueprintUserMessages: [BP_Player_2] Objective Carried: true
[2020.02.15-19.21.02:084][992]LogBlueprintUserMessages: [BP_Player_2] Objective Carried: true
[2020.02.15-19.21.02:101][993]LogBlueprintUserMessages: [BP_Player_2] Objective Carried: true
[2020.02.15-19.21.02:117][994]LogBlueprintUserMessages: [BP_Player_2] Objective Carried: true
[2020.02.15-19.21.02:134][995]LogBlueprintUserMessages: [BP_Player_2] Objective Carried: true
[2020.02.15-19.21.02:151][996]LogBlueprintUserMessages: [BP_Player_2] Objective Carried: true
[2020.02.15-19.21.02:168][997]LogBlueprintUserMessages: [BP_Player_2] Objective Carried: true
[2020.02.15-19.21.02:184][998]LogBlueprintUserMessages: [BP_Player_2] Objective Carried: true
[2020.02.15-19.21.02:200][999]LogBlueprintUserMessages: [BP_Player_2] Objective Carried: true
[2020.02.15-19.21.02:217][  0]LogBlueprintUserMessages: [BP_Player_2] Objective Carried: true
[2020.02.15-19.21.02:234][  1]LogBlueprintUserMessages: [BP_Player_2] Objective Carried: true
[2020.02.15-19.21.02:251][  2]LogBlueprintUserMessages: [BP_Player_2] Objective Carried: true
[2020.02.15-19.21.02:267][  3]LogBlueprintUserMessages: [BP_Player_2] Objective Carried: true
[2020.02.15-19.21.02:284][  4]LogBlueprintUserMessages: [BP_Player_2] Objective Carried: true
[2020.02.15-19.21.02:302][  5]LogBlueprintUserMessages: [BP_Player_2] Objective Carried: true
[2020.02.15-19.21.02:318][  6]LogBlueprintUserMessages: [BP_Player_2] Objective Carried: true
[2020.02.15-19.21.02:334][  7]LogBlueprintUserMessages: [BP_Player_2] Objective Carried: true
[2020.02.15-19.21.02:351][  8]LogBlueprintUserMessages: [BP_Player_2] Objective Carried: true
[2020.02.15-19.21.02:369][  9]LogBlueprintUserMessages: [BP_Player_2] Objective Carried: true
[2020.02.15-19.21.02:386][ 10]LogBlueprintUserMessages: [BP_Player_2] Objective Carried: true
[2020.02.15-19.21.02:403][ 11]LogBlueprintUserMessages: [BP_Player_2] Objective Carried: true
[2020.02.15-19.21.02:419][ 12]LogBlueprintUserMessages: [BP_Player_2] Objective Carried: true
[2020.02.15-19.21.02:436][ 13]LogBlueprintUserMessages: [BP_Player_2] Objective Carried: true
[2020.02.15-19.21.02:452][ 14]LogBlueprintUserMessages: [BP_Player_2] Objective Carried: true
[2020.02.15-19.21.02:470][ 15]LogBlueprintUserMessages: [BP_Player_2] Objective Carried: true
[2020.02.15-19.21.02:485][ 16]LogBlueprintUserMessages: [BP_Player_2] Objective Carried: true
[2020.02.15-19.21.02:501][ 17]LogBlueprintUserMessages: [BP_Player_2] Objective Carried: true
[2020.02.15-19.21.02:518][ 18]LogBlueprintUserMessages: [BP_Player_2] Objective Carried: true
[2020.02.15-19.21.02:535][ 19]LogBlueprintUserMessages: [BP_Player_2] Objective Carried: true
[2020.02.15-19.21.02:551][ 20]LogBlueprintUserMessages: [BP_Player_2] Objective Carried: true
[2020.02.15-19.21.02:568][ 21]LogBlueprintUserMessages: [BP_Player_2] Objective Carried: true
[2020.02.15-19.21.02:585][ 22]LogBlueprintUserMessages: [BP_Player_2] Objective Carried: true
[2020.02.15-19.21.02:601][ 23]LogBlueprintUserMessages: [BP_Player_2] Objective Carried: true
[2020.02.15-19.21.02:618][ 24]LogBlueprintUserMessages: [BP_Player_2] Objective Carried: true
[2020.02.15-19.21.02:635][ 25]LogBlueprintUserMessages: [BP_Player_2] Objective Carried: true
[2020.02.15-19.21.02:651][ 26]LogBlueprintUserMessages: [BP_Player_2] Objective Carried: true
[2020.02.15-19.21.02:667][ 27]LogBlueprintUserMessages: [BP_Player_2] Objective Carried: true
[2020.02.15-19.21.02:684][ 28]LogBlueprintUserMessages: [BP_Player_2] Objective Carried: true
[2020.02.15-19.21.02:700][ 29]LogBlueprintUserMessages: [BP_Player_2] Objective Carried: true
[2020.02.15-19.21.02:717][ 30]LogBlueprintUserMessages: [BP_Player_2] Objective Carried: true
[2020.02.15-19.21.02:734][ 31]LogBlueprintUserMessages: [BP_Player_2] Objective Carried: true
[2020.02.15-19.21.02:750][ 32]LogBlueprintUserMessages: [BP_Player_2] Objective Carried: true
[2020.02.15-19.21.02:768][ 33]LogBlueprintUserMessages: [BP_Player_2] Objective Carried: true
[2020.02.15-19.21.02:784][ 34]LogBlueprintUserMessages: [BP_Player_2] Objective Carried: true
[2020.02.15-19.21.02:801][ 35]LogBlueprintUserMessages: [BP_Player_2] Objective Carried: true
[2020.02.15-19.21.02:817][ 36]LogBlueprintUserMessages: [BP_Player_2] Objective Carried: true
[2020.02.15-19.21.02:834][ 37]LogBlueprintUserMessages: [BP_Player_2] Objective Carried: true
[2020.02.15-19.21.02:851][ 38]LogBlueprintUserMessages: [BP_Player_2] Objective Carried: true
[2020.02.15-19.21.02:867][ 39]LogBlueprintUserMessages: [BP_Player_2] Objective Carried: true
[2020.02.15-19.21.02:884][ 40]LogBlueprintUserMessages: [BP_Player_2] Objective Carried: true
[2020.02.15-19.21.02:901][ 41]LogBlueprintUserMessages: [BP_Player_2] Objective Carried: true
[2020.02.15-19.21.02:902][ 41]LogBlueprintUserMessages: Early EndPlayMap Detection: Level '/Game/Maps/FirstPersonExampleMap.FirstPersonExampleMap:PersistentLevel' has LevelScriptBlueprint '/Game/Maps/FirstPersonExampleMap.FirstPersonExampleMap:PersistentLevel.FirstPersonExampleMap' with GeneratedClass '/Game/Maps/FirstPersonExampleMap.FirstPersonExampleMap_C' with ClassGeneratedBy '/Game/Maps/FirstPersonExampleMap.FirstPersonExampleMap:PersistentLevel.FirstPersonExampleMap'
[2020.02.15-19.21.02:917][ 41]LogSlate: Updating window title bar state: overlay mode, drag disabled, window buttons hidden, title bar hidden
[2020.02.15-19.21.02:918][ 41]LogWorld: BeginTearingDown for /Game/Maps/UEDPIE_0_FirstPersonExampleMap
[2020.02.15-19.21.02:918][ 41]LogWorld: UWorld::CleanupWorld for FirstPersonExampleMap, bSessionEnded=true, bCleanupResources=true
[2020.02.15-19.21.02:991][ 41]LogPlayLevel: Display: Shutting down PIE online subsystems
[2020.02.15-19.21.02:992][ 41]LogBlueprintUserMessages: Late EndPlayMap Detection: Level '/Game/Maps/FirstPersonExampleMap.FirstPersonExampleMap:PersistentLevel' has LevelScriptBlueprint '/Game/Maps/FirstPersonExampleMap.FirstPersonExampleMap:PersistentLevel.FirstPersonExampleMap' with GeneratedClass '/Game/Maps/FirstPersonExampleMap.FirstPersonExampleMap_C' with ClassGeneratedBy '/Game/Maps/FirstPersonExampleMap.FirstPersonExampleMap:PersistentLevel.FirstPersonExampleMap'
[2020.02.15-19.21.03:029][ 41]LogSlate: Updating window title bar state: overlay mode, drag disabled, window buttons hidden, title bar hidden
[2020.02.15-19.21.03:077][ 41]LogUObjectHash: Compacting FUObjectHashTables data took   4.59ms
[2020.02.15-19.21.03:094][ 42]LogPlayLevel: Display: Destroying online subsystem :Context_7
[2020.02.15-19.21.05:120][162]LogSlate: FSceneViewport::OnFocusLost() reason 0
[2020.02.15-19.21.23:350][247]LogUObjectHash: Compacting FUObjectHashTables data took   2.67ms
[2020.02.15-19.21.24:494][247]LogSlate: Window 'Save Content' being destroyed
[2020.02.15-19.21.24:535][247]Cmd: OBJ SAVEPACKAGE PACKAGE="/Game/Blueprints/BP_ExtractZone" FILE="../../../../../../UnrealProjects/StealthGame115/StealthGame/Content/Blueprints/BP_ExtractZone.uasset" SILENT=true
[2020.02.15-19.21.24:565][247]LogSavePackage: Moving '../../../../../../UnrealProjects/StealthGame115/StealthGame/Saved/BP_ExtractZone85248EEA45E1AEAEA8F895ADEC94F0AF.tmp' to '../../../../../../UnrealProjects/StealthGame115/StealthGame/Content/Blueprints/BP_ExtractZone.uasset'
[2020.02.15-19.21.24:602][247]LogUObjectHash: Compacting FUObjectHashTables data took   0.84ms
[2020.02.15-19.21.24:812][247]LogSavePackage: Moving '../../../../../../UnrealProjects/StealthGame115/StealthGame/Saved/FirstPersonExampleMap66E7EC844111D75B0CFCD7864A384326.tmp' to '../../../../../../UnrealProjects/StealthGame115/StealthGame/Content/Maps/FirstPersonExampleMap.umap'
[2020.02.15-19.21.24:836][247]LogFileHelpers: Saving map 'FirstPersonExampleMap' took 0.265
