Log file open, 02/12/20 00:35:19
LogWindows: Failed to load 'aqProf.dll' (GetLastError=126)
LogWindows: File 'aqProf.dll' does not exist
LogWindows: Failed to load 'VtuneApi.dll' (GetLastError=126)
LogWindows: File 'VtuneApi.dll' does not exist
LogWindows: Failed to load 'VtuneApi32e.dll' (GetLastError=126)
LogWindows: File 'VtuneApi32e.dll' does not exist
LogConsoleResponse: Display: Failed to find resolution value strings in scalability ini. Falling back to default.
LogInit: Display: Running engine for game: FPSGame
LogPlatformFile: Not using cached read wrapper
LogTaskGraph: Started task graph with 5 named threads and 23 total threads with 3 sets of task threads.
LogStats: Stats thread started at 0.178511
LogD3D11RHI: Loaded GFSDK_Aftermath_Lib.x64.dll
LogICUInternationalization: ICU TimeZone Detection - Raw Offset: -6:00, Platform Override: ''
LogPluginManager: Mounting plugin Paper2D
LogPluginManager: Mounting plugin AISupport
LogPluginManager: Mounting plugin LightPropagationVolume
LogPluginManager: Mounting plugin ActorLayerUtilities
LogPluginManager: Mounting plugin AnimationSharing
LogPluginManager: Mounting plugin CLionSourceCodeAccess
LogPluginManager: Mounting plugin CodeLiteSourceCodeAccess
LogPluginManager: Mounting plugin GitSourceControl
LogPluginManager: Mounting plugin KDevelopSourceCodeAccess
LogPluginManager: Mounting plugin NullSourceCodeAccess
LogPluginManager: Mounting plugin PerforceSourceControl
LogPluginManager: Mounting plugin SubversionSourceControl
LogPluginManager: Mounting plugin UObjectPlugin
LogPluginManager: Mounting plugin VisualStudioCodeSourceCodeAccess
LogPluginManager: Mounting plugin VisualStudioSourceCodeAccess
LogPluginManager: Mounting plugin XCodeSourceCodeAccess
LogPluginManager: Mounting plugin AssetManagerEditor
LogPluginManager: Mounting plugin CryptoKeys
LogPluginManager: Mounting plugin CurveEditorTools
LogPluginManager: Mounting plugin DataValidation
LogPluginManager: Mounting plugin FacialAnimation
LogPluginManager: Mounting plugin GameplayTagsEditor
LogPluginManager: Mounting plugin MacGraphicsSwitching
LogPluginManager: Mounting plugin MaterialAnalyzer
LogPluginManager: Mounting plugin MobileLauncherProfileWizard
LogPluginManager: Mounting plugin PluginBrowser
LogPluginManager: Mounting plugin SpeedTreeImporter
LogPluginManager: Mounting plugin DatasmithContent
LogPluginManager: Mounting plugin VariantManagerContent
LogPluginManager: Mounting plugin AlembicImporter
LogPluginManager: Mounting plugin AutomationUtils
LogPluginManager: Mounting plugin BackChannel
LogPluginManager: Mounting plugin CharacterAI
LogPluginManager: Mounting plugin GeometryCache
LogPluginManager: Mounting plugin HTML5Networking
LogPluginManager: Mounting plugin PlatformCrypto
LogPluginManager: Mounting plugin ProxyLODPlugin
LogPluginManager: Mounting plugin SkeletalReduction
LogPluginManager: Mounting plugin MagicLeap
LogPluginManager: Mounting plugin MagicLeapMedia
LogPluginManager: Mounting plugin AndroidMedia
LogPluginManager: Mounting plugin AvfMedia
LogPluginManager: Mounting plugin ImgMedia
LogPluginManager: Mounting plugin MediaCompositing
LogPluginManager: Mounting plugin MediaPlayerEditor
LogPluginManager: Mounting plugin WebMMedia
LogPluginManager: Mounting plugin WmfMedia
LogPluginManager: Mounting plugin TcpMessaging
LogPluginManager: Mounting plugin UdpMessaging
LogPluginManager: Mounting plugin ActorSequence
LogPluginManager: Mounting plugin LevelSequenceEditor
LogPluginManager: Mounting plugin MatineeToLevelSequence
LogPluginManager: Mounting plugin NetcodeUnitTest
LogPluginManager: Mounting plugin NUTUnrealEngine4
LogPluginManager: Mounting plugin OnlineSubsystemGooglePlay
LogPluginManager: Mounting plugin OnlineSubsystemIOS
LogPluginManager: Mounting plugin OnlineSubsystem
LogPluginManager: Mounting plugin OnlineSubsystemNull
LogPluginManager: Mounting plugin OnlineSubsystemUtils
LogPluginManager: Mounting plugin LauncherChunkInstaller
LogPluginManager: Mounting plugin AndroidDeviceProfileSelector
LogPluginManager: Mounting plugin AndroidMoviePlayer
LogPluginManager: Mounting plugin AndroidPermission
LogPluginManager: Mounting plugin AppleImageUtils
LogPluginManager: Mounting plugin AppleMoviePlayer
LogPluginManager: Mounting plugin ArchVisCharacter
LogPluginManager: Mounting plugin AudioCapture
LogPluginManager: Mounting plugin CableComponent
LogPluginManager: Mounting plugin CustomMeshComponent
LogPluginManager: Mounting plugin EditableMesh
LogPluginManager: Mounting plugin ExampleDeviceProfileSelector
LogPluginManager: Mounting plugin GoogleCloudMessaging
LogPluginManager: Mounting plugin IOSDeviceProfileSelector
LogPluginManager: Mounting plugin LinuxDeviceProfileSelector
LogPluginManager: Mounting plugin LocationServicesBPLibrary
LogPluginManager: Mounting plugin MobilePatchingUtils
LogPluginManager: Mounting plugin OculusVR
LogPluginManager: Mounting plugin PhysXVehicles
LogPluginManager: Mounting plugin ProceduralMeshComponent
LogPluginManager: Mounting plugin RuntimePhysXCooking
LogPluginManager: Mounting plugin SignificanceManager
LogPluginManager: Mounting plugin SteamVR
LogPluginManager: Mounting plugin WebMMoviePlayer
LogPluginManager: Mounting plugin WindowsMoviePlayer
LogPluginManager: Mounting plugin ScreenshotTools
LogInit: Using libcurl 7.55.1-DEV
LogInit:  - built for x86_64-pc-win32
LogInit:  - supports SSL with OpenSSL/1.1.1
LogInit:  - supports HTTP deflate (compression) using libz 1.2.8
LogInit:  - other features:
LogInit:      CURL_VERSION_SSL
LogInit:      CURL_VERSION_LIBZ
LogInit:      CURL_VERSION_IPV6
LogInit:      CURL_VERSION_ASYNCHDNS
LogInit:      CURL_VERSION_LARGEFILE
LogInit:      CURL_VERSION_IDN
LogInit:  CurlRequestOptions (configurable via config and command line):
LogInit:  - bVerifyPeer = true  - Libcurl will verify peer certificate
LogInit:  - bUseHttpProxy = false  - Libcurl will NOT use HTTP proxy
LogInit:  - bDontReuseConnections = false  - Libcurl will reuse connections
LogInit:  - MaxHostConnections = 16  - Libcurl will limit the number of connections to a host
LogInit:  - LocalHostAddr = Default
LogInit:  - BufferSize = 65536
LogOnline: OSS: Creating online subsystem instance for: NULL
LogInit: WinSock: version 1.1 (2.2), MaxSocks=32767, MaxUdp=65467
LogInit: Build: ++UE4+Release-4.23-CL-9631420
LogInit: Engine Version: 4.23.1-9631420+++UE4+Release-4.23
LogInit: Compatible Engine Version: 4.23.0-8386587+++UE4+Release-4.23
LogInit: Net CL: 8386587
LogInit: OS: Windows 10 (Release 1909) (), CPU: Intel(R) Core(TM) i7-7700HQ CPU @ 2.80GHz, GPU: Intel(R) HD Graphics 630
LogInit: Compiled (64-bit): Oct 18 2019 02:07:44
LogInit: Compiled with Visual C++: 19.16.27030.01
LogInit: Build Configuration: Development
LogInit: Branch Name: ++UE4+Release-4.23
LogInit: Command Line:  -skipcompile
LogInit: Base Directory: D:/Program Files/Epic Games/UE_4.23/Engine/Binaries/Win64/
LogInit: Installed Engine Build: 1
LogDevObjectVersion: Number of dev versions registered: 23
LogDevObjectVersion:   Dev-Blueprints (B0D832E4-1F89-4F0D-ACCF-7EB736FD4AA2): 10
LogDevObjectVersion:   Dev-Build (E1C64328-A22C-4D53-A36C-8E866417BD8C): 0
LogDevObjectVersion:   Dev-Core (375EC13C-06E4-48FB-B500-84F0262A717E): 3
LogDevObjectVersion:   Dev-Editor (E4B068ED-F494-42E9-A231-DA0B2E46BB41): 34
LogDevObjectVersion:   Dev-Framework (CFFC743F-43B0-4480-9391-14DF171D2073): 35
LogDevObjectVersion:   Dev-Mobile (B02B49B5-BB20-44E9-A304-32B752E40360): 2
LogDevObjectVersion:   Dev-Networking (A4E4105C-59A1-49B5-A7C5-40C4547EDFEE): 0
LogDevObjectVersion:   Dev-Online (39C831C9-5AE6-47DC-9A44-9C173E1C8E7C): 0
LogDevObjectVersion:   Dev-Physics (78F01B33-EBEA-4F98-B9B4-84EACCB95AA2): 0
LogDevObjectVersion:   Dev-Platform (6631380F-2D4D-43E0-8009-CF276956A95A): 0
LogDevObjectVersion:   Dev-Rendering (12F88B9F-8875-4AFC-A67C-D90C383ABD29): 31
LogDevObjectVersion:   Dev-Sequencer (7B5AE74C-D270-4C10-A958-57980B212A5A): 11
LogDevObjectVersion:   Dev-VR (D7296918-1DD6-4BDD-9DE2-64A83CC13884): 2
LogDevObjectVersion:   Dev-LoadTimes (C2A15278-BFE7-4AFE-6C17-90FF531DF755): 1
LogDevObjectVersion:   Private-Geometry (6EACA3D4-40EC-4CC1-B786-8BED09428FC5): 3
LogDevObjectVersion:   Dev-AnimPhys (29E575DD-E0A3-4627-9D10-D276232CDCEA): 17
LogDevObjectVersion:   Dev-Anim (AF43A65D-7FD3-4947-9873-3E8ED9C1BB05): 2
LogDevObjectVersion:   Dev-ReflectionCapture (6B266CEC-1EC7-4B8F-A30B-E4D90942FC07): 1
LogDevObjectVersion:   Dev-Automation (0DF73D61-A23F-47EA-B727-89E90C41499A): 1
LogDevObjectVersion:   FortniteMain (601D1886-AC64-4F84-AA16-D3DE0DEAC7D6): 27
LogDevObjectVersion:   Dev-Enterprise (9DFFBCD6-494F-0158-E221-12823C92A888): 6
LogDevObjectVersion:   Dev-Niagara (F2AED0AC-9AFE-416F-8664-AA7FFA26D6FC): 1
LogDevObjectVersion:   Dev-Destruction (174F1F0B-B4C6-45A5-B13F-2EE8D0FB917D): 9
LogInit: Presizing for max 16777216 objects, including 0 objects not considered by GC, pre-allocating 0 bytes for permanent pool.
LogInit: Object subsystem initialized
LogConfig: Setting CVar [[con.DebugEarlyDefault:1]]
LogConfig: Setting CVar [[r.setres:1280x720]]
[2020.02.12-06.35.19:828][  0]LogConfig: Setting CVar [[r.VSync:0]]
[2020.02.12-06.35.19:828][  0]LogConfig: Setting CVar [[r.RHICmdBypass:0]]
[2020.02.12-06.35.19:828][  0]LogConfig: Applying CVar settings from Section [/Script/Engine.RendererSettings] File [D:/UnrealProjects/StealthGame115/StealthGame/Saved/Config/Windows/Engine.ini]
[2020.02.12-06.35.19:828][  0]LogConfig: Setting CVar [[r.GPUCrashDebugging:0]]
[2020.02.12-06.35.19:828][  0]LogConfig: Applying CVar settings from Section [/Script/Engine.RendererOverrideSettings] File [D:/UnrealProjects/StealthGame115/StealthGame/Saved/Config/Windows/Engine.ini]
[2020.02.12-06.35.19:828][  0]LogConfig: Applying CVar settings from Section [/Script/Engine.StreamingSettings] File [D:/UnrealProjects/StealthGame115/StealthGame/Saved/Config/Windows/Engine.ini]
[2020.02.12-06.35.19:828][  0]LogConfig: Setting CVar [[s.MinBulkDataSizeForAsyncLoading:131072]]
[2020.02.12-06.35.19:828][  0]LogConfig: Setting CVar [[s.AsyncLoadingThreadEnabled:0]]
[2020.02.12-06.35.19:828][  0]LogConfig: Setting CVar [[s.EventDrivenLoaderEnabled:1]]
[2020.02.12-06.35.19:828][  0]LogConfig: Setting CVar [[s.WarnIfTimeLimitExceeded:0]]
[2020.02.12-06.35.19:829][  0]LogConfig: Setting CVar [[s.TimeLimitExceededMultiplier:1.5]]
[2020.02.12-06.35.19:829][  0]LogConfig: Setting CVar [[s.TimeLimitExceededMinTime:0.005]]
[2020.02.12-06.35.19:829][  0]LogConfig: Setting CVar [[s.UseBackgroundLevelStreaming:1]]
[2020.02.12-06.35.19:829][  0]LogConfig: Setting CVar [[s.PriorityAsyncLoadingExtraTime:15.0]]
[2020.02.12-06.35.19:829][  0]LogConfig: Setting CVar [[s.LevelStreamingActorsUpdateTimeLimit:5.0]]
[2020.02.12-06.35.19:829][  0]LogConfig: Setting CVar [[s.PriorityLevelStreamingActorsUpdateExtraTime:5.0]]
[2020.02.12-06.35.19:829][  0]LogConfig: Setting CVar [[s.LevelStreamingComponentsRegistrationGranularity:10]]
[2020.02.12-06.35.19:829][  0]LogConfig: Setting CVar [[s.UnregisterComponentsTimeLimit:1.0]]
[2020.02.12-06.35.19:829][  0]LogConfig: Setting CVar [[s.LevelStreamingComponentsUnregistrationGranularity:5]]
[2020.02.12-06.35.19:829][  0]LogConfig: Applying CVar settings from Section [/Script/Engine.GarbageCollectionSettings] File [D:/UnrealProjects/StealthGame115/StealthGame/Saved/Config/Windows/Engine.ini]
[2020.02.12-06.35.19:829][  0]LogConfig: Setting CVar [[gc.MaxObjectsNotConsideredByGC:1]]
[2020.02.12-06.35.19:830][  0]LogConfig: Setting CVar [[gc.SizeOfPermanentObjectPool:0]]
[2020.02.12-06.35.19:830][  0]LogConfig: Setting CVar [[gc.FlushStreamingOnGC:0]]
[2020.02.12-06.35.19:830][  0]LogConfig: Setting CVar [[gc.NumRetriesBeforeForcingGC:10]]
[2020.02.12-06.35.19:830][  0]LogConfig: Setting CVar [[gc.AllowParallelGC:1]]
[2020.02.12-06.35.19:830][  0]LogConfig: Setting CVar [[gc.TimeBetweenPurgingPendingKillObjects:61.1]]
[2020.02.12-06.35.19:830][  0]LogConfig: Setting CVar [[gc.MaxObjectsInEditor:16777216]]
[2020.02.12-06.35.19:830][  0]LogConfig: Setting CVar [[gc.IncrementalBeginDestroyEnabled:1]]
[2020.02.12-06.35.19:830][  0]LogConfig: Setting CVar [[gc.CreateGCClusters:1]]
[2020.02.12-06.35.19:830][  0]LogConfig: Setting CVar [[gc.MinGCClusterSize:5]]
[2020.02.12-06.35.19:830][  0]LogConfig: Setting CVar [[gc.ActorClusteringEnabled:0]]
[2020.02.12-06.35.19:830][  0]LogConfig: Setting CVar [[gc.BlueprintClusteringEnabled:0]]
[2020.02.12-06.35.19:830][  0]LogConfig: Setting CVar [[gc.UseDisregardForGCOnDedicatedServers:0]]
[2020.02.12-06.35.19:831][  0]LogConfig: Applying CVar settings from Section [/Script/Engine.NetworkSettings] File [D:/UnrealProjects/StealthGame115/StealthGame/Saved/Config/Windows/Engine.ini]
[2020.02.12-06.35.19:831][  0]LogConfig: Applying CVar settings from Section [/Script/UnrealEd.CookerSettings] File [D:/UnrealProjects/StealthGame115/StealthGame/Saved/Config/Windows/Engine.ini]
[2020.02.12-06.35.19:837][  0]LogConfig: Applying CVar settings from Section [ViewDistanceQuality@3] File [D:/UnrealProjects/StealthGame115/StealthGame/Saved/Config/Windows/Scalability.ini]
[2020.02.12-06.35.19:838][  0]LogConfig: Setting CVar [[r.SkeletalMeshLODBias:0]]
[2020.02.12-06.35.19:838][  0]LogConfig: Setting CVar [[r.ViewDistanceScale:1.0]]
[2020.02.12-06.35.19:838][  0]LogConfig: Applying CVar settings from Section [AntiAliasingQuality@3] File [D:/UnrealProjects/StealthGame115/StealthGame/Saved/Config/Windows/Scalability.ini]
[2020.02.12-06.35.19:838][  0]LogConfig: Setting CVar [[r.PostProcessAAQuality:4]]
[2020.02.12-06.35.19:838][  0]LogConfig: Applying CVar settings from Section [ShadowQuality@3] File [D:/UnrealProjects/StealthGame115/StealthGame/Saved/Config/Windows/Scalability.ini]
[2020.02.12-06.35.19:838][  0]LogConfig: Setting CVar [[r.LightFunctionQuality:1]]
[2020.02.12-06.35.19:838][  0]LogConfig: Setting CVar [[r.ShadowQuality:5]]
[2020.02.12-06.35.19:838][  0]LogConfig: Setting CVar [[r.Shadow.CSM.MaxCascades:10]]
[2020.02.12-06.35.19:838][  0]LogConfig: Setting CVar [[r.Shadow.MaxResolution:2048]]
[2020.02.12-06.35.19:838][  0]LogConfig: Setting CVar [[r.Shadow.MaxCSMResolution:2048]]
[2020.02.12-06.35.19:838][  0]LogConfig: Setting CVar [[r.Shadow.RadiusThreshold:0.01]]
[2020.02.12-06.35.19:838][  0]LogConfig: Setting CVar [[r.Shadow.DistanceScale:1.0]]
[2020.02.12-06.35.19:839][  0]LogConfig: Setting CVar [[r.Shadow.CSM.TransitionScale:1.0]]
[2020.02.12-06.35.19:839][  0]LogConfig: Setting CVar [[r.Shadow.PreShadowResolutionFactor:1.0]]
[2020.02.12-06.35.19:839][  0]LogConfig: Setting CVar [[r.DistanceFieldShadowing:1]]
[2020.02.12-06.35.19:839][  0]LogConfig: Setting CVar [[r.DistanceFieldAO:1]]
[2020.02.12-06.35.19:839][  0]LogConfig: Setting CVar [[r.AOQuality:2]]
[2020.02.12-06.35.19:839][  0]LogConfig: Setting CVar [[r.VolumetricFog:1]]
[2020.02.12-06.35.19:839][  0]LogConfig: Setting CVar [[r.VolumetricFog.GridPixelSize:8]]
[2020.02.12-06.35.19:839][  0]LogConfig: Setting CVar [[r.VolumetricFog.GridSizeZ:128]]
[2020.02.12-06.35.19:839][  0]LogConfig: Setting CVar [[r.VolumetricFog.HistoryMissSupersampleCount:4]]
[2020.02.12-06.35.19:839][  0]LogConfig: Setting CVar [[r.LightMaxDrawDistanceScale:1]]
[2020.02.12-06.35.19:839][  0]LogConfig: Setting CVar [[r.CapsuleShadows:1]]
[2020.02.12-06.35.19:839][  0]LogConfig: Applying CVar settings from Section [PostProcessQuality@3] File [D:/UnrealProjects/StealthGame115/StealthGame/Saved/Config/Windows/Scalability.ini]
[2020.02.12-06.35.19:840][  0]LogConfig: Setting CVar [[r.MotionBlurQuality:4]]
[2020.02.12-06.35.19:840][  0]LogConfig: Setting CVar [[r.AmbientOcclusionMipLevelFactor:0.4]]
[2020.02.12-06.35.19:840][  0]LogConfig: Setting CVar [[r.AmbientOcclusionMaxQuality:100]]
[2020.02.12-06.35.19:840][  0]LogConfig: Setting CVar [[r.AmbientOcclusionLevels:-1]]
[2020.02.12-06.35.19:840][  0]LogConfig: Setting CVar [[r.AmbientOcclusionRadiusScale:1.0]]
[2020.02.12-06.35.19:840][  0]LogConfig: Setting CVar [[r.DepthOfFieldQuality:2]]
[2020.02.12-06.35.19:840][  0]LogConfig: Setting CVar [[r.RenderTargetPoolMin:400]]
[2020.02.12-06.35.19:840][  0]LogConfig: Setting CVar [[r.LensFlareQuality:2]]
[2020.02.12-06.35.19:840][  0]LogConfig: Setting CVar [[r.SceneColorFringeQuality:1]]
[2020.02.12-06.35.19:840][  0]LogConfig: Setting CVar [[r.EyeAdaptationQuality:2]]
[2020.02.12-06.35.19:840][  0]LogConfig: Setting CVar [[r.BloomQuality:5]]
[2020.02.12-06.35.19:840][  0]LogConfig: Setting CVar [[r.FastBlurThreshold:100]]
[2020.02.12-06.35.19:840][  0]LogConfig: Setting CVar [[r.Upscale.Quality:3]]
[2020.02.12-06.35.19:840][  0]LogConfig: Setting CVar [[r.Tonemapper.GrainQuantization:1]]
[2020.02.12-06.35.19:840][  0]LogConfig: Setting CVar [[r.LightShaftQuality:1]]
[2020.02.12-06.35.19:841][  0]LogConfig: Setting CVar [[r.Filter.SizeScale:1]]
[2020.02.12-06.35.19:841][  0]LogConfig: Setting CVar [[r.Tonemapper.Quality:5]]
[2020.02.12-06.35.19:841][  0]LogConfig: Setting CVar [[r.DOF.Gather.AccumulatorQuality:1        ; higher gathering accumulator quality]]
[2020.02.12-06.35.19:841][  0]LogConfig: Setting CVar [[r.DOF.Gather.PostfilterMethod:1          ; Median3x3 postfilering method]]
[2020.02.12-06.35.19:841][  0]LogConfig: Setting CVar [[r.DOF.Gather.EnableBokehSettings:0       ; no bokeh simulation when gathering]]
[2020.02.12-06.35.19:841][  0]LogConfig: Setting CVar [[r.DOF.Gather.RingCount:4                 ; medium number of samples when gathering]]
[2020.02.12-06.35.19:841][  0]LogConfig: Setting CVar [[r.DOF.Scatter.ForegroundCompositing:1    ; additive foreground scattering]]
[2020.02.12-06.35.19:841][  0]LogConfig: Setting CVar [[r.DOF.Scatter.BackgroundCompositing:2    ; additive background scattering]]
[2020.02.12-06.35.19:841][  0]LogConfig: Setting CVar [[r.DOF.Scatter.EnableBokehSettings:1      ; bokeh simulation when scattering]]
[2020.02.12-06.35.19:841][  0]LogConfig: Setting CVar [[r.DOF.Scatter.MaxSpriteRatio:0.1         ; only a maximum of 10% of scattered bokeh]]
[2020.02.12-06.35.19:841][  0]LogConfig: Setting CVar [[r.DOF.Recombine.Quality:1                ; cheap slight out of focus]]
[2020.02.12-06.35.19:841][  0]LogConfig: Setting CVar [[r.DOF.Recombine.EnableBokehSettings:0    ; no bokeh simulation on slight out of focus]]
[2020.02.12-06.35.19:841][  0]LogConfig: Setting CVar [[r.DOF.TemporalAAQuality:1                ; more stable temporal accumulation]]
[2020.02.12-06.35.19:841][  0]LogConfig: Setting CVar [[r.DOF.Kernel.MaxForegroundRadius:0.025]]
[2020.02.12-06.35.19:841][  0]LogConfig: Setting CVar [[r.DOF.Kernel.MaxBackgroundRadius:0.025]]
[2020.02.12-06.35.19:841][  0]LogConfig: Applying CVar settings from Section [TextureQuality@3] File [D:/UnrealProjects/StealthGame115/StealthGame/Saved/Config/Windows/Scalability.ini]
[2020.02.12-06.35.19:841][  0]LogConfig: Setting CVar [[r.Streaming.MipBias:0]]
[2020.02.12-06.35.19:841][  0]LogConfig: Setting CVar [[r.Streaming.AmortizeCPUToGPUCopy:0]]
[2020.02.12-06.35.19:842][  0]LogConfig: Setting CVar [[r.Streaming.MaxNumTexturesToStreamPerFrame:0]]
[2020.02.12-06.35.19:842][  0]LogConfig: Setting CVar [[r.Streaming.Boost:1]]
[2020.02.12-06.35.19:842][  0]LogConfig: Setting CVar [[r.MaxAnisotropy:8]]
[2020.02.12-06.35.19:842][  0]LogConfig: Setting CVar [[r.Streaming.LimitPoolSizeToVRAM:0]]
[2020.02.12-06.35.19:842][  0]LogConfig: Setting CVar [[r.Streaming.PoolSize:1000]]
[2020.02.12-06.35.19:842][  0]LogConfig: Setting CVar [[r.Streaming.MaxEffectiveScreenSize:0]]
[2020.02.12-06.35.19:842][  0]LogConfig: Applying CVar settings from Section [EffectsQuality@3] File [D:/UnrealProjects/StealthGame115/StealthGame/Saved/Config/Windows/Scalability.ini]
[2020.02.12-06.35.19:842][  0]LogConfig: Setting CVar [[r.TranslucencyLightingVolumeDim:64]]
[2020.02.12-06.35.19:842][  0]LogConfig: Setting CVar [[r.RefractionQuality:2]]
[2020.02.12-06.35.19:842][  0]LogConfig: Setting CVar [[r.SSR.Quality:3]]
[2020.02.12-06.35.19:842][  0]LogConfig: Setting CVar [[r.SceneColorFormat:4]]
[2020.02.12-06.35.19:842][  0]LogConfig: Setting CVar [[r.DetailMode:2]]
[2020.02.12-06.35.19:842][  0]LogConfig: Setting CVar [[r.TranslucencyVolumeBlur:1]]
[2020.02.12-06.35.19:842][  0]LogConfig: Setting CVar [[r.MaterialQualityLevel:1 ; High quality]]
[2020.02.12-06.35.19:842][  0]LogConfig: Setting CVar [[r.SSS.Scale:1]]
[2020.02.12-06.35.19:842][  0]LogConfig: Setting CVar [[r.SSS.SampleSet:2]]
[2020.02.12-06.35.19:842][  0]LogConfig: Setting CVar [[r.SSS.Quality:1]]
[2020.02.12-06.35.19:843][  0]LogConfig: Setting CVar [[r.SSS.HalfRes:1]]
[2020.02.12-06.35.19:843][  0]LogConfig: Setting CVar [[r.EmitterSpawnRateScale:1.0]]
[2020.02.12-06.35.19:843][  0]LogConfig: Setting CVar [[r.ParticleLightQuality:2]]
[2020.02.12-06.35.19:843][  0]LogConfig: Applying CVar settings from Section [FoliageQuality@3] File [D:/UnrealProjects/StealthGame115/StealthGame/Saved/Config/Windows/Scalability.ini]
[2020.02.12-06.35.19:843][  0]LogConfig: Setting CVar [[foliage.DensityScale:1.0]]
[2020.02.12-06.35.19:843][  0]LogConfig: Setting CVar [[grass.DensityScale:1.0]]
[2020.02.12-06.35.19:843][  0]LogInit: Selected Device Profile: [Windows]
[2020.02.12-06.35.19:843][  0]LogInit: Applying CVar settings loaded from the selected device profile: [Windows]
[2020.02.12-06.35.19:846][  0]LogHAL: Display: Platform has ~ 16 GB [17062100992 / 17179869184 / 16], which maps to Larger [LargestMinGB=32, LargerMinGB=12, DefaultMinGB=8, SmallerMinGB=6, SmallestMinGB=0)
[2020.02.12-06.35.19:846][  0]LogInit: Going up to parent DeviceProfile []
[2020.02.12-06.35.19:846][  0]LogConfig: Applying CVar settings from Section [ViewDistanceQuality@3] File [D:/UnrealProjects/StealthGame115/StealthGame/Saved/Config/Windows/Scalability.ini]
[2020.02.12-06.35.19:846][  0]LogConfig: Setting CVar [[r.SkeletalMeshLODBias:0]]
[2020.02.12-06.35.19:846][  0]LogConfig: Setting CVar [[r.ViewDistanceScale:1.0]]
[2020.02.12-06.35.19:846][  0]LogConfig: Applying CVar settings from Section [AntiAliasingQuality@3] File [D:/UnrealProjects/StealthGame115/StealthGame/Saved/Config/Windows/Scalability.ini]
[2020.02.12-06.35.19:846][  0]LogConfig: Setting CVar [[r.PostProcessAAQuality:4]]
[2020.02.12-06.35.19:846][  0]LogConfig: Applying CVar settings from Section [ShadowQuality@3] File [D:/UnrealProjects/StealthGame115/StealthGame/Saved/Config/Windows/Scalability.ini]
[2020.02.12-06.35.19:846][  0]LogConfig: Setting CVar [[r.LightFunctionQuality:1]]
[2020.02.12-06.35.19:846][  0]LogConfig: Setting CVar [[r.ShadowQuality:5]]
[2020.02.12-06.35.19:846][  0]LogConfig: Setting CVar [[r.Shadow.CSM.MaxCascades:10]]
[2020.02.12-06.35.19:846][  0]LogConfig: Setting CVar [[r.Shadow.MaxResolution:2048]]
[2020.02.12-06.35.19:846][  0]LogConfig: Setting CVar [[r.Shadow.MaxCSMResolution:2048]]
[2020.02.12-06.35.19:846][  0]LogConfig: Setting CVar [[r.Shadow.RadiusThreshold:0.01]]
[2020.02.12-06.35.19:846][  0]LogConfig: Setting CVar [[r.Shadow.DistanceScale:1.0]]
[2020.02.12-06.35.19:847][  0]LogConfig: Setting CVar [[r.Shadow.CSM.TransitionScale:1.0]]
[2020.02.12-06.35.19:847][  0]LogConfig: Setting CVar [[r.Shadow.PreShadowResolutionFactor:1.0]]
[2020.02.12-06.35.19:847][  0]LogConfig: Setting CVar [[r.DistanceFieldShadowing:1]]
[2020.02.12-06.35.19:847][  0]LogConfig: Setting CVar [[r.DistanceFieldAO:1]]
[2020.02.12-06.35.19:847][  0]LogConfig: Setting CVar [[r.AOQuality:2]]
[2020.02.12-06.35.19:847][  0]LogConfig: Setting CVar [[r.VolumetricFog:1]]
[2020.02.12-06.35.19:847][  0]LogConfig: Setting CVar [[r.VolumetricFog.GridPixelSize:8]]
[2020.02.12-06.35.19:847][  0]LogConfig: Setting CVar [[r.VolumetricFog.GridSizeZ:128]]
[2020.02.12-06.35.19:847][  0]LogConfig: Setting CVar [[r.VolumetricFog.HistoryMissSupersampleCount:4]]
[2020.02.12-06.35.19:847][  0]LogConfig: Setting CVar [[r.LightMaxDrawDistanceScale:1]]
[2020.02.12-06.35.19:847][  0]LogConfig: Setting CVar [[r.CapsuleShadows:1]]
[2020.02.12-06.35.19:847][  0]LogConfig: Applying CVar settings from Section [PostProcessQuality@3] File [D:/UnrealProjects/StealthGame115/StealthGame/Saved/Config/Windows/Scalability.ini]
[2020.02.12-06.35.19:847][  0]LogConfig: Setting CVar [[r.MotionBlurQuality:4]]
[2020.02.12-06.35.19:847][  0]LogConfig: Setting CVar [[r.AmbientOcclusionMipLevelFactor:0.4]]
[2020.02.12-06.35.19:847][  0]LogConfig: Setting CVar [[r.AmbientOcclusionMaxQuality:100]]
[2020.02.12-06.35.19:847][  0]LogConfig: Setting CVar [[r.AmbientOcclusionLevels:-1]]
[2020.02.12-06.35.19:847][  0]LogConfig: Setting CVar [[r.AmbientOcclusionRadiusScale:1.0]]
[2020.02.12-06.35.19:848][  0]LogConfig: Setting CVar [[r.DepthOfFieldQuality:2]]
[2020.02.12-06.35.19:848][  0]LogConfig: Setting CVar [[r.RenderTargetPoolMin:400]]
[2020.02.12-06.35.19:848][  0]LogConfig: Setting CVar [[r.LensFlareQuality:2]]
[2020.02.12-06.35.19:848][  0]LogConfig: Setting CVar [[r.SceneColorFringeQuality:1]]
[2020.02.12-06.35.19:848][  0]LogConfig: Setting CVar [[r.EyeAdaptationQuality:2]]
[2020.02.12-06.35.19:848][  0]LogConfig: Setting CVar [[r.BloomQuality:5]]
[2020.02.12-06.35.19:848][  0]LogConfig: Setting CVar [[r.FastBlurThreshold:100]]
[2020.02.12-06.35.19:848][  0]LogConfig: Setting CVar [[r.Upscale.Quality:3]]
[2020.02.12-06.35.19:848][  0]LogConfig: Setting CVar [[r.Tonemapper.GrainQuantization:1]]
[2020.02.12-06.35.19:848][  0]LogConfig: Setting CVar [[r.LightShaftQuality:1]]
[2020.02.12-06.35.19:848][  0]LogConfig: Setting CVar [[r.Filter.SizeScale:1]]
[2020.02.12-06.35.19:848][  0]LogConfig: Setting CVar [[r.Tonemapper.Quality:5]]
[2020.02.12-06.35.19:848][  0]LogConfig: Setting CVar [[r.DOF.Gather.AccumulatorQuality:1        ; higher gathering accumulator quality]]
[2020.02.12-06.35.19:848][  0]LogConfig: Setting CVar [[r.DOF.Gather.PostfilterMethod:1          ; Median3x3 postfilering method]]
[2020.02.12-06.35.19:848][  0]LogConfig: Setting CVar [[r.DOF.Gather.EnableBokehSettings:0       ; no bokeh simulation when gathering]]
[2020.02.12-06.35.19:848][  0]LogConfig: Setting CVar [[r.DOF.Gather.RingCount:4                 ; medium number of samples when gathering]]
[2020.02.12-06.35.19:848][  0]LogConfig: Setting CVar [[r.DOF.Scatter.ForegroundCompositing:1    ; additive foreground scattering]]
[2020.02.12-06.35.19:848][  0]LogConfig: Setting CVar [[r.DOF.Scatter.BackgroundCompositing:2    ; additive background scattering]]
[2020.02.12-06.35.19:849][  0]LogConfig: Setting CVar [[r.DOF.Scatter.EnableBokehSettings:1      ; bokeh simulation when scattering]]
[2020.02.12-06.35.19:849][  0]LogConfig: Setting CVar [[r.DOF.Scatter.MaxSpriteRatio:0.1         ; only a maximum of 10% of scattered bokeh]]
[2020.02.12-06.35.19:849][  0]LogConfig: Setting CVar [[r.DOF.Recombine.Quality:1                ; cheap slight out of focus]]
[2020.02.12-06.35.19:849][  0]LogConfig: Setting CVar [[r.DOF.Recombine.EnableBokehSettings:0    ; no bokeh simulation on slight out of focus]]
[2020.02.12-06.35.19:849][  0]LogConfig: Setting CVar [[r.DOF.TemporalAAQuality:1                ; more stable temporal accumulation]]
[2020.02.12-06.35.19:849][  0]LogConfig: Setting CVar [[r.DOF.Kernel.MaxForegroundRadius:0.025]]
[2020.02.12-06.35.19:849][  0]LogConfig: Setting CVar [[r.DOF.Kernel.MaxBackgroundRadius:0.025]]
[2020.02.12-06.35.19:849][  0]LogConfig: Applying CVar settings from Section [TextureQuality@3] File [D:/UnrealProjects/StealthGame115/StealthGame/Saved/Config/Windows/Scalability.ini]
[2020.02.12-06.35.19:849][  0]LogConfig: Setting CVar [[r.Streaming.MipBias:0]]
[2020.02.12-06.35.19:849][  0]LogConfig: Setting CVar [[r.Streaming.AmortizeCPUToGPUCopy:0]]
[2020.02.12-06.35.19:849][  0]LogConfig: Setting CVar [[r.Streaming.MaxNumTexturesToStreamPerFrame:0]]
[2020.02.12-06.35.19:849][  0]LogConfig: Setting CVar [[r.Streaming.Boost:1]]
[2020.02.12-06.35.19:849][  0]LogConfig: Setting CVar [[r.MaxAnisotropy:8]]
[2020.02.12-06.35.19:849][  0]LogConfig: Setting CVar [[r.Streaming.LimitPoolSizeToVRAM:0]]
[2020.02.12-06.35.19:849][  0]LogConfig: Setting CVar [[r.Streaming.PoolSize:1000]]
[2020.02.12-06.35.19:849][  0]LogConfig: Setting CVar [[r.Streaming.MaxEffectiveScreenSize:0]]
[2020.02.12-06.35.19:849][  0]LogConfig: Applying CVar settings from Section [EffectsQuality@3] File [D:/UnrealProjects/StealthGame115/StealthGame/Saved/Config/Windows/Scalability.ini]
[2020.02.12-06.35.19:849][  0]LogConfig: Setting CVar [[r.TranslucencyLightingVolumeDim:64]]
[2020.02.12-06.35.19:850][  0]LogConfig: Setting CVar [[r.RefractionQuality:2]]
[2020.02.12-06.35.19:850][  0]LogConfig: Setting CVar [[r.SSR.Quality:3]]
[2020.02.12-06.35.19:850][  0]LogConfig: Setting CVar [[r.SceneColorFormat:4]]
[2020.02.12-06.35.19:850][  0]LogConfig: Setting CVar [[r.DetailMode:2]]
[2020.02.12-06.35.19:850][  0]LogConfig: Setting CVar [[r.TranslucencyVolumeBlur:1]]
[2020.02.12-06.35.19:850][  0]LogConfig: Setting CVar [[r.MaterialQualityLevel:1 ; High quality]]
[2020.02.12-06.35.19:850][  0]LogConfig: Setting CVar [[r.SSS.Scale:1]]
[2020.02.12-06.35.19:850][  0]LogConfig: Setting CVar [[r.SSS.SampleSet:2]]
[2020.02.12-06.35.19:850][  0]LogConfig: Setting CVar [[r.SSS.Quality:1]]
[2020.02.12-06.35.19:850][  0]LogConfig: Setting CVar [[r.SSS.HalfRes:1]]
[2020.02.12-06.35.19:850][  0]LogConfig: Setting CVar [[r.EmitterSpawnRateScale:1.0]]
[2020.02.12-06.35.19:850][  0]LogConfig: Setting CVar [[r.ParticleLightQuality:2]]
[2020.02.12-06.35.19:850][  0]LogConfig: Applying CVar settings from Section [FoliageQuality@3] File [D:/UnrealProjects/StealthGame115/StealthGame/Saved/Config/Windows/Scalability.ini]
[2020.02.12-06.35.19:850][  0]LogConfig: Setting CVar [[foliage.DensityScale:1.0]]
[2020.02.12-06.35.19:850][  0]LogConfig: Setting CVar [[grass.DensityScale:1.0]]
[2020.02.12-06.35.19:850][  0]LogConfig: Applying CVar settings from Section [Startup] File [../../../Engine/Config/ConsoleVariables.ini]
[2020.02.12-06.35.19:851][  0]LogConfig: Setting CVar [[net.UseAdaptiveNetUpdateFrequency:0]]
[2020.02.12-06.35.19:851][  0]LogConfig: Setting CVar [[p.chaos.AllowCreatePhysxBodies:1]]
[2020.02.12-06.35.19:851][  0]LogConfig: Applying CVar settings from Section [ConsoleVariables] File [D:/UnrealProjects/StealthGame115/StealthGame/Saved/Config/Windows/Engine.ini]
[2020.02.12-06.35.19:851][  0]LogInit: Computer: MSI
[2020.02.12-06.35.19:851][  0]LogInit: User: FelipeGasca
[2020.02.12-06.35.19:851][  0]LogInit: CPU Page size=4096, Cores=4
[2020.02.12-06.35.19:851][  0]LogInit: High frequency timer resolution =10.000000 MHz
[2020.02.12-06.35.19:851][  0]LogMemory: Memory total: Physical=15.9GB (16GB approx)
[2020.02.12-06.35.19:851][  0]LogMemory: Platform Memory Stats for Windows
[2020.02.12-06.35.19:851][  0]LogMemory: Process Physical Memory: 101.72 MB used, 101.73 MB peak
[2020.02.12-06.35.19:851][  0]LogMemory: Process Virtual Memory: 101.02 MB used, 101.02 MB peak
[2020.02.12-06.35.19:852][  0]LogMemory: Physical Memory: 9540.03 MB used,  6731.66 MB free, 16271.69 MB total
[2020.02.12-06.35.19:852][  0]LogMemory: Virtual Memory: 4669.43 MB used,  134213056.00 MB free, 134217728.00 MB total
[2020.02.12-06.35.19:860][  0]LogWindows: WindowsPlatformFeatures enabled
[2020.02.12-06.35.20:190][  0]LogInit: Overriding language with editor language configuration option (en).
[2020.02.12-06.35.20:190][  0]LogInit: Overriding locale with editor locale configuration option (en).
[2020.02.12-06.35.20:351][  0]LogInit: Setting process to per monitor DPI aware
[2020.02.12-06.35.20:432][  0]LogSlate: New Slate User Created.  User Index 0, Is Virtual User: 0
[2020.02.12-06.35.20:432][  0]LogSlate: Slate User Registered.  User Index 0, Is Virtual User: 0
[2020.02.12-06.35.21:573][  0]LogHMD: Failed to initialize OpenVR with code 110
[2020.02.12-06.35.21:573][  0]LogD3D11RHI: D3D11 adapters:
[2020.02.12-06.35.21:758][  0]LogD3D11RHI:    0. 'NVIDIA GeForce GTX 1060' (Feature Level 11_0)
[2020.02.12-06.35.21:758][  0]LogD3D11RHI:       6052/0/8135 MB DedicatedVideo/DedicatedSystem/SharedSystem, Outputs:1, VendorId:0x10de
[2020.02.12-06.35.21:787][  0]LogD3D11RHI:    1. 'Intel(R) HD Graphics 630' (Feature Level 11_0)
[2020.02.12-06.35.21:788][  0]LogD3D11RHI:       128/0/8135 MB DedicatedVideo/DedicatedSystem/SharedSystem, Outputs:0, VendorId:0x8086
[2020.02.12-06.35.21:795][  0]LogD3D11RHI:    2. 'Microsoft Basic Render Driver' (Feature Level 11_0)
[2020.02.12-06.35.21:795][  0]LogD3D11RHI:       0/0/8135 MB DedicatedVideo/DedicatedSystem/SharedSystem, Outputs:0, VendorId:0x1414
[2020.02.12-06.35.21:795][  0]LogD3D11RHI: Chosen D3D11 Adapter: 0
[2020.02.12-06.35.21:837][  0]LogD3D11RHI: Creating new Direct3DDevice
[2020.02.12-06.35.21:837][  0]LogD3D11RHI:     GPU DeviceId: 0x1c20 (for the marketing name, search the web for "GPU Device Id")
[2020.02.12-06.35.21:837][  0]LogWindows: EnumDisplayDevices:
[2020.02.12-06.35.21:837][  0]LogWindows:    0. 'Intel(R) HD Graphics 630' (P:1 D:1)
[2020.02.12-06.35.21:838][  0]LogWindows:    1. 'Intel(R) HD Graphics 630' (P:0 D:0)
[2020.02.12-06.35.21:839][  0]LogWindows:    2. 'Intel(R) HD Graphics 630' (P:0 D:0)
[2020.02.12-06.35.21:839][  0]LogWindows:    3. 'NVIDIA GeForce GTX 1060' (P:0 D:0)
[2020.02.12-06.35.21:840][  0]LogWindows:    4. 'NVIDIA GeForce GTX 1060' (P:0 D:0)
[2020.02.12-06.35.21:841][  0]LogWindows:    5. 'NVIDIA GeForce GTX 1060' (P:0 D:0)
[2020.02.12-06.35.21:841][  0]LogWindows:    6. 'NVIDIA GeForce GTX 1060' (P:0 D:0)
[2020.02.12-06.35.21:842][  0]LogWindows: DebugString: PrimaryIsNotTheChoosenAdapter PrimaryIsNotTheChoosenAdapter PrimaryIsNotTheChoosenAdapter FoundDriverCount:4 
[2020.02.12-06.35.21:842][  0]LogD3D11RHI:     Adapter Name: NVIDIA GeForce GTX 1060
[2020.02.12-06.35.21:842][  0]LogD3D11RHI:   Driver Version: 441.66 (internal:26.21.14.4166, unified:441.66)
[2020.02.12-06.35.21:842][  0]LogD3D11RHI:      Driver Date: 12-6-2019
[2020.02.12-06.35.21:842][  0]LogRHI: Texture pool is 4236 MB (70% of 6052 MB)
[2020.02.12-06.35.21:902][  0]LogD3D11RHI: Async texture creation enabled
[2020.02.12-06.35.21:916][  0]LogD3D11RHI: GPU Timing Frequency: 1000.000000 (Debug: 2 1)
[2020.02.12-06.35.22:282][  0]LogTemp: Display: Module 'AllDesktopTargetPlatform' loaded TargetPlatform 'AllDesktop'
[2020.02.12-06.35.22:294][  0]LogTemp: Display: Module 'MacClientTargetPlatform' loaded TargetPlatform 'MacClient'
[2020.02.12-06.35.22:308][  0]LogTemp: Display: Module 'MacNoEditorTargetPlatform' loaded TargetPlatform 'MacNoEditor'
[2020.02.12-06.35.22:322][  0]LogTemp: Display: Module 'MacServerTargetPlatform' loaded TargetPlatform 'MacServer'
[2020.02.12-06.35.22:333][  0]LogTemp: Display: Module 'MacTargetPlatform' loaded TargetPlatform 'Mac'
[2020.02.12-06.35.22:344][  0]LogTemp: Display: Module 'WindowsClientTargetPlatform' loaded TargetPlatform 'WindowsClient'
[2020.02.12-06.35.22:357][  0]LogTemp: Display: Module 'WindowsNoEditorTargetPlatform' loaded TargetPlatform 'WindowsNoEditor'
[2020.02.12-06.35.22:368][  0]LogTemp: Display: Module 'WindowsServerTargetPlatform' loaded TargetPlatform 'WindowsServer'
[2020.02.12-06.35.22:375][  0]LogTemp: Display: Module 'WindowsTargetPlatform' loaded TargetPlatform 'Windows'
[2020.02.12-06.35.22:409][  0]LogTemp: Display: Module 'AndroidTargetPlatform' loaded TargetPlatform 'Android'
[2020.02.12-06.35.22:409][  0]LogTemp: Display: Module 'AndroidTargetPlatform' loaded TargetPlatform 'Android_ASTC'
[2020.02.12-06.35.22:410][  0]LogTemp: Display: Module 'AndroidTargetPlatform' loaded TargetPlatform 'Android_ATC'
[2020.02.12-06.35.22:410][  0]LogTemp: Display: Module 'AndroidTargetPlatform' loaded TargetPlatform 'Android_DXT'
[2020.02.12-06.35.22:410][  0]LogTemp: Display: Module 'AndroidTargetPlatform' loaded TargetPlatform 'Android_ETC1'
[2020.02.12-06.35.22:410][  0]LogTemp: Display: Module 'AndroidTargetPlatform' loaded TargetPlatform 'Android_ETC1a'
[2020.02.12-06.35.22:410][  0]LogTemp: Display: Module 'AndroidTargetPlatform' loaded TargetPlatform 'Android_ETC2'
[2020.02.12-06.35.22:410][  0]LogTemp: Display: Module 'AndroidTargetPlatform' loaded TargetPlatform 'Android_PVRTC'
[2020.02.12-06.35.22:410][  0]LogTemp: Display: Module 'AndroidTargetPlatform' loaded TargetPlatform 'AndroidClient'
[2020.02.12-06.35.22:410][  0]LogTemp: Display: Module 'AndroidTargetPlatform' loaded TargetPlatform 'Android_ASTCClient'
[2020.02.12-06.35.22:410][  0]LogTemp: Display: Module 'AndroidTargetPlatform' loaded TargetPlatform 'Android_ATCClient'
[2020.02.12-06.35.22:410][  0]LogTemp: Display: Module 'AndroidTargetPlatform' loaded TargetPlatform 'Android_DXTClient'
[2020.02.12-06.35.22:410][  0]LogTemp: Display: Module 'AndroidTargetPlatform' loaded TargetPlatform 'Android_ETC1Client'
[2020.02.12-06.35.22:411][  0]LogTemp: Display: Module 'AndroidTargetPlatform' loaded TargetPlatform 'Android_ETC1aClient'
[2020.02.12-06.35.22:411][  0]LogTemp: Display: Module 'AndroidTargetPlatform' loaded TargetPlatform 'Android_ETC2Client'
[2020.02.12-06.35.22:411][  0]LogTemp: Display: Module 'AndroidTargetPlatform' loaded TargetPlatform 'Android_PVRTCClient'
[2020.02.12-06.35.22:411][  0]LogTemp: Display: Module 'AndroidTargetPlatform' loaded TargetPlatform 'Android_Multi'
[2020.02.12-06.35.22:411][  0]LogTemp: Display: Module 'AndroidTargetPlatform' loaded TargetPlatform 'Android_MultiClient'
[2020.02.12-06.35.22:417][  0]LogTemp: Display: Module 'HTML5TargetPlatform' loaded TargetPlatform 'HTML5'
[2020.02.12-06.35.22:447][  0]LogTemp: Display: Module 'IOSTargetPlatform' loaded TargetPlatform 'IOSClient'
[2020.02.12-06.35.22:447][  0]LogTemp: Display: Module 'IOSTargetPlatform' loaded TargetPlatform 'IOS'
[2020.02.12-06.35.22:464][  0]LogTemp: Display: Module 'TVOSTargetPlatform' loaded TargetPlatform 'TVOSClient'
[2020.02.12-06.35.22:464][  0]LogTemp: Display: Module 'TVOSTargetPlatform' loaded TargetPlatform 'TVOS'
[2020.02.12-06.35.22:475][  0]LogTemp: Display: Module 'LinuxClientTargetPlatform' loaded TargetPlatform 'LinuxClient'
[2020.02.12-06.35.22:486][  0]LogTemp: Display: Module 'LinuxNoEditorTargetPlatform' loaded TargetPlatform 'LinuxNoEditor'
[2020.02.12-06.35.22:497][  0]LogTemp: Display: Module 'LinuxServerTargetPlatform' loaded TargetPlatform 'LinuxServer'
[2020.02.12-06.35.22:512][  0]LogTemp: Display: Module 'LinuxTargetPlatform' loaded TargetPlatform 'Linux'
[2020.02.12-06.35.22:539][  0]LogTemp: Display: Module 'LuminTargetPlatform' loaded TargetPlatform 'Lumin'
[2020.02.12-06.35.22:539][  0]LogTemp: Display: Module 'LuminTargetPlatform' loaded TargetPlatform 'LuminClient'
[2020.02.12-06.35.22:539][  0]LogTargetPlatformManager: Display: Building Assets For Windows
[2020.02.12-06.35.22:561][  0]LogAudioDebug: Display: Lib vorbis DLL was dynamically loaded.
[2020.02.12-06.35.22:667][  0]LogShaderCompilers: Guid format shader working directory is -6 characters bigger than the processId version (../../../../../../UnrealProjects/StealthGame115/StealthGame/Intermediate/Shaders/WorkingDirectory/4180/).
[2020.02.12-06.35.22:668][  0]LogShaderCompilers: Cleaned the shader compiler working directory 'C:/Users/Felipe Gasca/AppData/Local/Temp/UnrealShaderWorkingDir/71C240CC4109D70D68C6CBB3103D36CB/'.
[2020.02.12-06.35.22:670][  0]LogXGEController: Cleaning working directory: C:/Users/Felipe Gasca/AppData/Local/Temp/UnrealXGEWorkingDir/
[2020.02.12-06.35.22:672][  0]LogShaderCompilers: Display: Using XGE Shader Compiler (Interception Interface).
[2020.02.12-06.35.23:345][  0]LogDerivedDataCache: Display: Max Cache Size: 512 MB
[2020.02.12-06.35.23:394][  0]LogDerivedDataCache: Loaded boot cache 0.05s 76MB C:/Users/Felipe Gasca/AppData/Local/UnrealEngine/4.23/DerivedDataCache/Boot.ddc.
[2020.02.12-06.35.23:394][  0]LogDerivedDataCache: Display: Loaded Boot cache: C:/Users/Felipe Gasca/AppData/Local/UnrealEngine/4.23/DerivedDataCache/Boot.ddc
[2020.02.12-06.35.23:395][  0]LogDerivedDataCache: FDerivedDataBackendGraph:  Pak pak cache file ../../../../../../UnrealProjects/StealthGame115/StealthGame/DerivedDataCache/DDC.ddp not found, will not use a pak cache.
[2020.02.12-06.35.23:395][  0]LogDerivedDataCache: Unable to find inner node Pak for hierarchical cache Hierarchy.
[2020.02.12-06.35.23:395][  0]LogDerivedDataCache: FDerivedDataBackendGraph:  CompressedPak pak cache file ../../../../../../UnrealProjects/StealthGame115/StealthGame/DerivedDataCache/Compressed.ddp not found, will not use a pak cache.
[2020.02.12-06.35.23:395][  0]LogDerivedDataCache: Unable to find inner node CompressedPak for hierarchical cache Hierarchy.
[2020.02.12-06.35.23:407][  0]LogDerivedDataCache: Display: Pak cache opened for reading ../../../Engine/DerivedDataCache/Compressed.ddp.
[2020.02.12-06.35.23:408][  0]LogDerivedDataCache: FDerivedDataBackendGraph:  EnterprisePak pak cache file ../../../Enterprise/DerivedDataCache/Compressed.ddp not found, will not use a pak cache.
[2020.02.12-06.35.23:408][  0]LogDerivedDataCache: Unable to find inner node EnterprisePak for hierarchical cache Hierarchy.
[2020.02.12-06.35.23:412][  0]LogDerivedDataCache: Using Local data cache path C:/Users/Felipe Gasca/AppData/Local/UnrealEngine/Common/DerivedDataCache: Writable
[2020.02.12-06.35.23:412][  0]LogDerivedDataCache: Shared data cache path not found in *engine.ini, will not use an Shared cache.
[2020.02.12-06.35.23:412][  0]LogDerivedDataCache: Unable to find inner node Shared for hierarchical cache Hierarchy.
[2020.02.12-06.35.23:435][  0]LogMaterial: Verifying Global Shaders for PCD3D_SM5
[2020.02.12-06.35.23:438][  0]LogSlate: Using FreeType 2.6.0
[2020.02.12-06.35.23:439][  0]LogSlate: SlateFontServices - WITH_FREETYPE: 1, WITH_HARFBUZZ: 1
[2020.02.12-06.35.23:515][  0]LogAssetRegistry: FAssetRegistry took 0.0074 seconds to start up
[2020.02.12-06.35.23:781][  0]LogInit: Selected Device Profile: [Windows]
[2020.02.12-06.35.23:963][  0]LogMeshReduction: Using QuadricMeshReduction for automatic static mesh reduction
[2020.02.12-06.35.23:963][  0]LogMeshReduction: Using SimplygonMeshReduction for automatic skeletal mesh reduction
[2020.02.12-06.35.23:963][  0]LogMeshReduction: Using ProxyLODMeshReduction for automatic mesh merging
[2020.02.12-06.35.23:963][  0]LogMeshReduction: No distributed automatic mesh merging module available
[2020.02.12-06.35.23:963][  0]LogMeshMerging: No distributed automatic mesh merging module available
[2020.02.12-06.35.23:977][  0]LogNetVersion: FPSGame 1.0.0, NetCL: 8386587, EngineNetVer: 11, GameNetVer: 0 (Checksum: 2384151453)
[2020.02.12-06.35.24:419][  0]LogPackageLocalizationCache: Processed 12 localized package path(s) for 1 prioritized culture(s) in 0.047214 seconds
[2020.02.12-06.35.24:427][  0]LogUObjectArray: 43444 objects as part of root set at end of initial load.
[2020.02.12-06.35.24:427][  0]LogUObjectAllocator: 7548648 out of 0 bytes used by permanent object pool.
[2020.02.12-06.35.24:427][  0]LogUObjectArray: CloseDisregardForGC: 0/0 objects in disregard for GC pool
[2020.02.12-06.35.25:578][  0]LogTcpMessaging: Initializing TcpMessaging bridge
[2020.02.12-06.35.25:586][  0]LogUdpMessaging: Initializing bridge on interface 0.0.0.0:0 to multicast group 230.0.0.1:6666.
[2020.02.12-06.35.25:886][  0]SourceControl: Source control is disabled
[2020.02.12-06.35.25:886][  0]SourceControl: Source control is disabled
[2020.02.12-06.35.25:891][  0]SourceControl: Source control is disabled
[2020.02.12-06.35.25:895][  0]SourceControl: Source control is disabled
[2020.02.12-06.35.26:095][  0]LogAndroidPermission: UAndroidPermissionCallbackProxy::GetInstance
[2020.02.12-06.35.26:329][  0]LogOcInput: OculusInput pre-init called
[2020.02.12-06.35.26:344][  0]LogWindows: Failed to load 'OVRPlugin.dll' (GetLastError=126)
[2020.02.12-06.35.26:344][  0]LogWindows: File 'OVRPlugin.dll' does not exist
[2020.02.12-06.35.26:444][  0]LogEngine: Initializing Engine...
[2020.02.12-06.35.26:445][  0]LogHMD: Failed to initialize OpenVR with code 110
[2020.02.12-06.35.26:446][  0]LogStats: UGameplayTagsManager::InitializeManager -  0.000 s
[2020.02.12-06.35.26:675][  0]LogInit: Initializing FReadOnlyCVARCache
[2020.02.12-06.35.26:694][  0]LogAIModule: Creating AISystem for world Untitled
[2020.02.12-06.35.26:739][  0]LogInit: XAudio2 using 'HeadPhone/Digital Output (Realtek(R) Audio)' : 2 channels at 48 kHz using 32 bits per sample (channel mask 0x3)
[2020.02.12-06.35.26:797][  0]LogInit: FAudioDevice initialized.
[2020.02.12-06.35.26:797][  0]LogNetVersion: Set ProjectVersion to 1.0.0.0. Version Checksum will be recalculated on next use.
[2020.02.12-06.35.26:882][  0]LogDerivedDataCache: Saved boot cache 0.08s 76MB C:/Users/Felipe Gasca/AppData/Local/UnrealEngine/4.23/DerivedDataCache/Boot.ddc.
[2020.02.12-06.35.26:887][  0]LogInit: Texture streaming: Enabled
[2020.02.12-06.35.26:917][  0]LogEngineSessionManager: EngineSessionManager initialized
[2020.02.12-06.35.26:917][  0]LogEngineSessionManager: EngineSessionManager sent abnormal shutdown report. Type=Debugger, SessionId={C53B2A4D-4AD4-5EB3-9A13-D0A1E43F3A1B}
[2020.02.12-06.35.26:918][  0]LogEditorSessionSummary: Verbose: Initializing EditorSessionSummaryWriter for editor session tracking
[2020.02.12-06.35.26:919][  0]LogEditorSessionSummary: EditorSessionSummaryWriter initialized
[2020.02.12-06.35.26:965][  0]LogInit: Transaction tracking system initialized
[2020.02.12-06.35.27:015][  0]BlueprintLog: New page: Editor Load
[2020.02.12-06.35.27:131][  0]LocalizationService: Localization service is disabled
[2020.02.12-06.35.27:442][  0]LogFileCache: Scanning file cache for directory 'D:/UnrealProjects/StealthGame115/StealthGame/Content/' took 0.01s
[2020.02.12-06.35.27:442][  0]LogCook: Display: Max memory allowance for cook 16384mb min free memory 0mb
[2020.02.12-06.35.27:442][  0]LogCook: Display: Mobile HDR setting 1
[2020.02.12-06.35.27:739][  0]SourceControl: Source control is disabled
[2020.02.12-06.35.27:740][  0]Cmd: MAP LOAD FILE="../../../../../../UnrealProjects/StealthGame115/StealthGame/Content/Maps/FirstPersonExampleMap.umap" TEMPLATE=0 SHOWPROGRESS=1 FEATURELEVEL=3
[2020.02.12-06.35.27:741][  0]LightingResults: New page: Lighting Build
[2020.02.12-06.35.27:743][  0]LogWorld: UWorld::CleanupWorld for Untitled, bSessionEnded=true, bCleanupResources=true
[2020.02.12-06.35.27:744][  0]MapCheck: New page: Map Check
[2020.02.12-06.35.27:744][  0]LightingResults: New page: Lighting Build
[2020.02.12-06.35.27:771][  0]LogUObjectHash: Compacting FUObjectHashTables data took   2.09ms
[2020.02.12-06.35.27:945][  0]LogAIModule: Creating AISystem for world FirstPersonExampleMap
[2020.02.12-06.35.27:954][  0]LogEditorServer: Finished looking for orphan Actors (0.000 secs)
[2020.02.12-06.35.27:983][  0]LogUObjectHash: Compacting FUObjectHashTables data took   2.16ms
[2020.02.12-06.35.27:984][  0]Cmd: MAP CHECKDEP NOCLEARLOG
[2020.02.12-06.35.27:984][  0]MapCheck: Map check complete: 0 Error(s), 0 Warning(s), took 0.134ms to complete.
[2020.02.12-06.35.27:984][  0]LogFileHelpers: Loading map 'FirstPersonExampleMap' took 0.245
[2020.02.12-06.35.28:129][  0]LogSlate: Updating window title bar state: overlay mode, drag disabled, window buttons hidden, title bar hidden
[2020.02.12-06.35.28:137][  0]LogSlate: Updating window title bar state: overlay mode, drag disabled, window buttons hidden, title bar hidden
[2020.02.12-06.35.28:144][  0]LogSlate: Updating window title bar state: overlay mode, drag disabled, window buttons hidden, title bar hidden
[2020.02.12-06.35.28:152][  0]LogSlate: Updating window title bar state: overlay mode, drag disabled, window buttons hidden, title bar hidden
[2020.02.12-06.35.28:160][  0]LogCollectionManager: Loaded 0 collections in 0.001786 seconds
[2020.02.12-06.35.28:178][  0]LogFileCache: Scanning file cache for directory 'D:/UnrealProjects/StealthGame115/StealthGame/Saved/Collections/' took 0.00s
[2020.02.12-06.35.28:178][  0]LogFileCache: Scanning file cache for directory 'D:/UnrealProjects/StealthGame115/StealthGame/Content/Developers/FelipeGasca/Collections/' took 0.01s
[2020.02.12-06.35.28:179][  0]LogFileCache: Scanning file cache for directory 'D:/UnrealProjects/StealthGame115/StealthGame/Content/Collections/' took 0.00s
[2020.02.12-06.35.28:179][  0]LogCollectionManager: Rebuilt the GUID cache for 0 collections in 0.000001 seconds
[2020.02.12-06.35.28:189][  0]LogContentBrowser: Native class hierarchy populated in 0.0097 seconds. Added 2869 classes and 683 folders.
[2020.02.12-06.35.28:194][  0]LogContentBrowser: Native class hierarchy updated for 'WidgetCarousel' in 0.0004 seconds. Added 0 classes and 0 folders.
[2020.02.12-06.35.28:259][  0]LogContentBrowser: Native class hierarchy updated for 'AddContentDialog' in 0.0004 seconds. Added 0 classes and 0 folders.
[2020.02.12-06.35.28:267][  0]LogContentBrowser: Native class hierarchy updated for 'SceneOutliner' in 0.0005 seconds. Added 1 classes and 2 folders.
[2020.02.12-06.35.28:365][  0]LogSlate: Took 0.000221 seconds to synchronously load lazily loaded font '../../../Engine/Content/Slate/Fonts/Roboto-Regular.ttf' (155K)
[2020.02.12-06.35.28:368][  0]LogSlate: Took 0.000199 seconds to synchronously load lazily loaded font '../../../Engine/Content/Slate/Fonts/Roboto-Bold.ttf' (160K)
[2020.02.12-06.35.28:375][  0]LogSlate: Took 0.000241 seconds to synchronously load lazily loaded font '../../../Engine/Content/Editor/Slate/Fonts/FontAwesome.ttf' (139K)
[2020.02.12-06.35.28:442][  0]LogRenderer: Reallocating scene render targets to support 1208x572 Format 10 NumSamples 1 (Frame:1).
[2020.02.12-06.35.28:506][  0]LogSlate: Took 0.000259 seconds to synchronously load lazily loaded font '../../../Engine/Content/Slate/Fonts/Roboto-Light.ttf' (167K)
[2020.02.12-06.35.28:580][  0]LogContentBrowser: Native class hierarchy updated for 'HierarchicalLODOutliner' in 0.0005 seconds. Added 0 classes and 0 folders.
[2020.02.12-06.35.28:581][  0]LogLoad: (Engine Initialization) Total time: 10.73 seconds
[2020.02.12-06.35.28:581][  0]LogLoad: (Engine Initialization) Total Blueprint compile time: 0.00 seconds
[2020.02.12-06.35.28:648][  0]LogContentStreaming: Texture pool size now 1000 MB
[2020.02.12-06.35.28:686][  1]LogAssetRegistry: Asset discovery search completed in 5.1764 seconds
[2020.02.12-06.35.28:690][  1]LogCollectionManager: Rebuilt the object cache for 0 collections in 0.000005 seconds (found 0 objects)
[2020.02.12-06.35.28:690][  1]LogCollectionManager: Fixed up redirectors for 0 collections in 0.000239 seconds (updated 0 objects)
[2020.02.12-06.35.30:525][107]LogEditorViewport: Clicking on Actor (LMB): BP_BlackHole_C (BP_BlackHole)
[2020.02.12-06.35.34:016][313]LogEditorViewport: Clicking on Actor (LMB): BP_BlackHole_C (BP_BlackHole)
[2020.02.12-06.35.35:652][409]LogEditorViewport: Clicking on Actor (LMB): LightmassImportanceVolume (LightmassImportanceVolume)
[2020.02.12-06.35.36:446][455]LogEditorViewport: Clicking on Actor (LMB): BP_BlackHole_C (BP_BlackHole)
[2020.02.12-06.35.40:582][700]LogEditorViewport: Clicking Background
[2020.02.12-06.35.41:373][747]LogEditorViewport: Clicking on Actor (LMB): BP_BlackHole_C (BP_BlackHole)
[2020.02.12-06.35.43:941][896]LogSlate: FSceneViewport::OnFocusLost() reason 0
[2020.02.12-06.35.44:107][906]LogTemp: Repeating last play command: Simulate
[2020.02.12-06.35.44:122][906]LogBlueprintUserMessages: Early PlayInEditor Detection: Level '/Game/Maps/FirstPersonExampleMap.FirstPersonExampleMap:PersistentLevel' has LevelScriptBlueprint '/Game/Maps/FirstPersonExampleMap.FirstPersonExampleMap:PersistentLevel.FirstPersonExampleMap' with GeneratedClass '/Game/Maps/FirstPersonExampleMap.FirstPersonExampleMap_C' with ClassGeneratedBy '/Game/Maps/FirstPersonExampleMap.FirstPersonExampleMap:PersistentLevel.FirstPersonExampleMap'
[2020.02.12-06.35.44:122][906]LogPlayLevel: PlayLevel: No blueprints needed recompiling
[2020.02.12-06.35.44:123][906]PIE: New page: SIE session: FirstPersonExampleMap (Feb 11, 2020, 6:35:44 PM)
[2020.02.12-06.35.44:125][906]LogOnline: OSS: Creating online subsystem instance for: NULL
[2020.02.12-06.35.44:128][906]LogPlayLevel: Creating play world package: /Game/Maps/UEDPIE_0_FirstPersonExampleMap
[2020.02.12-06.35.44:154][906]LogPlayLevel: PIE: StaticDuplicateObject took: (0.025434s)
[2020.02.12-06.35.44:156][906]LogAIModule: Creating AISystem for world FirstPersonExampleMap
[2020.02.12-06.35.44:157][906]LogPlayLevel: PIE: World Init took: (0.002554s)
[2020.02.12-06.35.44:157][906]LogPlayLevel: PIE: Created PIE world by copying editor world from /Game/Maps/FirstPersonExampleMap.FirstPersonExampleMap to /Game/Maps/UEDPIE_0_FirstPersonExampleMap.FirstPersonExampleMap (0.028718s)
[2020.02.12-06.35.44:185][906]LogUObjectHash: Compacting FUObjectHashTables data took   1.92ms
[2020.02.12-06.35.44:205][906]LogInit: XAudio2 using 'HeadPhone/Digital Output (Realtek(R) Audio)' : 2 channels at 48 kHz using 32 bits per sample (channel mask 0x3)
[2020.02.12-06.35.44:216][906]LogInit: FAudioDevice initialized.
[2020.02.12-06.35.44:235][906]LogLoad: Game class is 'BP_GameMode_C'
[2020.02.12-06.35.44:238][906]LogWorld: Bringing World /Game/Maps/UEDPIE_0_FirstPersonExampleMap.FirstPersonExampleMap up for play (max tick rate 60) at 2020.02.12-00.35.44
[2020.02.12-06.35.44:239][906]LogWorld: Bringing up level for play took: 0.002449
[2020.02.12-06.35.44:240][906]LogOnline: OSS: Creating online subsystem instance for: :Context_3
[2020.02.12-06.35.44:243][906]LogGameMode: FindPlayerStart: PATHS NOT DEFINED or NO PLAYERSTART with positive rating
[2020.02.12-06.35.44:247][906]LogContentBrowser: Native class hierarchy updated for 'MovieSceneCapture' in 0.0004 seconds. Added 20 classes and 0 folders.
[2020.02.12-06.35.44:249][906]PIE: Play in editor start time for /Game/Maps/UEDPIE_0_FirstPersonExampleMap -0.447
[2020.02.12-06.35.44:259][906]LogBlueprintUserMessages: Late PlayInEditor Detection: Level '/Game/Maps/FirstPersonExampleMap.FirstPersonExampleMap:PersistentLevel' has LevelScriptBlueprint '/Game/Maps/FirstPersonExampleMap.FirstPersonExampleMap:PersistentLevel.FirstPersonExampleMap' with GeneratedClass '/Game/Maps/FirstPersonExampleMap.FirstPersonExampleMap_C' with ClassGeneratedBy '/Game/Maps/FirstPersonExampleMap.FirstPersonExampleMap:PersistentLevel.FirstPersonExampleMap'
[2020.02.12-06.35.44:261][906]LogBlueprintUserMessages: [BP_Player_2] Objective Carried: false
[2020.02.12-06.35.44:292][907]LogBlueprintUserMessages: [BP_Player_2] Objective Carried: false
[2020.02.12-06.35.44:309][908]LogBlueprintUserMessages: [BP_Player_2] Objective Carried: false
[2020.02.12-06.35.44:325][909]LogBlueprintUserMessages: [BP_Player_2] Objective Carried: false
[2020.02.12-06.35.44:342][910]LogBlueprintUserMessages: [BP_Player_2] Objective Carried: false
[2020.02.12-06.35.44:358][911]LogBlueprintUserMessages: [BP_Player_2] Objective Carried: false
[2020.02.12-06.35.44:375][912]LogBlueprintUserMessages: [BP_Player_2] Objective Carried: false
[2020.02.12-06.35.44:392][913]LogBlueprintUserMessages: [BP_Player_2] Objective Carried: false
[2020.02.12-06.35.44:409][914]LogBlueprintUserMessages: [BP_Player_2] Objective Carried: false
[2020.02.12-06.35.44:426][915]LogBlueprintUserMessages: [BP_Player_2] Objective Carried: false
[2020.02.12-06.35.44:443][916]LogBlueprintUserMessages: [BP_Player_2] Objective Carried: false
[2020.02.12-06.35.44:460][917]LogBlueprintUserMessages: [BP_Player_2] Objective Carried: false
[2020.02.12-06.35.44:476][918]LogBlueprintUserMessages: [BP_Player_2] Objective Carried: false
[2020.02.12-06.35.44:492][919]LogBlueprintUserMessages: [BP_Player_2] Objective Carried: false
[2020.02.12-06.35.44:508][920]LogBlueprintUserMessages: [BP_Player_2] Objective Carried: false
[2020.02.12-06.35.44:525][921]LogBlueprintUserMessages: [BP_Player_2] Objective Carried: false
[2020.02.12-06.35.44:542][922]LogBlueprintUserMessages: [BP_Player_2] Objective Carried: false
[2020.02.12-06.35.44:558][923]LogBlueprintUserMessages: [BP_Player_2] Objective Carried: false
[2020.02.12-06.35.44:575][924]LogBlueprintUserMessages: [BP_Player_2] Objective Carried: false
[2020.02.12-06.35.44:592][925]LogBlueprintUserMessages: [BP_Player_2] Objective Carried: false
[2020.02.12-06.35.44:609][926]LogBlueprintUserMessages: [BP_Player_2] Objective Carried: false
[2020.02.12-06.35.44:626][927]LogBlueprintUserMessages: [BP_Player_2] Objective Carried: false
[2020.02.12-06.35.44:642][928]LogBlueprintUserMessages: [BP_Player_2] Objective Carried: false
[2020.02.12-06.35.44:659][929]LogBlueprintUserMessages: [BP_Player_2] Objective Carried: false
[2020.02.12-06.35.44:676][930]LogBlueprintUserMessages: [BP_Player_2] Objective Carried: false
[2020.02.12-06.35.44:692][931]LogBlueprintUserMessages: [BP_Player_2] Objective Carried: false
[2020.02.12-06.35.44:709][932]LogBlueprintUserMessages: [BP_Player_2] Objective Carried: false
[2020.02.12-06.35.44:725][933]LogBlueprintUserMessages: [BP_Player_2] Objective Carried: false
[2020.02.12-06.35.44:742][934]LogBlueprintUserMessages: [BP_Player_2] Objective Carried: false
[2020.02.12-06.35.44:759][935]LogBlueprintUserMessages: [BP_Player_2] Objective Carried: false
[2020.02.12-06.35.44:776][936]LogBlueprintUserMessages: [BP_Player_2] Objective Carried: false
[2020.02.12-06.35.44:792][937]LogBlueprintUserMessages: [BP_Player_2] Objective Carried: false
[2020.02.12-06.35.44:809][938]LogBlueprintUserMessages: [BP_Player_2] Objective Carried: false
[2020.02.12-06.35.44:826][939]LogBlueprintUserMessages: [BP_Player_2] Objective Carried: false
[2020.02.12-06.35.44:843][940]LogBlueprintUserMessages: [BP_Player_2] Objective Carried: false
[2020.02.12-06.35.44:859][941]LogBlueprintUserMessages: [BP_Player_2] Objective Carried: false
[2020.02.12-06.35.44:876][942]LogBlueprintUserMessages: [BP_Player_2] Objective Carried: false
[2020.02.12-06.35.44:892][943]LogBlueprintUserMessages: [BP_Player_2] Objective Carried: false
[2020.02.12-06.35.44:909][944]LogBlueprintUserMessages: [BP_Player_2] Objective Carried: false
[2020.02.12-06.35.44:926][945]LogBlueprintUserMessages: [BP_Player_2] Objective Carried: false
[2020.02.12-06.35.44:943][946]LogBlueprintUserMessages: [BP_Player_2] Objective Carried: false
[2020.02.12-06.35.44:959][947]LogBlueprintUserMessages: [BP_Player_2] Objective Carried: false
[2020.02.12-06.35.44:976][948]LogBlueprintUserMessages: [BP_Player_2] Objective Carried: false
[2020.02.12-06.35.44:993][949]LogBlueprintUserMessages: [BP_Player_2] Objective Carried: false
[2020.02.12-06.35.45:009][950]LogBlueprintUserMessages: [BP_Player_2] Objective Carried: false
[2020.02.12-06.35.45:026][951]LogBlueprintUserMessages: [BP_Player_2] Objective Carried: false
[2020.02.12-06.35.45:043][952]LogBlueprintUserMessages: [BP_Player_2] Objective Carried: false
[2020.02.12-06.35.45:059][953]LogBlueprintUserMessages: [BP_Player_2] Objective Carried: false
[2020.02.12-06.35.45:075][954]LogBlueprintUserMessages: [BP_Player_2] Objective Carried: false
[2020.02.12-06.35.45:092][955]LogBlueprintUserMessages: [BP_Player_2] Objective Carried: false
[2020.02.12-06.35.45:109][956]LogBlueprintUserMessages: [BP_Player_2] Objective Carried: false
[2020.02.12-06.35.45:125][957]LogBlueprintUserMessages: [BP_Player_2] Objective Carried: false
[2020.02.12-06.35.45:142][958]LogBlueprintUserMessages: [BP_Player_2] Objective Carried: false
[2020.02.12-06.35.45:159][959]LogBlueprintUserMessages: [BP_Player_2] Objective Carried: false
[2020.02.12-06.35.45:175][960]LogBlueprintUserMessages: [BP_Player_2] Objective Carried: false
[2020.02.12-06.35.45:192][961]LogBlueprintUserMessages: [BP_Player_2] Objective Carried: false
[2020.02.12-06.35.45:209][962]LogBlueprintUserMessages: [BP_Player_2] Objective Carried: false
[2020.02.12-06.35.45:226][963]LogBlueprintUserMessages: [BP_Player_2] Objective Carried: false
[2020.02.12-06.35.45:242][964]LogBlueprintUserMessages: [BP_Player_2] Objective Carried: false
[2020.02.12-06.35.45:259][965]LogBlueprintUserMessages: [BP_Player_2] Objective Carried: false
[2020.02.12-06.35.45:277][966]LogBlueprintUserMessages: [BP_Player_2] Objective Carried: false
[2020.02.12-06.35.45:293][967]LogBlueprintUserMessages: [BP_Player_2] Objective Carried: false
[2020.02.12-06.35.45:310][968]LogBlueprintUserMessages: [BP_Player_2] Objective Carried: false
[2020.02.12-06.35.45:327][969]LogBlueprintUserMessages: [BP_Player_2] Objective Carried: false
[2020.02.12-06.35.45:343][970]LogBlueprintUserMessages: [BP_Player_2] Objective Carried: false
[2020.02.12-06.35.45:360][971]LogBlueprintUserMessages: [BP_Player_2] Objective Carried: false
[2020.02.12-06.35.45:377][972]LogBlueprintUserMessages: [BP_Player_2] Objective Carried: false
[2020.02.12-06.35.45:393][973]LogBlueprintUserMessages: [BP_Player_2] Objective Carried: false
[2020.02.12-06.35.45:409][974]LogBlueprintUserMessages: [BP_Player_2] Objective Carried: false
[2020.02.12-06.35.45:426][975]LogBlueprintUserMessages: [BP_Player_2] Objective Carried: false
[2020.02.12-06.35.45:442][976]LogBlueprintUserMessages: [BP_Player_2] Objective Carried: false
[2020.02.12-06.35.45:459][977]LogBlueprintUserMessages: [BP_Player_2] Objective Carried: false
[2020.02.12-06.35.45:475][978]LogBlueprintUserMessages: [BP_Player_2] Objective Carried: false
[2020.02.12-06.35.45:492][979]LogBlueprintUserMessages: [BP_Player_2] Objective Carried: false
[2020.02.12-06.35.45:509][980]LogBlueprintUserMessages: [BP_Player_2] Objective Carried: false
[2020.02.12-06.35.45:526][981]LogBlueprintUserMessages: [BP_Player_2] Objective Carried: false
[2020.02.12-06.35.45:543][982]LogBlueprintUserMessages: [BP_Player_2] Objective Carried: false
[2020.02.12-06.35.45:559][983]LogBlueprintUserMessages: [BP_Player_2] Objective Carried: false
[2020.02.12-06.35.45:576][984]LogBlueprintUserMessages: [BP_Player_2] Objective Carried: false
[2020.02.12-06.35.45:593][985]LogBlueprintUserMessages: [BP_Player_2] Objective Carried: false
[2020.02.12-06.35.45:610][986]LogBlueprintUserMessages: [BP_Player_2] Objective Carried: false
[2020.02.12-06.35.45:626][987]LogBlueprintUserMessages: [BP_Player_2] Objective Carried: false
[2020.02.12-06.35.45:642][988]LogBlueprintUserMessages: [BP_Player_2] Objective Carried: false
[2020.02.12-06.35.45:659][989]LogBlueprintUserMessages: [BP_Player_2] Objective Carried: false
[2020.02.12-06.35.45:675][990]LogBlueprintUserMessages: [BP_Player_2] Objective Carried: false
[2020.02.12-06.35.45:692][991]LogBlueprintUserMessages: [BP_Player_2] Objective Carried: false
[2020.02.12-06.35.45:709][992]LogBlueprintUserMessages: [BP_Player_2] Objective Carried: false
[2020.02.12-06.35.45:726][993]LogBlueprintUserMessages: [BP_Player_2] Objective Carried: false
[2020.02.12-06.35.45:743][994]LogBlueprintUserMessages: [BP_Player_2] Objective Carried: false
[2020.02.12-06.35.45:759][995]LogBlueprintUserMessages: [BP_Player_2] Objective Carried: false
[2020.02.12-06.35.45:776][996]LogBlueprintUserMessages: [BP_Player_2] Objective Carried: false
[2020.02.12-06.35.45:793][997]LogBlueprintUserMessages: [BP_Player_2] Objective Carried: false
[2020.02.12-06.35.45:809][998]LogBlueprintUserMessages: [BP_Player_2] Objective Carried: false
[2020.02.12-06.35.45:825][999]LogBlueprintUserMessages: [BP_Player_2] Objective Carried: false
[2020.02.12-06.35.45:842][  0]LogBlueprintUserMessages: [BP_Player_2] Objective Carried: false
[2020.02.12-06.35.45:859][  1]LogBlueprintUserMessages: [BP_Player_2] Objective Carried: false
[2020.02.12-06.35.45:875][  2]LogBlueprintUserMessages: [BP_Player_2] Objective Carried: false
[2020.02.12-06.35.45:892][  3]LogBlueprintUserMessages: [BP_Player_2] Objective Carried: false
[2020.02.12-06.35.45:910][  4]LogBlueprintUserMessages: [BP_Player_2] Objective Carried: false
[2020.02.12-06.35.45:927][  5]LogBlueprintUserMessages: [BP_Player_2] Objective Carried: false
[2020.02.12-06.35.45:942][  6]LogBlueprintUserMessages: [BP_Player_2] Objective Carried: false
[2020.02.12-06.35.45:959][  7]LogBlueprintUserMessages: [BP_Player_2] Objective Carried: false
[2020.02.12-06.35.45:976][  8]LogBlueprintUserMessages: [BP_Player_2] Objective Carried: false
[2020.02.12-06.35.45:992][  9]LogBlueprintUserMessages: [BP_Player_2] Objective Carried: false
[2020.02.12-06.35.46:009][ 10]LogBlueprintUserMessages: [BP_Player_2] Objective Carried: false
[2020.02.12-06.35.46:026][ 11]LogBlueprintUserMessages: [BP_Player_2] Objective Carried: false
[2020.02.12-06.35.46:042][ 12]LogBlueprintUserMessages: [BP_Player_2] Objective Carried: false
[2020.02.12-06.35.46:059][ 13]LogBlueprintUserMessages: [BP_Player_2] Objective Carried: false
[2020.02.12-06.35.46:075][ 14]LogBlueprintUserMessages: [BP_Player_2] Objective Carried: false
[2020.02.12-06.35.46:092][ 15]LogBlueprintUserMessages: [BP_Player_2] Objective Carried: false
[2020.02.12-06.35.46:109][ 16]LogBlueprintUserMessages: [BP_Player_2] Objective Carried: false
[2020.02.12-06.35.46:126][ 17]LogBlueprintUserMessages: [BP_Player_2] Objective Carried: false
[2020.02.12-06.35.46:143][ 18]LogBlueprintUserMessages: [BP_Player_2] Objective Carried: false
[2020.02.12-06.35.46:159][ 19]LogBlueprintUserMessages: [BP_Player_2] Objective Carried: false
[2020.02.12-06.35.46:176][ 20]LogBlueprintUserMessages: [BP_Player_2] Objective Carried: false
[2020.02.12-06.35.46:192][ 21]LogBlueprintUserMessages: [BP_Player_2] Objective Carried: false
[2020.02.12-06.35.46:209][ 22]LogBlueprintUserMessages: [BP_Player_2] Objective Carried: false
[2020.02.12-06.35.46:226][ 23]LogBlueprintUserMessages: [BP_Player_2] Objective Carried: false
[2020.02.12-06.35.46:243][ 24]LogBlueprintUserMessages: [BP_Player_2] Objective Carried: false
[2020.02.12-06.35.46:259][ 25]LogBlueprintUserMessages: [BP_Player_2] Objective Carried: false
[2020.02.12-06.35.46:276][ 26]LogBlueprintUserMessages: [BP_Player_2] Objective Carried: false
[2020.02.12-06.35.46:293][ 27]LogBlueprintUserMessages: [BP_Player_2] Objective Carried: false
[2020.02.12-06.35.46:309][ 28]LogBlueprintUserMessages: [BP_Player_2] Objective Carried: false
[2020.02.12-06.35.46:326][ 29]LogBlueprintUserMessages: [BP_Player_2] Objective Carried: false
[2020.02.12-06.35.46:343][ 30]LogBlueprintUserMessages: [BP_Player_2] Objective Carried: false
[2020.02.12-06.35.46:360][ 31]LogBlueprintUserMessages: [BP_Player_2] Objective Carried: false
[2020.02.12-06.35.46:376][ 32]LogBlueprintUserMessages: [BP_Player_2] Objective Carried: false
[2020.02.12-06.35.46:393][ 33]LogBlueprintUserMessages: [BP_Player_2] Objective Carried: false
[2020.02.12-06.35.46:410][ 34]LogBlueprintUserMessages: [BP_Player_2] Objective Carried: false
[2020.02.12-06.35.46:426][ 35]LogBlueprintUserMessages: [BP_Player_2] Objective Carried: false
[2020.02.12-06.35.46:442][ 36]LogBlueprintUserMessages: [BP_Player_2] Objective Carried: false
[2020.02.12-06.35.46:459][ 37]LogBlueprintUserMessages: [BP_Player_2] Objective Carried: false
[2020.02.12-06.35.46:477][ 38]LogBlueprintUserMessages: [BP_Player_2] Objective Carried: false
[2020.02.12-06.35.46:493][ 39]LogBlueprintUserMessages: [BP_Player_2] Objective Carried: false
[2020.02.12-06.35.46:510][ 40]LogBlueprintUserMessages: [BP_Player_2] Objective Carried: false
[2020.02.12-06.35.46:526][ 41]LogBlueprintUserMessages: [BP_Player_2] Objective Carried: false
[2020.02.12-06.35.46:542][ 42]LogBlueprintUserMessages: [BP_Player_2] Objective Carried: false
[2020.02.12-06.35.46:559][ 43]LogBlueprintUserMessages: [BP_Player_2] Objective Carried: false
[2020.02.12-06.35.46:576][ 44]LogBlueprintUserMessages: [BP_Player_2] Objective Carried: false
[2020.02.12-06.35.46:592][ 45]LogBlueprintUserMessages: [BP_Player_2] Objective Carried: false
[2020.02.12-06.35.46:609][ 46]LogBlueprintUserMessages: [BP_Player_2] Objective Carried: false
[2020.02.12-06.35.46:626][ 47]LogBlueprintUserMessages: [BP_Player_2] Objective Carried: false
[2020.02.12-06.35.46:642][ 48]LogBlueprintUserMessages: [BP_Player_2] Objective Carried: false
[2020.02.12-06.35.46:659][ 49]LogBlueprintUserMessages: [BP_Player_2] Objective Carried: false
[2020.02.12-06.35.46:677][ 50]LogBlueprintUserMessages: [BP_Player_2] Objective Carried: false
[2020.02.12-06.35.46:693][ 51]LogBlueprintUserMessages: [BP_Player_2] Objective Carried: false
[2020.02.12-06.35.46:710][ 52]LogBlueprintUserMessages: [BP_Player_2] Objective Carried: false
[2020.02.12-06.35.46:727][ 53]LogBlueprintUserMessages: [BP_Player_2] Objective Carried: false
[2020.02.12-06.35.46:743][ 54]LogBlueprintUserMessages: [BP_Player_2] Objective Carried: false
[2020.02.12-06.35.46:760][ 55]LogBlueprintUserMessages: [BP_Player_2] Objective Carried: false
[2020.02.12-06.35.46:776][ 56]LogBlueprintUserMessages: [BP_Player_2] Objective Carried: false
[2020.02.12-06.35.46:792][ 57]LogBlueprintUserMessages: [BP_Player_2] Objective Carried: false
[2020.02.12-06.35.46:809][ 58]LogBlueprintUserMessages: [BP_Player_2] Objective Carried: false
[2020.02.12-06.35.46:826][ 59]LogBlueprintUserMessages: [BP_Player_2] Objective Carried: false
[2020.02.12-06.35.46:842][ 60]LogBlueprintUserMessages: [BP_Player_2] Objective Carried: false
[2020.02.12-06.35.46:859][ 61]LogBlueprintUserMessages: [BP_Player_2] Objective Carried: false
[2020.02.12-06.35.46:875][ 62]LogBlueprintUserMessages: [BP_Player_2] Objective Carried: false
[2020.02.12-06.35.46:892][ 63]LogBlueprintUserMessages: [BP_Player_2] Objective Carried: false
[2020.02.12-06.35.46:909][ 64]LogBlueprintUserMessages: [BP_Player_2] Objective Carried: false
[2020.02.12-06.35.46:926][ 65]LogBlueprintUserMessages: [BP_Player_2] Objective Carried: false
[2020.02.12-06.35.46:942][ 66]LogBlueprintUserMessages: [BP_Player_2] Objective Carried: false
[2020.02.12-06.35.46:959][ 67]LogBlueprintUserMessages: [BP_Player_2] Objective Carried: false
[2020.02.12-06.35.46:976][ 68]LogBlueprintUserMessages: [BP_Player_2] Objective Carried: false
[2020.02.12-06.35.46:993][ 69]LogBlueprintUserMessages: [BP_Player_2] Objective Carried: false
[2020.02.12-06.35.47:009][ 70]LogBlueprintUserMessages: [BP_Player_2] Objective Carried: false
[2020.02.12-06.35.47:026][ 71]LogBlueprintUserMessages: [BP_Player_2] Objective Carried: false
[2020.02.12-06.35.47:043][ 72]LogBlueprintUserMessages: [BP_Player_2] Objective Carried: false
[2020.02.12-06.35.47:060][ 73]LogBlueprintUserMessages: [BP_Player_2] Objective Carried: false
[2020.02.12-06.35.47:077][ 74]LogBlueprintUserMessages: [BP_Player_2] Objective Carried: false
[2020.02.12-06.35.47:093][ 75]LogBlueprintUserMessages: [BP_Player_2] Objective Carried: false
[2020.02.12-06.35.47:110][ 76]LogBlueprintUserMessages: [BP_Player_2] Objective Carried: false
[2020.02.12-06.35.47:126][ 77]LogBlueprintUserMessages: [BP_Player_2] Objective Carried: false
[2020.02.12-06.35.47:143][ 78]LogBlueprintUserMessages: [BP_Player_2] Objective Carried: false
[2020.02.12-06.35.47:159][ 79]LogBlueprintUserMessages: [BP_Player_2] Objective Carried: false
[2020.02.12-06.35.47:176][ 80]LogBlueprintUserMessages: [BP_Player_2] Objective Carried: false
[2020.02.12-06.35.47:192][ 81]LogBlueprintUserMessages: [BP_Player_2] Objective Carried: false
[2020.02.12-06.35.47:209][ 82]LogBlueprintUserMessages: [BP_Player_2] Objective Carried: false
[2020.02.12-06.35.47:225][ 83]LogBlueprintUserMessages: [BP_Player_2] Objective Carried: false
[2020.02.12-06.35.47:242][ 84]LogBlueprintUserMessages: [BP_Player_2] Objective Carried: false
[2020.02.12-06.35.47:259][ 85]LogBlueprintUserMessages: [BP_Player_2] Objective Carried: false
[2020.02.12-06.35.47:276][ 86]LogBlueprintUserMessages: [BP_Player_2] Objective Carried: false
[2020.02.12-06.35.47:292][ 87]LogBlueprintUserMessages: [BP_Player_2] Objective Carried: false
[2020.02.12-06.35.47:309][ 88]LogBlueprintUserMessages: [BP_Player_2] Objective Carried: false
[2020.02.12-06.35.47:326][ 89]LogBlueprintUserMessages: [BP_Player_2] Objective Carried: false
[2020.02.12-06.35.47:343][ 90]LogBlueprintUserMessages: [BP_Player_2] Objective Carried: false
[2020.02.12-06.35.47:359][ 91]LogBlueprintUserMessages: [BP_Player_2] Objective Carried: false
[2020.02.12-06.35.47:376][ 92]LogBlueprintUserMessages: [BP_Player_2] Objective Carried: false
[2020.02.12-06.35.47:392][ 93]LogBlueprintUserMessages: [BP_Player_2] Objective Carried: false
[2020.02.12-06.35.47:409][ 94]LogBlueprintUserMessages: [BP_Player_2] Objective Carried: false
[2020.02.12-06.35.47:426][ 95]LogBlueprintUserMessages: [BP_Player_2] Objective Carried: false
[2020.02.12-06.35.47:442][ 96]LogBlueprintUserMessages: [BP_Player_2] Objective Carried: false
[2020.02.12-06.35.47:460][ 97]LogBlueprintUserMessages: [BP_Player_2] Objective Carried: false
[2020.02.12-06.35.47:476][ 98]LogBlueprintUserMessages: [BP_Player_2] Objective Carried: false
[2020.02.12-06.35.47:492][ 99]LogBlueprintUserMessages: [BP_Player_2] Objective Carried: false
[2020.02.12-06.35.47:509][100]LogBlueprintUserMessages: [BP_Player_2] Objective Carried: false
[2020.02.12-06.35.47:526][101]LogBlueprintUserMessages: [BP_Player_2] Objective Carried: false
[2020.02.12-06.35.47:543][102]LogBlueprintUserMessages: [BP_Player_2] Objective Carried: false
[2020.02.12-06.35.47:560][103]LogBlueprintUserMessages: [BP_Player_2] Objective Carried: false
[2020.02.12-06.35.47:576][104]LogBlueprintUserMessages: [BP_Player_2] Objective Carried: false
[2020.02.12-06.35.47:593][105]LogBlueprintUserMessages: [BP_Player_2] Objective Carried: false
[2020.02.12-06.35.47:609][106]LogBlueprintUserMessages: [BP_Player_2] Objective Carried: false
[2020.02.12-06.35.47:626][107]LogBlueprintUserMessages: [BP_Player_2] Objective Carried: false
[2020.02.12-06.35.47:643][108]LogBlueprintUserMessages: [BP_Player_2] Objective Carried: false
[2020.02.12-06.35.47:659][109]LogBlueprintUserMessages: [BP_Player_2] Objective Carried: false
[2020.02.12-06.35.47:676][110]LogBlueprintUserMessages: [BP_Player_2] Objective Carried: false
[2020.02.12-06.35.47:693][111]LogBlueprintUserMessages: [BP_Player_2] Objective Carried: false
[2020.02.12-06.35.47:709][112]LogBlueprintUserMessages: [BP_Player_2] Objective Carried: false
[2020.02.12-06.35.47:726][113]LogBlueprintUserMessages: [BP_Player_2] Objective Carried: false
[2020.02.12-06.35.47:742][114]LogBlueprintUserMessages: [BP_Player_2] Objective Carried: false
[2020.02.12-06.35.47:759][115]LogBlueprintUserMessages: [BP_Player_2] Objective Carried: false
[2020.02.12-06.35.47:776][116]LogBlueprintUserMessages: [BP_Player_2] Objective Carried: false
[2020.02.12-06.35.47:793][117]LogBlueprintUserMessages: [BP_Player_2] Objective Carried: false
[2020.02.12-06.35.47:810][118]LogBlueprintUserMessages: [BP_Player_2] Objective Carried: false
[2020.02.12-06.35.47:826][119]LogBlueprintUserMessages: [BP_Player_2] Objective Carried: false
[2020.02.12-06.35.47:843][120]LogBlueprintUserMessages: [BP_Player_2] Objective Carried: false
[2020.02.12-06.35.47:859][121]LogBlueprintUserMessages: [BP_Player_2] Objective Carried: false
[2020.02.12-06.35.47:875][122]LogBlueprintUserMessages: [BP_Player_2] Objective Carried: false
[2020.02.12-06.35.47:892][123]LogBlueprintUserMessages: [BP_Player_2] Objective Carried: false
[2020.02.12-06.35.47:909][124]LogBlueprintUserMessages: [BP_Player_2] Objective Carried: false
[2020.02.12-06.35.47:926][125]LogBlueprintUserMessages: [BP_Player_2] Objective Carried: false
[2020.02.12-06.35.47:942][126]LogBlueprintUserMessages: [BP_Player_2] Objective Carried: false
[2020.02.12-06.35.47:959][127]LogBlueprintUserMessages: [BP_Player_2] Objective Carried: false
[2020.02.12-06.35.47:976][128]LogBlueprintUserMessages: [BP_Player_2] Objective Carried: false
[2020.02.12-06.35.47:993][129]LogBlueprintUserMessages: [BP_Player_2] Objective Carried: false
[2020.02.12-06.35.48:010][130]LogBlueprintUserMessages: [BP_Player_2] Objective Carried: false
[2020.02.12-06.35.48:026][131]LogBlueprintUserMessages: [BP_Player_2] Objective Carried: false
[2020.02.12-06.35.48:043][132]LogBlueprintUserMessages: [BP_Player_2] Objective Carried: false
[2020.02.12-06.35.48:060][133]LogBlueprintUserMessages: [BP_Player_2] Objective Carried: false
[2020.02.12-06.35.48:076][134]LogBlueprintUserMessages: [BP_Player_2] Objective Carried: false
[2020.02.12-06.35.48:092][135]LogBlueprintUserMessages: [BP_Player_2] Objective Carried: false
[2020.02.12-06.35.48:109][136]LogBlueprintUserMessages: [BP_Player_2] Objective Carried: false
[2020.02.12-06.35.48:126][137]LogBlueprintUserMessages: [BP_Player_2] Objective Carried: false
[2020.02.12-06.35.48:142][138]LogBlueprintUserMessages: [BP_Player_2] Objective Carried: false
[2020.02.12-06.35.48:159][139]LogBlueprintUserMessages: [BP_Player_2] Objective Carried: false
[2020.02.12-06.35.48:176][140]LogBlueprintUserMessages: [BP_Player_2] Objective Carried: false
[2020.02.12-06.35.48:192][141]LogBlueprintUserMessages: [BP_Player_2] Objective Carried: false
[2020.02.12-06.35.48:209][142]LogBlueprintUserMessages: [BP_Player_2] Objective Carried: false
[2020.02.12-06.35.48:226][143]LogBlueprintUserMessages: [BP_Player_2] Objective Carried: false
[2020.02.12-06.35.48:242][144]LogBlueprintUserMessages: [BP_Player_2] Objective Carried: false
[2020.02.12-06.35.48:259][145]LogBlueprintUserMessages: [BP_Player_2] Objective Carried: false
[2020.02.12-06.35.48:276][146]LogBlueprintUserMessages: [BP_Player_2] Objective Carried: false
[2020.02.12-06.35.48:293][147]LogBlueprintUserMessages: [BP_Player_2] Objective Carried: false
[2020.02.12-06.35.48:309][148]LogBlueprintUserMessages: [BP_Player_2] Objective Carried: false
[2020.02.12-06.35.48:326][149]LogBlueprintUserMessages: [BP_Player_2] Objective Carried: false
[2020.02.12-06.35.48:343][150]LogBlueprintUserMessages: [BP_Player_2] Objective Carried: false
[2020.02.12-06.35.48:359][151]LogBlueprintUserMessages: [BP_Player_2] Objective Carried: false
[2020.02.12-06.35.48:376][152]LogBlueprintUserMessages: [BP_Player_2] Objective Carried: false
[2020.02.12-06.35.48:393][153]LogBlueprintUserMessages: [BP_Player_2] Objective Carried: false
[2020.02.12-06.35.48:410][154]LogBlueprintUserMessages: [BP_Player_2] Objective Carried: false
[2020.02.12-06.35.48:427][155]LogBlueprintUserMessages: [BP_Player_2] Objective Carried: false
[2020.02.12-06.35.48:443][156]LogBlueprintUserMessages: [BP_Player_2] Objective Carried: false
[2020.02.12-06.35.48:460][157]LogBlueprintUserMessages: [BP_Player_2] Objective Carried: false
[2020.02.12-06.35.48:475][158]LogBlueprintUserMessages: [BP_Player_2] Objective Carried: false
[2020.02.12-06.35.48:492][159]LogBlueprintUserMessages: [BP_Player_2] Objective Carried: false
[2020.02.12-06.35.48:509][160]LogBlueprintUserMessages: [BP_Player_2] Objective Carried: false
[2020.02.12-06.35.48:526][161]LogBlueprintUserMessages: [BP_Player_2] Objective Carried: false
[2020.02.12-06.35.48:542][162]LogBlueprintUserMessages: [BP_Player_2] Objective Carried: false
[2020.02.12-06.35.48:559][163]LogBlueprintUserMessages: [BP_Player_2] Objective Carried: false
[2020.02.12-06.35.48:576][164]LogBlueprintUserMessages: [BP_Player_2] Objective Carried: false
[2020.02.12-06.35.48:592][165]LogBlueprintUserMessages: [BP_Player_2] Objective Carried: false
[2020.02.12-06.35.48:609][166]LogBlueprintUserMessages: [BP_Player_2] Objective Carried: false
[2020.02.12-06.35.48:626][167]LogBlueprintUserMessages: [BP_Player_2] Objective Carried: false
[2020.02.12-06.35.48:643][168]LogBlueprintUserMessages: [BP_Player_2] Objective Carried: false
[2020.02.12-06.35.48:660][169]LogBlueprintUserMessages: [BP_Player_2] Objective Carried: false
[2020.02.12-06.35.48:676][170]LogBlueprintUserMessages: [BP_Player_2] Objective Carried: false
[2020.02.12-06.35.48:693][171]LogBlueprintUserMessages: [BP_Player_2] Objective Carried: false
[2020.02.12-06.35.48:709][172]LogBlueprintUserMessages: [BP_Player_2] Objective Carried: false
[2020.02.12-06.35.48:726][173]LogBlueprintUserMessages: [BP_Player_2] Objective Carried: false
[2020.02.12-06.35.48:743][174]LogBlueprintUserMessages: [BP_Player_2] Objective Carried: false
[2020.02.12-06.35.48:760][175]LogBlueprintUserMessages: [BP_Player_2] Objective Carried: false
[2020.02.12-06.35.48:776][176]LogBlueprintUserMessages: [BP_Player_2] Objective Carried: false
[2020.02.12-06.35.48:793][177]LogBlueprintUserMessages: [BP_Player_2] Objective Carried: false
[2020.02.12-06.35.48:810][178]LogBlueprintUserMessages: [BP_Player_2] Objective Carried: false
[2020.02.12-06.35.48:826][179]LogBlueprintUserMessages: [BP_Player_2] Objective Carried: false
[2020.02.12-06.35.48:843][180]LogBlueprintUserMessages: [BP_Player_2] Objective Carried: false
[2020.02.12-06.35.48:859][181]LogBlueprintUserMessages: [BP_Player_2] Objective Carried: false
[2020.02.12-06.35.48:876][182]LogBlueprintUserMessages: [BP_Player_2] Objective Carried: false
[2020.02.12-06.35.48:892][183]LogBlueprintUserMessages: [BP_Player_2] Objective Carried: false
[2020.02.12-06.35.48:909][184]LogBlueprintUserMessages: [BP_Player_2] Objective Carried: false
[2020.02.12-06.35.48:926][185]LogBlueprintUserMessages: [BP_Player_2] Objective Carried: false
[2020.02.12-06.35.48:942][186]LogBlueprintUserMessages: [BP_Player_2] Objective Carried: false
[2020.02.12-06.35.48:959][187]LogBlueprintUserMessages: [BP_Player_2] Objective Carried: false
[2020.02.12-06.35.48:976][188]LogBlueprintUserMessages: [BP_Player_2] Objective Carried: false
[2020.02.12-06.35.48:992][189]LogBlueprintUserMessages: [BP_Player_2] Objective Carried: false
[2020.02.12-06.35.49:010][190]LogBlueprintUserMessages: [BP_Player_2] Objective Carried: false
[2020.02.12-06.35.49:026][191]LogBlueprintUserMessages: [BP_Player_2] Objective Carried: false
[2020.02.12-06.35.49:043][192]LogBlueprintUserMessages: [BP_Player_2] Objective Carried: false
[2020.02.12-06.35.49:059][193]LogBlueprintUserMessages: [BP_Player_2] Objective Carried: false
[2020.02.12-06.35.49:076][194]LogBlueprintUserMessages: [BP_Player_2] Objective Carried: false
[2020.02.12-06.35.49:093][195]LogBlueprintUserMessages: [BP_Player_2] Objective Carried: false
[2020.02.12-06.35.49:109][196]LogBlueprintUserMessages: [BP_Player_2] Objective Carried: false
[2020.02.12-06.35.49:126][197]LogBlueprintUserMessages: [BP_Player_2] Objective Carried: false
[2020.02.12-06.35.49:143][198]LogBlueprintUserMessages: [BP_Player_2] Objective Carried: false
[2020.02.12-06.35.49:160][199]LogBlueprintUserMessages: [BP_Player_2] Objective Carried: false
[2020.02.12-06.35.49:176][200]LogBlueprintUserMessages: [BP_Player_2] Objective Carried: false
[2020.02.12-06.35.49:192][201]LogBlueprintUserMessages: [BP_Player_2] Objective Carried: false
[2020.02.12-06.35.49:209][202]LogBlueprintUserMessages: [BP_Player_2] Objective Carried: false
[2020.02.12-06.35.49:226][203]LogBlueprintUserMessages: [BP_Player_2] Objective Carried: false
[2020.02.12-06.35.49:242][204]LogBlueprintUserMessages: [BP_Player_2] Objective Carried: false
[2020.02.12-06.35.49:259][205]LogBlueprintUserMessages: [BP_Player_2] Objective Carried: false
[2020.02.12-06.35.49:276][206]LogBlueprintUserMessages: [BP_Player_2] Objective Carried: false
[2020.02.12-06.35.49:293][207]LogBlueprintUserMessages: [BP_Player_2] Objective Carried: false
[2020.02.12-06.35.49:309][208]LogBlueprintUserMessages: [BP_Player_2] Objective Carried: false
[2020.02.12-06.35.49:326][209]LogBlueprintUserMessages: [BP_Player_2] Objective Carried: false
[2020.02.12-06.35.49:343][210]LogBlueprintUserMessages: [BP_Player_2] Objective Carried: false
[2020.02.12-06.35.49:359][211]LogBlueprintUserMessages: [BP_Player_2] Objective Carried: false
[2020.02.12-06.35.49:376][212]LogBlueprintUserMessages: [BP_Player_2] Objective Carried: false
[2020.02.12-06.35.49:393][213]LogBlueprintUserMessages: [BP_Player_2] Objective Carried: false
[2020.02.12-06.35.49:410][214]LogBlueprintUserMessages: [BP_Player_2] Objective Carried: false
[2020.02.12-06.35.49:426][215]LogBlueprintUserMessages: [BP_Player_2] Objective Carried: false
[2020.02.12-06.35.49:443][216]LogBlueprintUserMessages: [BP_Player_2] Objective Carried: false
[2020.02.12-06.35.49:459][217]LogBlueprintUserMessages: [BP_Player_2] Objective Carried: false
[2020.02.12-06.35.49:476][218]LogBlueprintUserMessages: [BP_Player_2] Objective Carried: false
[2020.02.12-06.35.49:493][219]LogBlueprintUserMessages: [BP_Player_2] Objective Carried: false
[2020.02.12-06.35.49:509][220]LogBlueprintUserMessages: [BP_Player_2] Objective Carried: false
[2020.02.12-06.35.49:526][221]LogBlueprintUserMessages: [BP_Player_2] Objective Carried: false
[2020.02.12-06.35.49:542][222]LogBlueprintUserMessages: [BP_Player_2] Objective Carried: false
[2020.02.12-06.35.49:559][223]LogBlueprintUserMessages: [BP_Player_2] Objective Carried: false
[2020.02.12-06.35.49:576][224]LogBlueprintUserMessages: [BP_Player_2] Objective Carried: false
[2020.02.12-06.35.49:593][225]LogBlueprintUserMessages: [BP_Player_2] Objective Carried: false
[2020.02.12-06.35.49:609][226]LogBlueprintUserMessages: [BP_Player_2] Objective Carried: false
[2020.02.12-06.35.49:626][227]LogBlueprintUserMessages: [BP_Player_2] Objective Carried: false
[2020.02.12-06.35.49:643][228]LogBlueprintUserMessages: [BP_Player_2] Objective Carried: false
[2020.02.12-06.35.49:659][229]LogBlueprintUserMessages: [BP_Player_2] Objective Carried: false
[2020.02.12-06.35.49:676][230]LogBlueprintUserMessages: [BP_Player_2] Objective Carried: false
[2020.02.12-06.35.49:693][231]LogBlueprintUserMessages: [BP_Player_2] Objective Carried: false
[2020.02.12-06.35.49:709][232]LogBlueprintUserMessages: [BP_Player_2] Objective Carried: false
[2020.02.12-06.35.49:726][233]LogBlueprintUserMessages: [BP_Player_2] Objective Carried: false
[2020.02.12-06.35.49:743][234]LogBlueprintUserMessages: [BP_Player_2] Objective Carried: false
[2020.02.12-06.35.49:759][235]LogBlueprintUserMessages: [BP_Player_2] Objective Carried: false
[2020.02.12-06.35.49:776][236]LogBlueprintUserMessages: [BP_Player_2] Objective Carried: false
[2020.02.12-06.35.49:793][237]LogBlueprintUserMessages: [BP_Player_2] Objective Carried: false
[2020.02.12-06.35.49:810][238]LogBlueprintUserMessages: [BP_Player_2] Objective Carried: false
[2020.02.12-06.35.49:826][239]LogBlueprintUserMessages: [BP_Player_2] Objective Carried: false
[2020.02.12-06.35.49:843][240]LogBlueprintUserMessages: [BP_Player_2] Objective Carried: false
[2020.02.12-06.35.49:860][241]LogBlueprintUserMessages: [BP_Player_2] Objective Carried: false
[2020.02.12-06.35.49:876][242]LogBlueprintUserMessages: [BP_Player_2] Objective Carried: false
[2020.02.12-06.35.49:894][243]LogBlueprintUserMessages: [BP_Player_2] Objective Carried: false
[2020.02.12-06.35.49:910][244]LogBlueprintUserMessages: [BP_Player_2] Objective Carried: false
[2020.02.12-06.35.49:926][245]LogBlueprintUserMessages: [BP_Player_2] Objective Carried: false
[2020.02.12-06.35.49:942][246]LogBlueprintUserMessages: [BP_Player_2] Objective Carried: false
[2020.02.12-06.35.49:959][247]LogBlueprintUserMessages: [BP_Player_2] Objective Carried: false
[2020.02.12-06.35.49:976][248]LogBlueprintUserMessages: [BP_Player_2] Objective Carried: false
[2020.02.12-06.35.49:992][249]LogBlueprintUserMessages: [BP_Player_2] Objective Carried: false
[2020.02.12-06.35.50:009][250]LogBlueprintUserMessages: [BP_Player_2] Objective Carried: false
[2020.02.12-06.35.50:026][251]LogBlueprintUserMessages: [BP_Player_2] Objective Carried: false
[2020.02.12-06.35.50:043][252]LogBlueprintUserMessages: [BP_Player_2] Objective Carried: false
[2020.02.12-06.35.50:060][253]LogBlueprintUserMessages: [BP_Player_2] Objective Carried: false
[2020.02.12-06.35.50:076][254]LogBlueprintUserMessages: [BP_Player_2] Objective Carried: false
[2020.02.12-06.35.50:093][255]LogBlueprintUserMessages: [BP_Player_2] Objective Carried: false
[2020.02.12-06.35.50:109][256]LogBlueprintUserMessages: [BP_Player_2] Objective Carried: false
[2020.02.12-06.35.50:126][257]LogBlueprintUserMessages: [BP_Player_2] Objective Carried: false
[2020.02.12-06.35.50:143][258]LogBlueprintUserMessages: [BP_Player_2] Objective Carried: false
[2020.02.12-06.35.50:160][259]LogBlueprintUserMessages: [BP_Player_2] Objective Carried: false
[2020.02.12-06.35.50:176][260]LogBlueprintUserMessages: [BP_Player_2] Objective Carried: false
[2020.02.12-06.35.50:193][261]LogBlueprintUserMessages: [BP_Player_2] Objective Carried: false
[2020.02.12-06.35.50:211][262]LogBlueprintUserMessages: [BP_Player_2] Objective Carried: false
[2020.02.12-06.35.50:226][263]LogBlueprintUserMessages: [BP_Player_2] Objective Carried: false
[2020.02.12-06.35.50:243][264]LogBlueprintUserMessages: [BP_Player_2] Objective Carried: false
[2020.02.12-06.35.50:260][265]LogBlueprintUserMessages: [BP_Player_2] Objective Carried: false
[2020.02.12-06.35.50:276][266]LogBlueprintUserMessages: [BP_Player_2] Objective Carried: false
[2020.02.12-06.35.50:293][267]LogBlueprintUserMessages: [BP_Player_2] Objective Carried: false
[2020.02.12-06.35.50:309][268]LogBlueprintUserMessages: [BP_Player_2] Objective Carried: false
[2020.02.12-06.35.50:326][269]LogBlueprintUserMessages: [BP_Player_2] Objective Carried: false
[2020.02.12-06.35.50:342][270]LogBlueprintUserMessages: [BP_Player_2] Objective Carried: false
[2020.02.12-06.35.50:359][271]LogBlueprintUserMessages: [BP_Player_2] Objective Carried: false
[2020.02.12-06.35.50:376][272]LogBlueprintUserMessages: [BP_Player_2] Objective Carried: false
[2020.02.12-06.35.50:392][273]LogBlueprintUserMessages: [BP_Player_2] Objective Carried: false
[2020.02.12-06.35.50:409][274]LogBlueprintUserMessages: [BP_Player_2] Objective Carried: false
[2020.02.12-06.35.50:426][275]LogBlueprintUserMessages: [BP_Player_2] Objective Carried: false
[2020.02.12-06.35.50:443][276]LogBlueprintUserMessages: [BP_Player_2] Objective Carried: false
[2020.02.12-06.35.50:459][277]LogBlueprintUserMessages: [BP_Player_2] Objective Carried: false
[2020.02.12-06.35.50:476][278]LogBlueprintUserMessages: [BP_Player_2] Objective Carried: false
[2020.02.12-06.35.50:493][279]LogBlueprintUserMessages: [BP_Player_2] Objective Carried: false
[2020.02.12-06.35.50:509][280]LogBlueprintUserMessages: [BP_Player_2] Objective Carried: false
[2020.02.12-06.35.50:526][281]LogBlueprintUserMessages: [BP_Player_2] Objective Carried: false
[2020.02.12-06.35.50:543][282]LogBlueprintUserMessages: [BP_Player_2] Objective Carried: false
[2020.02.12-06.35.50:560][283]LogBlueprintUserMessages: [BP_Player_2] Objective Carried: false
[2020.02.12-06.35.50:576][284]LogBlueprintUserMessages: [BP_Player_2] Objective Carried: false
[2020.02.12-06.35.50:593][285]LogBlueprintUserMessages: [BP_Player_2] Objective Carried: false
[2020.02.12-06.35.50:610][286]LogBlueprintUserMessages: [BP_Player_2] Objective Carried: false
[2020.02.12-06.35.50:626][287]LogBlueprintUserMessages: [BP_Player_2] Objective Carried: false
[2020.02.12-06.35.50:643][288]LogBlueprintUserMessages: [BP_Player_2] Objective Carried: false
[2020.02.12-06.35.50:660][289]LogBlueprintUserMessages: [BP_Player_2] Objective Carried: false
[2020.02.12-06.35.50:676][290]LogBlueprintUserMessages: [BP_Player_2] Objective Carried: false
[2020.02.12-06.35.50:692][291]LogBlueprintUserMessages: [BP_Player_2] Objective Carried: false
[2020.02.12-06.35.50:709][292]LogBlueprintUserMessages: [BP_Player_2] Objective Carried: false
[2020.02.12-06.35.50:726][293]LogBlueprintUserMessages: [BP_Player_2] Objective Carried: false
[2020.02.12-06.35.50:742][294]LogBlueprintUserMessages: [BP_Player_2] Objective Carried: false
[2020.02.12-06.35.50:759][295]LogBlueprintUserMessages: [BP_Player_2] Objective Carried: false
[2020.02.12-06.35.50:776][296]LogBlueprintUserMessages: [BP_Player_2] Objective Carried: false
[2020.02.12-06.35.50:793][297]LogBlueprintUserMessages: [BP_Player_2] Objective Carried: false
[2020.02.12-06.35.50:809][298]LogBlueprintUserMessages: [BP_Player_2] Objective Carried: false
[2020.02.12-06.35.50:826][299]LogBlueprintUserMessages: [BP_Player_2] Objective Carried: false
[2020.02.12-06.35.50:843][300]LogBlueprintUserMessages: [BP_Player_2] Objective Carried: false
[2020.02.12-06.35.50:860][301]LogBlueprintUserMessages: [BP_Player_2] Objective Carried: false
[2020.02.12-06.35.50:876][302]LogBlueprintUserMessages: [BP_Player_2] Objective Carried: false
[2020.02.12-06.35.50:893][303]LogBlueprintUserMessages: [BP_Player_2] Objective Carried: false
[2020.02.12-06.35.50:910][304]LogBlueprintUserMessages: [BP_Player_2] Objective Carried: false
[2020.02.12-06.35.50:926][305]LogBlueprintUserMessages: [BP_Player_2] Objective Carried: false
[2020.02.12-06.35.50:943][306]LogBlueprintUserMessages: [BP_Player_2] Objective Carried: false
[2020.02.12-06.35.50:960][307]LogBlueprintUserMessages: [BP_Player_2] Objective Carried: false
[2020.02.12-06.35.50:976][308]LogBlueprintUserMessages: [BP_Player_2] Objective Carried: false
[2020.02.12-06.35.50:992][309]LogBlueprintUserMessages: [BP_Player_2] Objective Carried: false
[2020.02.12-06.35.51:009][310]LogBlueprintUserMessages: [BP_Player_2] Objective Carried: false
[2020.02.12-06.35.51:026][311]LogBlueprintUserMessages: [BP_Player_2] Objective Carried: false
[2020.02.12-06.35.51:043][312]LogBlueprintUserMessages: [BP_Player_2] Objective Carried: false
[2020.02.12-06.35.51:059][313]LogBlueprintUserMessages: [BP_Player_2] Objective Carried: false
[2020.02.12-06.35.51:077][314]LogBlueprintUserMessages: [BP_Player_2] Objective Carried: false
[2020.02.12-06.35.51:093][315]LogBlueprintUserMessages: [BP_Player_2] Objective Carried: false
[2020.02.12-06.35.51:110][316]LogBlueprintUserMessages: [BP_Player_2] Objective Carried: false
[2020.02.12-06.35.51:126][317]LogBlueprintUserMessages: [BP_Player_2] Objective Carried: false
[2020.02.12-06.35.51:142][318]LogBlueprintUserMessages: [BP_Player_2] Objective Carried: false
[2020.02.12-06.35.51:159][319]LogBlueprintUserMessages: [BP_Player_2] Objective Carried: false
[2020.02.12-06.35.51:176][320]LogBlueprintUserMessages: [BP_Player_2] Objective Carried: false
[2020.02.12-06.35.51:192][321]LogBlueprintUserMessages: [BP_Player_2] Objective Carried: false
[2020.02.12-06.35.51:209][322]LogBlueprintUserMessages: [BP_Player_2] Objective Carried: false
[2020.02.12-06.35.51:226][323]LogBlueprintUserMessages: [BP_Player_2] Objective Carried: false
[2020.02.12-06.35.51:243][324]LogBlueprintUserMessages: [BP_Player_2] Objective Carried: false
[2020.02.12-06.35.51:259][325]LogBlueprintUserMessages: [BP_Player_2] Objective Carried: false
